#
# A fatal error has been detected by the Java Runtime Environment:
#
#  EXCEPTION_ACCESS_VIOLATION (0xc0000005) at pc=0x0000000002b905de, pid=5468, tid=6848
#
# JRE version: Java(TM) SE Runtime Environment (8.0_91-b14) (build 1.8.0_91-b14)
# Java VM: Java HotSpot(TM) 64-Bit Server VM (25.91-b14 mixed mode windows-amd64 compressed oops)
# Problematic frame:
# J 2495 C2 org.bytedeco.javacv.Java2DFrameConverter.flipCopyWithGamma(Ljava/nio/ByteBuffer;ILjava/nio/ByteBuffer;IZDZI)V (608 bytes) @ 0x0000000002b905de [0x0000000002b90100+0x4de]
#
# Failed to write core dump. Minidumps are not enabled by default on client versions of Windows
#
# If you would like to submit a bug report, please visit:
#   http://bugreport.java.com/bugreport/crash.jsp
#

---------------  T H R E A D  ---------------

Current thread (0x000000005892e000):  JavaThread "Thread-12" [_thread_in_Java, id=6848, stack(0x0000000064090000,0x0000000064190000)]

siginfo: ExceptionCode=0xc0000005, reading address 0x000000008231b000

Registers:
RAX=0x00000000820d0050, RBX=0x000000000024afaf, RCX=0x00000000ecd28540, RDX=0x00000000002a3000
RSP=0x000000006418f150, RBP=0x00000000002a3000, RSI=0x00000000eea894e0, RDI=0x000000000024afb0
R8 =0x0000000000000000, R9 =0x000000000024afb0, R10=0x000000000024afb0, R11=0x00000000ecd28500
R12=0x0000000000000000, R13=0x00000000002a3000, R14=0x0000000000000eff, R15=0x000000005892e000
RIP=0x0000000002b905de, EFLAGS=0x0000000000010207

Top of Stack: (sp=0x000000006418f150)
0x000000006418f150:   00000000ebbea7c0 00000000002a3000
0x000000006418f160:   3ff0000000000000 0024ae0000000000
0x000000006418f170:   002a30000024ae00 00000000002a3000
0x000000006418f180:   0000000000000009 0000000001d73150
0x000000006418f190:   00000f0000000f00 0000000002d4fa4c
0x000000006418f1a0:   0000000000000000 000000006418f228
0x000000006418f1b0:   00000000ebbea898 0000000000000000
0x000000006418f1c0:   000000006418f618 0000000002fd9414
0x000000006418f1d0:   0000000000000f00 000000005892e1f8
0x000000006418f1e0:   00000000820d0050 000000000047f2c0
0x000000006418f1f0:   00000000740514d0 00000000700f1dd8
0x000000006418f200:   000000005892e000 00000000700c4249
0x000000006418f210:   0000000056fbf640 00000000820d0050
0x000000006418f220:   00000000002a3000 00000000701030bf
0x000000006418f230:   000000005892e1f8 000007fee2a9ad41
0x000000006418f240:   000002d000000500 0000000000000000 

Instructions: (pc=0x0000000002b905de)
0x0000000002b905be:   00 00 41 8b 7b 18 41 3b fd 0f 8d 5c 08 00 00 44
0x0000000002b905ce:   8b d7 41 ff c2 45 89 53 18 44 8b 51 18 4c 63 cf
0x0000000002b905de:   46 0f be 0c 08 44 3b d5 0f 8d 4d 09 00 00 41 8b
0x0000000002b905ee:   da 41 03 d8 41 ff c2 44 89 51 18 3b da 0f 83 c0 


Register to memory mapping:

RAX=0x00000000820d0050 is an unknown value
RBX=0x000000000024afaf is an unknown value
RCX=0x00000000ecd28540 is an oop
java.nio.HeapByteBuffer 
 - klass: 'java/nio/HeapByteBuffer'
RDX=0x00000000002a3000 is an unknown value
RSP=0x000000006418f150 is pointing into the stack for thread: 0x000000005892e000
RBP=0x00000000002a3000 is an unknown value
RSI=0x00000000eea894e0 is an oop
[B 
 - klass: {type array byte}
 - length: 2764800
RDI=0x000000000024afb0 is an unknown value
R8 =0x0000000000000000 is an unknown value
R9 =0x000000000024afb0 is an unknown value
R10=0x000000000024afb0 is an unknown value
R11=0x00000000ecd28500 is an oop
java.nio.DirectByteBuffer 
 - klass: 'java/nio/DirectByteBuffer'
R12=0x0000000000000000 is an unknown value
R13=0x00000000002a3000 is an unknown value
R14=0x0000000000000eff is an unknown value
R15=0x000000005892e000 is a thread


Stack: [0x0000000064090000,0x0000000064190000],  sp=0x000000006418f150,  free space=1020k
Native frames: (J=compiled Java code, j=interpreted, Vv=VM code, C=native code)
C  0x0000000002b905de


---------------  P R O C E S S  ---------------

Java Threads: ( => current thread )
  0x0000000058931800 JavaThread "Thread-27" [_thread_blocked, id=7092, stack(0x00000000771d0000,0x00000000772d0000)]
  0x0000000058932800 JavaThread "Thread-26" [_thread_in_native, id=3816, stack(0x00000000621f0000,0x00000000622f0000)]
  0x0000000058931000 JavaThread "Thread-15" [_thread_in_native, id=3672, stack(0x0000000068c90000,0x0000000068d90000)]
  0x000000005892f800 JavaThread "Thread-14" [_thread_in_native, id=2936, stack(0x0000000062300000,0x0000000062400000)]
=>0x000000005892e000 JavaThread "Thread-12" [_thread_in_Java, id=6848, stack(0x0000000064090000,0x0000000064190000)]
  0x000000005892d000 JavaThread "Thread-11" [_thread_in_native, id=6164, stack(0x0000000061f20000,0x0000000062020000)]
  0x000000005892c800 JavaThread "AWT-EventQueue-0" [_thread_blocked, id=3836, stack(0x0000000060960000,0x0000000060a60000)]
  0x000000005892b800 JavaThread "AWT-Windows" daemon [_thread_in_native, id=4880, stack(0x000000005ec10000,0x000000005ed10000)]
  0x000000005892b000 JavaThread "AWT-Shutdown" [_thread_blocked, id=6652, stack(0x000000005ffc0000,0x00000000600c0000)]
  0x000000005892a000 JavaThread "Java2D Disposer" daemon [_thread_blocked, id=6876, stack(0x0000000060610000,0x0000000060710000)]
  0x0000000058929800 JavaThread "Thread-6" [_thread_blocked, id=6844, stack(0x00000000600f0000,0x00000000601f0000)]
  0x0000000058928800 JavaThread "VideoManager" [_thread_in_vm, id=5196, stack(0x000000005feb0000,0x000000005ffb0000)]
  0x0000000058928000 JavaThread "NavDataManager" [_thread_in_native, id=1528, stack(0x000000005fc90000,0x000000005fd90000)]
  0x0000000059828000 JavaThread "CommandManager" [_thread_in_native, id=4120, stack(0x000000005fb30000,0x000000005fc30000)]
  0x0000000059826000 JavaThread "YADrone CommandManager Timer" [_thread_blocked, id=2092, stack(0x000000005e9c0000,0x000000005eac0000)]
  0x0000000059a11000 JavaThread "Prism Font Disposer" daemon [_thread_blocked, id=3940, stack(0x000000005e310000,0x000000005e410000)]
  0x0000000059376000 JavaThread "Thread-3" daemon [_thread_in_native, id=1356, stack(0x000000005be30000,0x000000005bf30000)]
  0x0000000059352800 JavaThread "JavaFX-Launcher" [_thread_blocked, id=1140, stack(0x000000005c100000,0x000000005c200000)]
  0x000000005930b800 JavaThread "JavaFX Application Thread" [_thread_in_native, id=6588, stack(0x000000005a3e0000,0x000000005a4e0000)]
  0x0000000059301800 JavaThread "Thread-1" daemon [_thread_blocked, id=6408, stack(0x000000005a200000,0x000000005a300000)]
  0x00000000592e1800 JavaThread "QuantumRenderer-0" daemon [_thread_blocked, id=4088, stack(0x0000000059c50000,0x0000000059d50000)]
  0x00000000589b4000 JavaThread "Service Thread" daemon [_thread_blocked, id=3532, stack(0x00000000591d0000,0x00000000592d0000)]
  0x0000000058926800 JavaThread "C1 CompilerThread2" daemon [_thread_blocked, id=4800, stack(0x0000000058fa0000,0x00000000590a0000)]
  0x0000000058921000 JavaThread "C2 CompilerThread1" daemon [_thread_blocked, id=1672, stack(0x0000000058db0000,0x0000000058eb0000)]
  0x0000000056fd7000 JavaThread "C2 CompilerThread0" daemon [_thread_blocked, id=5596, stack(0x0000000058820000,0x0000000058920000)]
  0x0000000056fd4800 JavaThread "Attach Listener" daemon [_thread_blocked, id=5976, stack(0x0000000058650000,0x0000000058750000)]
  0x0000000056fd1000 JavaThread "Signal Dispatcher" daemon [_thread_blocked, id=2564, stack(0x0000000058460000,0x0000000058560000)]
  0x0000000056fbc000 JavaThread "Finalizer" daemon [_thread_blocked, id=3236, stack(0x0000000058310000,0x0000000058410000)]
  0x0000000056f74800 JavaThread "Reference Handler" daemon [_thread_blocked, id=3312, stack(0x00000000581b0000,0x00000000582b0000)]
  0x000000000202e800 JavaThread "main" [_thread_blocked, id=5068, stack(0x0000000002090000,0x0000000002190000)]

Other Threads:
  0x0000000056f6d000 VMThread [stack: 0x0000000057ee0000,0x0000000057fe0000] [id=7012]
  0x00000000589f5000 WatcherThread [stack: 0x00000000590b0000,0x00000000591b0000] [id=6804]

VM state:not at safepoint (normal execution)

VM Mutex/Monitor currently owned by a thread: None

Heap:
 PSYoungGen      total 476672K, used 140959K [0x00000000d6e00000, 0x00000000ffc80000, 0x0000000100000000)
  eden space 345088K, 2% used [0x00000000d6e00000,0x00000000d7752f68,0x00000000ebf00000)
  from space 131584K, 99% used [0x00000000ebf00000,0x00000000f3f54e28,0x00000000f3f80000)
  to   space 161792K, 0% used [0x00000000f5e80000,0x00000000f5e80000,0x00000000ffc80000)
 ParOldGen       total 201216K, used 184681K [0x0000000084a00000, 0x0000000090e80000, 0x00000000d6e00000)
  object space 201216K, 91% used [0x0000000084a00000,0x000000008fe5a758,0x0000000090e80000)
 Metaspace       used 25721K, capacity 26444K, committed 26752K, reserved 1073152K
  class space    used 3149K, capacity 3351K, committed 3456K, reserved 1048576K

Card table byte_map: [0x00000000118b0000,0x0000000011c90000] byte_map_base: 0x000000001148b000

Marking Bits: (ParMarkBitMap*) 0x00000000707c2f70
 Begin Bits: [0x0000000012450000, 0x0000000014328000)
 End Bits:   [0x0000000014328000, 0x0000000016200000)

Polling page: 0x0000000000200000

CodeCache: size=245760Kb used=11543Kb max_used=11640Kb free=234216Kb
 bounds [0x00000000024f0000, 0x0000000003070000, 0x00000000114f0000]
 total_blobs=4719 nmethods=3812 adapters=818
 compilation: enabled

Compilation events (10 events):
Event: 65.466 Thread 0x0000000058921000 4121       4       com.sun.javafx.sg.prism.NGNode::doRender (473 bytes)
Event: 65.484 Thread 0x0000000058921000 nmethod 4121 0x000000000305ad50 code [0x000000000305afc0, 0x000000000305bb88]
Event: 65.760 Thread 0x0000000056fd7000 4122       4       picture.PictureProcessingHelper::findQrContours (191 bytes)
Event: 65.773 Thread 0x0000000056fd7000 nmethod 4122 0x0000000003058650 code [0x0000000003058920, 0x00000000030591f0]
Event: 65.863 Thread 0x0000000058921000 4123       4       java.nio.DirectIntBufferU::get (16 bytes)
Event: 65.864 Thread 0x0000000058921000 nmethod 4123 0x000000000303cfd0 code [0x000000000303d100, 0x000000000303d178]
Event: 65.943 Thread 0x0000000058926800 4124  s    3       javax.swing.RepaintManager::getPaintManager (107 bytes)
Event: 65.944 Thread 0x0000000058926800 nmethod 4124 0x000000000305f050 code [0x000000000305f260, 0x000000000305fe38]
Event: 66.652 Thread 0x0000000056fd7000 4125 %     4       java.awt.image.SinglePixelPackedSampleModel::<init> @ 157 (277 bytes)
Event: 66.655 Thread 0x0000000056fd7000 nmethod 4125% 0x0000000003053c90 code [0x0000000003053de0, 0x00000000030540f8]

GC Heap History (10 events):
Event: 63.100 GC heap before
{Heap before GC invocations=65 (full 4):
 PSYoungGen      total 509440K, used 482915K [0x00000000d6e00000, 0x00000000ffa00000, 0x0000000100000000)
  eden space 351232K, 99% used [0x00000000d6e00000,0x00000000ec462bc0,0x00000000ec500000)
  from space 158208K, 83% used [0x00000000f5e00000,0x00000000fdf36320,0x00000000ff880000)
  to   space 156672K, 0% used [0x00000000ec500000,0x00000000ec500000,0x00000000f5e00000)
 ParOldGen       total 201216K, used 184537K [0x0000000084a00000, 0x0000000090e80000, 0x00000000d6e00000)
  object space 201216K, 91% used [0x0000000084a00000,0x000000008fe36758,0x0000000090e80000)
 Metaspace       used 25711K, capacity 26380K, committed 26752K, reserved 1073152K
  class space    used 3149K, capacity 3351K, committed 3456K, reserved 1048576K
Event: 63.132 GC heap after
Heap after GC invocations=65 (full 4):
 PSYoungGen      total 507904K, used 148125K [0x00000000d6e00000, 0x0000000100000000, 0x0000000100000000)
  eden space 351232K, 0% used [0x00000000d6e00000,0x00000000d6e00000,0x00000000ec500000)
  from space 156672K, 94% used [0x00000000ec500000,0x00000000f55a7780,0x00000000f5e00000)
  to   space 160768K, 0% used [0x00000000f6300000,0x00000000f6300000,0x0000000100000000)
 ParOldGen       total 201216K, used 184561K [0x0000000084a00000, 0x0000000090e80000, 0x00000000d6e00000)
  object space 201216K, 91% used [0x0000000084a00000,0x000000008fe3c758,0x0000000090e80000)
 Metaspace       used 25711K, capacity 26380K, committed 26752K, reserved 1073152K
  class space    used 3149K, capacity 3351K, committed 3456K, reserved 1048576K
}
Event: 64.077 GC heap before
{Heap before GC invocations=66 (full 4):
 PSYoungGen      total 507904K, used 498151K [0x00000000d6e00000, 0x0000000100000000, 0x0000000100000000)
  eden space 351232K, 99% used [0x00000000d6e00000,0x00000000ec3d2838,0x00000000ec500000)
  from space 156672K, 94% used [0x00000000ec500000,0x00000000f55a7780,0x00000000f5e00000)
  to   space 160768K, 0% used [0x00000000f6300000,0x00000000f6300000,0x0000000100000000)
 ParOldGen       total 201216K, used 184561K [0x0000000084a00000, 0x0000000090e80000, 0x00000000d6e00000)
  object space 201216K, 91% used [0x0000000084a00000,0x000000008fe3c758,0x0000000090e80000)
 Metaspace       used 25719K, capacity 26444K, committed 26752K, reserved 1073152K
  class space    used 3149K, capacity 3351K, committed 3456K, reserved 1048576K
Event: 64.110 GC heap after
Heap after GC invocations=66 (full 4):
 PSYoungGen      total 506880K, used 148559K [0x00000000d6e00000, 0x0000000100000000, 0x0000000100000000)
  eden space 346112K, 0% used [0x00000000d6e00000,0x00000000d6e00000,0x00000000ec000000)
  from space 160768K, 92% used [0x00000000f6300000,0x00000000ff413d28,0x0000000100000000)
  to   space 163840K, 0% used [0x00000000ec000000,0x00000000ec000000,0x00000000f6000000)
 ParOldGen       total 201216K, used 184585K [0x0000000084a00000, 0x0000000090e80000, 0x00000000d6e00000)
  object space 201216K, 91% used [0x0000000084a00000,0x000000008fe42758,0x0000000090e80000)
 Metaspace       used 25719K, capacity 26444K, committed 26752K, reserved 1073152K
  class space    used 3149K, capacity 3351K, committed 3456K, reserved 1048576K
}
Event: 65.017 GC heap before
{Heap before GC invocations=67 (full 4):
 PSYoungGen      total 506880K, used 493448K [0x00000000d6e00000, 0x0000000100000000, 0x0000000100000000)
  eden space 346112K, 99% used [0x00000000d6e00000,0x00000000ebece6c0,0x00000000ec000000)
  from space 160768K, 92% used [0x00000000f6300000,0x00000000ff413d28,0x0000000100000000)
  to   space 163840K, 0% used [0x00000000ec000000,0x00000000ec000000,0x00000000f6000000)
 ParOldGen       total 201216K, used 184585K [0x0000000084a00000, 0x0000000090e80000, 0x00000000d6e00000)
  object space 201216K, 91% used [0x0000000084a00000,0x000000008fe42758,0x0000000090e80000)
 Metaspace       used 25719K, capacity 26444K, committed 26752K, reserved 1073152K
  class space    used 3149K, capacity 3351K, committed 3456K, reserved 1048576K
Event: 65.048 GC heap after
Heap after GC invocations=67 (full 4):
 PSYoungGen      total 509952K, used 138240K [0x00000000d6e00000, 0x0000000100000000, 0x0000000100000000)
  eden space 346112K, 0% used [0x00000000d6e00000,0x00000000d6e00000,0x00000000ec000000)
  from space 163840K, 84% used [0x00000000ec000000,0x00000000f4700328,0x00000000f6000000)
  to   space 162816K, 0% used [0x00000000f6100000,0x00000000f6100000,0x0000000100000000)
 ParOldGen       total 201216K, used 184609K [0x0000000084a00000, 0x0000000090e80000, 0x00000000d6e00000)
  object space 201216K, 91% used [0x0000000084a00000,0x000000008fe48758,0x0000000090e80000)
 Metaspace       used 25719K, capacity 26444K, committed 26752K, reserved 1073152K
  class space    used 3149K, capacity 3351K, committed 3456K, reserved 1048576K
}
Event: 65.999 GC heap before
{Heap before GC invocations=68 (full 4):
 PSYoungGen      total 509952K, used 482410K [0x00000000d6e00000, 0x0000000100000000, 0x0000000100000000)
  eden space 346112K, 99% used [0x00000000d6e00000,0x00000000ebe1a580,0x00000000ec000000)
  from space 163840K, 84% used [0x00000000ec000000,0x00000000f4700328,0x00000000f6000000)
  to   space 162816K, 0% used [0x00000000f6100000,0x00000000f6100000,0x0000000100000000)
 ParOldGen       total 201216K, used 184609K [0x0000000084a00000, 0x0000000090e80000, 0x00000000d6e00000)
  object space 201216K, 91% used [0x0000000084a00000,0x000000008fe48758,0x0000000090e80000)
 Metaspace       used 25721K, capacity 26444K, committed 26752K, reserved 1073152K
  class space    used 3149K, capacity 3351K, committed 3456K, reserved 1048576K
Event: 66.036 GC heap after
Heap after GC invocations=68 (full 4):
 PSYoungGen      total 507904K, used 146261K [0x00000000d6e00000, 0x0000000100000000, 0x0000000100000000)
  eden space 345088K, 0% used [0x00000000d6e00000,0x00000000d6e00000,0x00000000ebf00000)
  from space 162816K, 89% used [0x00000000f6100000,0x00000000fefd5780,0x0000000100000000)
  to   space 164352K, 0% used [0x00000000ebf00000,0x00000000ebf00000,0x00000000f5f80000)
 ParOldGen       total 201216K, used 184641K [0x0000000084a00000, 0x0000000090e80000, 0x00000000d6e00000)
  object space 201216K, 91% used [0x0000000084a00000,0x000000008fe50758,0x0000000090e80000)
 Metaspace       used 25721K, capacity 26444K, committed 26752K, reserved 1073152K
  class space    used 3149K, capacity 3351K, committed 3456K, reserved 1048576K
}
Event: 66.969 GC heap before
{Heap before GC invocations=69 (full 4):
 PSYoungGen      total 507904K, used 491042K [0x00000000d6e00000, 0x0000000100000000, 0x0000000100000000)
  eden space 345088K, 99% used [0x00000000d6e00000,0x00000000ebeb31c8,0x00000000ebf00000)
  from space 162816K, 89% used [0x00000000f6100000,0x00000000fefd5780,0x0000000100000000)
  to   space 164352K, 0% used [0x00000000ebf00000,0x00000000ebf00000,0x00000000f5f80000)
 ParOldGen       total 201216K, used 184641K [0x0000000084a00000, 0x0000000090e80000, 0x00000000d6e00000)
  object space 201216K, 91% used [0x0000000084a00000,0x000000008fe50758,0x0000000090e80000)
 Metaspace       used 25721K, capacity 26444K, committed 26752K, reserved 1073152K
  class space    used 3149K, capacity 3351K, committed 3456K, reserved 1048576K
Event: 67.000 GC heap after
Heap after GC invocations=69 (full 4):
 PSYoungGen      total 476672K, used 131411K [0x00000000d6e00000, 0x00000000ffc80000, 0x0000000100000000)
  eden space 345088K, 0% used [0x00000000d6e00000,0x00000000d6e00000,0x00000000ebf00000)
  from space 131584K, 99% used [0x00000000ebf00000,0x00000000f3f54e28,0x00000000f3f80000)
  to   space 161792K, 0% used [0x00000000f5e80000,0x00000000f5e80000,0x00000000ffc80000)
 ParOldGen       total 201216K, used 184681K [0x0000000084a00000, 0x0000000090e80000, 0x00000000d6e00000)
  object space 201216K, 91% used [0x0000000084a00000,0x000000008fe5a758,0x0000000090e80000)
 Metaspace       used 25721K, capacity 26444K, committed 26752K, reserved 1073152K
  class space    used 3149K, capacity 3351K, committed 3456K, reserved 1048576K
}

Deoptimization events (10 events):
Event: 28.834 Thread 0x000000005892e000 Uncommon trap: reason=unstable_if action=reinterpret pc=0x0000000002b4c97c method=org.bytedeco.javacv.Java2DFrameConverter.flipCopyWithGamma(Ljava/nio/ByteBuffer;ILjava/nio/ByteBuffer;IZDZI)V @ 50
Event: 29.273 Thread 0x00000000592e1800 Uncommon trap: reason=unstable_if action=reinterpret pc=0x00000000029b5178 method=java.util.WeakHashMap.expungeStaleEntries()V @ 66
Event: 38.119 Thread 0x000000005892e000 Uncommon trap: reason=unstable_if action=reinterpret pc=0x0000000002701d34 method=java.lang.Math.round(F)I @ 23
Event: 38.920 Thread 0x0000000058928000 Uncommon trap: reason=unstable_if action=reinterpret pc=0x0000000002dea688 method=picture.PictureController$5.batteryLevelChanged(I)V @ 8
Event: 43.486 Thread 0x000000005892e000 Uncommon trap: reason=unstable_if action=reinterpret pc=0x0000000002dfb808 method=com.google.zxing.qrcode.detector.FinderPatternFinder.foundPatternCross([I)Z @ 32
Event: 49.965 Thread 0x000000005892e000 Uncommon trap: reason=unstable_if action=reinterpret pc=0x0000000002f4b188 method=com.google.zxing.qrcode.detector.FinderPatternFinder.crossCheckHorizontal(IIII)F @ 357
Event: 51.576 Thread 0x000000005892e000 Uncommon trap: reason=unstable_if action=reinterpret pc=0x0000000002e4390c method=com.google.zxing.common.reedsolomon.GenericGF.multiply(II)I @ 5
Event: 54.016 Thread 0x000000005892e000 Uncommon trap: reason=unstable_if action=reinterpret pc=0x0000000002f1e640 method=com.google.zxing.qrcode.detector.FinderPatternFinder.crossCheckVertical(IIII)F @ 135
Event: 56.122 Thread 0x000000005892e000 Uncommon trap: reason=unstable_if action=reinterpret pc=0x0000000002de0f20 method=com.google.zxing.common.HybridBinarizer.calculateBlackPoints([BIIII)[[I @ 273
Event: 64.212 Thread 0x000000005892e000 Uncommon trap: reason=unstable_if action=reinterpret pc=0x0000000003012614 method=com.google.zxing.qrcode.detector.FinderPatternFinder.crossCheckVertical(IIII)F @ 291

Internal exceptions (10 events):
Event: 0.360 Thread 0x000000005930b800 Exception <a 'java/lang/NullPointerException'> (0x00000000d7de2828) thrown at [C:\re\workspace\8-2-build-windows-amd64-cygwin\jdk8u91\6644\hotspot\src\share\vm\interpreter\linkResolver.cpp, line 1178]
Event: 0.360 Thread 0x000000005930b800 Exception <a 'java/lang/NullPointerException'> (0x00000000d7de2828) thrown at [C:\re\workspace\8-2-build-windows-amd64-cygwin\jdk8u91\6644\hotspot\src\share\vm\prims\jvm.cpp, line 1390]
Event: 0.455 Thread 0x000000005930b800 Exception <a 'java/lang/ArrayIndexOutOfBoundsException'> (0x00000000d823ca10) thrown at [C:\re\workspace\8-2-build-windows-amd64-cygwin\jdk8u91\6644\hotspot\src\share\vm\runtime\sharedRuntime.cpp, line 605]
Event: 0.455 Thread 0x000000005930b800 Exception <a 'java/lang/ArrayIndexOutOfBoundsException'> (0x00000000d823d710) thrown at [C:\re\workspace\8-2-build-windows-amd64-cygwin\jdk8u91\6644\hotspot\src\share\vm\runtime\sharedRuntime.cpp, line 605]
Event: 0.455 Thread 0x000000005930b800 Exception <a 'java/lang/ArrayIndexOutOfBoundsException'> (0x00000000d823eab8) thrown at [C:\re\workspace\8-2-build-windows-amd64-cygwin\jdk8u91\6644\hotspot\src\share\vm\runtime\sharedRuntime.cpp, line 605]
Event: 0.587 Thread 0x000000005930b800 Exception <a 'java/io/FileNotFoundException'> (0x00000000d87742a8) thrown at [C:\re\workspace\8-2-build-windows-amd64-cygwin\jdk8u91\6644\hotspot\src\share\vm\prims\jni.cpp, line 709]
Event: 23.381 Thread 0x000000005930b800 Exception <a 'java/io/FileNotFoundException'> (0x00000000d7544580) thrown at [C:\re\workspace\8-2-build-windows-amd64-cygwin\jdk8u91\6644\hotspot\src\share\vm\prims\jni.cpp, line 709]
Event: 23.400 Thread 0x000000005930b800 Exception <a 'java/io/FileNotFoundException'> (0x00000000d75d9ef0) thrown at [C:\re\workspace\8-2-build-windows-amd64-cygwin\jdk8u91\6644\hotspot\src\share\vm\prims\jni.cpp, line 709]
Event: 23.433 Thread 0x000000005930b800 Implicit null exception at 0x00000000027d1a06 to 0x00000000027d1d45
Event: 23.433 Thread 0x000000005930b800 Implicit null exception at 0x0000000002701d06 to 0x000000000270202d

Events (10 events):
Event: 65.944 Thread 0x0000000058926800 flushing nmethod 0x0000000002901010
Event: 65.944 Thread 0x0000000058926800 flushing nmethod 0x0000000002919290
Event: 65.980 Thread 0x0000000058931800 Thread added: 0x0000000058931800
Event: 65.999 Executing VM operation: ParallelGCFailedAllocation
Event: 66.036 Executing VM operation: ParallelGCFailedAllocation done
Event: 66.655 Thread 0x0000000056fd7000 flushing nmethod 0x0000000002944510
Event: 66.656 Thread 0x0000000056fd7000 flushing nmethod 0x0000000002945790
Event: 66.656 Thread 0x0000000056fd7000 flushing nmethod 0x00000000029b3dd0
Event: 66.969 Executing VM operation: ParallelGCFailedAllocation
Event: 67.000 Executing VM operation: ParallelGCFailedAllocation done


Dynamic libraries:
0x000000013fe00000 - 0x000000013fe37000 	C:\Program Files\Java\jre1.8.0_91\bin\javaw.exe
0x0000000077520000 - 0x00000000776c9000 	C:\Windows\SYSTEM32\ntdll.dll
0x0000000077400000 - 0x000000007751f000 	C:\Windows\system32\kernel32.dll
0x000007fefd600000 - 0x000007fefd66b000 	C:\Windows\system32\KERNELBASE.dll
0x000007feff3d0000 - 0x000007feff4ab000 	C:\Windows\system32\ADVAPI32.dll
0x000007fefd9b0000 - 0x000007fefda4f000 	C:\Windows\system32\msvcrt.dll
0x000007feff3b0000 - 0x000007feff3cf000 	C:\Windows\SYSTEM32\sechost.dll
0x000007fefda70000 - 0x000007fefdb9d000 	C:\Windows\system32\RPCRT4.dll
0x0000000077300000 - 0x00000000773fa000 	C:\Windows\system32\USER32.dll
0x000007fefd940000 - 0x000007fefd9a7000 	C:\Windows\system32\GDI32.dll
0x000007feff0b0000 - 0x000007feff0be000 	C:\Windows\system32\LPK.dll
0x000007feff4b0000 - 0x000007feff579000 	C:\Windows\system32\USP10.dll
0x000007fefbb30000 - 0x000007fefbd24000 	C:\Windows\WinSxS\amd64_microsoft.windows.common-controls_6595b64144ccf1df_6.0.7601.17514_none_fa396087175ac9ac\COMCTL32.dll
0x000007feff580000 - 0x000007feff5f1000 	C:\Windows\system32\SHLWAPI.dll
0x000007feff380000 - 0x000007feff3ae000 	C:\Windows\system32\IMM32.DLL
0x000007feff0c0000 - 0x000007feff1c9000 	C:\Windows\system32\MSCTF.dll
0x0000000069b20000 - 0x0000000069bf2000 	C:\Program Files\Java\jre1.8.0_91\bin\msvcr100.dll
0x000000006ffb0000 - 0x0000000070843000 	C:\Program Files\Java\jre1.8.0_91\bin\server\jvm.dll
0x000007fef55e0000 - 0x000007fef55e9000 	C:\Windows\system32\WSOCK32.dll
0x000007feff7e0000 - 0x000007feff82d000 	C:\Windows\system32\WS2_32.dll
0x000007fefdba0000 - 0x000007fefdba8000 	C:\Windows\system32\NSI.dll
0x000007fef9990000 - 0x000007fef99cb000 	C:\Windows\system32\WINMM.dll
0x000007fefc5d0000 - 0x000007fefc5dc000 	C:\Windows\system32\VERSION.dll
0x00000000776f0000 - 0x00000000776f7000 	C:\Windows\system32\PSAPI.DLL
0x0000000072740000 - 0x000000007274f000 	C:\Program Files\Java\jre1.8.0_91\bin\verify.dll
0x0000000070d00000 - 0x0000000070d29000 	C:\Program Files\Java\jre1.8.0_91\bin\java.dll
0x0000000072720000 - 0x0000000072736000 	C:\Program Files\Java\jre1.8.0_91\bin\zip.dll
0x000007fefdc50000 - 0x000007fefe9d8000 	C:\Windows\system32\SHELL32.dll
0x000007fefed20000 - 0x000007fefef23000 	C:\Windows\system32\ole32.dll
0x000007fefd470000 - 0x000007fefd47f000 	C:\Windows\system32\profapi.dll
0x000007fee5360000 - 0x000007fee544f000 	C:\Program Files\Java\jre1.8.0_91\bin\msvcr120.dll
0x000007fee5490000 - 0x000007fee5536000 	C:\Program Files\Java\jre1.8.0_91\bin\msvcp120.dll
0x00000000716b0000 - 0x00000000716d3000 	C:\Program Files\Java\jre1.8.0_91\bin\prism_d3d.dll
0x000007fee5160000 - 0x000007fee535f000 	C:\Windows\system32\d3d9.dll
0x000007fefa080000 - 0x000007fefa087000 	C:\Windows\system32\d3d8thk.dll
0x000007fef9cd0000 - 0x000007fef9ce8000 	C:\Windows\system32\dwmapi.dll
0x000007fefa7b0000 - 0x000007fefa806000 	C:\Windows\system32\uxtheme.dll
0x000007fee21c0000 - 0x000007fee2a0d000 	C:\Windows\system32\igdumdim64.dll
0x000007fef3270000 - 0x000007fef36a4000 	C:\Windows\system32\igdusc64.dll
0x0000000069ad0000 - 0x0000000069b13000 	C:\Program Files\Java\jre1.8.0_91\bin\glass.dll
0x000007fefdbb0000 - 0x000007fefdc47000 	C:\Windows\system32\COMDLG32.dll
0x000007fefec40000 - 0x000007fefed17000 	C:\Windows\system32\OLEAUT32.dll
0x000007fefd3a0000 - 0x000007fefd3af000 	C:\Windows\system32\CRYPTBASE.dll
0x0000000071650000 - 0x0000000071664000 	C:\Program Files\Java\jre1.8.0_91\bin\javafx_font.dll
0x000007fee4fe0000 - 0x000007fee515e000 	C:\Windows\system32\dwrite.dll
0x000007fefd8a0000 - 0x000007fefd939000 	C:\Windows\system32\CLBCatQ.DLL
0x000007fef91f0000 - 0x000007fef931a000 	C:\Windows\system32\WindowsCodecs.dll
0x000007fefd340000 - 0x000007fefd397000 	C:\Windows\system32\apphelp.dll
0x000007fef3140000 - 0x000007fef3200000 	C:\Program Files (x86)\Google\Drive\googledrivesync64.dll
0x0000000073670000 - 0x0000000073743000 	C:\Program Files (x86)\Google\Drive\Microsoft.VC90.CRT\MSVCP90.dll
0x00000000735c0000 - 0x0000000073663000 	C:\Program Files (x86)\Google\Drive\Microsoft.VC90.CRT\MSVCR90.dll
0x000007fef30a0000 - 0x000007fef30e0000 	C:\Program Files (x86)\Dropbox\Client\DropboxExt64.34.dll
0x000007fef4350000 - 0x000007fef437d000 	C:\Program Files\Common Files\Microsoft Shared\Ink\rtscom.dll
0x0000000071630000 - 0x0000000071641000 	C:\Program Files\Java\jre1.8.0_91\bin\prism_common.dll
0x0000000071960000 - 0x000000007197a000 	C:\Program Files\Java\jre1.8.0_91\bin\net.dll
0x000007fefcce0000 - 0x000007fefcd35000 	C:\Windows\system32\mswsock.dll
0x000007fefccd0000 - 0x000007fefccd7000 	C:\Windows\System32\wship6.dll
0x00000000603f0000 - 0x0000000060588000 	C:\Program Files\Java\jre1.8.0_91\bin\awt.dll
0x000007fefcd40000 - 0x000007fefcd57000 	C:\Windows\system32\CRYPTSP.dll
0x000007fefca40000 - 0x000007fefca87000 	C:\Windows\system32\rsaenh.dll
0x000007fefc7c0000 - 0x000007fefc7de000 	C:\Windows\system32\USERENV.dll
0x000007fefba40000 - 0x000007fefba67000 	C:\Windows\system32\IPHLPAPI.DLL
0x000007fefba30000 - 0x000007fefba3b000 	C:\Windows\system32\WINNSI.DLL
0x000007fefb840000 - 0x000007fefb858000 	C:\Windows\system32\dhcpcsvc.DLL
0x000007fefb820000 - 0x000007fefb831000 	C:\Windows\system32\dhcpcsvc6.DLL
0x0000000012170000 - 0x00000000121b7000 	C:\Program Files\Java\jre1.8.0_91\bin\fontmanager.dll
0x0000000071880000 - 0x0000000071891000 	C:\Program Files\Java\jre1.8.0_91\bin\nio.dll
0x00000000122d0000 - 0x0000000012312000 	C:\Program Files\Java\jre1.8.0_91\bin\t2k.dll
0x0000000011f30000 - 0x0000000011f5a000 	C:\Program Files\Java\jre1.8.0_91\bin\dcpr.dll
0x000000006e740000 - 0x000000006fda5000 	C:\Users\Toby\AppData\Local\Temp\xuggle\xuggle3396404710533752343.dll
0x000007fef4db0000 - 0x000007fef4dc7000 	C:\Windows\system32\AVICAP32.dll
0x000007fef4d60000 - 0x000007fef4d89000 	C:\Windows\system32\MSVFW32.dll
0x000007fee4ef0000 - 0x000007fee4fdf000 	C:\Users\Toby\AppData\Local\Temp\javacpp62768132404833\msvcr120.dll
0x000007fee7480000 - 0x000007fee7526000 	C:\Users\Toby\AppData\Local\Temp\javacpp62768132404833\msvcp120.dll
0x000007fee2fd0000 - 0x000007fee3251000 	C:\Users\Toby\AppData\Local\Temp\javacpp62768132404833\opencv_core300.dll
0x000007fee2c50000 - 0x000007fee2fcf000 	C:\Users\Toby\AppData\Local\Temp\javacpp62768132404833\opencv_imgproc300.dll
0x000007fee2a90000 - 0x000007fee2c48000 	C:\Users\Toby\AppData\Local\Temp\javacpp62768132404833\jniopencv_core.dll
0x000007fee4e40000 - 0x000007fee4ee5000 	C:\Users\Toby\AppData\Local\Temp\javacpp62768132404833\jniopencv_imgproc.dll
0x000007feef7a0000 - 0x000007feef8c5000 	C:\Windows\system32\dbghelp.dll

VM Arguments:
jvm_args: -Dfile.encoding=Cp1252 
java_command: application.Main
java_class_path (initial): C:\Users\Toby\git\Drone_group_11\Drone_group_11\bin;C:\Users\Toby\Downloads\eclipse-jee-mars-2-win32-x86_64\eclipse\plugins\org.eclipse.fx.ide.css.jfx8_2.3.0.201603030809.jar;C:\Users\Toby\Downloads\JAVACV_JAR-2016-06-03\JAVACV JAR\javacv-bin\artoolkitplus.jar;C:\Users\Toby\Downloads\JAVACV_JAR-2016-06-03\JAVACV JAR\javacv-bin\artoolkitplus-android-arm.jar;C:\Users\Toby\Downloads\JAVACV_JAR-2016-06-03\JAVACV JAR\javacv-bin\artoolkitplus-android-x86.jar;C:\Users\Toby\Downloads\JAVACV_JAR-2016-06-03\JAVACV JAR\javacv-bin\artoolkitplus-linux-x86.jar;C:\Users\Toby\Downloads\JAVACV_JAR-2016-06-03\JAVACV JAR\javacv-bin\artoolkitplus-linux-x86_64.jar;C:\Users\Toby\Downloads\JAVACV_JAR-2016-06-03\JAVACV JAR\javacv-bin\artoolkitplus-macosx-x86_64.jar;C:\Users\Toby\Downloads\JAVACV_JAR-2016-06-03\JAVACV JAR\javacv-bin\artoolkitplus-windows-x86.jar;C:\Users\Toby\Downloads\JAVACV_JAR-2016-06-03\JAVACV JAR\javacv-bin\artoolkitplus-windows-x86_64.jar;C:\Users\Toby\Downloads\JAVACV_JAR-2016-06-03\JAVACV JAR\javacv-bin\ffmpeg.jar;C:\Users\Toby\Downloads\JAVACV_JAR-2016-06-03\JAVACV JAR\javacv-bin\ffmpeg-android-arm.jar;C:\Users\Toby\Downloads\JAVACV_JAR-2016-06-03\JAVACV JAR\javacv-bin\ffmpeg-android-x86.jar;C:\Users\Toby\Downloads\JAVACV_JAR-2016-06-03\JAVACV JAR\javacv-bin\ffmpeg-linux-x86.jar;C:\Users\Toby\Downloads\JAVACV_JAR-2016-06-03\JAVACV JAR\javacv-bin\ffmpeg-linux-x86_64.jar;C:\Users\Toby\Downloads\JAVACV_JAR-2016-06-03\JAVACV JAR\javacv-bin\ffmpeg-macosx-x86_64.jar;C:\Users\Toby\Downloads\JAVACV_JAR-2016-06-03\JAVACV JAR\javacv-bin\ffmpeg-windows-x86.jar;C:\Users\Toby\Downloads\JAVACV_JAR-2016-06-03\JAVACV JAR\javacv-bin\ffmpeg-windows-x86_64.jar;C:\Users\Toby\Downloads\JAVACV_JAR-2016-06-03\JAVACV JAR\javacv-bin\flandmark.jar;C:\Users\Toby\Downloads\JAVACV_JAR-2016-06-03\JAVACV JAR\javacv-bin\flandmark-android-arm.jar;C:\Users\Toby\Downloads\JAVACV_JAR-2016-06-03\JAVACV JAR\javacv-bin\flandmark-android-x86.jar;C:\Users\Toby\Downloads\JAVACV
Launcher Type: SUN_STANDARD

Environment Variables:
PATH=C:/Program Files/Java/jre1.8.0_91/bin/server;C:/Program Files/Java/jre1.8.0_91/bin;C:/Program Files/Java/jre1.8.0_91/lib/amd64;C:\Program Files (x86)\Intel\iCLS Client\;C:\Program Files\Intel\iCLS Client\;C:\ProgramData\Oracle\Java\javapath;C:\Windows\system32;C:\Windows;C:\Windows\System32\Wbem;C:\Windows\System32\WindowsPowerShell\v1.0\;C:\Program Files (x86)\Intel\OpenCL SDK\3.0\bin\x86;C:\Program Files (x86)\Intel\OpenCL SDK\3.0\bin\x64;C:\Program Files\Intel\WiFi\bin\;C:\Program Files\Common Files\Intel\WirelessCommon\;C:\Program Files\Intel\Intel(R) Management Engine Components\DAL;C:\Program Files\Intel\Intel(R) Management Engine Components\IPT;C:\Program Files (x86)\Intel\Intel(R) Management Engine Components\DAL;C:\Program Files (x86)\Intel\Intel(R) Management Engine Components\IPT;C:\Program Files (x86)\Skype\Phone\;C:\Program Files\Intel\WiFi\bin\;C:\Program Files\Common Files\Intel\WirelessCommon\;C:\Users\Toby\Downloads\eclipse-jee-mars-2-win32-x86_64\eclipse;
USERNAME=Toby
OS=Windows_NT
PROCESSOR_IDENTIFIER=Intel64 Family 6 Model 60 Stepping 3, GenuineIntel



---------------  S Y S T E M  ---------------

OS: Windows 7 , 64 bit Build 7601 (6.1.7601.17514)

CPU:total 4 (2 cores per cpu, 2 threads per core) family 6 model 60 stepping 3, cmov, cx8, fxsr, mmx, sse, sse2, sse3, ssse3, sse4.1, sse4.2, popcnt, avx, avx2, aes, clmul, erms, lzcnt, ht, tsc, tscinvbit, bmi1, bmi2

Memory: 4k page, physical 8084660k(2941468k free), swap 16167476k(10251516k free)

vm_info: Java HotSpot(TM) 64-Bit Server VM (25.91-b14) for windows-amd64 JRE (1.8.0_91-b14), built on Apr  1 2016 00:58:32 by "java_re" with MS VC++ 10.0 (VS2010)

time: Mon Jun 20 20:28:59 2016
elapsed time: 67 seconds (0d 0h 1m 7s)

