#
# A fatal error has been detected by the Java Runtime Environment:
#
#  EXCEPTION_ACCESS_VIOLATION (0xc0000005) at pc=0x0000000002f894fa, pid=6380, tid=11508
#
# JRE version: Java(TM) SE Runtime Environment (8.0_45-b15) (build 1.8.0_45-b15)
# Java VM: Java HotSpot(TM) 64-Bit Server VM (25.45-b02 mixed mode windows-amd64 compressed oops)
# Problematic frame:
# J 2240 C2 org.bytedeco.javacv.Java2DFrameConverter.flipCopyWithGamma(Ljava/nio/ByteBuffer;ILjava/nio/ByteBuffer;IZDZI)V (608 bytes) @ 0x0000000002f894fa [0x0000000002f89100+0x3fa]
#
# Failed to write core dump. Minidumps are not enabled by default on client versions of Windows
#
# If you would like to submit a bug report, please visit:
#   http://bugreport.java.com/bugreport/crash.jsp
#

---------------  T H R E A D  ---------------

Current thread (0x000000001ac6f000):  JavaThread "Thread-12" [_thread_in_Java, id=11508, stack(0x0000000029a30000,0x0000000029b30000)]

siginfo: ExceptionCode=0xc0000005, reading address 0x000000004b7e4b41

Registers:
RAX=0x00000000f475e2a0, RBX=0x00000000f47be080, RCX=0x000000000029faf0, RDX=0x00000000002a3000
RSP=0x0000000029b2e950, RBP=0x00000000f475e260, RSI=0x000000004b545050, RDI=0x0000000000000eff
R8 =0x000000000029faf1, R9 =0x0000000000000000, R10=0x00000000002a3000, R11=0x000000000029faf1
R12=0x0000000000000000, R13=0x000000000029faf1, R14=0x00000000000006f1, R15=0x000000001ac6f000
RIP=0x0000000002f894fa, EFLAGS=0x0000000000010203

Top of Stack: (sp=0x0000000029b2e950)
0x0000000029b2e950:   00000000f475e2a0 0029f40000000000
0x0000000029b2e960:   000000000029f400 20007e8320004f17
0x0000000029b2e970:   00000f0000000000 00000000f475e260
0x0000000029b2e980:   3ff0000000000000 00000000f475e2a0
0x0000000029b2e990:   00000f0000000f00 00000000f475e2d0
0x0000000029b2e9a0:   0000000000000000 00000000002a3000
0x0000000029b2e9b0:   00000000e22af5a0 0000000000000000
0x0000000029b2e9c0:   0000000029b2ee18 000000000322f02c
0x0000000029b2e9d0:   0000000000000000 000000001ac6f1f8
0x0000000029b2e9e0:   000000004b545050 0000000000000000
0x0000000029b2e9f0:   0000000000000000 000000005aa41268
0x0000000029b2ea00:   0000000029b2e9c8 000000005aa135b9
0x0000000029b2ea10:   0000000017910ad0 000000004b545050
0x0000000029b2ea20:   00000001002a3000 000000005aa0bd2c
0x0000000029b2ea30:   000000001ac6f1f8 00007ffd6557ad41
0x0000000029b2ea40:   000002d000000500 0000000000000000 

Instructions: (pc=0x0000000002f894fa)
0x0000000002f894da:   3b 6c 24 58 0f 8d 89 01 00 00 45 8b c5 41 ff c0
0x0000000002f894ea:   45 89 43 18 4c 8b 5c 24 38 45 8b 5b 18 4d 63 c5
0x0000000002f894fa:   46 0f be 04 06 45 3b da 0f 8d d9 01 00 00 41 8b
0x0000000002f8950a:   cb 41 03 c9 41 ff c3 48 8b 44 24 38 44 89 58 18 


Register to memory mapping:

RAX=0x00000000f475e2a0 is an oop
java.nio.HeapByteBuffer 
 - klass: 'java/nio/HeapByteBuffer'
RBX=0x00000000f47be080 is an oop
[B 
 - klass: {type array byte}
 - length: 2764800
RCX=0x000000000029faf0 is an unknown value
RDX=0x00000000002a3000 is an unknown value
RSP=0x0000000029b2e950 is pointing into the stack for thread: 0x000000001ac6f000
RBP=0x00000000f475e260 is an oop
java.nio.DirectByteBuffer 
 - klass: 'java/nio/DirectByteBuffer'
RSI=0x000000004b545050 is an unknown value
RDI=0x0000000000000eff is an unknown value
R8 =0x000000000029faf1 is an unknown value
R9 =0x0000000000000000 is an unknown value
R10=0x00000000002a3000 is an unknown value
R11=0x000000000029faf1 is an unknown value
R12=0x0000000000000000 is an unknown value
R13=0x000000000029faf1 is an unknown value
R14=0x00000000000006f1 is an unknown value
R15=0x000000001ac6f000 is a thread


Stack: [0x0000000029a30000,0x0000000029b30000],  sp=0x0000000029b2e950,  free space=1018k
Native frames: (J=compiled Java code, j=interpreted, Vv=VM code, C=native code)
C  0x0000000002f894fa


---------------  P R O C E S S  ---------------

Java Threads: ( => current thread )
  0x000000001ac70000 JavaThread "Thread-21" [_thread_in_native, id=13272, stack(0x0000000027470000,0x0000000027570000)]
  0x000000001ac6e800 JavaThread "Thread-15" [_thread_in_native, id=3552, stack(0x000000002a780000,0x000000002a880000)]
=>0x000000001ac6f000 JavaThread "Thread-12" [_thread_in_Java, id=11508, stack(0x0000000029a30000,0x0000000029b30000)]
  0x000000001ac6d800 JavaThread "Thread-11" [_thread_in_native, id=13160, stack(0x0000000026d70000,0x0000000026e70000)]
  0x000000001ac8c800 JavaThread "AWT-EventQueue-0" [_thread_blocked, id=9356, stack(0x0000000025c70000,0x0000000025d70000)]
  0x000000001ac93000 JavaThread "AWT-Windows" daemon [_thread_in_native, id=10168, stack(0x00000000241b0000,0x00000000242b0000)]
  0x000000001ac92800 JavaThread "AWT-Shutdown" [_thread_blocked, id=11936, stack(0x00000000240b0000,0x00000000241b0000)]
  0x000000001ac91000 JavaThread "Java2D Disposer" daemon [_thread_blocked, id=5456, stack(0x0000000023ab0000,0x0000000023bb0000)]
  0x000000001ac91800 JavaThread "Thread-6" [_thread_blocked, id=6100, stack(0x0000000023db0000,0x0000000023eb0000)]
  0x000000001ac8f800 JavaThread "VideoManager" [_thread_in_vm, id=8528, stack(0x0000000023cb0000,0x0000000023db0000)]
  0x000000001ac8e800 JavaThread "NavDataManager" [_thread_in_native, id=3152, stack(0x0000000023bb0000,0x0000000023cb0000)]
  0x000000001ac90000 JavaThread "CommandManager" [_thread_blocked, id=12348, stack(0x00000000239b0000,0x0000000023ab0000)]
  0x000000001ac8e000 JavaThread "YADrone CommandManager Timer" [_thread_blocked, id=11916, stack(0x00000000238b0000,0x00000000239b0000)]
  0x000000001ac8d000 JavaThread "Prism Font Disposer" daemon [_thread_blocked, id=13004, stack(0x00000000227b0000,0x00000000228b0000)]
  0x000000001a661800 JavaThread "Thread-3" daemon [_thread_in_native, id=3892, stack(0x000000001f910000,0x000000001fa10000)]
  0x000000001a636000 JavaThread "JavaFX-Launcher" [_thread_blocked, id=10084, stack(0x000000001fa10000,0x000000001fb10000)]
  0x0000000019c9b000 JavaThread "JavaFX Application Thread" [_thread_in_native, id=9872, stack(0x000000001b250000,0x000000001b350000)]
  0x0000000019ccb800 JavaThread "Thread-1" daemon [_thread_blocked, id=12556, stack(0x000000001b150000,0x000000001b250000)]
  0x0000000019c46000 JavaThread "QuantumRenderer-0" daemon [_thread_blocked, id=9692, stack(0x000000001a4d0000,0x000000001a5d0000)]
  0x000000001998c800 JavaThread "Service Thread" daemon [_thread_blocked, id=12496, stack(0x000000001a2d0000,0x000000001a3d0000)]
  0x000000001990e800 JavaThread "C1 CompilerThread3" daemon [_thread_blocked, id=1116, stack(0x000000001a1d0000,0x000000001a2d0000)]
  0x0000000019908800 JavaThread "C2 CompilerThread2" daemon [_thread_blocked, id=11052, stack(0x000000001a0d0000,0x000000001a1d0000)]
  0x0000000019900800 JavaThread "C2 CompilerThread1" daemon [_thread_blocked, id=11096, stack(0x0000000019fd0000,0x000000001a0d0000)]
  0x00000000198fb800 JavaThread "C2 CompilerThread0" daemon [_thread_blocked, id=8232, stack(0x0000000019ed0000,0x0000000019fd0000)]
  0x00000000198fa000 JavaThread "Attach Listener" daemon [_thread_blocked, id=10092, stack(0x0000000019dd0000,0x0000000019ed0000)]
  0x00000000198f9000 JavaThread "Signal Dispatcher" daemon [_thread_blocked, id=668, stack(0x0000000019cd0000,0x0000000019dd0000)]
  0x000000000294c000 JavaThread "Finalizer" daemon [_thread_blocked, id=6924, stack(0x00000000197d0000,0x00000000198d0000)]
  0x0000000002945000 JavaThread "Reference Handler" daemon [_thread_blocked, id=11924, stack(0x00000000196d0000,0x00000000197d0000)]
  0x0000000002854000 JavaThread "main" [_thread_blocked, id=10760, stack(0x0000000002750000,0x0000000002850000)]

Other Threads:
  0x0000000017909800 VMThread [stack: 0x00000000195d0000,0x00000000196d0000] [id=3192]
  0x000000001999d800 WatcherThread [stack: 0x000000001a3d0000,0x000000001a4d0000] [id=12256]

VM state:not at safepoint (normal execution)

VM Mutex/Monitor currently owned by a thread: None

Heap:
 PSYoungGen      total 501760K, used 142144K [0x00000000d5c00000, 0x00000000ffe80000, 0x0000000100000000)
  eden space 308736K, 4% used [0x00000000d5c00000,0x00000000d6a7a5d0,0x00000000e8980000)
  from space 193024K, 65% used [0x00000000f4200000,0x00000000fbe55de8,0x00000000ffe80000)
  to   space 188928K, 0% used [0x00000000e8980000,0x00000000e8980000,0x00000000f4200000)
 ParOldGen       total 388608K, used 217803K [0x0000000081400000, 0x0000000098f80000, 0x00000000d5c00000)
  object space 388608K, 56% used [0x0000000081400000,0x000000008e8b2da8,0x0000000098f80000)
 Metaspace       used 25035K, capacity 25574K, committed 25856K, reserved 1071104K
  class space    used 3118K, capacity 3306K, committed 3328K, reserved 1048576K

Card table byte_map: [0x0000000011d10000,0x0000000012110000] byte_map_base: 0x0000000011906000

Marking Bits: (ParMarkBitMap*) 0x000000005b104040
 Begin Bits: [0x0000000012bc0000, 0x0000000014b70000)
 End Bits:   [0x0000000014b70000, 0x0000000016b20000)

Polling page: 0x00000000024e0000

CodeCache: size=245760Kb used=9673Kb max_used=9757Kb free=236086Kb
 bounds [0x0000000002950000, 0x00000000032f0000, 0x0000000011950000]
 total_blobs=4071 nmethods=3174 adapters=807
 compilation: enabled

Compilation events (10 events):
Event: 39.936 Thread 0x000000001990e800 3481       1       com.sun.javafx.geom.transform.Translate2D::getMyt (5 bytes)
Event: 39.936 Thread 0x000000001990e800 nmethod 3481 0x0000000002d917d0 code [0x0000000002d91920, 0x0000000002d91a30]
Event: 40.064 Thread 0x000000001990e800 3482       3       sun.awt.image.IntegerInterleavedRaster::<init> (195 bytes)
Event: 40.066 Thread 0x000000001990e800 nmethod 3482 0x0000000003036210 code [0x0000000003036420, 0x0000000003036f78]
Event: 40.144 Thread 0x000000001990e800 3483       3       com.sun.prism.impl.ps.BaseShaderContext::getPaintShader (262 bytes)
Event: 40.148 Thread 0x000000001990e800 nmethod 3483 0x0000000002ec5f50 code [0x0000000002ec6340, 0x0000000002ec8e48]
Event: 40.149 Thread 0x000000001990e800 3484       3       com.sun.prism.impl.ps.BaseShaderContext::getStockShaderIndex (57 bytes)
Event: 40.150 Thread 0x000000001990e800 nmethod 3484 0x000000000303cb90 code [0x000000000303cd00, 0x000000000303d370]
Event: 40.150 Thread 0x000000001990e800 3485       3       com.sun.prism.impl.ps.BaseShaderContext::updatePaintShader (157 bytes)
Event: 40.152 Thread 0x000000001990e800 nmethod 3485 0x0000000002ec5190 code [0x0000000002ec5380, 0x0000000002ec5c08]

GC Heap History (10 events):
Event: 36.065 GC heap before
{Heap before GC invocations=54 (full 10):
 PSYoungGen      total 478720K, used 405134K [0x00000000d5c00000, 0x00000000ffb80000, 0x0000000100000000)
  eden space 279552K, 99% used [0x00000000d5c00000,0x00000000e6b026e0,0x00000000e6d00000)
  from space 199168K, 64% used [0x00000000e6d00000,0x00000000ee9a1310,0x00000000f2f80000)
  to   space 195584K, 0% used [0x00000000f3c80000,0x00000000f3c80000,0x00000000ffb80000)
 ParOldGen       total 388608K, used 217587K [0x0000000081400000, 0x0000000098f80000, 0x00000000d5c00000)
  object space 388608K, 55% used [0x0000000081400000,0x000000008e87cda8,0x0000000098f80000)
 Metaspace       used 25002K, capacity 25574K, committed 25856K, reserved 1071104K
  class space    used 3117K, capacity 3306K, committed 3328K, reserved 1048576K
Event: 36.095 GC heap after
Heap after GC invocations=54 (full 10):
 PSYoungGen      total 485888K, used 128614K [0x00000000d5c00000, 0x00000000ff500000, 0x0000000100000000)
  eden space 296960K, 0% used [0x00000000d5c00000,0x00000000d5c00000,0x00000000e7e00000)
  from space 188928K, 68% used [0x00000000f3c80000,0x00000000fba19850,0x00000000ff500000)
  to   space 192000K, 0% used [0x00000000e7e00000,0x00000000e7e00000,0x00000000f3980000)
 ParOldGen       total 388608K, used 217627K [0x0000000081400000, 0x0000000098f80000, 0x00000000d5c00000)
  object space 388608K, 56% used [0x0000000081400000,0x000000008e886da8,0x0000000098f80000)
 Metaspace       used 25002K, capacity 25574K, committed 25856K, reserved 1071104K
  class space    used 3117K, capacity 3306K, committed 3328K, reserved 1048576K
}
Event: 36.960 GC heap before
{Heap before GC invocations=55 (full 10):
 PSYoungGen      total 485888K, used 423538K [0x00000000d5c00000, 0x00000000ff500000, 0x0000000100000000)
  eden space 296960K, 99% used [0x00000000d5c00000,0x00000000e7c030e8,0x00000000e7e00000)
  from space 188928K, 68% used [0x00000000f3c80000,0x00000000fba19850,0x00000000ff500000)
  to   space 192000K, 0% used [0x00000000e7e00000,0x00000000e7e00000,0x00000000f3980000)
 ParOldGen       total 388608K, used 217627K [0x0000000081400000, 0x0000000098f80000, 0x00000000d5c00000)
  object space 388608K, 56% used [0x0000000081400000,0x000000008e886da8,0x0000000098f80000)
 Metaspace       used 25011K, capacity 25574K, committed 25856K, reserved 1071104K
  class space    used 3117K, capacity 3306K, committed 3328K, reserved 1048576K
Event: 36.993 GC heap after
Heap after GC invocations=55 (full 10):
 PSYoungGen      total 488960K, used 132908K [0x00000000d5c00000, 0x0000000100000000, 0x0000000100000000)
  eden space 296960K, 0% used [0x00000000d5c00000,0x00000000d5c00000,0x00000000e7e00000)
  from space 192000K, 69% used [0x00000000e7e00000,0x00000000effcb248,0x00000000f3980000)
  to   space 190464K, 0% used [0x00000000f4600000,0x00000000f4600000,0x0000000100000000)
 ParOldGen       total 388608K, used 217675K [0x0000000081400000, 0x0000000098f80000, 0x00000000d5c00000)
  object space 388608K, 56% used [0x0000000081400000,0x000000008e892da8,0x0000000098f80000)
 Metaspace       used 25011K, capacity 25574K, committed 25856K, reserved 1071104K
  class space    used 3117K, capacity 3306K, committed 3328K, reserved 1048576K
}
Event: 38.618 GC heap before
{Heap before GC invocations=56 (full 10):
 PSYoungGen      total 488960K, used 428772K [0x00000000d5c00000, 0x0000000100000000, 0x0000000100000000)
  eden space 296960K, 99% used [0x00000000d5c00000,0x00000000e7cee068,0x00000000e7e00000)
  from space 192000K, 69% used [0x00000000e7e00000,0x00000000effcb248,0x00000000f3980000)
  to   space 190464K, 0% used [0x00000000f4600000,0x00000000f4600000,0x0000000100000000)
 ParOldGen       total 388608K, used 217675K [0x0000000081400000, 0x0000000098f80000, 0x00000000d5c00000)
  object space 388608K, 56% used [0x0000000081400000,0x000000008e892da8,0x0000000098f80000)
 Metaspace       used 25023K, capacity 25574K, committed 25856K, reserved 1071104K
  class space    used 3118K, capacity 3306K, committed 3328K, reserved 1048576K
Event: 38.650 GC heap after
Heap after GC invocations=56 (full 10):
 PSYoungGen      total 487424K, used 123351K [0x00000000d5c00000, 0x00000000ff380000, 0x0000000100000000)
  eden space 309760K, 0% used [0x00000000d5c00000,0x00000000d5c00000,0x00000000e8a80000)
  from space 177664K, 69% used [0x00000000f4600000,0x00000000fbe75d80,0x00000000ff380000)
  to   space 184832K, 0% used [0x00000000e8a80000,0x00000000e8a80000,0x00000000f3f00000)
 ParOldGen       total 388608K, used 217723K [0x0000000081400000, 0x0000000098f80000, 0x00000000d5c00000)
  object space 388608K, 56% used [0x0000000081400000,0x000000008e89eda8,0x0000000098f80000)
 Metaspace       used 25023K, capacity 25574K, committed 25856K, reserved 1071104K
  class space    used 3118K, capacity 3306K, committed 3328K, reserved 1048576K
}
Event: 39.375 GC heap before
{Heap before GC invocations=57 (full 10):
 PSYoungGen      total 487424K, used 429946K [0x00000000d5c00000, 0x00000000ff380000, 0x0000000100000000)
  eden space 309760K, 98% used [0x00000000d5c00000,0x00000000e8768bd8,0x00000000e8a80000)
  from space 177664K, 69% used [0x00000000f4600000,0x00000000fbe75d80,0x00000000ff380000)
  to   space 184832K, 0% used [0x00000000e8a80000,0x00000000e8a80000,0x00000000f3f00000)
 ParOldGen       total 388608K, used 217723K [0x0000000081400000, 0x0000000098f80000, 0x00000000d5c00000)
  object space 388608K, 56% used [0x0000000081400000,0x000000008e89eda8,0x0000000098f80000)
 Metaspace       used 25023K, capacity 25574K, committed 25856K, reserved 1071104K
  class space    used 3118K, capacity 3306K, committed 3328K, reserved 1048576K
Event: 39.411 GC heap after
Heap after GC invocations=57 (full 10):
 PSYoungGen      total 494592K, used 163417K [0x00000000d5c00000, 0x0000000100000000, 0x0000000100000000)
  eden space 309760K, 0% used [0x00000000d5c00000,0x00000000d5c00000,0x00000000e8a80000)
  from space 184832K, 88% used [0x00000000e8a80000,0x00000000f2a16520,0x00000000f3f00000)
  to   space 194560K, 0% used [0x00000000f4200000,0x00000000f4200000,0x0000000100000000)
 ParOldGen       total 388608K, used 217771K [0x0000000081400000, 0x0000000098f80000, 0x00000000d5c00000)
  object space 388608K, 56% used [0x0000000081400000,0x000000008e8aada8,0x0000000098f80000)
 Metaspace       used 25023K, capacity 25574K, committed 25856K, reserved 1071104K
  class space    used 3118K, capacity 3306K, committed 3328K, reserved 1048576K
}
Event: 40.282 GC heap before
{Heap before GC invocations=58 (full 10):
 PSYoungGen      total 494592K, used 472783K [0x00000000d5c00000, 0x0000000100000000, 0x0000000100000000)
  eden space 309760K, 99% used [0x00000000d5c00000,0x00000000e8a1d830,0x00000000e8a80000)
  from space 184832K, 88% used [0x00000000e8a80000,0x00000000f2a16520,0x00000000f3f00000)
  to   space 194560K, 0% used [0x00000000f4200000,0x00000000f4200000,0x0000000100000000)
 ParOldGen       total 388608K, used 217771K [0x0000000081400000, 0x0000000098f80000, 0x00000000d5c00000)
  object space 388608K, 56% used [0x0000000081400000,0x000000008e8aada8,0x0000000098f80000)
 Metaspace       used 25035K, capacity 25574K, committed 25856K, reserved 1071104K
  class space    used 3118K, capacity 3306K, committed 3328K, reserved 1048576K
Event: 40.313 GC heap after
Heap after GC invocations=58 (full 10):
 PSYoungGen      total 501760K, used 127319K [0x00000000d5c00000, 0x00000000ffe80000, 0x0000000100000000)
  eden space 308736K, 0% used [0x00000000d5c00000,0x00000000d5c00000,0x00000000e8980000)
  from space 193024K, 65% used [0x00000000f4200000,0x00000000fbe55de8,0x00000000ffe80000)
  to   space 188928K, 0% used [0x00000000e8980000,0x00000000e8980000,0x00000000f4200000)
 ParOldGen       total 388608K, used 217803K [0x0000000081400000, 0x0000000098f80000, 0x00000000d5c00000)
  object space 388608K, 56% used [0x0000000081400000,0x000000008e8b2da8,0x0000000098f80000)
 Metaspace       used 25035K, capacity 25574K, committed 25856K, reserved 1071104K
  class space    used 3118K, capacity 3306K, committed 3328K, reserved 1048576K
}

Deoptimization events (10 events):
Event: 25.712 Thread 0x000000001ac90000 Uncommon trap: reason=class_check action=maybe_recompile pc=0x00000000031485d0 method=de.yadrone.base.command.ATCommand.encodeParameter(Ljava/lang/Object;)Ljava/lang/String; @ 13
Event: 25.712 Thread 0x000000001ac90000 Uncommon trap: reason=class_check action=maybe_recompile pc=0x00000000031485d0 method=de.yadrone.base.command.ATCommand.encodeParameter(Ljava/lang/Object;)Ljava/lang/String; @ 13
Event: 25.717 Thread 0x000000001ac90000 Uncommon trap: reason=bimorphic action=maybe_recompile pc=0x000000000316c3f8 method=de.yadrone.base.command.ATCommand.getParametersString()Ljava/lang/String; @ 9
Event: 25.717 Thread 0x000000001ac90000 Uncommon trap: reason=bimorphic action=maybe_recompile pc=0x000000000316c3f8 method=de.yadrone.base.command.ATCommand.getParametersString()Ljava/lang/String; @ 9
Event: 26.285 Thread 0x000000001ac6e800 Uncommon trap: reason=unstable_if action=reinterpret pc=0x000000000306f258 method=com.google.zxing.common.HybridBinarizer.calculateBlackPoints([BIIII)[[I @ 268
Event: 26.754 Thread 0x000000001ac90000 Uncommon trap: reason=unstable_if action=reinterpret pc=0x00000000031485b4 method=java.lang.Integer.toString(I)Ljava/lang/String; @ 10
Event: 26.754 Thread 0x000000001ac90000 Uncommon trap: reason=unstable_if action=reinterpret pc=0x000000000313d5e8 method=java.lang.Integer.getChars(II[C)V @ 7
Event: 26.755 Thread 0x000000001ac90000 Uncommon trap: reason=unstable_if action=reinterpret pc=0x0000000003140b44 method=java.lang.Integer.toString(I)Ljava/lang/String; @ 10
Event: 33.088 Thread 0x000000001ac8e800 Uncommon trap: reason=unstable_if action=reinterpret pc=0x0000000003179eac method=picture.PictureController$5.batteryLevelChanged(I)V @ 8
Event: 36.666 Thread 0x000000001ac6f000 Uncommon trap: reason=unstable_if action=reinterpret pc=0x00000000032d2520 method=picture.PictureProcessingHelper.extractQRImage(Lorg/bytedeco/javacpp/opencv_core$Mat;)Lorg/bytedeco/javacpp/opencv_core$Mat; @ 437

Internal exceptions (10 events):
Event: 0.328 Thread 0x0000000019c9b000 Exception <a 'java/lang/NullPointerException'> (0x00000000d6d37f40) thrown at [C:\re\workspace\8-2-build-windows-amd64-cygwin\jdk8u45\3627\hotspot\src\share\vm\interpreter\linkResolver.cpp, line 1178]
Event: 0.328 Thread 0x0000000019c9b000 Exception <a 'java/lang/NullPointerException'> (0x00000000d6d37f40) thrown at [C:\re\workspace\8-2-build-windows-amd64-cygwin\jdk8u45\3627\hotspot\src\share\vm\prims\jvm.cpp, line 1386]
Event: 0.405 Thread 0x0000000019c9b000 Exception <a 'java/lang/ArrayIndexOutOfBoundsException'> (0x00000000d719c770) thrown at [C:\re\workspace\8-2-build-windows-amd64-cygwin\jdk8u45\3627\hotspot\src\share\vm\runtime\sharedRuntime.cpp, line 605]
Event: 0.405 Thread 0x0000000019c9b000 Exception <a 'java/lang/ArrayIndexOutOfBoundsException'> (0x00000000d719d3c0) thrown at [C:\re\workspace\8-2-build-windows-amd64-cygwin\jdk8u45\3627\hotspot\src\share\vm\runtime\sharedRuntime.cpp, line 605]
Event: 0.405 Thread 0x0000000019c9b000 Exception <a 'java/lang/ArrayIndexOutOfBoundsException'> (0x00000000d719e6b8) thrown at [C:\re\workspace\8-2-build-windows-amd64-cygwin\jdk8u45\3627\hotspot\src\share\vm\runtime\sharedRuntime.cpp, line 605]
Event: 0.524 Thread 0x0000000019c9b000 Exception <a 'java/io/FileNotFoundException'> (0x00000000d7722538) thrown at [C:\re\workspace\8-2-build-windows-amd64-cygwin\jdk8u45\3627\hotspot\src\share\vm\prims\jni.cpp, line 709]
Event: 7.721 Thread 0x0000000019c9b000 Exception <a 'java/io/FileNotFoundException'> (0x00000000d62edb28) thrown at [C:\re\workspace\8-2-build-windows-amd64-cygwin\jdk8u45\3627\hotspot\src\share\vm\prims\jni.cpp, line 709]
Event: 7.739 Thread 0x0000000019c9b000 Exception <a 'java/io/FileNotFoundException'> (0x00000000d630c0a0) thrown at [C:\re\workspace\8-2-build-windows-amd64-cygwin\jdk8u45\3627\hotspot\src\share\vm\prims\jni.cpp, line 709]
Event: 7.776 Thread 0x0000000019c9b000 Implicit null exception at 0x0000000002ba4094 to 0x0000000002ba43e9
Event: 7.777 Thread 0x0000000019c9b000 Implicit null exception at 0x0000000002b7e496 to 0x0000000002b7e7bd

Events (10 events):
Event: 38.650 Thread 0x000000001ac69000 Thread added: 0x000000001ac69000
Event: 38.650 Executing VM operation: RevokeBias
Event: 38.651 Executing VM operation: RevokeBias done
Event: 38.651 Thread 0x000000001ac69000 Thread exited: 0x000000001ac69000
Event: 39.298 Thread 0x000000001ac6f000 DEOPT PACKING pc=0x00000000032e0da5 sp=0x0000000029b2eb50
Event: 39.298 Thread 0x000000001ac6f000 DEOPT UNPACKING pc=0x000000000299787f sp=0x0000000029b2e990 mode 0
Event: 39.375 Executing VM operation: ParallelGCFailedAllocation
Event: 39.411 Executing VM operation: ParallelGCFailedAllocation done
Event: 40.281 Executing VM operation: ParallelGCFailedAllocation
Event: 40.313 Executing VM operation: ParallelGCFailedAllocation done


Dynamic libraries:
0x00007ff65d260000 - 0x00007ff65d297000 	C:\Program Files\Java\jre1.8.0_45\bin\javaw.exe
0x00007ffd93dc0000 - 0x00007ffd93f82000 	C:\WINDOWS\SYSTEM32\ntdll.dll
0x00007ffd93cb0000 - 0x00007ffd93d5d000 	C:\WINDOWS\system32\KERNEL32.DLL
0x00007ffd91250000 - 0x00007ffd9142d000 	C:\WINDOWS\system32\KERNELBASE.dll
0x00007ffd92f70000 - 0x00007ffd93016000 	C:\WINDOWS\system32\ADVAPI32.dll
0x00007ffd936b0000 - 0x00007ffd9374d000 	C:\WINDOWS\system32\msvcrt.dll
0x00007ffd929d0000 - 0x00007ffd92a2b000 	C:\WINDOWS\system32\sechost.dll
0x00007ffd92a30000 - 0x00007ffd92b56000 	C:\WINDOWS\system32\RPCRT4.dll
0x00007ffd92e20000 - 0x00007ffd92f6e000 	C:\WINDOWS\system32\USER32.dll
0x00007ffd93750000 - 0x00007ffd938d5000 	C:\WINDOWS\system32\GDI32.dll
0x00007ffd8d240000 - 0x00007ffd8d4b4000 	C:\WINDOWS\WinSxS\amd64_microsoft.windows.common-controls_6595b64144ccf1df_6.0.10240.16384_none_f41f7b285750ef43\COMCTL32.dll
0x00007ffd92b60000 - 0x00007ffd92b96000 	C:\WINDOWS\system32\IMM32.DLL
0x00007ffd93050000 - 0x00007ffd931ac000 	C:\WINDOWS\system32\MSCTF.dll
0x000000005a750000 - 0x000000005a822000 	C:\Program Files\Java\jre1.8.0_45\bin\msvcr100.dll
0x000000005a900000 - 0x000000005b183000 	C:\Program Files\Java\jre1.8.0_45\bin\server\jvm.dll
0x00007ffd931b0000 - 0x00007ffd931b8000 	C:\WINDOWS\system32\PSAPI.DLL
0x00007ffd8d570000 - 0x00007ffd8d57a000 	C:\WINDOWS\SYSTEM32\VERSION.dll
0x00007ffd881c0000 - 0x00007ffd881c9000 	C:\WINDOWS\SYSTEM32\WSOCK32.dll
0x00007ffd8e920000 - 0x00007ffd8e943000 	C:\WINDOWS\SYSTEM32\WINMM.dll
0x00007ffd93af0000 - 0x00007ffd93b59000 	C:\WINDOWS\system32\WS2_32.dll
0x00007ffd929c0000 - 0x00007ffd929c8000 	C:\WINDOWS\system32\NSI.dll
0x00007ffd8e850000 - 0x00007ffd8e87c000 	C:\WINDOWS\SYSTEM32\WINMMBASE.dll
0x00007ffd90940000 - 0x00007ffd90984000 	C:\WINDOWS\system32\cfgmgr32.dll
0x00007ffd8f160000 - 0x00007ffd8f187000 	C:\WINDOWS\SYSTEM32\DEVOBJ.dll
0x000000005a8f0000 - 0x000000005a8ff000 	C:\Program Files\Java\jre1.8.0_45\bin\verify.dll
0x000000005a8c0000 - 0x000000005a8e9000 	C:\Program Files\Java\jre1.8.0_45\bin\java.dll
0x000000005a8a0000 - 0x000000005a8b6000 	C:\Program Files\Java\jre1.8.0_45\bin\zip.dll
0x00007ffd91490000 - 0x00007ffd929b3000 	C:\WINDOWS\system32\SHELL32.dll
0x00007ffd90990000 - 0x00007ffd90fb9000 	C:\WINDOWS\system32\windows.storage.dll
0x00007ffd92ba0000 - 0x00007ffd92e1c000 	C:\WINDOWS\system32\combase.dll
0x00007ffd935f0000 - 0x00007ffd93641000 	C:\WINDOWS\system32\shlwapi.dll
0x00007ffd907f0000 - 0x00007ffd907ff000 	C:\WINDOWS\system32\kernel.appcore.dll
0x00007ffd90fc0000 - 0x00007ffd91073000 	C:\WINDOWS\system32\shcore.dll
0x00007ffd90800000 - 0x00007ffd9084a000 	C:\WINDOWS\system32\powrprof.dll
0x00007ffd90870000 - 0x00007ffd90883000 	C:\WINDOWS\system32\profapi.dll
0x000000005a720000 - 0x000000005a74c000 	C:\Program Files\Java\jre1.8.0_45\bin\prism_d3d.dll
0x00007ffd83d10000 - 0x00007ffd83f20000 	C:\WINDOWS\system32\d3d9.dll
0x00007ffd8d210000 - 0x00007ffd8d232000 	C:\WINDOWS\SYSTEM32\dwmapi.dll
0x00007ffd8f010000 - 0x00007ffd8f0a6000 	C:\WINDOWS\system32\uxtheme.dll
0x00007ffd62630000 - 0x00007ffd64913000 	C:\WINDOWS\SYSTEM32\igdumdim64.dll
0x00007ffd93370000 - 0x00007ffd93535000 	C:\WINDOWS\system32\SETUPAPI.dll
0x00007ffd93a30000 - 0x00007ffd93aee000 	C:\WINDOWS\system32\OLEAUT32.dll
0x00007ffd93b60000 - 0x00007ffd93ca1000 	C:\WINDOWS\system32\ole32.dll
0x000000005a6d0000 - 0x000000005a711000 	C:\Program Files\Java\jre1.8.0_45\bin\glass.dll
0x00007ffd938e0000 - 0x00007ffd939b7000 	C:\WINDOWS\system32\COMDLG32.dll
0x00007ffd90640000 - 0x00007ffd906ab000 	C:\WINDOWS\SYSTEM32\bcryptPrimitives.dll
0x00007ffd86580000 - 0x00007ffd86f82000 	C:\WINDOWS\SYSTEM32\igdusc64.dll
0x000000005a6b0000 - 0x000000005a6c5000 	C:\Program Files\Java\jre1.8.0_45\bin\javafx_font.dll
0x00007ffd836a0000 - 0x00007ffd838f9000 	C:\WINDOWS\SYSTEM32\dwrite.dll
0x00007ffd93540000 - 0x00007ffd935e5000 	C:\WINDOWS\system32\clbcatq.dll
0x00007ffd863c0000 - 0x00007ffd86571000 	C:\WINDOWS\SYSTEM32\WindowsCodecs.dll
0x00007ffd90330000 - 0x00007ffd90358000 	C:\WINDOWS\SYSTEM32\bcrypt.dll
0x00007ffd900c0000 - 0x00007ffd900d7000 	C:\WINDOWS\SYSTEM32\cryptsp.dll
0x00007ffd8fd10000 - 0x00007ffd8fd43000 	C:\WINDOWS\system32\rsaenh.dll
0x00007ffd90230000 - 0x00007ffd9023b000 	C:\WINDOWS\SYSTEM32\CRYPTBASE.dll
0x00007ffd731f0000 - 0x00007ffd73236000 	C:\WINDOWS\system32\dataexchange.dll
0x00007ffd87d90000 - 0x00007ffd88033000 	C:\WINDOWS\system32\d3d11.dll
0x00007ffd88810000 - 0x00007ffd88d55000 	C:\WINDOWS\system32\d2d1.dll
0x00007ffd8ed50000 - 0x00007ffd8ee21000 	C:\WINDOWS\system32\dcomp.dll
0x00007ffd89a10000 - 0x00007ffd89aac000 	C:\WINDOWS\system32\dxgi.dll
0x00007ffd8f1b0000 - 0x00007ffd8f29e000 	C:\WINDOWS\system32\twinapi.appcore.dll
0x00007ffd8fe00000 - 0x00007ffd8fe1f000 	C:\WINDOWS\system32\USERENV.dll
0x00007ffd80450000 - 0x00007ffd80484000 	C:\Program Files\Common Files\Microsoft Shared\Ink\rtscom.dll
0x000000005a690000 - 0x000000005a6a1000 	C:\Program Files\Java\jre1.8.0_45\bin\prism_common.dll
0x000000005a880000 - 0x000000005a89a000 	C:\Program Files\Java\jre1.8.0_45\bin\net.dll
0x00007ffd90060000 - 0x00007ffd900bd000 	C:\WINDOWS\system32\mswsock.dll
0x000000005a4f0000 - 0x000000005a688000 	C:\Program Files\Java\jre1.8.0_45\bin\awt.dll
0x00007ffd8ef40000 - 0x00007ffd8efb8000 	C:\WINDOWS\system32\apphelp.dll
0x00007ffd8e520000 - 0x00007ffd8e558000 	C:\WINDOWS\SYSTEM32\IPHLPAPI.DLL
0x00007ffd8e4d0000 - 0x00007ffd8e4db000 	C:\WINDOWS\SYSTEM32\WINNSI.DLL
0x00007ffd89ef0000 - 0x00007ffd89f06000 	C:\WINDOWS\SYSTEM32\dhcpcsvc6.DLL
0x00007ffd8a130000 - 0x00007ffd8a14a000 	C:\WINDOWS\SYSTEM32\dhcpcsvc.DLL
0x000000005a4a0000 - 0x000000005a4e7000 	C:\Program Files\Java\jre1.8.0_45\bin\fontmanager.dll
0x000000005a860000 - 0x000000005a871000 	C:\Program Files\Java\jre1.8.0_45\bin\nio.dll
0x000000005a450000 - 0x000000005a491000 	C:\Program Files\Java\jre1.8.0_45\bin\t2k.dll
0x000000005a420000 - 0x000000005a44a000 	C:\Program Files\Java\jre1.8.0_45\bin\dcpr.dll
0x000000006e740000 - 0x000000006fda5000 	C:\Users\Mathias\AppData\Local\Temp\xuggle\xuggle335033752235889252.dll
0x00007ffd803d0000 - 0x00007ffd803e8000 	C:\WINDOWS\SYSTEM32\AVICAP32.dll
0x00007ffd7fef0000 - 0x00007ffd7ff19000 	C:\WINDOWS\SYSTEM32\MSVFW32.dll
0x00007ffd7fe00000 - 0x00007ffd7feef000 	C:\Users\Mathias\AppData\Local\Temp\javacpp109820943091044\msvcr120.dll
0x00007ffd6b590000 - 0x00007ffd6b636000 	C:\Users\Mathias\AppData\Local\Temp\javacpp109820943091044\msvcp120.dll
0x00007ffd65ab0000 - 0x00007ffd65d31000 	C:\Users\Mathias\AppData\Local\Temp\javacpp109820943091044\opencv_core300.dll
0x00007ffd65730000 - 0x00007ffd65aaf000 	C:\Users\Mathias\AppData\Local\Temp\javacpp109820943091044\opencv_imgproc300.dll
0x00007ffd65570000 - 0x00007ffd65728000 	C:\Users\Mathias\AppData\Local\Temp\javacpp109820943091044\jniopencv_core.dll
0x00007ffd669f0000 - 0x00007ffd66a95000 	C:\Users\Mathias\AppData\Local\Temp\javacpp109820943091044\jniopencv_imgproc.dll
0x00007ffd7ab20000 - 0x00007ffd7acaa000 	C:\WINDOWS\SYSTEM32\dbghelp.dll

VM Arguments:
jvm_args: -Dfile.encoding=Cp1252 
java_command: application.Main
java_class_path (initial): C:\Users\Mathias\git\Drone_group_11\Drone_group_11\bin;C:\Users\Mathias\Desktop\Libraries og Jars\JAVACV_JAR-2016-03-16\JAVACV JAR\javacv-bin\artoolkitplus.jar;C:\Users\Mathias\Desktop\Libraries og Jars\JAVACV_JAR-2016-03-16\JAVACV JAR\javacv-bin\artoolkitplus-android-arm.jar;C:\Users\Mathias\Desktop\Libraries og Jars\JAVACV_JAR-2016-03-16\JAVACV JAR\javacv-bin\artoolkitplus-android-x86.jar;C:\Users\Mathias\Desktop\Libraries og Jars\JAVACV_JAR-2016-03-16\JAVACV JAR\javacv-bin\artoolkitplus-linux-x86.jar;C:\Users\Mathias\Desktop\Libraries og Jars\JAVACV_JAR-2016-03-16\JAVACV JAR\javacv-bin\artoolkitplus-linux-x86_64.jar;C:\Users\Mathias\Desktop\Libraries og Jars\JAVACV_JAR-2016-03-16\JAVACV JAR\javacv-bin\artoolkitplus-macosx-x86_64.jar;C:\Users\Mathias\Desktop\Libraries og Jars\JAVACV_JAR-2016-03-16\JAVACV JAR\javacv-bin\artoolkitplus-windows-x86.jar;C:\Users\Mathias\Desktop\Libraries og Jars\JAVACV_JAR-2016-03-16\JAVACV JAR\javacv-bin\artoolkitplus-windows-x86_64.jar;C:\Users\Mathias\Desktop\Libraries og Jars\JAVACV_JAR-2016-03-16\JAVACV JAR\javacv-bin\ffmpeg.jar;C:\Users\Mathias\Desktop\Libraries og Jars\JAVACV_JAR-2016-03-16\JAVACV JAR\javacv-bin\ffmpeg-android-arm.jar;C:\Users\Mathias\Desktop\Libraries og Jars\JAVACV_JAR-2016-03-16\JAVACV JAR\javacv-bin\ffmpeg-android-x86.jar;C:\Users\Mathias\Desktop\Libraries og Jars\JAVACV_JAR-2016-03-16\JAVACV JAR\javacv-bin\ffmpeg-linux-x86.jar;C:\Users\Mathias\Desktop\Libraries og Jars\JAVACV_JAR-2016-03-16\JAVACV JAR\javacv-bin\ffmpeg-linux-x86_64.jar;C:\Users\Mathias\Desktop\Libraries og Jars\JAVACV_JAR-2016-03-16\JAVACV JAR\javacv-bin\ffmpeg-macosx-x86_64.jar;C:\Users\Mathias\Desktop\Libraries og Jars\JAVACV_JAR-2016-03-16\JAVACV JAR\javacv-bin\ffmpeg-windows-x86.jar;C:\Users\Mathias\Desktop\Libraries og Jars\JAVACV_JAR-2016-03-16\JAVACV JAR\javacv-bin\ffmpeg-windows-x86_64.jar;C:\Users\Mathias\Desktop\Libraries og Jars\JAVACV_JAR-2016-03-16\JAVACV JAR\javacv-bin\flandmark.jar;C:\Users\Mathia
Launcher Type: SUN_STANDARD

Environment Variables:
PATH=C:/Program Files/Java/jre1.8.0_45/bin/server;C:/Program Files/Java/jre1.8.0_45/bin;C:/Program Files/Java/jre1.8.0_45/lib/amd64;C:\ProgramData\Oracle\Java\javapath;C:\Users\Mathias\Desktop\Libraries og Jars\opencv\build\x64\vc14\bin;C:\Program Files (x86)\Common Files\Intel\Shared Libraries\redist\intel64\compiler;C:\Program Files (x86)\Common Files\Intel\Shared Libraries\redist\ia32\compiler;C:\Program Files (x86)\Intel\iCLS Client\;C:\Program Files\Intel\iCLS Client\;C:\WINDOWS\system32;C:\WINDOWS;C:\WINDOWS\System32\Wbem;C:\WINDOWS\System32\WindowsPowerShell\v1.0\;C:\Program Files (x86)\Windows Live\Shared;C:\Program Files (x86)\Intel\OpenCL SDK\3.0\bin\x86;C:\Program Files (x86)\Intel\OpenCL SDK\3.0\bin\x64;C:\Program Files (x86)\NVIDIA Corporation\PhysX\Common;C:\Program Files\Intel\Intel(R) Management Engine Components\DAL;C:\Program Files\Intel\Intel(R) Management Engine Components\IPT;C:\Program Files (x86)\Intel\Intel(R) Management Engine Components\DAL;C:\Program Files (x86)\Intel\Intel(R) Management Engine Components\IPT;C:\WINDOWS\system32;C:\WINDOWS;C:\WINDOWS\System32\Wbem;C:\WINDOWS\System32\WindowsPowerShell\v1.0\;C:\Program Files (x86)\Skype\Phone\;C:\Users\Mathias\eclipse;
USERNAME=Mathias
OS=Windows_NT
PROCESSOR_IDENTIFIER=Intel64 Family 6 Model 60 Stepping 3, GenuineIntel



---------------  S Y S T E M  ---------------

OS: Windows 10.0 , 64 bit Build 10240 (10.0.10240.16384)

CPU:total 8 (4 cores per cpu, 2 threads per core) family 6 model 60 stepping 3, cmov, cx8, fxsr, mmx, sse, sse2, sse3, ssse3, sse4.1, sse4.2, popcnt, avx, avx2, aes, clmul, erms, lzcnt, ht, tsc, tscinvbit, bmi1, bmi2

Memory: 4k page, physical 8306320k(3055176k free), swap 9617040k(2493900k free)

vm_info: Java HotSpot(TM) 64-Bit Server VM (25.45-b02) for windows-amd64 JRE (1.8.0_45-b15), built on Apr 30 2015 12:40:44 by "java_re" with MS VC++ 10.0 (VS2010)

time: Sun Jun 19 21:45:52 2016
elapsed time: 40 seconds (0d 0h 0m 40s)

