#
# A fatal error has been detected by the Java Runtime Environment:
#
#  EXCEPTION_ACCESS_VIOLATION (0xc0000005) at pc=0x0000000002c1efd4, pid=6672, tid=6656
#
# JRE version: Java(TM) SE Runtime Environment (8.0_91-b14) (build 1.8.0_91-b14)
# Java VM: Java HotSpot(TM) 64-Bit Server VM (25.91-b14 mixed mode windows-amd64 compressed oops)
# Problematic frame:
# J 1889 C2 org.bytedeco.javacv.Java2DFrameConverter.flipCopyWithGamma(Ljava/nio/ByteBuffer;ILjava/nio/ByteBuffer;IZDZI)V (608 bytes) @ 0x0000000002c1efd4 [0x0000000002c1eb80+0x454]
#
# Failed to write core dump. Minidumps are not enabled by default on client versions of Windows
#
# If you would like to submit a bug report, please visit:
#   http://bugreport.java.com/bugreport/crash.jsp
#

---------------  T H R E A D  ---------------

Current thread (0x0000000059ba6000):  JavaThread "Thread-11" [_thread_in_Java, id=6656, stack(0x0000000062f60000,0x0000000063060000)]

siginfo: ExceptionCode=0xc0000005, reading address 0x000000007b809000

Registers:
RAX=0x00000000ed80dc30, RBX=0x00000000ed810240, RCX=0x0000000000058faf, RDX=0x00000000002a3000
RSP=0x000000006305efd0, RBP=0x00000000ed80dbf0, RSI=0x000000007b7b0050, RDI=0x0000000000000eff
R8 =0x0000000000058fb0, R9 =0x0000000000000000, R10=0x00000000002a3000, R11=0x0000000000058fb0
R12=0x0000000000000000, R13=0x0000000000058fb0, R14=0x0000000000000daf, R15=0x0000000059ba6000
RIP=0x0000000002c1efd4, EFLAGS=0x0000000000010207

Top of Stack: (sp=0x000000006305efd0)
0x000000006305efd0:   00000000ed80dc30 0005820000000000
0x000000006305efe0:   0000000000058200 16b2398016b07f50
0x000000006305eff0:   00000f0000000000 00000000ed80dbf0
0x000000006305f000:   3ff0000000000000 00000000ed80dc30
0x000000006305f010:   00000f0000000f00 00000000ed80dc60
0x000000006305f020:   000000006305f460 00000000002a3000
0x000000006305f030:   00000000d75754d8 000000006a46b42c
0x000000006305f040:   000000006305f4b8 0000000003320bac
0x000000006305f050:   0000000000000000 0000000000000000
0x000000006305f060:   0000000000000000 000000006a471dd8
0x000000006305f070:   0000000000000000 000000006a444249
0x000000006305f080:   00000000574c3050 000000007b7b0050
0x000000006305f090:   00000000002a3000 000000006a43a0e6
0x000000006305f0a0:   0000000059ba61f8 000007fee60cad41
0x000000006305f0b0:   000002d000000500 0000000000000000
0x000000006305f0c0:   00000000d75753b8 0000000000000005 

Instructions: (pc=0x0000000002c1efd4)
0x0000000002c1efb4:   3b 6c 24 58 0f 8d 28 01 00 00 45 8b dd 41 ff c3
0x0000000002c1efc4:   4c 8b 44 24 28 45 89 58 18 44 8b 58 18 4d 63 c5
0x0000000002c1efd4:   46 0f be 04 06 45 3b da 0f 8d 78 01 00 00 41 8b
0x0000000002c1efe4:   cb 41 03 c9 41 ff c3 44 89 58 18 3b ca 0f 83 aa 


Register to memory mapping:

RAX=0x00000000ed80dc30 is an oop
java.nio.HeapByteBuffer 
 - klass: 'java/nio/HeapByteBuffer'
RBX=0x00000000ed810240 is an oop
[B 
 - klass: {type array byte}
 - length: 2764800
RCX=0x0000000000058faf is an unknown value
RDX=0x00000000002a3000 is an unknown value
RSP=0x000000006305efd0 is pointing into the stack for thread: 0x0000000059ba6000
RBP=0x00000000ed80dbf0 is an oop
java.nio.DirectByteBuffer 
 - klass: 'java/nio/DirectByteBuffer'
RSI=0x000000007b7b0050 is an unknown value
RDI=0x0000000000000eff is an unknown value
R8 =0x0000000000058fb0 is an unknown value
R9 =0x0000000000000000 is an unknown value
R10=0x00000000002a3000 is an unknown value
R11=0x0000000000058fb0 is an unknown value
R12=0x0000000000000000 is an unknown value
R13=0x0000000000058fb0 is an unknown value
R14=0x0000000000000daf is an unknown value
R15=0x0000000059ba6000 is a thread


Stack: [0x0000000062f60000,0x0000000063060000],  sp=0x000000006305efd0,  free space=1019k
Native frames: (J=compiled Java code, j=interpreted, Vv=VM code, C=native code)
C  0x0000000002c1efd4


---------------  P R O C E S S  ---------------

Java Threads: ( => current thread )
  0x0000000059bab800 JavaThread "Thread-749" [_thread_in_native, id=6160, stack(0x0000000060c90000,0x0000000060d90000)]
  0x0000000059baa800 JavaThread "Thread-691" [_thread_in_native, id=568, stack(0x00000000610d0000,0x00000000611d0000)]
  0x0000000059ba9000 JavaThread "Thread-13" [_thread_in_native, id=6404, stack(0x000000005f2c0000,0x000000005f3c0000)]
  0x0000000059ba8800 JavaThread "Thread-12" [_thread_in_native, id=564, stack(0x0000000061220000,0x0000000061320000)]
  0x0000000059ba7000 JavaThread "Java2D Disposer" daemon [_thread_blocked, id=6476, stack(0x0000000068180000,0x0000000068280000)]
=>0x0000000059ba6000 JavaThread "Thread-11" [_thread_in_Java, id=6656, stack(0x0000000062f60000,0x0000000063060000)]
  0x0000000059ba5800 JavaThread "Thread-10" [_thread_in_native, id=6260, stack(0x000000005ff40000,0x0000000060040000)]
  0x0000000059ba4800 JavaThread "Thread-7" [_thread_blocked, id=6568, stack(0x0000000060110000,0x0000000060210000)]
  0x0000000059ba4000 JavaThread "VideoManager" [_thread_in_vm, id=6308, stack(0x0000000060230000,0x0000000060330000)]
  0x0000000059e36800 JavaThread "NavDataManager" [_thread_in_native, id=6896, stack(0x000000005fcb0000,0x000000005fdb0000)]
  0x0000000059e33800 JavaThread "CommandManager" [_thread_blocked, id=6832, stack(0x000000005fe20000,0x000000005ff20000)]
  0x000000005c85a800 JavaThread "YADrone CommandManager Timer" [_thread_blocked, id=1456, stack(0x000000005fb90000,0x000000005fc90000)]
  0x000000005c4c5800 JavaThread "Prism Font Disposer" daemon [_thread_blocked, id=3000, stack(0x000000005e550000,0x000000005e650000)]
  0x000000005972c800 JavaThread "Thread-3" daemon [_thread_in_native, id=6992, stack(0x000000005bd20000,0x000000005be20000)]
  0x0000000059710000 JavaThread "JavaFX-Launcher" [_thread_blocked, id=7144, stack(0x000000005c0f0000,0x000000005c1f0000)]
  0x00000000596cf800 JavaThread "JavaFX Application Thread" [_thread_in_native, id=336, stack(0x000000005a590000,0x000000005a690000)]
  0x00000000596c3800 JavaThread "Thread-1" daemon [_thread_blocked, id=7112, stack(0x000000005a440000,0x000000005a540000)]
  0x00000000596a3800 JavaThread "QuantumRenderer-0" daemon [_thread_blocked, id=1360, stack(0x0000000059f90000,0x000000005a090000)]
  0x000000005899a800 JavaThread "Service Thread" daemon [_thread_blocked, id=5220, stack(0x00000000593b0000,0x00000000594b0000)]
  0x00000000574da000 JavaThread "C1 CompilerThread2" daemon [_thread_blocked, id=5428, stack(0x0000000059010000,0x0000000059110000)]
  0x00000000574d9000 JavaThread "C2 CompilerThread1" daemon [_thread_blocked, id=6496, stack(0x00000000585a0000,0x00000000586a0000)]
  0x0000000058919000 JavaThread "C2 CompilerThread0" daemon [_thread_blocked, id=7080, stack(0x0000000059160000,0x0000000059260000)]
  0x0000000058916800 JavaThread "Attach Listener" daemon [_thread_blocked, id=6180, stack(0x0000000058ea0000,0x0000000058fa0000)]
  0x00000000574d5800 JavaThread "Signal Dispatcher" daemon [_thread_blocked, id=6968, stack(0x0000000058d10000,0x0000000058e10000)]
  0x00000000574bc000 JavaThread "Finalizer" daemon [_thread_blocked, id=6936, stack(0x0000000058810000,0x0000000058910000)]
  0x0000000057474800 JavaThread "Reference Handler" daemon [_thread_blocked, id=6748, stack(0x00000000586a0000,0x00000000587a0000)]
  0x000000000220e800 JavaThread "main" [_thread_blocked, id=6876, stack(0x0000000002640000,0x0000000002740000)]

Other Threads:
  0x000000005746d000 VMThread [stack: 0x00000000584a0000,0x00000000585a0000] [id=5604]
  0x00000000589c3800 WatcherThread [stack: 0x0000000059560000,0x0000000059660000] [id=2648]

VM state:not at safepoint (normal execution)

VM Mutex/Monitor currently owned by a thread: None

Heap:
 PSYoungGen      total 504832K, used 166737K [0x00000000d6e00000, 0x0000000100000000, 0x0000000100000000)
  eden space 348672K, 3% used [0x00000000d6e00000,0x00000000d78cf420,0x00000000ec280000)
  from space 156160K, 99% used [0x00000000ec280000,0x00000000f5a851f0,0x00000000f5b00000)
  to   space 164864K, 0% used [0x00000000f5f00000,0x00000000f5f00000,0x0000000100000000)
 ParOldGen       total 337920K, used 336546K [0x0000000084a00000, 0x0000000099400000, 0x00000000d6e00000)
  object space 337920K, 99% used [0x0000000084a00000,0x00000000992a8bc8,0x0000000099400000)
 Metaspace       used 22222K, capacity 22818K, committed 22912K, reserved 1069056K
  class space    used 2724K, capacity 2912K, committed 2944K, reserved 1048576K

Card table byte_map: [0x0000000011dd0000,0x00000000121b0000] byte_map_base: 0x00000000119ab000

Marking Bits: (ParMarkBitMap*) 0x000000006ab42f70
 Begin Bits: [0x0000000012950000, 0x0000000014828000)
 End Bits:   [0x0000000014828000, 0x0000000016700000)

Polling page: 0x0000000000320000

CodeCache: size=245760Kb used=9661Kb max_used=9776Kb free=236098Kb
 bounds [0x0000000002a10000, 0x00000000033b0000, 0x0000000011a10000]
 total_blobs=4039 nmethods=3182 adapters=768
 compilation: enabled

Compilation events (10 events):
Event: 81.730 Thread 0x00000000574d9000 3518       4       com.sun.javafx.geom.transform.GeneralTransform3D::setIdentity (129 bytes)
Event: 81.731 Thread 0x00000000574d9000 nmethod 3518 0x0000000002b99c90 code [0x0000000002b99e00, 0x0000000002b99ed8]
Event: 82.192 Thread 0x0000000058919000 3519       4       java.awt.image.ColorModel::<init> (342 bytes)
Event: 82.194 Thread 0x00000000574d9000 3520       4       java.util.concurrent.locks.AbstractQueuedSynchronizer$ConditionObject::signal (33 bytes)
Event: 82.198 Thread 0x00000000574d9000 nmethod 3520 0x00000000033993d0 code [0x0000000003399540, 0x0000000003399888]
Event: 82.198 Thread 0x0000000058919000 nmethod 3519 0x0000000002e9eb50 code [0x0000000002e9ecc0, 0x0000000002e9f138]
Event: 84.360 Thread 0x00000000574da000 3521       1       de.yadrone.base.command.KeepAliveCommand::getParameters (5 bytes)
Event: 84.360 Thread 0x00000000574da000 nmethod 3521 0x0000000002ee2d50 code [0x0000000002ee2ea0, 0x0000000002ee3030]
Event: 84.599 Thread 0x0000000058919000 3522       4       java.util.HashSet::remove (20 bytes)
Event: 84.609 Thread 0x0000000058919000 nmethod 3522 0x0000000002cdbe50 code [0x0000000002cdbfc0, 0x0000000002cdc3b8]

GC Heap History (10 events):
Event: 80.461 GC heap before
{Heap before GC invocations=93 (full 4):
 PSYoungGen      total 507392K, used 493404K [0x00000000d6e00000, 0x0000000100000000, 0x0000000100000000)
  eden space 344064K, 99% used [0x00000000d6e00000,0x00000000ebcfff50,0x00000000ebe00000)
  from space 163328K, 92% used [0x00000000f6080000,0x00000000ff357170,0x0000000100000000)
  to   space 164864K, 0% used [0x00000000ebe00000,0x00000000ebe00000,0x00000000f5f00000)
 ParOldGen       total 337920K, used 336458K [0x0000000084a00000, 0x0000000099400000, 0x00000000d6e00000)
  object space 337920K, 99% used [0x0000000084a00000,0x0000000099292bc8,0x0000000099400000)
 Metaspace       used 22216K, capacity 22818K, committed 22912K, reserved 1069056K
  class space    used 2724K, capacity 2912K, committed 2944K, reserved 1048576K
Event: 80.494 GC heap after
Heap after GC invocations=93 (full 4):
 PSYoungGen      total 486400K, used 142216K [0x00000000d6e00000, 0x00000000ffc80000, 0x0000000100000000)
  eden space 344064K, 0% used [0x00000000d6e00000,0x00000000d6e00000,0x00000000ebe00000)
  from space 142336K, 99% used [0x00000000ebe00000,0x00000000f48e2080,0x00000000f4900000)
  to   space 162304K, 0% used [0x00000000f5e00000,0x00000000f5e00000,0x00000000ffc80000)
 ParOldGen       total 337920K, used 336474K [0x0000000084a00000, 0x0000000099400000, 0x00000000d6e00000)
  object space 337920K, 99% used [0x0000000084a00000,0x0000000099296bc8,0x0000000099400000)
 Metaspace       used 22216K, capacity 22818K, committed 22912K, reserved 1069056K
  class space    used 2724K, capacity 2912K, committed 2944K, reserved 1048576K
}
Event: 81.482 GC heap before
{Heap before GC invocations=94 (full 4):
 PSYoungGen      total 486400K, used 485304K [0x00000000d6e00000, 0x00000000ffc80000, 0x0000000100000000)
  eden space 344064K, 99% used [0x00000000d6e00000,0x00000000ebd0c270,0x00000000ebe00000)
  from space 142336K, 99% used [0x00000000ebe00000,0x00000000f48e2080,0x00000000f4900000)
  to   space 162304K, 0% used [0x00000000f5e00000,0x00000000f5e00000,0x00000000ffc80000)
 ParOldGen       total 337920K, used 336474K [0x0000000084a00000, 0x0000000099400000, 0x00000000d6e00000)
  object space 337920K, 99% used [0x0000000084a00000,0x0000000099296bc8,0x0000000099400000)
 Metaspace       used 22222K, capacity 22818K, committed 22912K, reserved 1069056K
  class space    used 2724K, capacity 2912K, committed 2944K, reserved 1048576K
Event: 81.515 GC heap after
Heap after GC invocations=94 (full 4):
 PSYoungGen      total 507392K, used 147776K [0x00000000d6e00000, 0x0000000100000000, 0x0000000100000000)
  eden space 345088K, 0% used [0x00000000d6e00000,0x00000000d6e00000,0x00000000ebf00000)
  from space 162304K, 91% used [0x00000000f5e00000,0x00000000fee50100,0x00000000ffc80000)
  to   space 162816K, 0% used [0x00000000ebf00000,0x00000000ebf00000,0x00000000f5e00000)
 ParOldGen       total 337920K, used 336490K [0x0000000084a00000, 0x0000000099400000, 0x00000000d6e00000)
  object space 337920K, 99% used [0x0000000084a00000,0x000000009929abc8,0x0000000099400000)
 Metaspace       used 22222K, capacity 22818K, committed 22912K, reserved 1069056K
  class space    used 2724K, capacity 2912K, committed 2944K, reserved 1048576K
}
Event: 82.517 GC heap before
{Heap before GC invocations=95 (full 4):
 PSYoungGen      total 507392K, used 491915K [0x00000000d6e00000, 0x0000000100000000, 0x0000000100000000)
  eden space 345088K, 99% used [0x00000000d6e00000,0x00000000ebe12e58,0x00000000ebf00000)
  from space 162304K, 91% used [0x00000000f5e00000,0x00000000fee50100,0x00000000ffc80000)
  to   space 162816K, 0% used [0x00000000ebf00000,0x00000000ebf00000,0x00000000f5e00000)
 ParOldGen       total 337920K, used 336490K [0x0000000084a00000, 0x0000000099400000, 0x00000000d6e00000)
  object space 337920K, 99% used [0x0000000084a00000,0x000000009929abc8,0x0000000099400000)
 Metaspace       used 22222K, capacity 22818K, committed 22912K, reserved 1069056K
  class space    used 2724K, capacity 2912K, committed 2944K, reserved 1048576K
Event: 82.550 GC heap after
Heap after GC invocations=95 (full 4):
 PSYoungGen      total 507904K, used 147728K [0x00000000d6e00000, 0x00000000fff80000, 0x0000000100000000)
  eden space 345088K, 0% used [0x00000000d6e00000,0x00000000d6e00000,0x00000000ebf00000)
  from space 162816K, 90% used [0x00000000ebf00000,0x00000000f4f44100,0x00000000f5e00000)
  to   space 162304K, 0% used [0x00000000f6100000,0x00000000f6100000,0x00000000fff80000)
 ParOldGen       total 337920K, used 336506K [0x0000000084a00000, 0x0000000099400000, 0x00000000d6e00000)
  object space 337920K, 99% used [0x0000000084a00000,0x000000009929ebc8,0x0000000099400000)
 Metaspace       used 22222K, capacity 22818K, committed 22912K, reserved 1069056K
  class space    used 2724K, capacity 2912K, committed 2944K, reserved 1048576K
}
Event: 83.526 GC heap before
{Heap before GC invocations=96 (full 4):
 PSYoungGen      total 507904K, used 490293K [0x00000000d6e00000, 0x00000000fff80000, 0x0000000100000000)
  eden space 345088K, 99% used [0x00000000d6e00000,0x00000000ebc89458,0x00000000ebf00000)
  from space 162816K, 90% used [0x00000000ebf00000,0x00000000f4f44100,0x00000000f5e00000)
  to   space 162304K, 0% used [0x00000000f6100000,0x00000000f6100000,0x00000000fff80000)
 ParOldGen       total 337920K, used 336506K [0x0000000084a00000, 0x0000000099400000, 0x00000000d6e00000)
  object space 337920K, 99% used [0x0000000084a00000,0x000000009929ebc8,0x0000000099400000)
 Metaspace       used 22222K, capacity 22818K, committed 22912K, reserved 1069056K
  class space    used 2724K, capacity 2912K, committed 2944K, reserved 1048576K
Event: 83.563 GC heap after
Heap after GC invocations=96 (full 4):
 PSYoungGen      total 510976K, used 147600K [0x00000000d6e00000, 0x00000000fff80000, 0x0000000100000000)
  eden space 348672K, 0% used [0x00000000d6e00000,0x00000000d6e00000,0x00000000ec280000)
  from space 162304K, 90% used [0x00000000f6100000,0x00000000ff124120,0x00000000fff80000)
  to   space 162304K, 0% used [0x00000000ec280000,0x00000000ec280000,0x00000000f6100000)
 ParOldGen       total 337920K, used 336522K [0x0000000084a00000, 0x0000000099400000, 0x00000000d6e00000)
  object space 337920K, 99% used [0x0000000084a00000,0x00000000992a2bc8,0x0000000099400000)
 Metaspace       used 22222K, capacity 22818K, committed 22912K, reserved 1069056K
  class space    used 2724K, capacity 2912K, committed 2944K, reserved 1048576K
}
Event: 84.558 GC heap before
{Heap before GC invocations=97 (full 4):
 PSYoungGen      total 510976K, used 495878K [0x00000000d6e00000, 0x00000000fff80000, 0x0000000100000000)
  eden space 348672K, 99% used [0x00000000d6e00000,0x00000000ec21d8e0,0x00000000ec280000)
  from space 162304K, 90% used [0x00000000f6100000,0x00000000ff124120,0x00000000fff80000)
  to   space 162304K, 0% used [0x00000000ec280000,0x00000000ec280000,0x00000000f6100000)
 ParOldGen       total 337920K, used 336522K [0x0000000084a00000, 0x0000000099400000, 0x00000000d6e00000)
  object space 337920K, 99% used [0x0000000084a00000,0x00000000992a2bc8,0x0000000099400000)
 Metaspace       used 22222K, capacity 22818K, committed 22912K, reserved 1069056K
  class space    used 2724K, capacity 2912K, committed 2944K, reserved 1048576K
Event: 84.593 GC heap after
Heap after GC invocations=97 (full 4):
 PSYoungGen      total 504832K, used 155668K [0x00000000d6e00000, 0x0000000100000000, 0x0000000100000000)
  eden space 348672K, 0% used [0x00000000d6e00000,0x00000000d6e00000,0x00000000ec280000)
  from space 156160K, 99% used [0x00000000ec280000,0x00000000f5a851f0,0x00000000f5b00000)
  to   space 164864K, 0% used [0x00000000f5f00000,0x00000000f5f00000,0x0000000100000000)
 ParOldGen       total 337920K, used 336546K [0x0000000084a00000, 0x0000000099400000, 0x00000000d6e00000)
  object space 337920K, 99% used [0x0000000084a00000,0x00000000992a8bc8,0x0000000099400000)
 Metaspace       used 22222K, capacity 22818K, committed 22912K, reserved 1069056K
  class space    used 2724K, capacity 2912K, committed 2944K, reserved 1048576K
}

Deoptimization events (10 events):
Event: 23.539 Thread 0x00000000596cf800 Uncommon trap: reason=unstable_if action=reinterpret pc=0x000000000314e588 method=javafx.scene.Node.updateBounds()V @ 116
Event: 23.539 Thread 0x00000000596cf800 Uncommon trap: reason=unstable_if action=reinterpret pc=0x000000000314e588 method=javafx.scene.Node.updateBounds()V @ 116
Event: 23.539 Thread 0x00000000596cf800 Uncommon trap: reason=unstable_if action=reinterpret pc=0x00000000030ac63c method=javafx.scene.Node.updateBounds()V @ 116
Event: 23.539 Thread 0x00000000596cf800 Uncommon trap: reason=unstable_if action=reinterpret pc=0x000000000314e588 method=javafx.scene.Node.updateBounds()V @ 116
Event: 34.652 Thread 0x0000000059e33800 Uncommon trap: reason=unstable_if action=reinterpret pc=0x0000000003237d30 method=java.lang.Integer.toString(I)Ljava/lang/String; @ 10
Event: 34.652 Thread 0x0000000059e33800 Uncommon trap: reason=unstable_if action=reinterpret pc=0x0000000002cc0118 method=java.lang.Integer.getChars(II[C)V @ 7
Event: 34.654 Thread 0x0000000059e33800 Uncommon trap: reason=unstable_if action=reinterpret pc=0x000000000321ce38 method=java.lang.Integer.toString(I)Ljava/lang/String; @ 10
Event: 34.655 Thread 0x0000000059e33800 Uncommon trap: reason=unstable_if action=reinterpret pc=0x000000000322fa50 method=java.lang.Integer.toString(I)Ljava/lang/String; @ 10
Event: 42.529 Thread 0x0000000059e36800 Uncommon trap: reason=unstable_if action=reinterpret pc=0x0000000002fa7608 method=de.yadrone.base.navdata.DroneState.isCommunicationProblemOccurred()Z @ 7
Event: 43.922 Thread 0x00000000574bc000 Uncommon trap: reason=unstable_if action=reinterpret pc=0x00000000032df178 method=java.lang.ref.Finalizer.remove()V @ 10

Internal exceptions (10 events):
Event: 0.338 Thread 0x00000000596cf800 Exception <a 'java/security/PrivilegedActionException'> (0x00000000d7ab9b18) thrown at [C:\re\workspace\8-2-build-windows-amd64-cygwin\jdk8u91\6644\hotspot\src\share\vm\prims\jvm.cpp, line 1386]
Event: 0.728 Thread 0x00000000596cf800 Exception <a 'java/lang/NullPointerException'> (0x00000000d862f698) thrown at [C:\re\workspace\8-2-build-windows-amd64-cygwin\jdk8u91\6644\hotspot\src\share\vm\interpreter\linkResolver.cpp, line 1178]
Event: 0.728 Thread 0x00000000596cf800 Exception <a 'java/lang/NullPointerException'> (0x00000000d862f698) thrown at [C:\re\workspace\8-2-build-windows-amd64-cygwin\jdk8u91\6644\hotspot\src\share\vm\prims\jvm.cpp, line 1390]
Event: 0.807 Thread 0x00000000596cf800 Exception <a 'java/lang/ArrayIndexOutOfBoundsException': 58> (0x00000000d8a487b0) thrown at [C:\re\workspace\8-2-build-windows-amd64-cygwin\jdk8u91\6644\hotspot\src\share\vm\interpreter\interpreterRuntime.cpp, line 366]
Event: 0.807 Thread 0x00000000596cf800 Exception <a 'java/lang/ArrayIndexOutOfBoundsException': 18> (0x00000000d8a494b0) thrown at [C:\re\workspace\8-2-build-windows-amd64-cygwin\jdk8u91\6644\hotspot\src\share\vm\interpreter\interpreterRuntime.cpp, line 366]
Event: 0.807 Thread 0x00000000596cf800 Exception <a 'java/lang/ArrayIndexOutOfBoundsException': 86> (0x00000000d8a4a858) thrown at [C:\re\workspace\8-2-build-windows-amd64-cygwin\jdk8u91\6644\hotspot\src\share\vm\interpreter\interpreterRuntime.cpp, line 366]
Event: 0.873 Thread 0x00000000596cf800 Implicit null exception at 0x0000000002d6cfeb to 0x0000000002d6d4a1
Event: 0.946 Thread 0x00000000596cf800 Exception <a 'java/io/FileNotFoundException'> (0x00000000d70cdeb8) thrown at [C:\re\workspace\8-2-build-windows-amd64-cygwin\jdk8u91\6644\hotspot\src\share\vm\prims\jni.cpp, line 709]
Event: 11.940 Thread 0x0000000059ba4000 Exception <a 'java/io/FileNotFoundException'> (0x00000000d8933118) thrown at [C:\re\workspace\8-2-build-windows-amd64-cygwin\jdk8u91\6644\hotspot\src\share\vm\prims\jni.cpp, line 709]
Event: 12.192 Thread 0x0000000059ba6000 Exception <a 'java/io/FileNotFoundException'> (0x00000000dab8cb58) thrown at [C:\re\workspace\8-2-build-windows-amd64-cygwin\jdk8u91\6644\hotspot\src\share\vm\prims\jni.cpp, line 709]

Events (10 events):
Event: 84.558 Executing VM operation: ParallelGCFailedAllocation
Event: 84.593 Executing VM operation: ParallelGCFailedAllocation done
Event: 84.609 Thread 0x0000000058919000 flushing nmethod 0x0000000002f83850
Event: 84.609 Thread 0x0000000058919000 flushing nmethod 0x0000000002f8c150
Event: 84.609 Thread 0x0000000058919000 flushing nmethod 0x0000000002f91190
Event: 84.609 Thread 0x0000000058919000 flushing nmethod 0x0000000002fbfb90
Event: 84.609 Thread 0x0000000058919000 flushing nmethod 0x0000000002fc6a10
Event: 84.609 Thread 0x0000000058919000 flushing nmethod 0x0000000002fd1990
Event: 84.610 Thread 0x0000000058919000 flushing nmethod 0x0000000002fe3950
Event: 84.610 Thread 0x0000000058919000 flushing nmethod 0x0000000002fe3f50


Dynamic libraries:
0x000000013f070000 - 0x000000013f0a7000 	C:\Program Files\Java\jre1.8.0_91\bin\javaw.exe
0x0000000077660000 - 0x0000000077809000 	C:\Windows\SYSTEM32\ntdll.dll
0x0000000077540000 - 0x000000007765f000 	C:\Windows\system32\kernel32.dll
0x000007fefd6a0000 - 0x000007fefd70b000 	C:\Windows\system32\KERNELBASE.dll
0x000007fefe420000 - 0x000007fefe4fb000 	C:\Windows\system32\ADVAPI32.dll
0x000007fefdce0000 - 0x000007fefdd7f000 	C:\Windows\system32\msvcrt.dll
0x000007fefda00000 - 0x000007fefda1f000 	C:\Windows\SYSTEM32\sechost.dll
0x000007fefdf60000 - 0x000007fefe08d000 	C:\Windows\system32\RPCRT4.dll
0x0000000077440000 - 0x000000007753a000 	C:\Windows\system32\USER32.dll
0x000007fefdc40000 - 0x000007fefdca7000 	C:\Windows\system32\GDI32.dll
0x000007feff880000 - 0x000007feff88e000 	C:\Windows\system32\LPK.dll
0x000007fefe500000 - 0x000007fefe5c9000 	C:\Windows\system32\USP10.dll
0x000007fefbc70000 - 0x000007fefbe64000 	C:\Windows\WinSxS\amd64_microsoft.windows.common-controls_6595b64144ccf1df_6.0.7601.17514_none_fa396087175ac9ac\COMCTL32.dll
0x000007fefe090000 - 0x000007fefe101000 	C:\Windows\system32\SHLWAPI.dll
0x000007fefdcb0000 - 0x000007fefdcde000 	C:\Windows\system32\IMM32.DLL
0x000007fefe850000 - 0x000007fefe959000 	C:\Windows\system32\MSCTF.dll
0x0000000073620000 - 0x00000000736f2000 	C:\Program Files\Java\jre1.8.0_91\bin\msvcr100.dll
0x000000006a330000 - 0x000000006abc3000 	C:\Program Files\Java\jre1.8.0_91\bin\server\jvm.dll
0x000007fef7430000 - 0x000007fef7439000 	C:\Windows\system32\WSOCK32.dll
0x000007fefe110000 - 0x000007fefe15d000 	C:\Windows\system32\WS2_32.dll
0x000007fefdc30000 - 0x000007fefdc38000 	C:\Windows\system32\NSI.dll
0x000007fef9e90000 - 0x000007fef9ecb000 	C:\Windows\system32\WINMM.dll
0x000007fefc710000 - 0x000007fefc71c000 	C:\Windows\system32\VERSION.dll
0x0000000077830000 - 0x0000000077837000 	C:\Windows\system32\PSAPI.DLL
0x00000000734f0000 - 0x00000000734ff000 	C:\Program Files\Java\jre1.8.0_91\bin\verify.dll
0x00000000734c0000 - 0x00000000734e9000 	C:\Program Files\Java\jre1.8.0_91\bin\java.dll
0x00000000734a0000 - 0x00000000734b6000 	C:\Program Files\Java\jre1.8.0_91\bin\zip.dll
0x000007fefea90000 - 0x000007feff818000 	C:\Windows\system32\SHELL32.dll
0x000007fefda20000 - 0x000007fefdc23000 	C:\Windows\system32\ole32.dll
0x000007fefd5b0000 - 0x000007fefd5bf000 	C:\Windows\system32\profapi.dll
0x000007feeea30000 - 0x000007feeeb1f000 	C:\Program Files\Java\jre1.8.0_91\bin\msvcr120.dll
0x000007feee980000 - 0x000007feeea26000 	C:\Program Files\Java\jre1.8.0_91\bin\msvcp120.dll
0x00000000735f0000 - 0x0000000073613000 	C:\Program Files\Java\jre1.8.0_91\bin\prism_d3d.dll
0x000007feee310000 - 0x000007feee50f000 	C:\Windows\system32\d3d9.dll
0x000007fef5ab0000 - 0x000007fef5ab7000 	C:\Windows\system32\d3d8thk.dll
0x000007fefa150000 - 0x000007fefa168000 	C:\Windows\system32\dwmapi.dll
0x000007fefa8f0000 - 0x000007fefa946000 	C:\Windows\system32\uxtheme.dll
0x000007fee39d0000 - 0x000007fee421d000 	C:\Windows\system32\igdumdim64.dll
0x000007fef3740000 - 0x000007fef3b74000 	C:\Windows\system32\igdusc64.dll
0x000000006fef0000 - 0x000000006ff33000 	C:\Program Files\Java\jre1.8.0_91\bin\glass.dll
0x000007fefe380000 - 0x000007fefe417000 	C:\Windows\system32\COMDLG32.dll
0x000007feff890000 - 0x000007feff967000 	C:\Windows\system32\OLEAUT32.dll
0x000007fefd4e0000 - 0x000007fefd4ef000 	C:\Windows\system32\CRYPTBASE.dll
0x000007feedbd0000 - 0x000007feedcbf000 	C:\Users\Toby\AppData\Local\Temp\javacpp8397296248823\msvcr120.dll
0x000007feedb20000 - 0x000007feedbc6000 	C:\Users\Toby\AppData\Local\Temp\javacpp8397296248823\msvcp120.dll
0x000007fee3740000 - 0x000007fee39c1000 	C:\Users\Toby\AppData\Local\Temp\javacpp8397296248823\opencv_core300.dll
0x000007fee33c0000 - 0x000007fee373f000 	C:\Users\Toby\AppData\Local\Temp\javacpp8397296248823\opencv_imgproc300.dll
0x000007fee60c0000 - 0x000007fee6278000 	C:\Users\Toby\AppData\Local\Temp\javacpp8397296248823\jniopencv_core.dll
0x0000000071260000 - 0x0000000071274000 	C:\Program Files\Java\jre1.8.0_91\bin\javafx_font.dll
0x000007feed460000 - 0x000007feed5de000 	C:\Windows\system32\dwrite.dll
0x000007fefe160000 - 0x000007fefe1f9000 	C:\Windows\system32\CLBCatQ.DLL
0x000007fef4f00000 - 0x000007fef502a000 	C:\Windows\system32\WindowsCodecs.dll
0x000007fefd480000 - 0x000007fefd4d7000 	C:\Windows\system32\apphelp.dll
0x000007fef3670000 - 0x000007fef3730000 	C:\Program Files (x86)\Google\Drive\googledrivesync64.dll
0x00000000737b0000 - 0x0000000073883000 	C:\Program Files (x86)\Google\Drive\Microsoft.VC90.CRT\MSVCP90.dll
0x0000000073700000 - 0x00000000737a3000 	C:\Program Files (x86)\Google\Drive\Microsoft.VC90.CRT\MSVCR90.dll
0x000007fef35d0000 - 0x000007fef3610000 	C:\Program Files (x86)\Dropbox\Client\DropboxExt64.34.dll
0x000007fef2090000 - 0x000007fef20bd000 	C:\Program Files\Common Files\Microsoft Shared\Ink\rtscom.dll
0x000000006fed0000 - 0x000000006fee1000 	C:\Program Files\Java\jre1.8.0_91\bin\prism_common.dll
0x0000000073480000 - 0x000000007349a000 	C:\Program Files\Java\jre1.8.0_91\bin\net.dll
0x000007fefce20000 - 0x000007fefce75000 	C:\Windows\system32\mswsock.dll
0x000007fefce10000 - 0x000007fefce17000 	C:\Windows\System32\wship6.dll
0x000007fefce80000 - 0x000007fefce97000 	C:\Windows\system32\CRYPTSP.dll
0x000007fefcb80000 - 0x000007fefcbc7000 	C:\Windows\system32\rsaenh.dll
0x000007fefc8f0000 - 0x000007fefc90e000 	C:\Windows\system32\USERENV.dll
0x000007fefbb80000 - 0x000007fefbba7000 	C:\Windows\system32\IPHLPAPI.DLL
0x000007fefbb70000 - 0x000007fefbb7b000 	C:\Windows\system32\WINNSI.DLL
0x000007fefb980000 - 0x000007fefb998000 	C:\Windows\system32\dhcpcsvc.DLL
0x000007fefb960000 - 0x000007fefb971000 	C:\Windows\system32\dhcpcsvc6.DLL
0x0000000073460000 - 0x0000000073471000 	C:\Program Files\Java\jre1.8.0_91\bin\nio.dll
0x000000006e740000 - 0x000000006fda5000 	C:\Users\Toby\AppData\Local\Temp\xuggle\xuggle5795810552250260678.dll
0x000007fef4760000 - 0x000007fef4777000 	C:\Windows\system32\AVICAP32.dll
0x000007feef730000 - 0x000007feef759000 	C:\Windows\system32\MSVFW32.dll
0x0000000062da0000 - 0x0000000062f38000 	C:\Program Files\Java\jre1.8.0_91\bin\awt.dll
0x000007feeda70000 - 0x000007feedb15000 	C:\Users\Toby\AppData\Local\Temp\javacpp8397296248823\jniopencv_imgproc.dll
0x000007fef0db0000 - 0x000007fef0ed5000 	C:\Windows\system32\dbghelp.dll

VM Arguments:
jvm_args: -Dfile.encoding=Cp1252 
java_command: application.Main
java_class_path (initial): C:\Users\Toby\git\Drone_group_11\Drone_group_11\bin;C:\Users\Toby\Downloads\eclipse-jee-mars-2-win32-x86_64\eclipse\plugins\org.eclipse.fx.ide.css.jfx8_2.3.0.201603030809.jar;C:\Users\Toby\Downloads\JAVACV_JAR-2016-06-03\JAVACV JAR\javacv-bin\artoolkitplus.jar;C:\Users\Toby\Downloads\JAVACV_JAR-2016-06-03\JAVACV JAR\javacv-bin\artoolkitplus-android-arm.jar;C:\Users\Toby\Downloads\JAVACV_JAR-2016-06-03\JAVACV JAR\javacv-bin\artoolkitplus-android-x86.jar;C:\Users\Toby\Downloads\JAVACV_JAR-2016-06-03\JAVACV JAR\javacv-bin\artoolkitplus-linux-x86.jar;C:\Users\Toby\Downloads\JAVACV_JAR-2016-06-03\JAVACV JAR\javacv-bin\artoolkitplus-linux-x86_64.jar;C:\Users\Toby\Downloads\JAVACV_JAR-2016-06-03\JAVACV JAR\javacv-bin\artoolkitplus-macosx-x86_64.jar;C:\Users\Toby\Downloads\JAVACV_JAR-2016-06-03\JAVACV JAR\javacv-bin\artoolkitplus-windows-x86.jar;C:\Users\Toby\Downloads\JAVACV_JAR-2016-06-03\JAVACV JAR\javacv-bin\artoolkitplus-windows-x86_64.jar;C:\Users\Toby\Downloads\JAVACV_JAR-2016-06-03\JAVACV JAR\javacv-bin\ffmpeg.jar;C:\Users\Toby\Downloads\JAVACV_JAR-2016-06-03\JAVACV JAR\javacv-bin\ffmpeg-android-arm.jar;C:\Users\Toby\Downloads\JAVACV_JAR-2016-06-03\JAVACV JAR\javacv-bin\ffmpeg-android-x86.jar;C:\Users\Toby\Downloads\JAVACV_JAR-2016-06-03\JAVACV JAR\javacv-bin\ffmpeg-linux-x86.jar;C:\Users\Toby\Downloads\JAVACV_JAR-2016-06-03\JAVACV JAR\javacv-bin\ffmpeg-linux-x86_64.jar;C:\Users\Toby\Downloads\JAVACV_JAR-2016-06-03\JAVACV JAR\javacv-bin\ffmpeg-macosx-x86_64.jar;C:\Users\Toby\Downloads\JAVACV_JAR-2016-06-03\JAVACV JAR\javacv-bin\ffmpeg-windows-x86.jar;C:\Users\Toby\Downloads\JAVACV_JAR-2016-06-03\JAVACV JAR\javacv-bin\ffmpeg-windows-x86_64.jar;C:\Users\Toby\Downloads\JAVACV_JAR-2016-06-03\JAVACV JAR\javacv-bin\flandmark.jar;C:\Users\Toby\Downloads\JAVACV_JAR-2016-06-03\JAVACV JAR\javacv-bin\flandmark-android-arm.jar;C:\Users\Toby\Downloads\JAVACV_JAR-2016-06-03\JAVACV JAR\javacv-bin\flandmark-android-x86.jar;C:\Users\Toby\Downloads\JAVACV
Launcher Type: SUN_STANDARD

Environment Variables:
PATH=C:/Program Files/Java/jre1.8.0_91/bin/server;C:/Program Files/Java/jre1.8.0_91/bin;C:/Program Files/Java/jre1.8.0_91/lib/amd64;C:\Program Files (x86)\Intel\iCLS Client\;C:\Program Files\Intel\iCLS Client\;C:\ProgramData\Oracle\Java\javapath;C:\Windows\system32;C:\Windows;C:\Windows\System32\Wbem;C:\Windows\System32\WindowsPowerShell\v1.0\;C:\Program Files (x86)\Intel\OpenCL SDK\3.0\bin\x86;C:\Program Files (x86)\Intel\OpenCL SDK\3.0\bin\x64;C:\Program Files\Intel\WiFi\bin\;C:\Program Files\Common Files\Intel\WirelessCommon\;C:\Program Files\Intel\Intel(R) Management Engine Components\DAL;C:\Program Files\Intel\Intel(R) Management Engine Components\IPT;C:\Program Files (x86)\Intel\Intel(R) Management Engine Components\DAL;C:\Program Files (x86)\Intel\Intel(R) Management Engine Components\IPT;C:\Program Files (x86)\Skype\Phone\;C:\Program Files\Intel\WiFi\bin\;C:\Program Files\Common Files\Intel\WirelessCommon\;C:\Users\Toby\Downloads\eclipse-jee-mars-2-win32-x86_64\eclipse;
USERNAME=Toby
OS=Windows_NT
PROCESSOR_IDENTIFIER=Intel64 Family 6 Model 60 Stepping 3, GenuineIntel



---------------  S Y S T E M  ---------------

OS: Windows 7 , 64 bit Build 7601 (6.1.7601.17514)

CPU:total 4 (2 cores per cpu, 2 threads per core) family 6 model 60 stepping 3, cmov, cx8, fxsr, mmx, sse, sse2, sse3, ssse3, sse4.1, sse4.2, popcnt, avx, avx2, aes, clmul, erms, lzcnt, ht, tsc, tscinvbit, bmi1, bmi2

Memory: 4k page, physical 8084660k(2494272k free), swap 16167476k(9692232k free)

vm_info: Java HotSpot(TM) 64-Bit Server VM (25.91-b14) for windows-amd64 JRE (1.8.0_91-b14), built on Apr  1 2016 00:58:32 by "java_re" with MS VC++ 10.0 (VS2010)

time: Sun Jun 12 15:44:15 2016
elapsed time: 84 seconds (0d 0h 1m 24s)

