#
# A fatal error has been detected by the Java Runtime Environment:
#
#  EXCEPTION_UNCAUGHT_CXX_EXCEPTION (0xe06d7363) at pc=0x00007ffcaf20a1c8, pid=1788, tid=10360
#
# JRE version: Java(TM) SE Runtime Environment (8.0_45-b15) (build 1.8.0_45-b15)
# Java VM: Java HotSpot(TM) 64-Bit Server VM (25.45-b02 mixed mode windows-amd64 compressed oops)
# Problematic frame:
# C  [KERNELBASE.dll+0x2a1c8]
#
# Failed to write core dump. Minidumps are not enabled by default on client versions of Windows
#
# If you would like to submit a bug report, please visit:
#   http://bugreport.java.com/bugreport/crash.jsp
# The crash happened outside the Java Virtual Machine in native code.
# See problematic frame for where to report the bug.
#

---------------  T H R E A D  ---------------

Current thread (0x000000001fb2b000):  JavaThread "pool-3-thread-1" [_thread_in_native, id=10360, stack(0x0000000024590000,0x0000000024690000)]

siginfo: ExceptionCode=0xe06d7363, ExceptionInformation=0x0000000019930520 0x000000002467e750 0x00007ffc9b579fc0 0x00007ffc9b330000 

Registers:
RAX=0x0000000000000000, RBX=0x00007ffc9b579fc0, RCX=0x0000000000000000, RDX=0x00000000da0025ff
RSP=0x000000002467e5c0, RBP=0x000000002467e700, RSI=0x00007ffc9b4f37c8, RDI=0x000000002467e750
R8 =0x00000000da0025ff, R9 =0x0000000000000000, R10=0x0000000002000002, R11=0x0000000000000000
R12=0x00000000ffffff29, R13=0x0000000000000000, R14=0x00007ffc9b4f2fc8, R15=0x000000002468e8f0
RIP=0x00007ffcaf20a1c8, EFLAGS=0x0000000000000202

Top of Stack: (sp=0x000000002467e5c0)
0x000000002467e5c0:   0000000000000000 00007ffc9b579fc0
0x000000002467e5d0:   00007ffc9b4f37c8 000000002467e750
0x000000002467e5e0:   00000001e06d7363 0000000000000000
0x000000002467e5f0:   00007ffcaf20a1c8 0000000000000004
0x000000002467e600:   0000000019930520 000000002467e750
0x000000002467e610:   00007ffc9b579fc0 00007ffc9b330000
0x000000002467e620:   00000000ffffff29 000000002467e750
0x000000002467e630:   00007ffc9b4f37c8 000000002467e710
0x000000002467e640:   000000002467e700 00007ffcb1d585af
0x000000002467e650:   0000000000000000 00007ffc00000000
0x000000002467e660:   000000002467e750 00007ffc9bbfd306
0x000000002467e670:   00007ffc9b599000 00007ffc9b330000
0x000000002467e680:   00000951afcb670e 00007ffc9bc7c4d0
0x000000002467e690:   00007ffc9b579fc0 00007ffc9bbfef63
0x000000002467e6a0:   000000002467e750 00007ffc9bbceb8d
0x000000002467e6b0:   00007ffc9bc7c4d0 00007ffc9b4f37c8 

Instructions: (pc=0x00007ffcaf20a1c8)
0x00007ffcaf20a1a8:   49 8b d1 44 0f 47 c0 44 89 44 24 38 49 c1 e0 03
0x00007ffcaf20a1b8:   e8 5f eb 04 00 48 8d 4c 24 20 ff 15 18 05 0a 00
0x00007ffcaf20a1c8:   48 8b 8c 24 c0 00 00 00 48 33 cc e8 38 b4 04 00
0x00007ffcaf20a1d8:   48 81 c4 d8 00 00 00 c3 83 64 24 38 00 eb d6 cc 


Register to memory mapping:

RAX=0x0000000000000000 is an unknown value
RBX=0x00007ffc9b579fc0 is an unknown value
RCX=0x0000000000000000 is an unknown value
RDX=0x00000000da0025ff is an unallocated location in the heap
RSP=0x000000002467e5c0 is pointing into the stack for thread: 0x000000001fb2b000
RBP=0x000000002467e700 is pointing into the stack for thread: 0x000000001fb2b000
RSI=0x00007ffc9b4f37c8 is an unknown value
RDI=0x000000002467e750 is pointing into the stack for thread: 0x000000001fb2b000
R8 =0x00000000da0025ff is an unallocated location in the heap
R9 =0x0000000000000000 is an unknown value
R10=0x0000000002000002 is an unknown value
R11=0x0000000000000000 is an unknown value
R12=0x00000000ffffff29 is an unallocated location in the heap
R13=0x0000000000000000 is an unknown value
R14=0x00007ffc9b4f2fc8 is an unknown value
R15=0x000000002468e8f0 is pointing into the stack for thread: 0x000000001fb2b000


Stack: [0x0000000024590000,0x0000000024690000],  sp=0x000000002467e5c0,  free space=953k
Native frames: (J=compiled Java code, j=interpreted, Vv=VM code, C=native code)
C  [KERNELBASE.dll+0x2a1c8]
C  [msvcr120.dll+0x5ef63]
C  [opencv_core300.dll+0x18cb74]
C  [opencv_core300.dll+0x18ccb6]
C  [opencv_core300.dll+0x2a5ab]
C  [jniopencv_core.dll+0xb8ae8]
C  0x00000000023d5e34

Java frames: (J=compiled Java code, j=interpreted, Vv=VM code)
j  org.bytedeco.javacpp.opencv_core.cvInRangeS(Lorg/bytedeco/javacpp/helper/opencv_core$CvArr;Lorg/bytedeco/javacpp/opencv_core$CvScalar;Lorg/bytedeco/javacpp/opencv_core$CvScalar;Lorg/bytedeco/javacpp/helper/opencv_core$CvArr;)V+0
j  picture.OpticalFlowCalculator.findContoursRed(Lorg/bytedeco/javacpp/opencv_core$IplImage;)Lorg/bytedeco/javacpp/opencv_core$IplImage;+85
j  picture.PictureController$3.run()V+71
j  java.util.concurrent.Executors$RunnableAdapter.call()Ljava/lang/Object;+4
j  java.util.concurrent.FutureTask.runAndReset()Z+47
j  java.util.concurrent.ScheduledThreadPoolExecutor$ScheduledFutureTask.access$301(Ljava/util/concurrent/ScheduledThreadPoolExecutor$ScheduledFutureTask;)Z+1
j  java.util.concurrent.ScheduledThreadPoolExecutor$ScheduledFutureTask.run()V+37
j  java.util.concurrent.ThreadPoolExecutor.runWorker(Ljava/util/concurrent/ThreadPoolExecutor$Worker;)V+95
j  java.util.concurrent.ThreadPoolExecutor$Worker.run()V+5
j  java.lang.Thread.run()V+11
v  ~StubRoutines::call_stub

---------------  P R O C E S S  ---------------

Java Threads: ( => current thread )
=>0x000000001fb2b000 JavaThread "pool-3-thread-1" [_thread_in_native, id=10360, stack(0x0000000024590000,0x0000000024690000)]
  0x000000001a631800 JavaThread "Prism Font Disposer" daemon [_thread_blocked, id=11028, stack(0x00000000227c0000,0x00000000228c0000)]
  0x000000001a11c000 JavaThread "Thread-3" daemon [_thread_in_native, id=10196, stack(0x000000001f4d0000,0x000000001f5d0000)]
  0x000000001a0be800 JavaThread "JavaFX-Launcher" [_thread_blocked, id=4772, stack(0x000000001f5d0000,0x000000001f6d0000)]
  0x000000001a0b2800 JavaThread "JavaFX Application Thread" [_thread_in_native, id=1240, stack(0x000000001ae40000,0x000000001af40000)]
  0x000000001a0b1800 JavaThread "Thread-1" daemon [_thread_blocked, id=11032, stack(0x000000001ad40000,0x000000001ae40000)]
  0x0000000019759000 JavaThread "QuantumRenderer-0" daemon [_thread_blocked, id=7268, stack(0x0000000019fa0000,0x000000001a0a0000)]
  0x0000000019466800 JavaThread "Service Thread" daemon [_thread_blocked, id=4304, stack(0x0000000019da0000,0x0000000019ea0000)]
  0x00000000193dc000 JavaThread "C1 CompilerThread3" daemon [_thread_blocked, id=6060, stack(0x0000000019ca0000,0x0000000019da0000)]
  0x00000000193d9000 JavaThread "C2 CompilerThread2" daemon [_thread_blocked, id=10660, stack(0x0000000019ba0000,0x0000000019ca0000)]
  0x00000000193ca800 JavaThread "C2 CompilerThread1" daemon [_thread_in_native, id=5200, stack(0x0000000019aa0000,0x0000000019ba0000)]
  0x00000000193c8000 JavaThread "C2 CompilerThread0" daemon [_thread_blocked, id=4680, stack(0x00000000199a0000,0x0000000019aa0000)]
  0x00000000193c6800 JavaThread "Attach Listener" daemon [_thread_blocked, id=6896, stack(0x00000000198a0000,0x00000000199a0000)]
  0x00000000193d0800 JavaThread "Signal Dispatcher" daemon [_thread_blocked, id=5488, stack(0x00000000197a0000,0x00000000198a0000)]
  0x00000000023ba000 JavaThread "Finalizer" daemon [_thread_blocked, id=11020, stack(0x00000000192a0000,0x00000000193a0000)]
  0x00000000023b3000 JavaThread "Reference Handler" daemon [_thread_blocked, id=10924, stack(0x00000000191a0000,0x00000000192a0000)]
  0x00000000022c2800 JavaThread "main" [_thread_blocked, id=7328, stack(0x00000000021c0000,0x00000000022c0000)]

Other Threads:
  0x0000000017379800 VMThread [stack: 0x00000000190a0000,0x00000000191a0000] [id=7852]
  0x0000000019477800 WatcherThread [stack: 0x0000000019ea0000,0x0000000019fa0000] [id=1576]

VM state:not at safepoint (normal execution)

VM Mutex/Monitor currently owned by a thread: None

Heap:
 PSYoungGen      total 38400K, used 18226K [0x00000000d5c00000, 0x00000000d8680000, 0x0000000100000000)
  eden space 33280K, 40% used [0x00000000d5c00000,0x00000000d691ca30,0x00000000d7c80000)
  from space 5120K, 93% used [0x00000000d7c80000,0x00000000d8130070,0x00000000d8180000)
  to   space 5120K, 0% used [0x00000000d8180000,0x00000000d8180000,0x00000000d8680000)
 ParOldGen       total 87552K, used 80K [0x0000000081400000, 0x0000000086980000, 0x00000000d5c00000)
  object space 87552K, 0% used [0x0000000081400000,0x0000000081414010,0x0000000086980000)
 Metaspace       used 16714K, capacity 17256K, committed 17408K, reserved 1064960K
  class space    used 2325K, capacity 2495K, committed 2560K, reserved 1048576K

Card table byte_map: [0x0000000011780000,0x0000000011b80000] byte_map_base: 0x0000000011376000

Marking Bits: (ParMarkBitMap*) 0x0000000056f34040
 Begin Bits: [0x0000000012630000, 0x00000000145e0000)
 End Bits:   [0x00000000145e0000, 0x0000000016590000)

Polling page: 0x00000000020e0000

CodeCache: size=245760Kb used=5430Kb max_used=5430Kb free=240329Kb
 bounds [0x00000000023c0000, 0x0000000002910000, 0x00000000113c0000]
 total_blobs=2375 nmethods=1668 adapters=619
 compilation: enabled

Compilation events (10 events):
Event: 3.564 Thread 0x00000000193dc000 nmethod 1664 0x0000000002902490 code [0x00000000029025e0, 0x00000000029026f0]
Event: 4.171 Thread 0x00000000193dc000 1665       3       com.sun.javafx.tk.quantum.QuantumToolkit::postPulse (148 bytes)
Event: 4.172 Thread 0x00000000193dc000 nmethod 1665 0x0000000002902750 code [0x0000000002902ac0, 0x0000000002904af8]
Event: 4.190 Thread 0x00000000193ca800 1666   !   4       java.net.URL::<init> (543 bytes)
Event: 4.190 Thread 0x00000000193dc000 1667   !   3       java.util.zip.ZipFile$ZipFileInflaterInputStream::close (67 bytes)
Event: 4.190 Thread 0x00000000193dc000 nmethod 1667 0x0000000002905610 code [0x00000000029057e0, 0x0000000002905fd8]
Event: 4.190 Thread 0x00000000193dc000 1668   !   3       java.util.zip.ZipFile::getInflater (56 bytes)
Event: 4.191 Thread 0x00000000193dc000 nmethod 1668 0x000000000290a0d0 code [0x000000000290a2c0, 0x000000000290ae78]
Event: 4.191 Thread 0x00000000193dc000 1669       3       java.util.zip.InflaterInputStream::<init> (79 bytes)
Event: 4.191 Thread 0x00000000193dc000 nmethod 1669 0x000000000290dcd0 code [0x000000000290de80, 0x000000000290e558]

GC Heap History (2 events):
Event: 0.969 GC heap before
{Heap before GC invocations=1 (full 0):
 PSYoungGen      total 38400K, used 33280K [0x00000000d5c00000, 0x00000000d8680000, 0x0000000100000000)
  eden space 33280K, 100% used [0x00000000d5c00000,0x00000000d7c80000,0x00000000d7c80000)
  from space 5120K, 0% used [0x00000000d8180000,0x00000000d8180000,0x00000000d8680000)
  to   space 5120K, 0% used [0x00000000d7c80000,0x00000000d7c80000,0x00000000d8180000)
 ParOldGen       total 87552K, used 0K [0x0000000081400000, 0x0000000086980000, 0x00000000d5c00000)
  object space 87552K, 0% used [0x0000000081400000,0x0000000081400000,0x0000000086980000)
 Metaspace       used 12981K, capacity 13436K, committed 13696K, reserved 1060864K
  class space    used 1746K, capacity 1889K, committed 1920K, reserved 1048576K
Event: 0.973 GC heap after
Heap after GC invocations=1 (full 0):
 PSYoungGen      total 38400K, used 4800K [0x00000000d5c00000, 0x00000000d8680000, 0x0000000100000000)
  eden space 33280K, 0% used [0x00000000d5c00000,0x00000000d5c00000,0x00000000d7c80000)
  from space 5120K, 93% used [0x00000000d7c80000,0x00000000d8130070,0x00000000d8180000)
  to   space 5120K, 0% used [0x00000000d8180000,0x00000000d8180000,0x00000000d8680000)
 ParOldGen       total 87552K, used 80K [0x0000000081400000, 0x0000000086980000, 0x00000000d5c00000)
  object space 87552K, 0% used [0x0000000081400000,0x0000000081414010,0x0000000086980000)
 Metaspace       used 12981K, capacity 13436K, committed 13696K, reserved 1060864K
  class space    used 1746K, capacity 1889K, committed 1920K, reserved 1048576K
}

Deoptimization events (10 events):
Event: 1.025 Thread 0x000000001a0b2800 Uncommon trap: reason=speculate_class_check action=maybe_recompile pc=0x00000000027cf760 method=com.sun.javafx.css.BitSet.containsAll(Ljava/util/Collection;)Z @ 18
Event: 1.025 Thread 0x000000001a0b2800 Uncommon trap: reason=speculate_class_check action=maybe_recompile pc=0x00000000027cf760 method=com.sun.javafx.css.BitSet.containsAll(Ljava/util/Collection;)Z @ 18
Event: 1.025 Thread 0x000000001a0b2800 Uncommon trap: reason=class_check action=maybe_recompile pc=0x00000000024e1630 method=java.lang.String.equals(Ljava/lang/Object;)Z @ 8
Event: 1.025 Thread 0x000000001a0b2800 Uncommon trap: reason=class_check action=maybe_recompile pc=0x00000000024e1630 method=java.lang.String.equals(Ljava/lang/Object;)Z @ 8
Event: 1.025 Thread 0x000000001a0b2800 Uncommon trap: reason=class_check action=maybe_recompile pc=0x00000000024e1630 method=java.lang.String.equals(Ljava/lang/Object;)Z @ 8
Event: 1.025 Thread 0x000000001a0b2800 Uncommon trap: reason=speculate_class_check action=maybe_recompile pc=0x00000000027cf760 method=com.sun.javafx.css.BitSet.containsAll(Ljava/util/Collection;)Z @ 18
Event: 1.025 Thread 0x000000001a0b2800 Uncommon trap: reason=speculate_class_check action=maybe_recompile pc=0x00000000027cf760 method=com.sun.javafx.css.BitSet.containsAll(Ljava/util/Collection;)Z @ 18
Event: 1.026 Thread 0x000000001a0b2800 Uncommon trap: reason=class_check action=maybe_recompile pc=0x00000000024e1630 method=java.lang.String.equals(Ljava/lang/Object;)Z @ 8
Event: 1.047 Thread 0x000000001a0b2800 Uncommon trap: reason=unstable_if action=reinterpret pc=0x000000000277425c method=java.lang.String.regionMatches(ZILjava/lang/String;II)Z @ 123
Event: 2.396 Thread 0x000000001a0b2800 Uncommon trap: reason=unstable_if action=reinterpret pc=0x00000000027ed3a8 method=jdk.internal.org.objectweb.asm.Type.getArgumentsAndReturnSizes(Ljava/lang/String;)I @ 47

Internal exceptions (10 events):
Event: 0.269 Thread 0x000000001a0b2800 Exception <a 'java/security/PrivilegedActionException'> (0x00000000d6959ae0) thrown at [C:\re\workspace\8-2-build-windows-amd64-cygwin\jdk8u45\3627\hotspot\src\share\vm\prims\jvm.cpp, line 1382]
Event: 0.269 Thread 0x000000001a0b2800 Exception <a 'java/security/PrivilegedActionException'> (0x00000000d695b388) thrown at [C:\re\workspace\8-2-build-windows-amd64-cygwin\jdk8u45\3627\hotspot\src\share\vm\prims\jvm.cpp, line 1382]
Event: 0.269 Thread 0x000000001a0b2800 Exception <a 'java/security/PrivilegedActionException'> (0x00000000d695b6d0) thrown at [C:\re\workspace\8-2-build-windows-amd64-cygwin\jdk8u45\3627\hotspot\src\share\vm\prims\jvm.cpp, line 1382]
Event: 0.814 Thread 0x000000001a0b2800 Exception <a 'java/lang/NullPointerException'> (0x00000000d73ec310) thrown at [C:\re\workspace\8-2-build-windows-amd64-cygwin\jdk8u45\3627\hotspot\src\share\vm\interpreter\linkResolver.cpp, line 1178]
Event: 0.814 Thread 0x000000001a0b2800 Exception <a 'java/lang/NullPointerException'> (0x00000000d73ec310) thrown at [C:\re\workspace\8-2-build-windows-amd64-cygwin\jdk8u45\3627\hotspot\src\share\vm\prims\jvm.cpp, line 1386]
Event: 0.871 Thread 0x000000001a0b2800 Exception <a 'java/lang/ArrayIndexOutOfBoundsException'> (0x00000000d77f58b8) thrown at [C:\re\workspace\8-2-build-windows-amd64-cygwin\jdk8u45\3627\hotspot\src\share\vm\runtime\sharedRuntime.cpp, line 605]
Event: 0.871 Thread 0x000000001a0b2800 Exception <a 'java/lang/ArrayIndexOutOfBoundsException'> (0x00000000d77f6508) thrown at [C:\re\workspace\8-2-build-windows-amd64-cygwin\jdk8u45\3627\hotspot\src\share\vm\runtime\sharedRuntime.cpp, line 605]
Event: 0.871 Thread 0x000000001a0b2800 Exception <a 'java/lang/ArrayIndexOutOfBoundsException'> (0x00000000d77f7ea0) thrown at [C:\re\workspace\8-2-build-windows-amd64-cygwin\jdk8u45\3627\hotspot\src\share\vm\runtime\sharedRuntime.cpp, line 605]
Event: 0.927 Thread 0x000000001a0b2800 Implicit null exception at 0x000000000276bb7b to 0x000000000276c01d
Event: 0.995 Thread 0x000000001a0b2800 Exception <a 'java/io/FileNotFoundException'> (0x00000000d5d1ca80) thrown at [C:\re\workspace\8-2-build-windows-amd64-cygwin\jdk8u45\3627\hotspot\src\share\vm\prims\jni.cpp, line 709]

Events (10 events):
Event: 4.239 loading class org/bytedeco/javacpp/opencv_imgproc$CvDistanceFunction
Event: 4.239 loading class org/bytedeco/javacpp/opencv_imgproc$CvDistanceFunction done
Event: 4.239 loading class org/bytedeco/javacpp/opencv_imgproc$CvLSHOperations
Event: 4.239 loading class org/bytedeco/javacpp/opencv_imgproc$CvLSHOperations done
Event: 4.239 loading class org/bytedeco/javacpp/opencv_imgproc$CvLSH
Event: 4.239 loading class org/bytedeco/javacpp/opencv_imgproc$CvLSH done
Event: 4.239 loading class org/bytedeco/javacpp/opencv_imgproc$CvFeatureTree
Event: 4.239 loading class org/bytedeco/javacpp/opencv_imgproc$CvFeatureTree done
Event: 4.239 loading class org/bytedeco/javacpp/opencv_imgproc$CvContourScanner
Event: 4.239 loading class org/bytedeco/javacpp/opencv_imgproc$CvContourScanner done


Dynamic libraries:
0x00007ff759820000 - 0x00007ff759857000 	C:\Program Files\Java\jre1.8.0_45\bin\javaw.exe
0x00007ffcb1d40000 - 0x00007ffcb1f02000 	C:\WINDOWS\SYSTEM32\ntdll.dll
0x00007ffcb1c70000 - 0x00007ffcb1d1d000 	C:\WINDOWS\system32\KERNEL32.DLL
0x00007ffcaf1e0000 - 0x00007ffcaf3bd000 	C:\WINDOWS\system32\KERNELBASE.dll
0x00007ffcaf560000 - 0x00007ffcaf606000 	C:\WINDOWS\system32\ADVAPI32.dll
0x00007ffcaf610000 - 0x00007ffcaf6ad000 	C:\WINDOWS\system32\msvcrt.dll
0x00007ffcaf9a0000 - 0x00007ffcaf9fb000 	C:\WINDOWS\system32\sechost.dll
0x00007ffcb0090000 - 0x00007ffcb01b6000 	C:\WINDOWS\system32\RPCRT4.dll
0x00007ffcafa00000 - 0x00007ffcafb4e000 	C:\WINDOWS\system32\USER32.dll
0x00007ffcaf800000 - 0x00007ffcaf986000 	C:\WINDOWS\system32\GDI32.dll
0x00007ffcaafd0000 - 0x00007ffcab244000 	C:\WINDOWS\WinSxS\amd64_microsoft.windows.common-controls_6595b64144ccf1df_6.0.10240.16384_none_f41f7b285750ef43\COMCTL32.dll
0x00007ffcafe30000 - 0x00007ffcafe66000 	C:\WINDOWS\system32\IMM32.DLL
0x00007ffcb17c0000 - 0x00007ffcb191c000 	C:\WINDOWS\system32\MSCTF.dll
0x0000000056590000 - 0x0000000056662000 	C:\Program Files\Java\jre1.8.0_45\bin\msvcr100.dll
0x0000000056730000 - 0x0000000056fb3000 	C:\Program Files\Java\jre1.8.0_45\bin\server\jvm.dll
0x00007ffcaf990000 - 0x00007ffcaf998000 	C:\WINDOWS\system32\PSAPI.DLL
0x00007ffcac820000 - 0x00007ffcac843000 	C:\WINDOWS\SYSTEM32\WINMM.dll
0x00007ffca66c0000 - 0x00007ffca66c9000 	C:\WINDOWS\SYSTEM32\WSOCK32.dll
0x00007ffcab370000 - 0x00007ffcab37a000 	C:\WINDOWS\SYSTEM32\VERSION.dll
0x00007ffcb0020000 - 0x00007ffcb0089000 	C:\WINDOWS\system32\WS2_32.dll
0x00007ffcb01c0000 - 0x00007ffcb01c8000 	C:\WINDOWS\system32\NSI.dll
0x00007ffcac7c0000 - 0x00007ffcac7ec000 	C:\WINDOWS\SYSTEM32\WINMMBASE.dll
0x00007ffcaf3c0000 - 0x00007ffcaf404000 	C:\WINDOWS\system32\cfgmgr32.dll
0x00007ffcad0e0000 - 0x00007ffcad107000 	C:\WINDOWS\SYSTEM32\DEVOBJ.dll
0x0000000057d40000 - 0x0000000057d4f000 	C:\Program Files\Java\jre1.8.0_45\bin\verify.dll
0x0000000056700000 - 0x0000000056729000 	C:\Program Files\Java\jre1.8.0_45\bin\java.dll
0x00000000566e0000 - 0x00000000566f6000 	C:\Program Files\Java\jre1.8.0_45\bin\zip.dll
0x00007ffcb0290000 - 0x00007ffcb17b2000 	C:\WINDOWS\system32\SHELL32.dll
0x00007ffcaeb50000 - 0x00007ffcaf178000 	C:\WINDOWS\system32\windows.storage.dll
0x00007ffcafbb0000 - 0x00007ffcafe2c000 	C:\WINDOWS\system32\combase.dll
0x00007ffcb1c10000 - 0x00007ffcb1c61000 	C:\WINDOWS\system32\shlwapi.dll
0x00007ffcae800000 - 0x00007ffcae80f000 	C:\WINDOWS\system32\kernel.appcore.dll
0x00007ffcae8c0000 - 0x00007ffcae973000 	C:\WINDOWS\system32\shcore.dll
0x00007ffcae770000 - 0x00007ffcae7ba000 	C:\WINDOWS\system32\powrprof.dll
0x00007ffcae7c0000 - 0x00007ffcae7d3000 	C:\WINDOWS\system32\profapi.dll
0x0000000056560000 - 0x000000005658c000 	C:\Program Files\Java\jre1.8.0_45\bin\prism_d3d.dll
0x00007ffc9e0b0000 - 0x00007ffc9e2c0000 	C:\WINDOWS\system32\d3d9.dll
0x00007ffcaafa0000 - 0x00007ffcaafc2000 	C:\WINDOWS\SYSTEM32\dwmapi.dll
0x00007ffcacf90000 - 0x00007ffcad026000 	C:\WINDOWS\system32\uxtheme.dll
0x00007ffc7e1c0000 - 0x00007ffc804a3000 	C:\WINDOWS\SYSTEM32\igdumdim64.dll
0x00007ffcb1920000 - 0x00007ffcb1ae5000 	C:\WINDOWS\system32\SETUPAPI.dll
0x00007ffcb01d0000 - 0x00007ffcb028e000 	C:\WINDOWS\system32\OLEAUT32.dll
0x00007ffcaf6b0000 - 0x00007ffcaf7f1000 	C:\WINDOWS\system32\ole32.dll
0x0000000056510000 - 0x0000000056551000 	C:\Program Files\Java\jre1.8.0_45\bin\glass.dll
0x00007ffcaf410000 - 0x00007ffcaf4e7000 	C:\WINDOWS\system32\COMDLG32.dll
0x00007ffcae5c0000 - 0x00007ffcae62b000 	C:\WINDOWS\SYSTEM32\bcryptPrimitives.dll
0x00007ffca3cb0000 - 0x00007ffca46b2000 	C:\WINDOWS\SYSTEM32\igdusc64.dll
0x00007ffc9bba0000 - 0x00007ffc9bc8f000 	C:\Users\Mathias\AppData\Local\Temp\javacpp8405125170259\msvcr120.dll
0x00007ffc9baf0000 - 0x00007ffc9bb96000 	C:\Users\Mathias\AppData\Local\Temp\javacpp8405125170259\msvcp120.dll
0x00007ffc9b330000 - 0x00007ffc9b5b1000 	C:\Users\Mathias\AppData\Local\Temp\javacpp8405125170259\opencv_core300.dll
0x00007ffc82e00000 - 0x00007ffc8317f000 	C:\Users\Mathias\AppData\Local\Temp\javacpp8405125170259\opencv_imgproc300.dll
0x00007ffc9b140000 - 0x00007ffc9b2f8000 	C:\Users\Mathias\AppData\Local\Temp\javacpp8405125170259\jniopencv_core.dll
0x00000000564f0000 - 0x0000000056505000 	C:\Program Files\Java\jre1.8.0_45\bin\javafx_font.dll
0x00007ffc9fc70000 - 0x00007ffc9fec9000 	C:\WINDOWS\SYSTEM32\dwrite.dll
0x00007ffcb1af0000 - 0x00007ffcb1b95000 	C:\WINDOWS\system32\clbcatq.dll
0x00007ffca5780000 - 0x00007ffca5932000 	C:\WINDOWS\SYSTEM32\WindowsCodecs.dll
0x00007ffcae2b0000 - 0x00007ffcae2d8000 	C:\WINDOWS\SYSTEM32\bcrypt.dll
0x00007ffcae040000 - 0x00007ffcae057000 	C:\WINDOWS\SYSTEM32\cryptsp.dll
0x00007ffcadc90000 - 0x00007ffcadcc3000 	C:\WINDOWS\system32\rsaenh.dll
0x00007ffcae190000 - 0x00007ffcae19b000 	C:\WINDOWS\SYSTEM32\CRYPTBASE.dll
0x00007ffc94ab0000 - 0x00007ffc94af6000 	C:\WINDOWS\system32\dataexchange.dll
0x00007ffcaccd0000 - 0x00007ffcacda1000 	C:\WINDOWS\system32\dcomp.dll
0x00007ffca5f30000 - 0x00007ffca6475000 	C:\WINDOWS\system32\d2d1.dll
0x00007ffca5970000 - 0x00007ffca5c13000 	C:\WINDOWS\system32\d3d11.dll
0x00007ffca79f0000 - 0x00007ffca7a8c000 	C:\WINDOWS\system32\dxgi.dll
0x00007ffcad130000 - 0x00007ffcad21e000 	C:\WINDOWS\system32\twinapi.appcore.dll
0x00007ffcadd80000 - 0x00007ffcadd9f000 	C:\WINDOWS\system32\USERENV.dll
0x00007ffca6680000 - 0x00007ffca66b4000 	C:\Program Files\Common Files\Microsoft Shared\Ink\rtscom.dll
0x00000000564d0000 - 0x00000000564e1000 	C:\Program Files\Java\jre1.8.0_45\bin\prism_common.dll
0x00007ffca5e10000 - 0x00007ffca5e34000 	C:\Users\Mathias\AppData\Local\Temp\javacpp8405125170259\jnivideoInputLib.dll
0x00007ffca6910000 - 0x00007ffca6928000 	C:\Windows\System32\devenum.dll
0x00007ffcadb10000 - 0x00007ffcadb42000 	C:\WINDOWS\SYSTEM32\ntmarta.dll
0x00007ffcaf180000 - 0x00007ffcaf1d4000 	C:\WINDOWS\system32\WINTRUST.dll
0x00007ffcae7e0000 - 0x00007ffcae7f1000 	C:\WINDOWS\system32\MSASN1.dll
0x00007ffcae980000 - 0x00007ffcaeb41000 	C:\WINDOWS\system32\CRYPT32.dll
0x00007ffca68f0000 - 0x00007ffca68fa000 	C:\WINDOWS\SYSTEM32\msdmo.dll
0x00007ffc9f370000 - 0x00007ffc9f3a4000 	C:\Windows\System32\qcap.dll
0x00007ffc99200000 - 0x00007ffc993cd000 	C:\Windows\System32\quartz.dll
0x00007ffc9baa0000 - 0x00007ffc9baef000 	C:\Windows\System32\ksproxy.ax
0x00007ffca9e30000 - 0x00007ffca9e38000 	C:\Windows\System32\ksuser.dll
0x00007ffcac890000 - 0x00007ffcac8c9000 	C:\WINDOWS\SYSTEM32\policymanager.dll
0x00007ffcac6e0000 - 0x00007ffcac772000 	C:\Windows\System32\msvcp110_win.dll
0x00007ffcac780000 - 0x00007ffcac7b6000 	C:\Windows\System32\XmlLite.dll
0x00007ffca68b0000 - 0x00007ffca68be000 	C:\Windows\System32\vidcap.ax
0x00007ffc9eb90000 - 0x00007ffc9ebb7000 	C:\Windows\System32\kswdmcap.ax
0x00007ffc8a530000 - 0x00007ffc8a6a0000 	C:\Windows\System32\MFC42.dll
0x00007ffc9b090000 - 0x00007ffc9b140000 	C:\Windows\System32\ODBC32.dll
0x00007ffcadbf0000 - 0x00007ffcadbfa000 	C:\Windows\System32\DPAPI.dll
0x00007ffc9af60000 - 0x00007ffc9b00b000 	C:\Windows\System32\qedit.dll
0x00007ffc9e6c0000 - 0x00007ffc9e6e9000 	C:\Windows\System32\MSVFW32.dll
0x00007ffcaa960000 - 0x00007ffcaab08000 	C:\WINDOWS\WinSxS\amd64_microsoft.windows.gdiplus_6595b64144ccf1df_1.1.10240.16603_none_89ad014f9af1a159\gdiplus.dll
0x00007ffc91320000 - 0x00007ffc91416000 	C:\Windows\System32\DDRAW.dll
0x00007ffc912a0000 - 0x00007ffc912a8000 	C:\Windows\System32\DCIMAN32.dll
0x00007ffca68a0000 - 0x00007ffca68ac000 	C:\WINDOWS\SYSTEM32\msyuv.dll
0x00007ffc9a060000 - 0x00007ffc9a105000 	C:\Users\Mathias\AppData\Local\Temp\javacpp8405125170259\jniopencv_imgproc.dll
0x00007ffc99850000 - 0x00007ffc999da000 	C:\WINDOWS\SYSTEM32\dbghelp.dll

VM Arguments:
jvm_args: -Djava.library.path=C:\Users\Mathias\Desktop\Libraries og Jars\opencv\build\x64\vc14\lib -Dfile.encoding=Cp1252 
java_command: application.Main
java_class_path (initial): C:\Users\Mathias\git\Drone_group_11\Drone_group_11\bin;C:\Users\Mathias\Desktop\Libraries og Jars\JAVACV_JAR-2016-03-16\JAVACV JAR\javacv-bin\artoolkitplus.jar;C:\Users\Mathias\Desktop\Libraries og Jars\JAVACV_JAR-2016-03-16\JAVACV JAR\javacv-bin\artoolkitplus-android-arm.jar;C:\Users\Mathias\Desktop\Libraries og Jars\JAVACV_JAR-2016-03-16\JAVACV JAR\javacv-bin\artoolkitplus-windows-x86_64.jar;C:\Users\Mathias\Desktop\Libraries og Jars\JAVACV_JAR-2016-03-16\JAVACV JAR\javacv-bin\ffmpeg.jar;C:\Users\Mathias\Desktop\Libraries og Jars\JAVACV_JAR-2016-03-16\JAVACV JAR\javacv-bin\ffmpeg-windows-x86_64.jar;C:\Users\Mathias\Desktop\Libraries og Jars\JAVACV_JAR-2016-03-16\JAVACV JAR\javacv-bin\flandmark.jar;C:\Users\Mathias\Desktop\Libraries og Jars\JAVACV_JAR-2016-03-16\JAVACV JAR\javacv-bin\flandmark-android-arm.jar;C:\Users\Mathias\Desktop\Libraries og Jars\JAVACV_JAR-2016-03-16\JAVACV JAR\javacv-bin\flandmark-windows-x86_64.jar;C:\Users\Mathias\Desktop\Libraries og Jars\JAVACV_JAR-2016-03-16\JAVACV JAR\javacv-bin\flycapture.jar;C:\Users\Mathias\Desktop\Libraries og Jars\JAVACV_JAR-2016-03-16\JAVACV JAR\javacv-bin\flycapture-windows-x86_64.jar;C:\Users\Mathias\Desktop\Libraries og Jars\JAVACV_JAR-2016-03-16\JAVACV JAR\javacv-bin\javacpp.jar;C:\Users\Mathias\Desktop\Libraries og Jars\JAVACV_JAR-2016-03-16\JAVACV JAR\javacv-bin\javacv.jar;C:\Users\Mathias\Desktop\Libraries og Jars\JAVACV_JAR-2016-03-16\JAVACV JAR\javacv-bin\libdc1394.jar;C:\Users\Mathias\Desktop\Libraries og Jars\JAVACV_JAR-2016-03-16\JAVACV JAR\javacv-bin\libdc1394-macosx-x86_64.jar;C:\Users\Mathias\Desktop\Libraries og Jars\JAVACV_JAR-2016-03-16\JAVACV JAR\javacv-bin\libfreenect.jar;C:\Users\Mathias\Desktop\Libraries og Jars\JAVACV_JAR-2016-03-16\JAVACV JAR\javacv-bin\libfreenect-windows-x86_64.jar;C:\Users\Mathias\Desktop\Libraries og Jars\JAVACV_JAR-2016-03-16\JAVACV JAR\javacv-bin\opencv.jar;C:\Users\Mathias\Desktop\Libraries og Jars\JAVACV_JAR-2016-03-16\JAVACV JAR\javacv
Launcher Type: SUN_STANDARD

Environment Variables:
PATH=C:/Program Files/Java/jre1.8.0_45/bin/server;C:/Program Files/Java/jre1.8.0_45/bin;C:/Program Files/Java/jre1.8.0_45/lib/amd64;C:\ProgramData\Oracle\Java\javapath;C:\Users\Mathias\Desktop\Libraries og Jars\opencv\build\x64\vc14\bin;C:\Program Files (x86)\Common Files\Intel\Shared Libraries\redist\intel64\compiler;C:\Program Files (x86)\Common Files\Intel\Shared Libraries\redist\ia32\compiler;C:\Program Files (x86)\Intel\iCLS Client\;C:\Program Files\Intel\iCLS Client\;C:\WINDOWS\system32;C:\WINDOWS;C:\WINDOWS\System32\Wbem;C:\WINDOWS\System32\WindowsPowerShell\v1.0\;C:\Program Files (x86)\Windows Live\Shared;C:\Program Files (x86)\Intel\OpenCL SDK\3.0\bin\x86;C:\Program Files (x86)\Intel\OpenCL SDK\3.0\bin\x64;C:\Program Files (x86)\MySQL\MySQL Fabric 1.5.3 & MySQL Utilities 1.5.3 1.5\;C:\Program Files (x86)\MySQL\MySQL Fabric 1.5.3 & MySQL Utilities 1.5.3 1.5\Doctrine extensions for PHP\;C:\Program Files (x86)\NVIDIA Corporation\PhysX\Common;C:\Program Files\Intel\Intel(R) Management Engine Components\DAL;C:\Program Files\Intel\Intel(R) Management Engine Components\IPT;C:\Program Files (x86)\Intel\Intel(R) Management Engine Components\DAL;C:\Program Files (x86)\Intel\Intel(R) Management Engine Components\IPT;C:\WINDOWS\system32;C:\WINDOWS;C:\WINDOWS\System32\Wbem;C:\WINDOWS\System32\WindowsPowerShell\v1.0\;C:\Program Files (x86)\Skype\Phone\;C:\Users\Mathias\Downloads\eclipse;
USERNAME=Mathias
OS=Windows_NT
PROCESSOR_IDENTIFIER=Intel64 Family 6 Model 60 Stepping 3, GenuineIntel



---------------  S Y S T E M  ---------------

OS: Windows 10.0 , 64 bit Build 10240 (10.0.10240.16384)

CPU:total 8 (4 cores per cpu, 2 threads per core) family 6 model 60 stepping 3, cmov, cx8, fxsr, mmx, sse, sse2, sse3, ssse3, sse4.1, sse4.2, popcnt, avx, avx2, aes, clmul, erms, lzcnt, ht, tsc, tscinvbit, bmi1, bmi2

Memory: 4k page, physical 8306320k(4252644k free), swap 9617040k(3643028k free)

vm_info: Java HotSpot(TM) 64-Bit Server VM (25.45-b02) for windows-amd64 JRE (1.8.0_45-b15), built on Apr 30 2015 12:40:44 by "java_re" with MS VC++ 10.0 (VS2010)

time: Tue Apr 12 17:07:36 2016
elapsed time: 4 seconds (0d 0h 0m 4s)

