#
# A fatal error has been detected by the Java Runtime Environment:
#
#  EXCEPTION_ACCESS_VIOLATION (0xc0000005) at pc=0x000007fee734c3f9, pid=6236, tid=4724
#
# JRE version: Java(TM) SE Runtime Environment (8.0_91-b14) (build 1.8.0_91-b14)
# Java VM: Java HotSpot(TM) 64-Bit Server VM (25.91-b14 mixed mode windows-amd64 compressed oops)
# Problematic frame:
# C  [msvcr120.dll+0x3c3f9]
#
# Failed to write core dump. Minidumps are not enabled by default on client versions of Windows
#
# If you would like to submit a bug report, please visit:
#   http://bugreport.java.com/bugreport/crash.jsp
# The crash happened outside the Java Virtual Machine in native code.
# See problematic frame for where to report the bug.
#

---------------  T H R E A D  ---------------

Current thread (0x000000005c00c000):  JavaThread "Thread-11" [_thread_in_native, id=4724, stack(0x0000000062ff0000,0x00000000630f0000)]

siginfo: ExceptionCode=0xc0000005, reading address 0x0000000077b20050

Registers:
RAX=0x00000000628e0050, RBX=0x00000000002a3000, RCX=0x00000000002a3000, RDX=0x0000000015240000
RSP=0x00000000630ee938, RBP=0x00000000630eea60, RSI=0x0000000077b20050, RDI=0x00000000628e0050
R8 =0x00000000002a3000, R9 =0x0000000000000000, R10=0x0000000077b20050, R11=0x00000000628e0050
R12=0x0000000000000000, R13=0x00000000e914b328, R14=0x00000000630eea50, R15=0x000000005c00c000
RIP=0x000007fee734c3f9, EFLAGS=0x0000000000010207

Top of Stack: (sp=0x00000000630ee938)
0x00000000630ee938:   000000005e6b7920 000000006d29b790
0x00000000630ee948:   000007fee1f4e89f 00000000002a3000
0x00000000630ee958:   000000005e6b7920 000000005e6b7920
0x00000000630ee968:   000000005c00c1f8 ffffffff000000f4
0x00000000630ee978:   000007fee1a8e6dc fffffffffffffffe
0x00000000630ee988:   00000000630eea60 000000005c00c000
0x00000000630ee998:   00000000630eea50 000000005c00c1f8
0x00000000630ee9a8:   000007fee1ab9c32 0000000000000000
0x00000000630ee9b8:   000000006d29b790 ffffffff00000000
0x00000000630ee9c8:   000000005c00c1f8 fffffffffffffffe
0x00000000630ee9d8:   00000000630eea50 00000000000000f4
0x00000000630ee9e8:   0000000090186a18 0000000000000000
0x00000000630ee9f8:   0000000003147f94 000000005c00c1f8
0x00000000630eea08:   00000000630eea60 0000000000000000
0x00000000630eea18:   00000000000000f4 00000000ead19038
0x00000000630eea28:   00000000d6f51840 0000000000000007 

Instructions: (pc=0x000007fee734c3f9)
0x000007fee734c3d9:   03 c0 48 3b c8 0f 8c 96 03 00 00 0f ba 25 6c 53
0x000007fee734c3e9:   0a 00 01 73 13 57 56 48 8b f9 49 8b f2 49 8b c8
0x000007fee734c3f9:   f3 a4 5e 5f 49 8b c3 c3 0f ba 25 4f 53 0a 00 02
0x000007fee734c409:   0f 82 56 02 00 00 f6 c1 07 74 36 f6 c1 01 74 0b 


Register to memory mapping:

RAX=0x00000000628e0050 is an unknown value
RBX=0x00000000002a3000 is an unknown value
RCX=0x00000000002a3000 is an unknown value
RDX=0x0000000015240000 is an unknown value
RSP=0x00000000630ee938 is pointing into the stack for thread: 0x000000005c00c000
RBP=0x00000000630eea60 is pointing into the stack for thread: 0x000000005c00c000
RSI=0x0000000077b20050 is an unknown value
RDI=0x00000000628e0050 is an unknown value
R8 =0x00000000002a3000 is an unknown value
R9 =0x0000000000000000 is an unknown value
R10=0x0000000077b20050 is an unknown value
R11=0x00000000628e0050 is an unknown value
R12=0x0000000000000000 is an unknown value
R13=0x00000000e914b328 is an oop
org.bytedeco.javacpp.opencv_core$CvMemStorage 
 - klass: 'org/bytedeco/javacpp/opencv_core$CvMemStorage'
R14=0x00000000630eea50 is pointing into the stack for thread: 0x000000005c00c000
R15=0x000000005c00c000 is a thread


Stack: [0x0000000062ff0000,0x00000000630f0000],  sp=0x00000000630ee938,  free space=1018k
Native frames: (J=compiled Java code, j=interpreted, Vv=VM code, C=native code)
C  [msvcr120.dll+0x3c3f9]
C  0x000000005e6b7920

Java frames: (J=compiled Java code, j=interpreted, Vv=VM code)
J 3081  org.bytedeco.javacpp.opencv_core.cvCloneImage(Lorg/bytedeco/javacpp/opencv_core$IplImage;)Lorg/bytedeco/javacpp/opencv_core$IplImage; (0 bytes) @ 0x0000000003147f12 [0x0000000003147ec0+0x52]
J 3467 C1 picture.PictureProcessingHelper.warpImage(Lorg/bytedeco/javacpp/opencv_core$Mat;Lorg/bytedeco/javacpp/opencv_core$RotatedRect;)Lorg/bytedeco/javacpp/opencv_core$Mat; (670 bytes) @ 0x000000000329509c [0x0000000003291f40+0x315c]
J 3001 C1 picture.PictureProcessingHelper.extractQRImage(Lorg/bytedeco/javacpp/opencv_core$Mat;)Lorg/bytedeco/javacpp/opencv_core$Mat; (380 bytes) @ 0x000000000311a174 [0x00000000031197a0+0x9d4]
J 3412 C1 picture.OFVideo.showQr(Lorg/bytedeco/javacpp/opencv_core$Mat;)V (32 bytes) @ 0x000000000325427c [0x00000000032541e0+0x9c]
j  picture.OFVideo.run()V+137
j  java.lang.Thread.run()V+11
v  ~StubRoutines::call_stub

---------------  P R O C E S S  ---------------

Java Threads: ( => current thread )
  0x000000005c010800 JavaThread "Thread-15" [_thread_in_native, id=4572, stack(0x0000000060000000,0x0000000060100000)]
  0x000000005c010000 JavaThread "Thread-14" [_thread_in_native, id=4984, stack(0x0000000060e40000,0x0000000060f40000)]
  0x000000005c00f000 JavaThread "Thread-13" [_thread_in_native, id=3012, stack(0x000000005fbc0000,0x000000005fcc0000)]
  0x000000005c00e800 JavaThread "Thread-12" [_thread_in_native, id=4592, stack(0x0000000061010000,0x0000000061110000)]
  0x000000005c00d000 JavaThread "Java2D Disposer" daemon [_thread_blocked, id=7004, stack(0x0000000065000000,0x0000000065100000)]
=>0x000000005c00c000 JavaThread "Thread-11" [_thread_in_native, id=4724, stack(0x0000000062ff0000,0x00000000630f0000)]
  0x000000005c00b800 JavaThread "Thread-10" [_thread_in_native, id=3832, stack(0x0000000060d00000,0x0000000060e00000)]
  0x000000005c00a800 JavaThread "Thread-7" [_thread_blocked, id=7964, stack(0x0000000060360000,0x0000000060460000)]
  0x000000005c00a000 JavaThread "VideoManager" [_thread_in_native, id=6288, stack(0x0000000060140000,0x0000000060240000)]
  0x0000000058e58800 JavaThread "NavDataManager" [_thread_in_native, id=6320, stack(0x000000005fed0000,0x000000005ffd0000)]
  0x000000005c517800 JavaThread "CommandManager" [_thread_blocked, id=6960, stack(0x000000005fd20000,0x000000005fe20000)]
  0x000000005c791800 JavaThread "YADrone CommandManager Timer" [_thread_blocked, id=7388, stack(0x000000005fa90000,0x000000005fb90000)]
  0x000000005bf48800 JavaThread "Prism Font Disposer" daemon [_thread_blocked, id=8308, stack(0x000000005e590000,0x000000005e690000)]
  0x00000000591bf000 JavaThread "Thread-3" daemon [_thread_in_native, id=1672, stack(0x000000005c080000,0x000000005c180000)]
  0x00000000591ce000 JavaThread "JavaFX-Launcher" [_thread_blocked, id=8296, stack(0x000000005b640000,0x000000005b740000)]
  0x000000005918f000 JavaThread "JavaFX Application Thread" [_thread_in_native, id=3236, stack(0x0000000059d60000,0x0000000059e60000)]
  0x0000000059173000 JavaThread "Thread-1" daemon [_thread_blocked, id=5060, stack(0x0000000059b30000,0x0000000059c30000)]
  0x0000000059158000 JavaThread "QuantumRenderer-0" daemon [_thread_blocked, id=6852, stack(0x0000000059a10000,0x0000000059b10000)]
  0x0000000058e5b800 JavaThread "Service Thread" daemon [_thread_blocked, id=5136, stack(0x0000000059650000,0x0000000059750000)]
  0x0000000058dee800 JavaThread "C1 CompilerThread2" daemon [_thread_blocked, id=3612, stack(0x00000000593e0000,0x00000000594e0000)]
  0x0000000058de9800 JavaThread "C2 CompilerThread1" daemon [_thread_blocked, id=6828, stack(0x00000000592c0000,0x00000000593c0000)]
  0x000000005762b800 JavaThread "C2 CompilerThread0" daemon [_thread_blocked, id=5892, stack(0x0000000058ce0000,0x0000000058de0000)]
  0x0000000057629000 JavaThread "Attach Listener" daemon [_thread_blocked, id=7524, stack(0x0000000058ad0000,0x0000000058bd0000)]
  0x0000000057625800 JavaThread "Signal Dispatcher" daemon [_thread_blocked, id=8756, stack(0x00000000589c0000,0x0000000058ac0000)]
  0x000000005760c000 JavaThread "Finalizer" daemon [_thread_blocked, id=8452, stack(0x0000000058830000,0x0000000058930000)]
  0x00000000575c4800 JavaThread "Reference Handler" daemon [_thread_blocked, id=1308, stack(0x00000000584b0000,0x00000000585b0000)]
  0x000000000218e800 JavaThread "main" [_thread_blocked, id=7536, stack(0x0000000002540000,0x0000000002640000)]

Other Threads:
  0x00000000575bd000 VMThread [stack: 0x00000000585e0000,0x00000000586e0000] [id=7304]
  0x0000000058e9c000 WatcherThread [stack: 0x0000000059830000,0x0000000059930000] [id=6976]

VM state:not at safepoint (normal execution)

VM Mutex/Monitor currently owned by a thread: None

Heap:
 PSYoungGen      total 454144K, used 153413K [0x00000000d6e00000, 0x00000000ffb00000, 0x0000000100000000)
  eden space 317952K, 5% used [0x00000000d6e00000,0x00000000d7f24d08,0x00000000ea480000)
  from space 136192K, 99% used [0x00000000ea480000,0x00000000f292c710,0x00000000f2980000)
  to   space 174080K, 0% used [0x00000000f5100000,0x00000000f5100000,0x00000000ffb00000)
 ParOldGen       total 297472K, used 188375K [0x0000000084a00000, 0x0000000096c80000, 0x00000000d6e00000)
  object space 297472K, 63% used [0x0000000084a00000,0x00000000901f5fc0,0x0000000096c80000)
 Metaspace       used 22536K, capacity 23124K, committed 23424K, reserved 1069056K
  class space    used 2748K, capacity 2911K, committed 2944K, reserved 1048576K

Card table byte_map: [0x0000000011cd0000,0x00000000120b0000] byte_map_base: 0x00000000118ab000

Marking Bits: (ParMarkBitMap*) 0x0000000068cc2f70
 Begin Bits: [0x0000000012aa0000, 0x0000000014978000)
 End Bits:   [0x0000000014978000, 0x0000000016850000)

Polling page: 0x0000000000220000

CodeCache: size=245760Kb used=10016Kb max_used=10027Kb free=235743Kb
 bounds [0x0000000002910000, 0x00000000032f0000, 0x0000000011910000]
 total_blobs=4191 nmethods=3329 adapters=774
 compilation: enabled

Compilation events (10 events):
Event: 41.865 Thread 0x0000000058dee800 3584       3       com.sun.prism.d3d.D3DVramPool::size (9 bytes)
Event: 41.865 Thread 0x0000000058dee800 nmethod 3584 0x00000000032dead0 code [0x00000000032dec40, 0x00000000032def30]
Event: 41.865 Thread 0x0000000058dee800 3585       3       com.sun.prism.d3d.D3DVramPool::size (5 bytes)
Event: 41.865 Thread 0x0000000058dee800 nmethod 3585 0x00000000032de6d0 code [0x00000000032de840, 0x00000000032de9f0]
Event: 41.865 Thread 0x0000000058dee800 3586       3       com.sun.prism.d3d.D3DTextureData::getSize (5 bytes)
Event: 41.865 Thread 0x0000000058dee800 nmethod 3586 0x0000000002e48dd0 code [0x0000000002e48f20, 0x0000000002e49070]
Event: 41.865 Thread 0x0000000058dee800 3582       3       com.sun.prism.impl.PrismTrace::textureCreated (111 bytes)
Event: 41.865 Thread 0x0000000058dee800 nmethod 3582 0x00000000032bf050 code [0x00000000032bf1a0, 0x00000000032bf2f0]
Event: 42.032 Thread 0x0000000058de9800 3587       4       com.xuggle.ferry.JNIReference::delete (39 bytes)
Event: 42.034 Thread 0x0000000058de9800 nmethod 3587 0x0000000002cf8810 code [0x0000000002cf8960, 0x0000000002cf8a28]

GC Heap History (10 events):
Event: 38.158 GC heap before
{Heap before GC invocations=46 (full 3):
 PSYoungGen      total 495104K, used 447258K [0x00000000d6e00000, 0x0000000100000000, 0x0000000100000000)
  eden space 313344K, 99% used [0x00000000d6e00000,0x00000000e9ff7ea0,0x00000000ea000000)
  from space 181760K, 73% used [0x00000000f4e80000,0x00000000fd14ea68,0x0000000100000000)
  to   space 178688K, 0% used [0x00000000ea000000,0x00000000ea000000,0x00000000f4e80000)
 ParOldGen       total 297472K, used 188247K [0x0000000084a00000, 0x0000000096c80000, 0x00000000d6e00000)
  object space 297472K, 63% used [0x0000000084a00000,0x00000000901d5fc0,0x0000000096c80000)
 Metaspace       used 22474K, capacity 22992K, committed 23168K, reserved 1069056K
  class space    used 2748K, capacity 2911K, committed 2944K, reserved 1048576K
Event: 38.190 GC heap after
Heap after GC invocations=46 (full 3):
 PSYoungGen      total 454656K, used 141209K [0x00000000d6e00000, 0x00000000ffc00000, 0x0000000100000000)
  eden space 313344K, 0% used [0x00000000d6e00000,0x00000000d6e00000,0x00000000ea000000)
  from space 141312K, 99% used [0x00000000ea000000,0x00000000f29e6558,0x00000000f2a00000)
  to   space 178176K, 0% used [0x00000000f4e00000,0x00000000f4e00000,0x00000000ffc00000)
 ParOldGen       total 297472K, used 188279K [0x0000000084a00000, 0x0000000096c80000, 0x00000000d6e00000)
  object space 297472K, 63% used [0x0000000084a00000,0x00000000901ddfc0,0x0000000096c80000)
 Metaspace       used 22474K, capacity 22992K, committed 23168K, reserved 1069056K
  class space    used 2748K, capacity 2911K, committed 2944K, reserved 1048576K
}
Event: 39.113 GC heap before
{Heap before GC invocations=47 (full 3):
 PSYoungGen      total 454656K, used 453555K [0x00000000d6e00000, 0x00000000ffc00000, 0x0000000100000000)
  eden space 313344K, 99% used [0x00000000d6e00000,0x00000000e9f06878,0x00000000ea000000)
  from space 141312K, 99% used [0x00000000ea000000,0x00000000f29e6558,0x00000000f2a00000)
  to   space 178176K, 0% used [0x00000000f4e00000,0x00000000f4e00000,0x00000000ffc00000)
 ParOldGen       total 297472K, used 188279K [0x0000000084a00000, 0x0000000096c80000, 0x00000000d6e00000)
  object space 297472K, 63% used [0x0000000084a00000,0x00000000901ddfc0,0x0000000096c80000)
 Metaspace       used 22482K, capacity 23060K, committed 23168K, reserved 1069056K
  class space    used 2748K, capacity 2911K, committed 2944K, reserved 1048576K
Event: 39.141 GC heap after
Heap after GC invocations=47 (full 3):
 PSYoungGen      total 494080K, used 135713K [0x00000000d6e00000, 0x0000000100000000, 0x0000000100000000)
  eden space 315904K, 0% used [0x00000000d6e00000,0x00000000d6e00000,0x00000000ea280000)
  from space 178176K, 76% used [0x00000000f4e00000,0x00000000fd288700,0x00000000ffc00000)
  to   space 175616K, 0% used [0x00000000ea280000,0x00000000ea280000,0x00000000f4e00000)
 ParOldGen       total 297472K, used 188303K [0x0000000084a00000, 0x0000000096c80000, 0x00000000d6e00000)
  object space 297472K, 63% used [0x0000000084a00000,0x00000000901e3fc0,0x0000000096c80000)
 Metaspace       used 22482K, capacity 23060K, committed 23168K, reserved 1069056K
  class space    used 2748K, capacity 2911K, committed 2944K, reserved 1048576K
}
Event: 40.057 GC heap before
{Heap before GC invocations=48 (full 3):
 PSYoungGen      total 494080K, used 451247K [0x00000000d6e00000, 0x0000000100000000, 0x0000000100000000)
  eden space 315904K, 99% used [0x00000000d6e00000,0x00000000ea2235f0,0x00000000ea280000)
  from space 178176K, 76% used [0x00000000f4e00000,0x00000000fd288700,0x00000000ffc00000)
  to   space 175616K, 0% used [0x00000000ea280000,0x00000000ea280000,0x00000000f4e00000)
 ParOldGen       total 297472K, used 188303K [0x0000000084a00000, 0x0000000096c80000, 0x00000000d6e00000)
  object space 297472K, 63% used [0x0000000084a00000,0x00000000901e3fc0,0x0000000096c80000)
 Metaspace       used 22486K, capacity 23060K, committed 23168K, reserved 1069056K
  class space    used 2748K, capacity 2911K, committed 2944K, reserved 1048576K
Event: 40.088 GC heap after
Heap after GC invocations=48 (full 3):
 PSYoungGen      total 491520K, used 142849K [0x00000000d6e00000, 0x00000000ffd80000, 0x0000000100000000)
  eden space 315904K, 0% used [0x00000000d6e00000,0x00000000d6e00000,0x00000000ea280000)
  from space 175616K, 81% used [0x00000000ea280000,0x00000000f2e00618,0x00000000f4e00000)
  to   space 175616K, 0% used [0x00000000f5200000,0x00000000f5200000,0x00000000ffd80000)
 ParOldGen       total 297472K, used 188327K [0x0000000084a00000, 0x0000000096c80000, 0x00000000d6e00000)
  object space 297472K, 63% used [0x0000000084a00000,0x00000000901e9fc0,0x0000000096c80000)
 Metaspace       used 22486K, capacity 23060K, committed 23168K, reserved 1069056K
  class space    used 2748K, capacity 2911K, committed 2944K, reserved 1048576K
}
Event: 41.023 GC heap before
{Heap before GC invocations=49 (full 3):
 PSYoungGen      total 491520K, used 458753K [0x00000000d6e00000, 0x00000000ffd80000, 0x0000000100000000)
  eden space 315904K, 100% used [0x00000000d6e00000,0x00000000ea280000,0x00000000ea280000)
  from space 175616K, 81% used [0x00000000ea280000,0x00000000f2e00618,0x00000000f4e00000)
  to   space 175616K, 0% used [0x00000000f5200000,0x00000000f5200000,0x00000000ffd80000)
 ParOldGen       total 297472K, used 188327K [0x0000000084a00000, 0x0000000096c80000, 0x00000000d6e00000)
  object space 297472K, 63% used [0x0000000084a00000,0x00000000901e9fc0,0x0000000096c80000)
 Metaspace       used 22487K, capacity 23060K, committed 23168K, reserved 1069056K
  class space    used 2748K, capacity 2911K, committed 2944K, reserved 1048576K
Event: 41.058 GC heap after
Heap after GC invocations=49 (full 3):
 PSYoungGen      total 493568K, used 149247K [0x00000000d6e00000, 0x0000000100000000, 0x0000000100000000)
  eden space 317952K, 0% used [0x00000000d6e00000,0x00000000d6e00000,0x00000000ea480000)
  from space 175616K, 84% used [0x00000000f5200000,0x00000000fe3bfc18,0x00000000ffd80000)
  to   space 177664K, 0% used [0x00000000ea480000,0x00000000ea480000,0x00000000f5200000)
 ParOldGen       total 297472K, used 188351K [0x0000000084a00000, 0x0000000096c80000, 0x00000000d6e00000)
  object space 297472K, 63% used [0x0000000084a00000,0x00000000901effc0,0x0000000096c80000)
 Metaspace       used 22487K, capacity 23060K, committed 23168K, reserved 1069056K
  class space    used 2748K, capacity 2911K, committed 2944K, reserved 1048576K
}
Event: 41.983 GC heap before
{Heap before GC invocations=50 (full 3):
 PSYoungGen      total 493568K, used 466325K [0x00000000d6e00000, 0x0000000100000000, 0x0000000100000000)
  eden space 317952K, 99% used [0x00000000d6e00000,0x00000000ea3a59d8,0x00000000ea480000)
  from space 175616K, 84% used [0x00000000f5200000,0x00000000fe3bfc18,0x00000000ffd80000)
  to   space 177664K, 0% used [0x00000000ea480000,0x00000000ea480000,0x00000000f5200000)
 ParOldGen       total 297472K, used 188351K [0x0000000084a00000, 0x0000000096c80000, 0x00000000d6e00000)
  object space 297472K, 63% used [0x0000000084a00000,0x00000000901effc0,0x0000000096c80000)
 Metaspace       used 22536K, capacity 23124K, committed 23424K, reserved 1069056K
  class space    used 2748K, capacity 2911K, committed 2944K, reserved 1048576K
Event: 42.016 GC heap after
Heap after GC invocations=50 (full 3):
 PSYoungGen      total 454144K, used 135857K [0x00000000d6e00000, 0x00000000ffb00000, 0x0000000100000000)
  eden space 317952K, 0% used [0x00000000d6e00000,0x00000000d6e00000,0x00000000ea480000)
  from space 136192K, 99% used [0x00000000ea480000,0x00000000f292c710,0x00000000f2980000)
  to   space 174080K, 0% used [0x00000000f5100000,0x00000000f5100000,0x00000000ffb00000)
 ParOldGen       total 297472K, used 188375K [0x0000000084a00000, 0x0000000096c80000, 0x00000000d6e00000)
  object space 297472K, 63% used [0x0000000084a00000,0x00000000901f5fc0,0x0000000096c80000)
 Metaspace       used 22536K, capacity 23124K, committed 23424K, reserved 1069056K
  class space    used 2748K, capacity 2911K, committed 2944K, reserved 1048576K
}

Deoptimization events (10 events):
Event: 15.479 Thread 0x000000005c00c000 Uncommon trap: reason=class_check action=maybe_recompile pc=0x0000000002efc180 method=org.bytedeco.javacpp.Pointer.deallocateReferences()V @ 14
Event: 15.479 Thread 0x000000005c00c000 Uncommon trap: reason=class_check action=maybe_recompile pc=0x0000000002efa5b0 method=org.bytedeco.javacpp.Pointer$DeallocatorReference.clear()V @ 49
Event: 15.479 Thread 0x000000005c00c000 Uncommon trap: reason=class_check action=maybe_recompile pc=0x0000000002efa5b0 method=org.bytedeco.javacpp.Pointer$DeallocatorReference.clear()V @ 49
Event: 15.481 Thread 0x000000005c00c000 Uncommon trap: reason=class_check action=maybe_recompile pc=0x0000000002efa5b0 method=org.bytedeco.javacpp.Pointer$DeallocatorReference.clear()V @ 49
Event: 15.481 Thread 0x000000005c00c000 Uncommon trap: reason=class_check action=maybe_recompile pc=0x0000000002efa5b0 method=org.bytedeco.javacpp.Pointer$DeallocatorReference.clear()V @ 49
Event: 16.278 Thread 0x000000005c00c000 Uncommon trap: reason=class_check action=maybe_recompile pc=0x0000000002efc180 method=org.bytedeco.javacpp.Pointer.deallocateReferences()V @ 14
Event: 17.129 Thread 0x000000005c00c000 Uncommon trap: reason=class_check action=maybe_recompile pc=0x0000000002efc180 method=org.bytedeco.javacpp.Pointer.deallocateReferences()V @ 14
Event: 17.996 Thread 0x000000005c00c000 Uncommon trap: reason=class_check action=maybe_recompile pc=0x0000000002efc180 method=org.bytedeco.javacpp.Pointer.deallocateReferences()V @ 14
Event: 24.942 Thread 0x000000005c00c000 Uncommon trap: reason=unstable_if action=reinterpret pc=0x00000000030c7a40 method=com.google.zxing.qrcode.detector.FinderPatternFinder.crossCheckVertical(IIII)F @ 370
Event: 33.112 Thread 0x000000005c00c000 Uncommon trap: reason=unstable_if action=reinterpret pc=0x0000000002a90dd0 method=com.google.zxing.common.HybridBinarizer.calculateBlackPoints([BIIII)[[I @ 268

Internal exceptions (10 events):
Event: 0.315 Thread 0x000000005918f000 Exception <a 'java/security/PrivilegedActionException'> (0x00000000d7ab9778) thrown at [C:\re\workspace\8-2-build-windows-amd64-cygwin\jdk8u91\6644\hotspot\src\share\vm\prims\jvm.cpp, line 1386]
Event: 0.315 Thread 0x000000005918f000 Exception <a 'java/security/PrivilegedActionException'> (0x00000000d7ab9b70) thrown at [C:\re\workspace\8-2-build-windows-amd64-cygwin\jdk8u91\6644\hotspot\src\share\vm\prims\jvm.cpp, line 1386]
Event: 0.653 Thread 0x000000005918f000 Exception <a 'java/lang/NullPointerException'> (0x00000000d862f810) thrown at [C:\re\workspace\8-2-build-windows-amd64-cygwin\jdk8u91\6644\hotspot\src\share\vm\interpreter\linkResolver.cpp, line 1178]
Event: 0.653 Thread 0x000000005918f000 Exception <a 'java/lang/NullPointerException'> (0x00000000d862f810) thrown at [C:\re\workspace\8-2-build-windows-amd64-cygwin\jdk8u91\6644\hotspot\src\share\vm\prims\jvm.cpp, line 1390]
Event: 0.742 Thread 0x000000005918f000 Exception <a 'java/lang/ArrayIndexOutOfBoundsException'> (0x00000000d8a4a2a8) thrown at [C:\re\workspace\8-2-build-windows-amd64-cygwin\jdk8u91\6644\hotspot\src\share\vm\runtime\sharedRuntime.cpp, line 605]
Event: 0.743 Thread 0x000000005918f000 Exception <a 'java/lang/ArrayIndexOutOfBoundsException'> (0x00000000d8a4afa8) thrown at [C:\re\workspace\8-2-build-windows-amd64-cygwin\jdk8u91\6644\hotspot\src\share\vm\runtime\sharedRuntime.cpp, line 605]
Event: 0.743 Thread 0x000000005918f000 Exception <a 'java/lang/ArrayIndexOutOfBoundsException'> (0x00000000d8a4c350) thrown at [C:\re\workspace\8-2-build-windows-amd64-cygwin\jdk8u91\6644\hotspot\src\share\vm\runtime\sharedRuntime.cpp, line 605]
Event: 0.878 Thread 0x000000005918f000 Exception <a 'java/io/FileNotFoundException'> (0x00000000d70317e0) thrown at [C:\re\workspace\8-2-build-windows-amd64-cygwin\jdk8u91\6644\hotspot\src\share\vm\prims\jni.cpp, line 709]
Event: 11.110 Thread 0x000000005c00a000 Exception <a 'java/io/FileNotFoundException'> (0x00000000d88c2d90) thrown at [C:\re\workspace\8-2-build-windows-amd64-cygwin\jdk8u91\6644\hotspot\src\share\vm\prims\jni.cpp, line 709]
Event: 11.405 Thread 0x000000005c00c000 Exception <a 'java/io/FileNotFoundException'> (0x00000000d97a0f38) thrown at [C:\re\workspace\8-2-build-windows-amd64-cygwin\jdk8u91\6644\hotspot\src\share\vm\prims\jni.cpp, line 709]

Events (10 events):
Event: 41.120 Thread 0x0000000058dee800 flushing nmethod 0x0000000002d6e350
Event: 41.120 Thread 0x0000000058dee800 flushing nmethod 0x0000000002d8c210
Event: 41.120 Thread 0x0000000058dee800 flushing nmethod 0x0000000002d8c550
Event: 41.121 Thread 0x0000000058dee800 flushing nmethod 0x0000000002e1fed0
Event: 41.122 Thread 0x0000000058dee800 flushing nmethod 0x0000000002e48dd0
Event: 41.122 Thread 0x0000000058dee800 flushing nmethod 0x0000000002ea6690
Event: 41.122 Thread 0x0000000058dee800 flushing nmethod 0x0000000002ecb610
Event: 41.122 Thread 0x0000000058dee800 flushing nmethod 0x0000000002eeb650
Event: 41.983 Executing VM operation: ParallelGCFailedAllocation
Event: 42.016 Executing VM operation: ParallelGCFailedAllocation done


Dynamic libraries:
0x000000013f320000 - 0x000000013f357000 	C:\Program Files\Java\jre1.8.0_91\bin\javaw.exe
0x00000000776a0000 - 0x0000000077849000 	C:\Windows\SYSTEM32\ntdll.dll
0x0000000077580000 - 0x000000007769f000 	C:\Windows\system32\kernel32.dll
0x000007fefd8b0000 - 0x000007fefd91b000 	C:\Windows\system32\KERNELBASE.dll
0x000007fefddc0000 - 0x000007fefde9b000 	C:\Windows\system32\ADVAPI32.dll
0x000007feff7e0000 - 0x000007feff87f000 	C:\Windows\system32\msvcrt.dll
0x000007fefdfd0000 - 0x000007fefdfef000 	C:\Windows\SYSTEM32\sechost.dll
0x000007feff390000 - 0x000007feff4bd000 	C:\Windows\system32\RPCRT4.dll
0x0000000077480000 - 0x000000007757a000 	C:\Windows\system32\USER32.dll
0x000007feff4c0000 - 0x000007feff527000 	C:\Windows\system32\GDI32.dll
0x000007fefdff0000 - 0x000007fefdffe000 	C:\Windows\system32\LPK.dll
0x000007fefdcd0000 - 0x000007fefdd99000 	C:\Windows\system32\USP10.dll
0x000007fefbcb0000 - 0x000007fefbea4000 	C:\Windows\WinSxS\amd64_microsoft.windows.common-controls_6595b64144ccf1df_6.0.7601.17514_none_fa396087175ac9ac\COMCTL32.dll
0x000007fefef80000 - 0x000007fefeff1000 	C:\Windows\system32\SHLWAPI.dll
0x000007fefdc20000 - 0x000007fefdc4e000 	C:\Windows\system32\IMM32.DLL
0x000007feff0a0000 - 0x000007feff1a9000 	C:\Windows\system32\MSCTF.dll
0x000000006a5d0000 - 0x000000006a6a2000 	C:\Program Files\Java\jre1.8.0_91\bin\msvcr100.dll
0x00000000684b0000 - 0x0000000068d43000 	C:\Program Files\Java\jre1.8.0_91\bin\server\jvm.dll
0x000007fef6bb0000 - 0x000007fef6bb9000 	C:\Windows\system32\WSOCK32.dll
0x000007feff880000 - 0x000007feff8cd000 	C:\Windows\system32\WS2_32.dll
0x000007fefe000000 - 0x000007fefe008000 	C:\Windows\system32\NSI.dll
0x000007fef9b90000 - 0x000007fef9bcb000 	C:\Windows\system32\WINMM.dll
0x000007fefc750000 - 0x000007fefc75c000 	C:\Windows\system32\VERSION.dll
0x0000000077860000 - 0x0000000077867000 	C:\Windows\system32\PSAPI.DLL
0x0000000073bd0000 - 0x0000000073bdf000 	C:\Program Files\Java\jre1.8.0_91\bin\verify.dll
0x0000000072760000 - 0x0000000072789000 	C:\Program Files\Java\jre1.8.0_91\bin\java.dll
0x0000000073710000 - 0x0000000073726000 	C:\Program Files\Java\jre1.8.0_91\bin\zip.dll
0x000007fefe010000 - 0x000007fefed98000 	C:\Windows\system32\SHELL32.dll
0x000007feff530000 - 0x000007feff733000 	C:\Windows\system32\ole32.dll
0x000007fefd5f0000 - 0x000007fefd5ff000 	C:\Windows\system32\profapi.dll
0x000007fee7310000 - 0x000007fee73ff000 	C:\Program Files\Java\jre1.8.0_91\bin\msvcr120.dll
0x000007feee1f0000 - 0x000007feee296000 	C:\Program Files\Java\jre1.8.0_91\bin\msvcp120.dll
0x0000000067c50000 - 0x0000000067c73000 	C:\Program Files\Java\jre1.8.0_91\bin\prism_d3d.dll
0x000007fee2a00000 - 0x000007fee2bff000 	C:\Windows\system32\d3d9.dll
0x000007fefbae0000 - 0x000007fefbae7000 	C:\Windows\system32\d3d8thk.dll
0x000007fef9e50000 - 0x000007fef9e68000 	C:\Windows\system32\dwmapi.dll
0x000007fefa930000 - 0x000007fefa986000 	C:\Windows\system32\uxtheme.dll
0x000007fee21b0000 - 0x000007fee29fd000 	C:\Windows\system32\igdumdim64.dll
0x000007fef3630000 - 0x000007fef3a64000 	C:\Windows\system32\igdusc64.dll
0x0000000067c00000 - 0x0000000067c43000 	C:\Program Files\Java\jre1.8.0_91\bin\glass.dll
0x000007feff000000 - 0x000007feff097000 	C:\Windows\system32\COMDLG32.dll
0x000007feff8d0000 - 0x000007feff9a7000 	C:\Windows\system32\OLEAUT32.dll
0x000007fefd520000 - 0x000007fefd52f000 	C:\Windows\system32\CRYPTBASE.dll
0x000007fee3f30000 - 0x000007fee401f000 	C:\Users\Toby\AppData\Local\Temp\javacpp292583632840447\msvcr120.dll
0x000007fee3e80000 - 0x000007fee3f26000 	C:\Users\Toby\AppData\Local\Temp\javacpp292583632840447\msvcp120.dll
0x000007fee1f20000 - 0x000007fee21a1000 	C:\Users\Toby\AppData\Local\Temp\javacpp292583632840447\opencv_core300.dll
0x000007fee1ba0000 - 0x000007fee1f1f000 	C:\Users\Toby\AppData\Local\Temp\javacpp292583632840447\opencv_imgproc300.dll
0x000007fee19e0000 - 0x000007fee1b98000 	C:\Users\Toby\AppData\Local\Temp\javacpp292583632840447\jniopencv_core.dll
0x000000006c510000 - 0x000000006c524000 	C:\Program Files\Java\jre1.8.0_91\bin\javafx_font.dll
0x000007fee1860000 - 0x000007fee19de000 	C:\Windows\system32\dwrite.dll
0x000007feff740000 - 0x000007feff7d9000 	C:\Windows\system32\CLBCatQ.DLL
0x000007fef4c30000 - 0x000007fef4d5a000 	C:\Windows\system32\WindowsCodecs.dll
0x000007fefd4c0000 - 0x000007fefd517000 	C:\Windows\system32\apphelp.dll
0x000007fef3570000 - 0x000007fef3630000 	C:\Program Files (x86)\Google\Drive\googledrivesync64.dll
0x00000000737f0000 - 0x00000000738c3000 	C:\Program Files (x86)\Google\Drive\Microsoft.VC90.CRT\MSVCP90.dll
0x0000000073740000 - 0x00000000737e3000 	C:\Program Files (x86)\Google\Drive\Microsoft.VC90.CRT\MSVCR90.dll
0x000007fef34a0000 - 0x000007fef34e0000 	C:\Program Files (x86)\Dropbox\Client\DropboxExt64.34.dll
0x000007feef840000 - 0x000007feef86d000 	C:\Program Files\Common Files\Microsoft Shared\Ink\rtscom.dll
0x000000006c4f0000 - 0x000000006c501000 	C:\Program Files\Java\jre1.8.0_91\bin\prism_common.dll
0x00000000727c0000 - 0x00000000727da000 	C:\Program Files\Java\jre1.8.0_91\bin\net.dll
0x000007fefce60000 - 0x000007fefceb5000 	C:\Windows\system32\mswsock.dll
0x000007fefce50000 - 0x000007fefce57000 	C:\Windows\System32\wship6.dll
0x000007fefcec0000 - 0x000007fefced7000 	C:\Windows\system32\CRYPTSP.dll
0x000007fefcbc0000 - 0x000007fefcc07000 	C:\Windows\system32\rsaenh.dll
0x000007fefc930000 - 0x000007fefc94e000 	C:\Windows\system32\USERENV.dll
0x000007fefbbc0000 - 0x000007fefbbe7000 	C:\Windows\system32\IPHLPAPI.DLL
0x000007fefbbb0000 - 0x000007fefbbbb000 	C:\Windows\system32\WINNSI.DLL
0x000007fefb9c0000 - 0x000007fefb9d8000 	C:\Windows\system32\dhcpcsvc.DLL
0x000007fefb9a0000 - 0x000007fefb9b1000 	C:\Windows\system32\dhcpcsvc6.DLL
0x0000000072740000 - 0x0000000072751000 	C:\Program Files\Java\jre1.8.0_91\bin\nio.dll
0x000000006e740000 - 0x000000006fda5000 	C:\Users\Toby\AppData\Local\Temp\xuggle\xuggle4947062633153509782.dll
0x000007feee320000 - 0x000007feee337000 	C:\Windows\system32\AVICAP32.dll
0x000007feee1c0000 - 0x000007feee1e9000 	C:\Windows\system32\MSVFW32.dll
0x0000000062cf0000 - 0x0000000062e88000 	C:\Program Files\Java\jre1.8.0_91\bin\awt.dll
0x000007fee3890000 - 0x000007fee3935000 	C:\Users\Toby\AppData\Local\Temp\javacpp292583632840447\jniopencv_imgproc.dll
0x000007fef0f90000 - 0x000007fef10b5000 	C:\Windows\system32\dbghelp.dll

VM Arguments:
jvm_args: -Dfile.encoding=Cp1252 
java_command: application.Main
java_class_path (initial): C:\Users\Toby\git\Drone_group_11\Drone_group_11\bin;C:\Users\Toby\Downloads\eclipse-jee-mars-2-win32-x86_64\eclipse\plugins\org.eclipse.fx.ide.css.jfx8_2.3.0.201603030809.jar;C:\Users\Toby\Downloads\JAVACV_JAR-2016-06-03\JAVACV JAR\javacv-bin\artoolkitplus.jar;C:\Users\Toby\Downloads\JAVACV_JAR-2016-06-03\JAVACV JAR\javacv-bin\artoolkitplus-android-arm.jar;C:\Users\Toby\Downloads\JAVACV_JAR-2016-06-03\JAVACV JAR\javacv-bin\artoolkitplus-android-x86.jar;C:\Users\Toby\Downloads\JAVACV_JAR-2016-06-03\JAVACV JAR\javacv-bin\artoolkitplus-linux-x86.jar;C:\Users\Toby\Downloads\JAVACV_JAR-2016-06-03\JAVACV JAR\javacv-bin\artoolkitplus-linux-x86_64.jar;C:\Users\Toby\Downloads\JAVACV_JAR-2016-06-03\JAVACV JAR\javacv-bin\artoolkitplus-macosx-x86_64.jar;C:\Users\Toby\Downloads\JAVACV_JAR-2016-06-03\JAVACV JAR\javacv-bin\artoolkitplus-windows-x86.jar;C:\Users\Toby\Downloads\JAVACV_JAR-2016-06-03\JAVACV JAR\javacv-bin\artoolkitplus-windows-x86_64.jar;C:\Users\Toby\Downloads\JAVACV_JAR-2016-06-03\JAVACV JAR\javacv-bin\ffmpeg.jar;C:\Users\Toby\Downloads\JAVACV_JAR-2016-06-03\JAVACV JAR\javacv-bin\ffmpeg-android-arm.jar;C:\Users\Toby\Downloads\JAVACV_JAR-2016-06-03\JAVACV JAR\javacv-bin\ffmpeg-android-x86.jar;C:\Users\Toby\Downloads\JAVACV_JAR-2016-06-03\JAVACV JAR\javacv-bin\ffmpeg-linux-x86.jar;C:\Users\Toby\Downloads\JAVACV_JAR-2016-06-03\JAVACV JAR\javacv-bin\ffmpeg-linux-x86_64.jar;C:\Users\Toby\Downloads\JAVACV_JAR-2016-06-03\JAVACV JAR\javacv-bin\ffmpeg-macosx-x86_64.jar;C:\Users\Toby\Downloads\JAVACV_JAR-2016-06-03\JAVACV JAR\javacv-bin\ffmpeg-windows-x86.jar;C:\Users\Toby\Downloads\JAVACV_JAR-2016-06-03\JAVACV JAR\javacv-bin\ffmpeg-windows-x86_64.jar;C:\Users\Toby\Downloads\JAVACV_JAR-2016-06-03\JAVACV JAR\javacv-bin\flandmark.jar;C:\Users\Toby\Downloads\JAVACV_JAR-2016-06-03\JAVACV JAR\javacv-bin\flandmark-android-arm.jar;C:\Users\Toby\Downloads\JAVACV_JAR-2016-06-03\JAVACV JAR\javacv-bin\flandmark-android-x86.jar;C:\Users\Toby\Downloads\JAVACV
Launcher Type: SUN_STANDARD

Environment Variables:
PATH=C:/Program Files/Java/jre1.8.0_91/bin/server;C:/Program Files/Java/jre1.8.0_91/bin;C:/Program Files/Java/jre1.8.0_91/lib/amd64;C:\Program Files (x86)\Intel\iCLS Client\;C:\Program Files\Intel\iCLS Client\;C:\ProgramData\Oracle\Java\javapath;C:\Windows\system32;C:\Windows;C:\Windows\System32\Wbem;C:\Windows\System32\WindowsPowerShell\v1.0\;C:\Program Files (x86)\Intel\OpenCL SDK\3.0\bin\x86;C:\Program Files (x86)\Intel\OpenCL SDK\3.0\bin\x64;C:\Program Files\Intel\WiFi\bin\;C:\Program Files\Common Files\Intel\WirelessCommon\;C:\Program Files\Intel\Intel(R) Management Engine Components\DAL;C:\Program Files\Intel\Intel(R) Management Engine Components\IPT;C:\Program Files (x86)\Intel\Intel(R) Management Engine Components\DAL;C:\Program Files (x86)\Intel\Intel(R) Management Engine Components\IPT;C:\Program Files (x86)\Skype\Phone\;C:\Program Files\Intel\WiFi\bin\;C:\Program Files\Common Files\Intel\WirelessCommon\;C:\Users\Toby\Downloads\eclipse-jee-mars-2-win32-x86_64\eclipse;
USERNAME=Toby
OS=Windows_NT
PROCESSOR_IDENTIFIER=Intel64 Family 6 Model 60 Stepping 3, GenuineIntel



---------------  S Y S T E M  ---------------

OS: Windows 7 , 64 bit Build 7601 (6.1.7601.17514)

CPU:total 4 (2 cores per cpu, 2 threads per core) family 6 model 60 stepping 3, cmov, cx8, fxsr, mmx, sse, sse2, sse3, ssse3, sse4.1, sse4.2, popcnt, avx, avx2, aes, clmul, erms, lzcnt, ht, tsc, tscinvbit, bmi1, bmi2

Memory: 4k page, physical 8084660k(3004872k free), swap 16167476k(9522516k free)

vm_info: Java HotSpot(TM) 64-Bit Server VM (25.91-b14) for windows-amd64 JRE (1.8.0_91-b14), built on Apr  1 2016 00:58:32 by "java_re" with MS VC++ 10.0 (VS2010)

time: Fri Jun 10 18:49:32 2016
elapsed time: 42 seconds (0d 0h 0m 42s)

