#
# A fatal error has been detected by the Java Runtime Environment:
#
#  EXCEPTION_ACCESS_VIOLATION (0xc0000005) at pc=0x0000000077569eae, pid=5764, tid=6500
#
# JRE version: Java(TM) SE Runtime Environment (8.0_91-b14) (build 1.8.0_91-b14)
# Java VM: Java HotSpot(TM) 64-Bit Server VM (25.91-b14 mixed mode windows-amd64 compressed oops)
# Problematic frame:
# C  [ntdll.dll+0x49eae]
#
# Failed to write core dump. Minidumps are not enabled by default on client versions of Windows
#
# If you would like to submit a bug report, please visit:
#   http://bugreport.java.com/bugreport/crash.jsp
#

---------------  T H R E A D  ---------------

Current thread (0x00000000596e9000):  JavaThread "VideoManager" [_thread_in_vm, id=6500, stack(0x000000005fc80000,0x000000005fd80000)]

siginfo: ExceptionCode=0xc0000005, reading address 0xffffffffffffffff

Registers:
RAX=0x0000000000000303, RBX=0x0000000001c80000, RCX=0x0000000000005161, RDX=0x0303030303030303
RSP=0x000000005fd7deb0, RBP=0x0000000000000000, RSI=0x0000000000000000, RDI=0x00000000596e9000
R8 =0x0000000001c836f0, R9 =0x0000000000100000, R10=0x0000000001c80158, R11=0x00000000000006fe
R12=0x0000000077635430, R13=0x0000000000005464, R14=0x0000000000000002, R15=0x0000000077635401
RIP=0x0000000077569eae, EFLAGS=0x0000000000010206

Top of Stack: (sp=0x000000005fd7deb0)
0x000000005fd7deb0:   00000000596e9000 0000000001dd99e0
0x000000005fd7dec0:   00000000567d96f0 0000000002620a71
0x000000005fd7ded0:   000000007a89ae43 00000000d7344940
0x000000005fd7dee0:   00000001d7684701 0000000077635401
0x000000005fd7def0:   0000000000000000 00000000d7620640
0x000000005fd7df00:   0000000056713a50 0000000000000000
0x000000005fd7df10:   0000000000000000 00000000d7620690
0x000000005fd7df20:   0000000056713a00 00020000deec0000
0x000000005fd7df30:   000000005fd7e068 000000000303fb1c
0x000000005fd7df40:   0000000000000000 000000000000a8c8
0x000000005fd7df50:   00000000596e9000 00000000700a41f7
0x000000005fd7df60:   00000000165f07a8 0000000000000000
0x000000005fd7df70:   0000000000000000 00000000596e9000
0x000000005fd7df80:   0000000000054630 00000000701f11c9
0x000000005fd7df90:   00000000165f07a8 00000000d7344940
0x000000005fd7dfa0:   00000000d76847d0 0000000084a00a50 

Instructions: (pc=0x0000000077569eae)
0x0000000077569e8e:   40 30 4a 8b 14 d8 48 89 94 24 a8 01 00 00 4c 3b
0x0000000077569e9e:   d2 0f 84 6b 99 00 00 45 85 c9 0f 84 79 5c 01 00
0x0000000077569eae:   8b 42 f8 89 84 24 70 03 00 00 44 8b 4b 7c 41 85
0x0000000077569ebe:   c1 74 0d 33 83 88 00 00 00 89 84 24 70 03 00 00 


Register to memory mapping:

RAX=0x0000000000000303 is an unknown value
RBX=0x0000000001c80000 is an unknown value
RCX=0x0000000000005161 is an unknown value
RDX=0x0303030303030303 is an unknown value
RSP=0x000000005fd7deb0 is pointing into the stack for thread: 0x00000000596e9000
RBP=0x0000000000000000 is an unknown value
RSI=0x0000000000000000 is an unknown value
RDI=0x00000000596e9000 is a thread
R8 =0x0000000001c836f0 is an unknown value
R9 =0x0000000000100000 is an unknown value
R10=0x0000000001c80158 is an unknown value
R11=0x00000000000006fe is an unknown value
R12=0x0000000077635430 is an unknown value
R13=0x0000000000005464 is an unknown value
R14=0x0000000000000002 is an unknown value
R15=0x0000000077635401 is an unknown value


Stack: [0x000000005fc80000,0x000000005fd80000],  sp=0x000000005fd7deb0,  free space=1015k
Native frames: (J=compiled Java code, j=interpreted, Vv=VM code, C=native code)

Java frames: (J=compiled Java code, j=interpreted, Vv=VM code)
j  com.xuggle.xuggler.XugglerJNI.IStreamCoder_decodeVideo(JLcom/xuggle/xuggler/IStreamCoder;JLcom/xuggle/xuggler/IVideoPicture;JLcom/xuggle/xuggler/IPacket;I)I+0
j  com.xuggle.xuggler.IStreamCoder.decodeVideo(Lcom/xuggle/xuggler/IVideoPicture;Lcom/xuggle/xuggler/IPacket;I)I+16
j  de.yadrone.base.video.xuggler.XugglerDecoder.decode(Ljava/io/InputStream;)V+262
j  de.yadrone.base.video.VideoManager.run()V+55
j  java.lang.Thread.run()V+11
v  ~StubRoutines::call_stub

---------------  P R O C E S S  ---------------

Java Threads: ( => current thread )
  0x00000000596ed800 JavaThread "Thread-11" [_thread_blocked, id=3584, stack(0x000000005f7d0000,0x000000005f8d0000)]
  0x00000000596ec800 JavaThread "AWT-EventQueue-0" [_thread_blocked, id=3664, stack(0x0000000060910000,0x0000000060a10000)]
  0x00000000596ec000 JavaThread "AWT-Windows" daemon [_thread_blocked, id=7148, stack(0x0000000060510000,0x0000000060610000)]
  0x00000000596eb000 JavaThread "AWT-Shutdown" [_thread_blocked, id=3472, stack(0x0000000060330000,0x0000000060430000)]
  0x00000000596ea800 JavaThread "Java2D Disposer" daemon [_thread_blocked, id=6468, stack(0x0000000060180000,0x0000000060280000)]
  0x00000000596e9800 JavaThread "Thread-6" [_thread_blocked, id=3496, stack(0x0000000060060000,0x0000000060160000)]
=>0x00000000596e9000 JavaThread "VideoManager" [_thread_in_vm, id=6500, stack(0x000000005fc80000,0x000000005fd80000)]
  0x00000000596e8000 JavaThread "NavDataManager" [_thread_blocked, id=6736, stack(0x000000005fb20000,0x000000005fc20000)]
  0x00000000595f3800 JavaThread "CommandManager" [_thread_blocked, id=2164, stack(0x000000005f8d0000,0x000000005f9d0000)]
  0x0000000059602000 JavaThread "YADrone CommandManager Timer" [_thread_blocked, id=6848, stack(0x000000005f5f0000,0x000000005f6f0000)]
  0x0000000059a09000 JavaThread "Prism Font Disposer" daemon [_thread_blocked, id=5264, stack(0x000000005e130000,0x000000005e230000)]
  0x0000000059286800 JavaThread "Thread-3" daemon [_thread_in_native, id=5940, stack(0x000000005bc80000,0x000000005bd80000)]
  0x00000000592f7800 JavaThread "JavaFX-Launcher" [_thread_blocked, id=1844, stack(0x000000005be50000,0x000000005bf50000)]
  0x0000000059244000 JavaThread "JavaFX Application Thread" [_thread_in_native, id=2336, stack(0x000000005a0f0000,0x000000005a1f0000)]
  0x0000000059237000 JavaThread "Thread-1" daemon [_thread_blocked, id=4268, stack(0x0000000059f70000,0x000000005a070000)]
  0x0000000058d28000 JavaThread "QuantumRenderer-0" daemon [_thread_blocked, id=4492, stack(0x0000000059b20000,0x0000000059c20000)]
  0x00000000589b3800 JavaThread "Service Thread" daemon [_thread_blocked, id=364, stack(0x0000000058360000,0x0000000058460000)]
  0x0000000058936800 JavaThread "C1 CompilerThread2" daemon [_thread_blocked, id=6884, stack(0x0000000058ef0000,0x0000000058ff0000)]
  0x0000000058931000 JavaThread "C2 CompilerThread1" daemon [_thread_blocked, id=5464, stack(0x0000000058d90000,0x0000000058e90000)]
  0x0000000056feb800 JavaThread "C2 CompilerThread0" daemon [_thread_blocked, id=4888, stack(0x0000000058830000,0x0000000058930000)]
  0x0000000056fe9000 JavaThread "Attach Listener" daemon [_thread_blocked, id=3856, stack(0x0000000058660000,0x0000000058760000)]
  0x0000000056fe5800 JavaThread "Signal Dispatcher" daemon [_thread_blocked, id=5604, stack(0x00000000584a0000,0x00000000585a0000)]
  0x0000000056fcc000 JavaThread "Finalizer" daemon [_thread_blocked, id=3060, stack(0x0000000058090000,0x0000000058190000)]
  0x0000000056f84800 JavaThread "Reference Handler" daemon [_thread_blocked, id=5408, stack(0x00000000581e0000,0x00000000582e0000)]
  0x0000000001c8e800 JavaThread "main" [_thread_blocked, id=4976, stack(0x0000000002130000,0x0000000002230000)]

Other Threads:
  0x0000000056f7d000 VMThread [stack: 0x0000000057f40000,0x0000000058040000] [id=7100]
  0x00000000589cc000 WatcherThread [stack: 0x0000000059110000,0x0000000059210000] [id=3672]

VM state:synchronizing (normal execution)

VM Mutex/Monitor currently owned by a thread:  ([mutex/lock_event])
[0x0000000001dd88e0] Threads_lock - owner thread: 0x0000000056f7d000

Heap:
 PSYoungGen      total 36864K, used 9186K [0x00000000d6e00000, 0x00000000d9700000, 0x0000000100000000)
  eden space 31744K, 28% used [0x00000000d6e00000,0x00000000d76f8b68,0x00000000d8d00000)
  from space 5120K, 0% used [0x00000000d9200000,0x00000000d9200000,0x00000000d9700000)
  to   space 5120K, 0% used [0x00000000d8d00000,0x00000000d8d00000,0x00000000d9200000)
 ParOldGen       total 45568K, used 8905K [0x0000000084a00000, 0x0000000087680000, 0x00000000d6e00000)
  object space 45568K, 19% used [0x0000000084a00000,0x00000000852b2668,0x0000000087680000)
 Metaspace       used 22072K, capacity 22692K, committed 23040K, reserved 1069056K
  class space    used 2847K, capacity 3051K, committed 3072K, reserved 1048576K

Card table byte_map: [0x00000000118c0000,0x0000000011ca0000] byte_map_base: 0x000000001149b000

Marking Bits: (ParMarkBitMap*) 0x00000000707c2f70
 Begin Bits: [0x0000000012460000, 0x0000000014338000)
 End Bits:   [0x0000000014338000, 0x0000000016210000)

Polling page: 0x0000000000090000

CodeCache: size=245760Kb used=6335Kb max_used=6335Kb free=239424Kb
 bounds [0x0000000002500000, 0x0000000002b40000, 0x0000000011500000]
 total_blobs=2835 nmethods=2020 adapters=727
 compilation: enabled

Compilation events (10 events):
Event: 25.991 Thread 0x0000000058936800 2064   !   3       sun.misc.Resource::getBytes (242 bytes)
Event: 25.992 Thread 0x0000000058936800 nmethod 2064 0x0000000002b30050 code [0x0000000002b30340, 0x0000000002b31c28]
Event: 25.997 Thread 0x0000000058936800 2065       3       sun.util.locale.LocaleUtils::toLower (17 bytes)
Event: 25.997 Thread 0x0000000058936800 nmethod 2065 0x0000000002b328d0 code [0x0000000002b32a40, 0x0000000002b32cb0]
Event: 25.997 Thread 0x0000000058936800 2066       3       java.lang.String::contains (20 bytes)
Event: 25.997 Thread 0x0000000058936800 nmethod 2066 0x0000000002b32d50 code [0x0000000002b32ee0, 0x0000000002b33378]
Event: 26.002 Thread 0x0000000058936800 2067   !   3       java.util.zip.Inflater::reset (69 bytes)
Event: 26.002 Thread 0x0000000058936800 nmethod 2067 0x0000000002b33590 code [0x0000000002b33720, 0x0000000002b33b78]
Event: 26.004 Thread 0x0000000058936800 2069       3       java.util.concurrent.atomic.AtomicInteger::incrementAndGet (14 bytes)
Event: 26.004 Thread 0x0000000058936800 nmethod 2069 0x0000000002b22910 code [0x0000000002b22a60, 0x0000000002b22bb0]

GC Heap History (6 events):
Event: 0.771 GC heap before
{Heap before GC invocations=1 (full 0):
 PSYoungGen      total 36864K, used 30739K [0x00000000d6e00000, 0x00000000d9700000, 0x0000000100000000)
  eden space 31744K, 96% used [0x00000000d6e00000,0x00000000d8c04ea0,0x00000000d8d00000)
  from space 5120K, 0% used [0x00000000d9200000,0x00000000d9200000,0x00000000d9700000)
  to   space 5120K, 0% used [0x00000000d8d00000,0x00000000d8d00000,0x00000000d9200000)
 ParOldGen       total 84992K, used 0K [0x0000000084a00000, 0x0000000089d00000, 0x00000000d6e00000)
  object space 84992K, 0% used [0x0000000084a00000,0x0000000084a00000,0x0000000089d00000)
 Metaspace       used 14276K, capacity 14782K, committed 14976K, reserved 1062912K
  class space    used 1951K, capacity 2122K, committed 2176K, reserved 1048576K
Event: 0.777 GC heap after
Heap after GC invocations=1 (full 0):
 PSYoungGen      total 36864K, used 4514K [0x00000000d6e00000, 0x00000000d9700000, 0x0000000100000000)
  eden space 31744K, 0% used [0x00000000d6e00000,0x00000000d6e00000,0x00000000d8d00000)
  from space 5120K, 88% used [0x00000000d8d00000,0x00000000d9168af0,0x00000000d9200000)
  to   space 5120K, 0% used [0x00000000d9200000,0x00000000d9200000,0x00000000d9700000)
 ParOldGen       total 84992K, used 80K [0x0000000084a00000, 0x0000000089d00000, 0x00000000d6e00000)
  object space 84992K, 0% used [0x0000000084a00000,0x0000000084a14010,0x0000000089d00000)
 Metaspace       used 14276K, capacity 14782K, committed 14976K, reserved 1062912K
  class space    used 1951K, capacity 2122K, committed 2176K, reserved 1048576K
}
Event: 20.426 GC heap before
{Heap before GC invocations=2 (full 0):
 PSYoungGen      total 36864K, used 18413K [0x00000000d6e00000, 0x00000000d9700000, 0x0000000100000000)
  eden space 31744K, 43% used [0x00000000d6e00000,0x00000000d7b929d0,0x00000000d8d00000)
  from space 5120K, 88% used [0x00000000d8d00000,0x00000000d9168af0,0x00000000d9200000)
  to   space 5120K, 0% used [0x00000000d9200000,0x00000000d9200000,0x00000000d9700000)
 ParOldGen       total 84992K, used 80K [0x0000000084a00000, 0x0000000089d00000, 0x00000000d6e00000)
  object space 84992K, 0% used [0x0000000084a00000,0x0000000084a14010,0x0000000089d00000)
 Metaspace       used 20552K, capacity 21124K, committed 21296K, reserved 1067008K
  class space    used 2679K, capacity 2891K, committed 2944K, reserved 1048576K
Event: 20.436 GC heap after
Heap after GC invocations=2 (full 0):
 PSYoungGen      total 36864K, used 5104K [0x00000000d6e00000, 0x00000000d9700000, 0x0000000100000000)
  eden space 31744K, 0% used [0x00000000d6e00000,0x00000000d6e00000,0x00000000d8d00000)
  from space 5120K, 99% used [0x00000000d9200000,0x00000000d96fc050,0x00000000d9700000)
  to   space 5120K, 0% used [0x00000000d8d00000,0x00000000d8d00000,0x00000000d9200000)
 ParOldGen       total 84992K, used 3890K [0x0000000084a00000, 0x0000000089d00000, 0x00000000d6e00000)
  object space 84992K, 4% used [0x0000000084a00000,0x0000000084dcc930,0x0000000089d00000)
 Metaspace       used 20552K, capacity 21124K, committed 21296K, reserved 1067008K
  class space    used 2679K, capacity 2891K, committed 2944K, reserved 1048576K
}
Event: 20.436 GC heap before
{Heap before GC invocations=3 (full 1):
 PSYoungGen      total 36864K, used 5104K [0x00000000d6e00000, 0x00000000d9700000, 0x0000000100000000)
  eden space 31744K, 0% used [0x00000000d6e00000,0x00000000d6e00000,0x00000000d8d00000)
  from space 5120K, 99% used [0x00000000d9200000,0x00000000d96fc050,0x00000000d9700000)
  to   space 5120K, 0% used [0x00000000d8d00000,0x00000000d8d00000,0x00000000d9200000)
 ParOldGen       total 84992K, used 3890K [0x0000000084a00000, 0x0000000089d00000, 0x00000000d6e00000)
  object space 84992K, 4% used [0x0000000084a00000,0x0000000084dcc930,0x0000000089d00000)
 Metaspace       used 20552K, capacity 21124K, committed 21296K, reserved 1067008K
  class space    used 2679K, capacity 2891K, committed 2944K, reserved 1048576K
Event: 20.491 GC heap after
Heap after GC invocations=3 (full 1):
 PSYoungGen      total 36864K, used 0K [0x00000000d6e00000, 0x00000000d9700000, 0x0000000100000000)
  eden space 31744K, 0% used [0x00000000d6e00000,0x00000000d6e00000,0x00000000d8d00000)
  from space 5120K, 0% used [0x00000000d9200000,0x00000000d9200000,0x00000000d9700000)
  to   space 5120K, 0% used [0x00000000d8d00000,0x00000000d8d00000,0x00000000d9200000)
 ParOldGen       total 45568K, used 8905K [0x0000000084a00000, 0x0000000087680000, 0x00000000d6e00000)
  object space 45568K, 19% used [0x0000000084a00000,0x00000000852b2668,0x0000000087680000)
 Metaspace       used 20552K, capacity 21124K, committed 21296K, reserved 1067008K
  class space    used 2679K, capacity 2891K, committed 2944K, reserved 1048576K
}

Deoptimization events (10 events):
Event: 0.648 Thread 0x0000000059244000 Uncommon trap: reason=class_check action=maybe_recompile pc=0x000000000261cb20 method=java.lang.String.equals(Ljava/lang/Object;)Z @ 8
Event: 0.671 Thread 0x0000000059244000 Uncommon trap: reason=unstable_if action=reinterpret pc=0x000000000285334c method=java.lang.String.regionMatches(ZILjava/lang/String;II)Z @ 123
Event: 15.154 Thread 0x0000000059244000 Uncommon trap: reason=unstable_if action=reinterpret pc=0x000000000288b0a8 method=jdk.internal.org.objectweb.asm.Type.getArgumentsAndReturnSizes(Ljava/lang/String;)I @ 47
Event: 20.281 Thread 0x000000005992e000 Uncommon trap: reason=predicate action=maybe_recompile pc=0x00000000027f46b8 method=sun.net.www.ParseUtil.encodePath(Ljava/lang/String;Z)Ljava/lang/String; @ 36
Event: 20.307 Thread 0x00000000596e9000 Uncommon trap: reason=unstable_if action=reinterpret pc=0x00000000028a5740 method=java.util.HashMap.isEmpty()Z @ 4
Event: 20.332 Thread 0x00000000596e9000 Uncommon trap: reason=unstable_if action=reinterpret pc=0x00000000028a4b98 method=java.util.HashMap.putVal(ILjava/lang/Object;Ljava/lang/Object;ZZ)Ljava/lang/Object; @ 94
Event: 20.341 Thread 0x0000000059244000 Uncommon trap: reason=unstable_if action=reinterpret pc=0x00000000028a2f50 method=java.util.HashMap.putVal(ILjava/lang/Object;Ljava/lang/Object;ZZ)Ljava/lang/Object; @ 94
Event: 20.355 Thread 0x0000000059244000 Uncommon trap: reason=unstable_if action=reinterpret pc=0x00000000027e1a1c method=java.lang.AbstractStringBuilder.append(Ljava/lang/String;)Ljava/lang/AbstractStringBuilder; @ 1
Event: 20.356 Thread 0x0000000059244000 Uncommon trap: reason=unstable_if action=reinterpret pc=0x0000000002700dc4 method=java.lang.AbstractStringBuilder.append(Ljava/lang/String;)Ljava/lang/AbstractStringBuilder; @ 1
Event: 20.800 Thread 0x0000000059244000 Uncommon trap: reason=unstable_if action=reinterpret pc=0x00000000029a6344 method=javafx.scene.Node.updateLocalToParentTransform()V @ 4

Internal exceptions (10 events):
Event: 0.374 Thread 0x0000000059244000 Exception <a 'java/lang/NullPointerException'> (0x00000000d7de4020) thrown at [C:\re\workspace\8-2-build-windows-amd64-cygwin\jdk8u91\6644\hotspot\src\share\vm\interpreter\linkResolver.cpp, line 1178]
Event: 0.374 Thread 0x0000000059244000 Exception <a 'java/lang/NullPointerException'> (0x00000000d7de4020) thrown at [C:\re\workspace\8-2-build-windows-amd64-cygwin\jdk8u91\6644\hotspot\src\share\vm\prims\jvm.cpp, line 1390]
Event: 0.468 Thread 0x0000000059244000 Exception <a 'java/lang/ArrayIndexOutOfBoundsException'> (0x00000000d823e1d8) thrown at [C:\re\workspace\8-2-build-windows-amd64-cygwin\jdk8u91\6644\hotspot\src\share\vm\runtime\sharedRuntime.cpp, line 605]
Event: 0.468 Thread 0x0000000059244000 Exception <a 'java/lang/ArrayIndexOutOfBoundsException'> (0x00000000d823eed8) thrown at [C:\re\workspace\8-2-build-windows-amd64-cygwin\jdk8u91\6644\hotspot\src\share\vm\runtime\sharedRuntime.cpp, line 605]
Event: 0.468 Thread 0x0000000059244000 Exception <a 'java/lang/ArrayIndexOutOfBoundsException'> (0x00000000d8240280) thrown at [C:\re\workspace\8-2-build-windows-amd64-cygwin\jdk8u91\6644\hotspot\src\share\vm\runtime\sharedRuntime.cpp, line 605]
Event: 0.606 Thread 0x0000000059244000 Exception <a 'java/io/FileNotFoundException'> (0x00000000d8775a30) thrown at [C:\re\workspace\8-2-build-windows-amd64-cygwin\jdk8u91\6644\hotspot\src\share\vm\prims\jni.cpp, line 709]
Event: 20.288 Thread 0x0000000059244000 Exception <a 'java/io/FileNotFoundException'> (0x00000000d75d0218) thrown at [C:\re\workspace\8-2-build-windows-amd64-cygwin\jdk8u91\6644\hotspot\src\share\vm\prims\jni.cpp, line 709]
Event: 20.317 Thread 0x0000000059244000 Exception <a 'java/io/FileNotFoundException'> (0x00000000d75f0eb0) thrown at [C:\re\workspace\8-2-build-windows-amd64-cygwin\jdk8u91\6644\hotspot\src\share\vm\prims\jni.cpp, line 709]
Event: 20.355 Thread 0x0000000059244000 Implicit null exception at 0x00000000027e16c6 to 0x00000000027e1a05
Event: 20.356 Thread 0x0000000059244000 Implicit null exception at 0x0000000002700a86 to 0x0000000002700dad

Events (10 events):
Event: 25.996 loading class java/util/Locale$1
Event: 25.996 loading class java/util/Locale$1 done
Event: 25.997 loading class sun/util/resources/da/CalendarData_da
Event: 25.997 loading class sun/util/resources/da/CalendarData_da done
Event: 25.997 loading class com/xuggle/xuggler/IVideoPicture
Event: 25.997 loading class com/xuggle/xuggler/IVideoPicture done
Event: 26.001 loading class com/xuggle/ferry/JNIMemoryParachute
Event: 26.001 loading class com/xuggle/ferry/JNIMemoryParachute done
Event: 26.005 Thread 0x00000000596ed800 Thread added: 0x00000000596ed800
Event: 26.005 Executing VM operation: RevokeBias


Dynamic libraries:
0x000000013fd70000 - 0x000000013fda7000 	C:\Program Files\Java\jre1.8.0_91\bin\javaw.exe
0x0000000077520000 - 0x00000000776c9000 	C:\Windows\SYSTEM32\ntdll.dll
0x0000000077400000 - 0x000000007751f000 	C:\Windows\system32\kernel32.dll
0x000007fefd600000 - 0x000007fefd66b000 	C:\Windows\system32\KERNELBASE.dll
0x000007feff3d0000 - 0x000007feff4ab000 	C:\Windows\system32\ADVAPI32.dll
0x000007fefd9b0000 - 0x000007fefda4f000 	C:\Windows\system32\msvcrt.dll
0x000007feff3b0000 - 0x000007feff3cf000 	C:\Windows\SYSTEM32\sechost.dll
0x000007fefda70000 - 0x000007fefdb9d000 	C:\Windows\system32\RPCRT4.dll
0x0000000077300000 - 0x00000000773fa000 	C:\Windows\system32\USER32.dll
0x000007fefd940000 - 0x000007fefd9a7000 	C:\Windows\system32\GDI32.dll
0x000007feff0b0000 - 0x000007feff0be000 	C:\Windows\system32\LPK.dll
0x000007feff4b0000 - 0x000007feff579000 	C:\Windows\system32\USP10.dll
0x000007fefbb30000 - 0x000007fefbd24000 	C:\Windows\WinSxS\amd64_microsoft.windows.common-controls_6595b64144ccf1df_6.0.7601.17514_none_fa396087175ac9ac\COMCTL32.dll
0x000007feff580000 - 0x000007feff5f1000 	C:\Windows\system32\SHLWAPI.dll
0x000007feff380000 - 0x000007feff3ae000 	C:\Windows\system32\IMM32.DLL
0x000007feff0c0000 - 0x000007feff1c9000 	C:\Windows\system32\MSCTF.dll
0x0000000069b20000 - 0x0000000069bf2000 	C:\Program Files\Java\jre1.8.0_91\bin\msvcr100.dll
0x000000006ffb0000 - 0x0000000070843000 	C:\Program Files\Java\jre1.8.0_91\bin\server\jvm.dll
0x000007fef55e0000 - 0x000007fef55e9000 	C:\Windows\system32\WSOCK32.dll
0x000007feff7e0000 - 0x000007feff82d000 	C:\Windows\system32\WS2_32.dll
0x000007fefdba0000 - 0x000007fefdba8000 	C:\Windows\system32\NSI.dll
0x000007fef9990000 - 0x000007fef99cb000 	C:\Windows\system32\WINMM.dll
0x000007fefc5d0000 - 0x000007fefc5dc000 	C:\Windows\system32\VERSION.dll
0x00000000776f0000 - 0x00000000776f7000 	C:\Windows\system32\PSAPI.DLL
0x0000000072740000 - 0x000000007274f000 	C:\Program Files\Java\jre1.8.0_91\bin\verify.dll
0x0000000070d00000 - 0x0000000070d29000 	C:\Program Files\Java\jre1.8.0_91\bin\java.dll
0x0000000072720000 - 0x0000000072736000 	C:\Program Files\Java\jre1.8.0_91\bin\zip.dll
0x000007fefdc50000 - 0x000007fefe9d8000 	C:\Windows\system32\SHELL32.dll
0x000007fefed20000 - 0x000007fefef23000 	C:\Windows\system32\ole32.dll
0x000007fefd470000 - 0x000007fefd47f000 	C:\Windows\system32\profapi.dll
0x000007fee55b0000 - 0x000007fee569f000 	C:\Program Files\Java\jre1.8.0_91\bin\msvcr120.dll
0x000007fee5500000 - 0x000007fee55a6000 	C:\Program Files\Java\jre1.8.0_91\bin\msvcp120.dll
0x0000000069af0000 - 0x0000000069b13000 	C:\Program Files\Java\jre1.8.0_91\bin\prism_d3d.dll
0x000007fee5300000 - 0x000007fee54ff000 	C:\Windows\system32\d3d9.dll
0x000007fef4e00000 - 0x000007fef4e07000 	C:\Windows\system32\d3d8thk.dll
0x000007fef9cd0000 - 0x000007fef9ce8000 	C:\Windows\system32\dwmapi.dll
0x000007fefa7b0000 - 0x000007fefa806000 	C:\Windows\system32\uxtheme.dll
0x000007fee21c0000 - 0x000007fee2a0d000 	C:\Windows\system32\igdumdim64.dll
0x000007fef3270000 - 0x000007fef36a4000 	C:\Windows\system32\igdusc64.dll
0x000000005bb60000 - 0x000000005bba3000 	C:\Program Files\Java\jre1.8.0_91\bin\glass.dll
0x000007fefdbb0000 - 0x000007fefdc47000 	C:\Windows\system32\COMDLG32.dll
0x000007fefec40000 - 0x000007fefed17000 	C:\Windows\system32\OLEAUT32.dll
0x000007fefd3a0000 - 0x000007fefd3af000 	C:\Windows\system32\CRYPTBASE.dll
0x00000000716b0000 - 0x00000000716c4000 	C:\Program Files\Java\jre1.8.0_91\bin\javafx_font.dll
0x000007fee5180000 - 0x000007fee52fe000 	C:\Windows\system32\dwrite.dll
0x000007fefd8a0000 - 0x000007fefd939000 	C:\Windows\system32\CLBCatQ.DLL
0x000007fef91f0000 - 0x000007fef931a000 	C:\Windows\system32\WindowsCodecs.dll
0x000007fefd340000 - 0x000007fefd397000 	C:\Windows\system32\apphelp.dll
0x000007fef3140000 - 0x000007fef3200000 	C:\Program Files (x86)\Google\Drive\googledrivesync64.dll
0x0000000073670000 - 0x0000000073743000 	C:\Program Files (x86)\Google\Drive\Microsoft.VC90.CRT\MSVCP90.dll
0x00000000735c0000 - 0x0000000073663000 	C:\Program Files (x86)\Google\Drive\Microsoft.VC90.CRT\MSVCR90.dll
0x000007fef30a0000 - 0x000007fef30e0000 	C:\Program Files (x86)\Dropbox\Client\DropboxExt64.34.dll
0x000007fef4d60000 - 0x000007fef4d8d000 	C:\Program Files\Common Files\Microsoft Shared\Ink\rtscom.dll
0x0000000071650000 - 0x0000000071661000 	C:\Program Files\Java\jre1.8.0_91\bin\prism_common.dll
0x0000000071960000 - 0x000000007197a000 	C:\Program Files\Java\jre1.8.0_91\bin\net.dll
0x000007fefcce0000 - 0x000007fefcd35000 	C:\Windows\system32\mswsock.dll
0x000007fefccd0000 - 0x000007fefccd7000 	C:\Windows\System32\wship6.dll
0x000000005ef30000 - 0x000000005f0c8000 	C:\Program Files\Java\jre1.8.0_91\bin\awt.dll
0x000007fefcd40000 - 0x000007fefcd57000 	C:\Windows\system32\CRYPTSP.dll
0x000007fefca40000 - 0x000007fefca87000 	C:\Windows\system32\rsaenh.dll
0x000007fefc7c0000 - 0x000007fefc7de000 	C:\Windows\system32\USERENV.dll
0x000007fefba40000 - 0x000007fefba67000 	C:\Windows\system32\IPHLPAPI.DLL
0x000007fefba30000 - 0x000007fefba3b000 	C:\Windows\system32\WINNSI.DLL
0x000007fefb840000 - 0x000007fefb858000 	C:\Windows\system32\dhcpcsvc.DLL
0x000007fefb820000 - 0x000007fefb831000 	C:\Windows\system32\dhcpcsvc6.DLL
0x0000000012310000 - 0x0000000012357000 	C:\Program Files\Java\jre1.8.0_91\bin\fontmanager.dll
0x0000000071880000 - 0x0000000071891000 	C:\Program Files\Java\jre1.8.0_91\bin\nio.dll
0x0000000057ed0000 - 0x0000000057f12000 	C:\Program Files\Java\jre1.8.0_91\bin\t2k.dll
0x0000000058040000 - 0x000000005806a000 	C:\Program Files\Java\jre1.8.0_91\bin\dcpr.dll
0x000000006e740000 - 0x000000006fda5000 	C:\Users\Toby\AppData\Local\Temp\xuggle\xuggle3721578352186883064.dll
0x000007fef4e40000 - 0x000007fef4e57000 	C:\Windows\system32\AVICAP32.dll
0x000007fef4e10000 - 0x000007fef4e39000 	C:\Windows\system32\MSVFW32.dll
0x000007feef7a0000 - 0x000007feef8c5000 	C:\Windows\system32\dbghelp.dll

VM Arguments:
jvm_args: -Dfile.encoding=Cp1252 
java_command: application.Main
java_class_path (initial): C:\Users\Toby\git\Drone_group_11\Drone_group_11\bin;C:\Users\Toby\Downloads\eclipse-jee-mars-2-win32-x86_64\eclipse\plugins\org.eclipse.fx.ide.css.jfx8_2.3.0.201603030809.jar;C:\Users\Toby\Downloads\JAVACV_JAR-2016-06-03\JAVACV JAR\javacv-bin\artoolkitplus.jar;C:\Users\Toby\Downloads\JAVACV_JAR-2016-06-03\JAVACV JAR\javacv-bin\artoolkitplus-android-arm.jar;C:\Users\Toby\Downloads\JAVACV_JAR-2016-06-03\JAVACV JAR\javacv-bin\artoolkitplus-android-x86.jar;C:\Users\Toby\Downloads\JAVACV_JAR-2016-06-03\JAVACV JAR\javacv-bin\artoolkitplus-linux-x86.jar;C:\Users\Toby\Downloads\JAVACV_JAR-2016-06-03\JAVACV JAR\javacv-bin\artoolkitplus-linux-x86_64.jar;C:\Users\Toby\Downloads\JAVACV_JAR-2016-06-03\JAVACV JAR\javacv-bin\artoolkitplus-macosx-x86_64.jar;C:\Users\Toby\Downloads\JAVACV_JAR-2016-06-03\JAVACV JAR\javacv-bin\artoolkitplus-windows-x86.jar;C:\Users\Toby\Downloads\JAVACV_JAR-2016-06-03\JAVACV JAR\javacv-bin\artoolkitplus-windows-x86_64.jar;C:\Users\Toby\Downloads\JAVACV_JAR-2016-06-03\JAVACV JAR\javacv-bin\ffmpeg.jar;C:\Users\Toby\Downloads\JAVACV_JAR-2016-06-03\JAVACV JAR\javacv-bin\ffmpeg-android-arm.jar;C:\Users\Toby\Downloads\JAVACV_JAR-2016-06-03\JAVACV JAR\javacv-bin\ffmpeg-android-x86.jar;C:\Users\Toby\Downloads\JAVACV_JAR-2016-06-03\JAVACV JAR\javacv-bin\ffmpeg-linux-x86.jar;C:\Users\Toby\Downloads\JAVACV_JAR-2016-06-03\JAVACV JAR\javacv-bin\ffmpeg-linux-x86_64.jar;C:\Users\Toby\Downloads\JAVACV_JAR-2016-06-03\JAVACV JAR\javacv-bin\ffmpeg-macosx-x86_64.jar;C:\Users\Toby\Downloads\JAVACV_JAR-2016-06-03\JAVACV JAR\javacv-bin\ffmpeg-windows-x86.jar;C:\Users\Toby\Downloads\JAVACV_JAR-2016-06-03\JAVACV JAR\javacv-bin\ffmpeg-windows-x86_64.jar;C:\Users\Toby\Downloads\JAVACV_JAR-2016-06-03\JAVACV JAR\javacv-bin\flandmark.jar;C:\Users\Toby\Downloads\JAVACV_JAR-2016-06-03\JAVACV JAR\javacv-bin\flandmark-android-arm.jar;C:\Users\Toby\Downloads\JAVACV_JAR-2016-06-03\JAVACV JAR\javacv-bin\flandmark-android-x86.jar;C:\Users\Toby\Downloads\JAVACV
Launcher Type: SUN_STANDARD

Environment Variables:
PATH=C:/Program Files/Java/jre1.8.0_91/bin/server;C:/Program Files/Java/jre1.8.0_91/bin;C:/Program Files/Java/jre1.8.0_91/lib/amd64;C:\Program Files (x86)\Intel\iCLS Client\;C:\Program Files\Intel\iCLS Client\;C:\ProgramData\Oracle\Java\javapath;C:\Windows\system32;C:\Windows;C:\Windows\System32\Wbem;C:\Windows\System32\WindowsPowerShell\v1.0\;C:\Program Files (x86)\Intel\OpenCL SDK\3.0\bin\x86;C:\Program Files (x86)\Intel\OpenCL SDK\3.0\bin\x64;C:\Program Files\Intel\WiFi\bin\;C:\Program Files\Common Files\Intel\WirelessCommon\;C:\Program Files\Intel\Intel(R) Management Engine Components\DAL;C:\Program Files\Intel\Intel(R) Management Engine Components\IPT;C:\Program Files (x86)\Intel\Intel(R) Management Engine Components\DAL;C:\Program Files (x86)\Intel\Intel(R) Management Engine Components\IPT;C:\Program Files (x86)\Skype\Phone\;C:\Program Files\Intel\WiFi\bin\;C:\Program Files\Common Files\Intel\WirelessCommon\;C:\Users\Toby\Downloads\eclipse-jee-mars-2-win32-x86_64\eclipse;
USERNAME=Toby
OS=Windows_NT
PROCESSOR_IDENTIFIER=Intel64 Family 6 Model 60 Stepping 3, GenuineIntel



---------------  S Y S T E M  ---------------

OS: Windows 7 , 64 bit Build 7601 (6.1.7601.17514)

CPU:total 4 (2 cores per cpu, 2 threads per core) family 6 model 60 stepping 3, cmov, cx8, fxsr, mmx, sse, sse2, sse3, ssse3, sse4.1, sse4.2, popcnt, avx, avx2, aes, clmul, erms, lzcnt, ht, tsc, tscinvbit, bmi1, bmi2

Memory: 4k page, physical 8084660k(4097672k free), swap 16167476k(11352640k free)

vm_info: Java HotSpot(TM) 64-Bit Server VM (25.91-b14) for windows-amd64 JRE (1.8.0_91-b14), built on Apr  1 2016 00:58:32 by "java_re" with MS VC++ 10.0 (VS2010)

time: Mon Jun 20 19:54:34 2016
elapsed time: 26 seconds (0d 0h 0m 26s)

