#
# A fatal error has been detected by the Java Runtime Environment:
#
#  EXCEPTION_ACCESS_VIOLATION (0xc0000005) at pc=0x000007fee6f02099, pid=5012, tid=7188
#
# JRE version: Java(TM) SE Runtime Environment (8.0_91-b14) (build 1.8.0_91-b14)
# Java VM: Java HotSpot(TM) 64-Bit Server VM (25.91-b14 mixed mode windows-amd64 compressed oops)
# Problematic frame:
# C  [jniopencv_core.dll+0x2099]
#
# Failed to write core dump. Minidumps are not enabled by default on client versions of Windows
#
# If you would like to submit a bug report, please visit:
#   http://bugreport.java.com/bugreport/crash.jsp
# The crash happened outside the Java Virtual Machine in native code.
# See problematic frame for where to report the bug.
#

---------------  T H R E A D  ---------------

Current thread (0x000000005c848800):  JavaThread "pool-4-thread-1" [_thread_in_native, id=7188, stack(0x0000000060f80000,0x0000000061080000)]

siginfo: ExceptionCode=0xc0000005, reading address 0x0000000000000038

Registers:
RAX=0x0000000000000001, RBX=0x0000000000000000, RCX=0x0000000000000000, RDX=0x000000005bc81b60
RSP=0x000000006107e8e0, RBP=0x000000005bc81b60, RSI=0x000000006107ea40, RDI=0x000000005bc81b60
R8 =0x0000000000000032, R9 =0x00000000d8379d28, R10=0x0000000000000016, R11=0x0000000068cb4c18
R12=0x0000000000000000, R13=0x000000005c4a4138, R14=0x000000005f1cfb10, R15=0x0000000000000000
RIP=0x000007fee6f02099, EFLAGS=0x0000000000010202

Top of Stack: (sp=0x000000006107e8e0)
0x000000006107e8e0:   000000005c4a4140 000000006107ea40
0x000000006107e8f0:   000000005c6e6b40 000000006856a606
0x000000006107e900:   0000000000000000 000007fee6f01db4
0x000000006107e910:   00000000000003d8 0000000058ceebb0
0x000000006107e920:   000000005c4a4140 000000005c848800
0x000000006107e930:   000000006107ea28 000007fee6f84658
0x000000006107e940:   000000005c8489f8 0000000002827dc6
0x000000006107e950:   0000000000000000 000000005c848800
0x000000006107e960:   000000005c848800 000000006107ea40
0x000000006107e970:   0000000002817ff0 0000000002827f34
0x000000006107e980:   000000006107ea08 000000005c4a4140
0x000000006107e990:   00000000117ab000 0000000002827cab
0x000000006107e9a0:   000000005c848800 000000005c4a4140
0x000000006107e9b0:   00000000117ab000 000000005c848800
0x000000006107e9c0:   0000000002827c62 000000006107e9c8
0x000000006107e9d0:   000000005c4a4138 000000006107ea40 

Instructions: (pc=0x000007fee6f02099)
0x000007fee6f02079:   30 ff 15 c8 63 0f 00 48 8b c3 48 83 c4 50 5b c3
0x000007fee6f02089:   cc cc cc cc cc cc cc 40 53 48 83 ec 20 48 8b d9
0x000007fee6f02099:   48 8b 49 38 48 85 c9 74 16 83 c8 ff f0 0f c1 41
0x000007fee6f020a9:   14 83 f8 01 75 09 48 8b cb ff 15 08 63 0f 00 45 


Register to memory mapping:

RAX=0x0000000000000001 is an unknown value
RBX=0x0000000000000000 is an unknown value
RCX=0x0000000000000000 is an unknown value
RDX=0x000000005bc81b60 is an unknown value
RSP=0x000000006107e8e0 is pointing into the stack for thread: 0x000000005c848800
RBP=0x000000005bc81b60 is an unknown value
RSI=0x000000006107ea40 is pointing into the stack for thread: 0x000000005c848800
RDI=0x000000005bc81b60 is an unknown value
R8 =0x0000000000000032 is an unknown value
R9 =0x00000000d8379d28 is an oop
org.bytedeco.javacpp.opencv_core$Mat 
 - klass: 'org/bytedeco/javacpp/opencv_core$Mat'
R10=0x0000000000000016 is an unknown value
R11=0x0000000068cb4c18 is an unknown value
R12=0x0000000000000000 is an unknown value
R13=0x000000005c4a4138 is pointing into metadata
R14=0x000000005f1cfb10 is an unknown value
R15=0x0000000000000000 is an unknown value


Stack: [0x0000000060f80000,0x0000000061080000],  sp=0x000000006107e8e0,  free space=1018k
Native frames: (J=compiled Java code, j=interpreted, Vv=VM code, C=native code)
C  [jniopencv_core.dll+0x2099]
C  [jniopencv_core.dll+0x1db4]
C  [jniopencv_core.dll+0x84658]
C  0x0000000002827f34

Java frames: (J=compiled Java code, j=interpreted, Vv=VM code)
j  org.bytedeco.javacpp.opencv_core$MatVector.put(JLorg/bytedeco/javacpp/opencv_core$Mat;)Lorg/bytedeco/javacpp/opencv_core$MatVector;+0
j  picture.PictureProcessingHelper.findQrContours(Lorg/bytedeco/javacpp/opencv_core$Mat;)Lorg/bytedeco/javacpp/opencv_core$MatVector;+146
j  picture.PictureController.scanSequence(Lorg/bytedeco/javacpp/opencv_core$Mat;)V+5
j  picture.PictureController$5.run()V+215
j  java.util.concurrent.Executors$RunnableAdapter.call()Ljava/lang/Object;+4
j  java.util.concurrent.FutureTask.runAndReset()Z+47
j  java.util.concurrent.ScheduledThreadPoolExecutor$ScheduledFutureTask.access$301(Ljava/util/concurrent/ScheduledThreadPoolExecutor$ScheduledFutureTask;)Z+1
j  java.util.concurrent.ScheduledThreadPoolExecutor$ScheduledFutureTask.run()V+37
j  java.util.concurrent.ThreadPoolExecutor.runWorker(Ljava/util/concurrent/ThreadPoolExecutor$Worker;)V+95
j  java.util.concurrent.ThreadPoolExecutor$Worker.run()V+5
j  java.lang.Thread.run()V+11
v  ~StubRoutines::call_stub

---------------  P R O C E S S  ---------------

Java Threads: ( => current thread )
  0x000000005c88a800 JavaThread "Java2D Disposer" daemon [_thread_blocked, id=7836, stack(0x0000000061840000,0x0000000061940000)]
=>0x000000005c848800 JavaThread "pool-4-thread-1" [_thread_in_native, id=7188, stack(0x0000000060f80000,0x0000000061080000)]
  0x000000005cae7000 JavaThread "Prism Font Disposer" daemon [_thread_blocked, id=9032, stack(0x000000005e6f0000,0x000000005e7f0000)]
  0x000000005956c000 JavaThread "Thread-3" daemon [_thread_in_native, id=440, stack(0x000000005c280000,0x000000005c380000)]
  0x0000000059573000 JavaThread "JavaFX-Launcher" [_thread_blocked, id=5816, stack(0x000000005c380000,0x000000005c480000)]
  0x0000000059532800 JavaThread "JavaFX Application Thread" [_thread_in_native, id=3464, stack(0x000000005a750000,0x000000005a850000)]
  0x0000000059523800 JavaThread "Thread-1" daemon [_thread_blocked, id=7352, stack(0x000000005a4e0000,0x000000005a5e0000)]
  0x0000000059525800 JavaThread "QuantumRenderer-0" daemon [_thread_blocked, id=6784, stack(0x0000000059dc0000,0x0000000059ec0000)]
  0x0000000058d50000 JavaThread "Service Thread" daemon [_thread_blocked, id=8460, stack(0x0000000059280000,0x0000000059380000)]
  0x0000000058cdd000 JavaThread "C1 CompilerThread2" daemon [_thread_blocked, id=9068, stack(0x0000000058a50000,0x0000000058b50000)]
  0x0000000058cdc000 JavaThread "C2 CompilerThread1" daemon [_thread_in_native, id=7076, stack(0x00000000590e0000,0x00000000591e0000)]
  0x000000005742e000 JavaThread "C2 CompilerThread0" daemon [_thread_blocked, id=8376, stack(0x0000000058bd0000,0x0000000058cd0000)]
  0x000000005742c000 JavaThread "Attach Listener" daemon [_thread_blocked, id=7648, stack(0x0000000058580000,0x0000000058680000)]
  0x0000000057429000 JavaThread "Signal Dispatcher" daemon [_thread_blocked, id=7436, stack(0x0000000058950000,0x0000000058a50000)]
  0x000000005740f000 JavaThread "Finalizer" daemon [_thread_blocked, id=6644, stack(0x0000000058800000,0x0000000058900000)]
  0x00000000573c8800 JavaThread "Reference Handler" daemon [_thread_blocked, id=8360, stack(0x00000000586c0000,0x00000000587c0000)]
  0x000000000230e800 JavaThread "main" [_thread_blocked, id=4720, stack(0x0000000002390000,0x0000000002490000)]

Other Threads:
  0x00000000573c1000 VMThread [stack: 0x0000000058440000,0x0000000058540000] [id=7848]
  0x0000000058d79800 WatcherThread [stack: 0x0000000059410000,0x0000000059510000] [id=7312]

VM state:not at safepoint (normal execution)

VM Mutex/Monitor currently owned by a thread: None

Heap:
 PSYoungGen      total 36864K, used 32727K [0x00000000d6e00000, 0x00000000d9700000, 0x0000000100000000)
  eden space 31744K, 88% used [0x00000000d6e00000,0x00000000d8975178,0x00000000d8d00000)
  from space 5120K, 90% used [0x00000000d8d00000,0x00000000d9180b20,0x00000000d9200000)
  to   space 5120K, 0% used [0x00000000d9200000,0x00000000d9200000,0x00000000d9700000)
 ParOldGen       total 84992K, used 72K [0x0000000084a00000, 0x0000000089d00000, 0x00000000d6e00000)
  object space 84992K, 0% used [0x0000000084a00000,0x0000000084a12010,0x0000000089d00000)
 Metaspace       used 18046K, capacity 18586K, committed 18688K, reserved 1064960K
  class space    used 2399K, capacity 2558K, committed 2560K, reserved 1048576K

Card table byte_map: [0x0000000011bd0000,0x0000000011fb0000] byte_map_base: 0x00000000117ab000

Marking Bits: (ParMarkBitMap*) 0x0000000068cc2f70
 Begin Bits: [0x00000000128a0000, 0x0000000014778000)
 End Bits:   [0x0000000014778000, 0x0000000016650000)

Polling page: 0x0000000000420000

CodeCache: size=245760Kb used=5320Kb max_used=5320Kb free=240439Kb
 bounds [0x0000000002810000, 0x0000000002d50000, 0x0000000011810000]
 total_blobs=2310 nmethods=1529 adapters=693
 compilation: enabled

Compilation events (10 events):
Event: 2.694 Thread 0x0000000058cdd000 1528       3       java.nio.ByteBuffer::array (35 bytes)
Event: 2.694 Thread 0x0000000058cdd000 nmethod 1528 0x0000000002d3df50 code [0x0000000002d3e0e0, 0x0000000002d3e3f8]
Event: 2.694 Thread 0x0000000058cdd000 1525       1       com.sun.prism.impl.BaseGraphics::isDepthBuffer (5 bytes)
Event: 2.695 Thread 0x0000000058cdd000 nmethod 1525 0x0000000002d40350 code [0x0000000002d404a0, 0x0000000002d405b0]
Event: 2.695 Thread 0x0000000058cdd000 1527       1       com.sun.javafx.geom.transform.BaseTransform::getMzt (2 bytes)
Event: 2.695 Thread 0x0000000058cdd000 nmethod 1527 0x0000000002d40090 code [0x0000000002d401e0, 0x0000000002d402f0]
Event: 2.695 Thread 0x0000000058cdd000 1529       1       com.sun.javafx.sg.prism.NGNode::getNodeBlendMode (5 bytes)
Event: 2.695 Thread 0x0000000058cdd000 nmethod 1529 0x0000000002d42e10 code [0x0000000002d42f60, 0x0000000002d43070]
Event: 2.695 Thread 0x0000000058cdd000 1526       1       com.sun.prism.paint.Paint$Type::isGradient (5 bytes)
Event: 2.695 Thread 0x0000000058cdd000 nmethod 1526 0x0000000002d42b50 code [0x0000000002d42ca0, 0x0000000002d42db0]

GC Heap History (2 events):
Event: 0.780 GC heap before
{Heap before GC invocations=1 (full 0):
 PSYoungGen      total 36864K, used 31744K [0x00000000d6e00000, 0x00000000d9700000, 0x0000000100000000)
  eden space 31744K, 100% used [0x00000000d6e00000,0x00000000d8d00000,0x00000000d8d00000)
  from space 5120K, 0% used [0x00000000d9200000,0x00000000d9200000,0x00000000d9700000)
  to   space 5120K, 0% used [0x00000000d8d00000,0x00000000d8d00000,0x00000000d9200000)
 ParOldGen       total 84992K, used 0K [0x0000000084a00000, 0x0000000089d00000, 0x00000000d6e00000)
  object space 84992K, 0% used [0x0000000084a00000,0x0000000084a00000,0x0000000089d00000)
 Metaspace       used 12650K, capacity 13024K, committed 13440K, reserved 1060864K
  class space    used 1668K, capacity 1801K, committed 1920K, reserved 1048576K
Event: 0.786 GC heap after
Heap after GC invocations=1 (full 0):
 PSYoungGen      total 36864K, used 4610K [0x00000000d6e00000, 0x00000000d9700000, 0x0000000100000000)
  eden space 31744K, 0% used [0x00000000d6e00000,0x00000000d6e00000,0x00000000d8d00000)
  from space 5120K, 90% used [0x00000000d8d00000,0x00000000d9180b20,0x00000000d9200000)
  to   space 5120K, 0% used [0x00000000d9200000,0x00000000d9200000,0x00000000d9700000)
 ParOldGen       total 84992K, used 72K [0x0000000084a00000, 0x0000000089d00000, 0x00000000d6e00000)
  object space 84992K, 0% used [0x0000000084a00000,0x0000000084a12010,0x0000000089d00000)
 Metaspace       used 12650K, capacity 13024K, committed 13440K, reserved 1060864K
  class space    used 1668K, capacity 1801K, committed 1920K, reserved 1048576K
}

Deoptimization events (10 events):
Event: 0.883 Thread 0x0000000059532800 Uncommon trap: reason=class_check action=maybe_recompile pc=0x0000000002b35210 method=java.io.DataInputStream.readShort()S @ 4
Event: 0.888 Thread 0x0000000059532800 Uncommon trap: reason=class_check action=maybe_recompile pc=0x000000000292e560 method=java.lang.String.equals(Ljava/lang/Object;)Z @ 8
Event: 0.888 Thread 0x0000000059532800 Uncommon trap: reason=class_check action=maybe_recompile pc=0x000000000292e560 method=java.lang.String.equals(Ljava/lang/Object;)Z @ 8
Event: 0.888 Thread 0x0000000059532800 Uncommon trap: reason=class_check action=maybe_recompile pc=0x000000000292e560 method=java.lang.String.equals(Ljava/lang/Object;)Z @ 8
Event: 0.892 Thread 0x0000000059532800 Uncommon trap: reason=class_check action=maybe_recompile pc=0x000000000292e560 method=java.lang.String.equals(Ljava/lang/Object;)Z @ 8
Event: 0.917 Thread 0x0000000059532800 Uncommon trap: reason=unstable_if action=reinterpret pc=0x0000000002b7fc08 method=java.lang.String.regionMatches(ZILjava/lang/String;II)Z @ 123
Event: 0.927 Thread 0x0000000059532800 Uncommon trap: reason=unstable_if action=reinterpret pc=0x0000000002bd4344 method=java.util.HashMap.putVal(ILjava/lang/Object;Ljava/lang/Object;ZZ)Ljava/lang/Object; @ 193
Event: 1.925 Thread 0x0000000059532800 Uncommon trap: reason=unstable_if action=reinterpret pc=0x0000000002bf88e8 method=jdk.internal.org.objectweb.asm.Type.getArgumentsAndReturnSizes(Ljava/lang/String;)I @ 47
Event: 2.651 Thread 0x000000005c848800 Uncommon trap: reason=unstable_if action=reinterpret pc=0x0000000002d36a34 method=org.bytedeco.javacv.Java2DFrameConverter.flipCopyWithGamma(Ljava/nio/ByteBuffer;ILjava/nio/ByteBuffer;IZDZI)V @ 50
Event: 2.655 Thread 0x000000005c848800 Uncommon trap: reason=unstable_if action=reinterpret pc=0x0000000002d3beb8 method=com.sun.javafx.image.impl.IntTo4ByteSameConverter.doConvert([III[BIIII)V @ 29

Internal exceptions (10 events):
Event: 0.312 Thread 0x0000000059532800 Exception <a 'java/security/PrivilegedActionException'> (0x00000000d7ac8af0) thrown at [C:\re\workspace\8-2-build-windows-amd64-cygwin\jdk8u91\6644\hotspot\src\share\vm\prims\jvm.cpp, line 1386]
Event: 0.312 Thread 0x0000000059532800 Exception <a 'java/security/PrivilegedActionException'> (0x00000000d7ac8ee8) thrown at [C:\re\workspace\8-2-build-windows-amd64-cygwin\jdk8u91\6644\hotspot\src\share\vm\prims\jvm.cpp, line 1386]
Event: 0.617 Thread 0x0000000059532800 Exception <a 'java/lang/NullPointerException'> (0x00000000d8634688) thrown at [C:\re\workspace\8-2-build-windows-amd64-cygwin\jdk8u91\6644\hotspot\src\share\vm\interpreter\linkResolver.cpp, line 1178]
Event: 0.617 Thread 0x0000000059532800 Exception <a 'java/lang/NullPointerException'> (0x00000000d8634688) thrown at [C:\re\workspace\8-2-build-windows-amd64-cygwin\jdk8u91\6644\hotspot\src\share\vm\prims\jvm.cpp, line 1390]
Event: 0.703 Thread 0x0000000059532800 Exception <a 'java/lang/ArrayIndexOutOfBoundsException'> (0x00000000d8a4f630) thrown at [C:\re\workspace\8-2-build-windows-amd64-cygwin\jdk8u91\6644\hotspot\src\share\vm\runtime\sharedRuntime.cpp, line 605]
Event: 0.704 Thread 0x0000000059532800 Exception <a 'java/lang/ArrayIndexOutOfBoundsException'> (0x00000000d8a50330) thrown at [C:\re\workspace\8-2-build-windows-amd64-cygwin\jdk8u91\6644\hotspot\src\share\vm\runtime\sharedRuntime.cpp, line 605]
Event: 0.704 Thread 0x0000000059532800 Exception <a 'java/lang/ArrayIndexOutOfBoundsException'> (0x00000000d8a516d8) thrown at [C:\re\workspace\8-2-build-windows-amd64-cygwin\jdk8u91\6644\hotspot\src\share\vm\runtime\sharedRuntime.cpp, line 605]
Event: 0.849 Thread 0x0000000059532800 Exception <a 'java/io/FileNotFoundException'> (0x00000000d70349b0) thrown at [C:\re\workspace\8-2-build-windows-amd64-cygwin\jdk8u91\6644\hotspot\src\share\vm\prims\jni.cpp, line 709]
Event: 2.543 Thread 0x000000005c848800 Exception <a 'java/io/FileNotFoundException'> (0x00000000d7c1a7d8) thrown at [C:\re\workspace\8-2-build-windows-amd64-cygwin\jdk8u91\6644\hotspot\src\share\vm\prims\jni.cpp, line 709]
Event: 2.567 Thread 0x000000005c848800 Exception <a 'java/io/FileNotFoundException'> (0x00000000d7c38798) thrown at [C:\re\workspace\8-2-build-windows-amd64-cygwin\jdk8u91\6644\hotspot\src\share\vm\prims\jni.cpp, line 709]

Events (10 events):
Event: 2.647 Thread 0x000000005c848800 DEOPT PACKING pc=0x0000000002d340d3 sp=0x000000006107e760
Event: 2.647 Thread 0x000000005c848800 DEOPT UNPACKING pc=0x000000000285787f sp=0x000000006107e4d0 mode 0
Event: 2.651 Thread 0x000000005c848800 Uncommon trap: trap_request=0xffffff65 fr.pc=0x0000000002d36a34
Event: 2.651 Thread 0x000000005c848800 DEOPT PACKING pc=0x0000000002d36a34 sp=0x000000006107e780
Event: 2.651 Thread 0x000000005c848800 DEOPT UNPACKING pc=0x000000000285582a sp=0x000000006107e750 mode 2
Event: 2.654 Thread 0x000000005c848800 DEOPT PACKING pc=0x0000000002d39949 sp=0x000000006107e700
Event: 2.654 Thread 0x000000005c848800 DEOPT UNPACKING pc=0x000000000285787f sp=0x000000006107e430 mode 0
Event: 2.655 Thread 0x000000005c848800 Uncommon trap: trap_request=0xffffff65 fr.pc=0x0000000002d3beb8
Event: 2.655 Thread 0x000000005c848800 DEOPT PACKING pc=0x0000000002d3beb8 sp=0x000000006107e6d0
Event: 2.655 Thread 0x000000005c848800 DEOPT UNPACKING pc=0x000000000285582a sp=0x000000006107e6b0 mode 2


Dynamic libraries:
0x000000013f7f0000 - 0x000000013f827000 	C:\Program Files\Java\jre1.8.0_91\bin\javaw.exe
0x00000000776a0000 - 0x0000000077849000 	C:\Windows\SYSTEM32\ntdll.dll
0x0000000077580000 - 0x000000007769f000 	C:\Windows\system32\kernel32.dll
0x000007fefd8b0000 - 0x000007fefd91b000 	C:\Windows\system32\KERNELBASE.dll
0x000007fefddc0000 - 0x000007fefde9b000 	C:\Windows\system32\ADVAPI32.dll
0x000007feff7e0000 - 0x000007feff87f000 	C:\Windows\system32\msvcrt.dll
0x000007fefdfd0000 - 0x000007fefdfef000 	C:\Windows\SYSTEM32\sechost.dll
0x000007feff390000 - 0x000007feff4bd000 	C:\Windows\system32\RPCRT4.dll
0x0000000077480000 - 0x000000007757a000 	C:\Windows\system32\USER32.dll
0x000007feff4c0000 - 0x000007feff527000 	C:\Windows\system32\GDI32.dll
0x000007fefdff0000 - 0x000007fefdffe000 	C:\Windows\system32\LPK.dll
0x000007fefdcd0000 - 0x000007fefdd99000 	C:\Windows\system32\USP10.dll
0x000007fefbcb0000 - 0x000007fefbea4000 	C:\Windows\WinSxS\amd64_microsoft.windows.common-controls_6595b64144ccf1df_6.0.7601.17514_none_fa396087175ac9ac\COMCTL32.dll
0x000007fefef80000 - 0x000007fefeff1000 	C:\Windows\system32\SHLWAPI.dll
0x000007fefdc20000 - 0x000007fefdc4e000 	C:\Windows\system32\IMM32.DLL
0x000007feff0a0000 - 0x000007feff1a9000 	C:\Windows\system32\MSCTF.dll
0x000000006b6c0000 - 0x000000006b792000 	C:\Program Files\Java\jre1.8.0_91\bin\msvcr100.dll
0x00000000684b0000 - 0x0000000068d43000 	C:\Program Files\Java\jre1.8.0_91\bin\server\jvm.dll
0x000007fef6bb0000 - 0x000007fef6bb9000 	C:\Windows\system32\WSOCK32.dll
0x000007feff880000 - 0x000007feff8cd000 	C:\Windows\system32\WS2_32.dll
0x000007fefe000000 - 0x000007fefe008000 	C:\Windows\system32\NSI.dll
0x000007fef9b90000 - 0x000007fef9bcb000 	C:\Windows\system32\WINMM.dll
0x000007fefc750000 - 0x000007fefc75c000 	C:\Windows\system32\VERSION.dll
0x0000000077860000 - 0x0000000077867000 	C:\Windows\system32\PSAPI.DLL
0x0000000073bd0000 - 0x0000000073bdf000 	C:\Program Files\Java\jre1.8.0_91\bin\verify.dll
0x0000000072760000 - 0x0000000072789000 	C:\Program Files\Java\jre1.8.0_91\bin\java.dll
0x0000000073710000 - 0x0000000073726000 	C:\Program Files\Java\jre1.8.0_91\bin\zip.dll
0x000007fefe010000 - 0x000007fefed98000 	C:\Windows\system32\SHELL32.dll
0x000007feff530000 - 0x000007feff733000 	C:\Windows\system32\ole32.dll
0x000007fefd5f0000 - 0x000007fefd5ff000 	C:\Windows\system32\profapi.dll
0x000007feee130000 - 0x000007feee21f000 	C:\Program Files\Java\jre1.8.0_91\bin\msvcr120.dll
0x000007feee080000 - 0x000007feee126000 	C:\Program Files\Java\jre1.8.0_91\bin\msvcp120.dll
0x000000006fd90000 - 0x000000006fdb3000 	C:\Program Files\Java\jre1.8.0_91\bin\prism_d3d.dll
0x000007fee7480000 - 0x000007fee767f000 	C:\Windows\system32\d3d9.dll
0x000007fefa220000 - 0x000007fefa227000 	C:\Windows\system32\d3d8thk.dll
0x000007fef9e50000 - 0x000007fef9e68000 	C:\Windows\system32\dwmapi.dll
0x000007fefa930000 - 0x000007fefa986000 	C:\Windows\system32\uxtheme.dll
0x000007fee1d70000 - 0x000007fee25bd000 	C:\Windows\system32\igdumdim64.dll
0x000007fef3630000 - 0x000007fef3a64000 	C:\Windows\system32\igdusc64.dll
0x000000006c500000 - 0x000000006c543000 	C:\Program Files\Java\jre1.8.0_91\bin\glass.dll
0x000007feff000000 - 0x000007feff097000 	C:\Windows\system32\COMDLG32.dll
0x000007feff8d0000 - 0x000007feff9a7000 	C:\Windows\system32\OLEAUT32.dll
0x000007fefd520000 - 0x000007fefd52f000 	C:\Windows\system32\CRYPTBASE.dll
0x000007fee7390000 - 0x000007fee747f000 	C:\Users\Toby\AppData\Local\Temp\javacpp196029372446059\msvcr120.dll
0x000007fee78c0000 - 0x000007fee7966000 	C:\Users\Toby\AppData\Local\Temp\javacpp196029372446059\msvcp120.dll
0x000007fee3fb0000 - 0x000007fee4231000 	C:\Users\Toby\AppData\Local\Temp\javacpp196029372446059\opencv_core300.dll
0x000007fee2a90000 - 0x000007fee2e0f000 	C:\Users\Toby\AppData\Local\Temp\javacpp196029372446059\opencv_imgproc300.dll
0x000007fee6f00000 - 0x000007fee70b8000 	C:\Users\Toby\AppData\Local\Temp\javacpp196029372446059\jniopencv_core.dll
0x000000006b6a0000 - 0x000000006b6b4000 	C:\Program Files\Java\jre1.8.0_91\bin\javafx_font.dll
0x000007fee4d40000 - 0x000007fee4ebe000 	C:\Windows\system32\dwrite.dll
0x000007feff740000 - 0x000007feff7d9000 	C:\Windows\system32\CLBCatQ.DLL
0x000007fef4c30000 - 0x000007fef4d5a000 	C:\Windows\system32\WindowsCodecs.dll
0x000007fefd4c0000 - 0x000007fefd517000 	C:\Windows\system32\apphelp.dll
0x000007fef3570000 - 0x000007fef3630000 	C:\Program Files (x86)\Google\Drive\googledrivesync64.dll
0x00000000737f0000 - 0x00000000738c3000 	C:\Program Files (x86)\Google\Drive\Microsoft.VC90.CRT\MSVCP90.dll
0x0000000073740000 - 0x00000000737e3000 	C:\Program Files (x86)\Google\Drive\Microsoft.VC90.CRT\MSVCR90.dll
0x000007fef34a0000 - 0x000007fef34e0000 	C:\Program Files (x86)\Dropbox\Client\DropboxExt64.34.dll
0x000007fef22a0000 - 0x000007fef22cd000 	C:\Program Files\Common Files\Microsoft Shared\Ink\rtscom.dll
0x000000006b680000 - 0x000000006b691000 	C:\Program Files\Java\jre1.8.0_91\bin\prism_common.dll
0x000007feef840000 - 0x000007feef864000 	C:\Users\Toby\AppData\Local\Temp\javacpp196029372446059\jnivideoInputLib.dll
0x000007fef0dd0000 - 0x000007fef0de6000 	C:\Windows\system32\devenum.dll
0x000007feff1b0000 - 0x000007feff387000 	C:\Windows\system32\setupapi.dll
0x000007fefd830000 - 0x000007fefd866000 	C:\Windows\system32\CFGMGR32.dll
0x000007fefd6a0000 - 0x000007fefd6ba000 	C:\Windows\system32\DEVOBJ.dll
0x000007fefc3f0000 - 0x000007fefc41d000 	C:\Windows\system32\ntmarta.dll
0x000007fefeda0000 - 0x000007fefedf2000 	C:\Windows\system32\WLDAP32.dll
0x000007fefd870000 - 0x000007fefd8aa000 	C:\Windows\system32\WINTRUST.dll
0x000007fefd6c0000 - 0x000007fefd827000 	C:\Windows\system32\CRYPT32.dll
0x000007fefd690000 - 0x000007fefd69f000 	C:\Windows\system32\MSASN1.dll
0x000007fef0990000 - 0x000007fef099d000 	C:\Windows\system32\msdmo.dll
0x000007feef250000 - 0x000007feef27f000 	C:\Windows\system32\qcap.dll
0x000007fee3940000 - 0x000007fee3af2000 	C:\Windows\system32\quartz.dll
0x000007feee350000 - 0x000007feee391000 	C:\Windows\system32\ksproxy.ax
0x00000000753b0000 - 0x00000000753b6000 	C:\Windows\system32\ksuser.dll
0x000007feef220000 - 0x000007feef244000 	C:\Windows\system32\kswdmcap.ax
0x000007fee2930000 - 0x000007fee2a8c000 	C:\Windows\system32\MFC42.dll
0x000007fee4c80000 - 0x000007fee4d31000 	C:\Windows\system32\ODBC32.dll
0x000000006b550000 - 0x000000006b588000 	C:\Windows\system32\odbcint.dll
0x000007fef94d0000 - 0x000007fef94db000 	C:\Windows\system32\vidcap.ax
0x000007feedfe0000 - 0x000007feee07b000 	C:\Windows\System32\qedit.dll
0x000007feee320000 - 0x000007feee349000 	C:\Windows\System32\MSVFW32.dll
0x000007fef9bd0000 - 0x000007fef9de5000 	C:\Windows\WinSxS\amd64_microsoft.windows.gdiplus_6595b64144ccf1df_1.1.7601.17514_none_2b24536c71ed437a\gdiplus.dll
0x000007fef1400000 - 0x000007fef14f1000 	C:\Windows\system32\DDRAW.dll
0x000007fef13f0000 - 0x000007fef13f8000 	C:\Windows\system32\DCIMAN32.dll
0x000007fee72e0000 - 0x000007fee7385000 	C:\Users\Toby\AppData\Local\Temp\javacpp196029372446059\jniopencv_imgproc.dll
0x0000000067d20000 - 0x0000000067eb8000 	C:\Program Files\Java\jre1.8.0_91\bin\awt.dll
0x000007fef0f90000 - 0x000007fef10b5000 	C:\Windows\system32\dbghelp.dll

VM Arguments:
jvm_args: -Dfile.encoding=Cp1252 
java_command: application.Main
java_class_path (initial): C:\Users\Toby\git\Drone_group_11\Drone_group_11\bin;C:\Users\Toby\Downloads\eclipse-jee-mars-2-win32-x86_64\eclipse\plugins\org.eclipse.fx.ide.css.jfx8_2.3.0.201603030809.jar;C:\Users\Toby\Downloads\JAVACV_JAR-2016-06-03\JAVACV JAR\javacv-bin\artoolkitplus.jar;C:\Users\Toby\Downloads\JAVACV_JAR-2016-06-03\JAVACV JAR\javacv-bin\artoolkitplus-android-arm.jar;C:\Users\Toby\Downloads\JAVACV_JAR-2016-06-03\JAVACV JAR\javacv-bin\artoolkitplus-android-x86.jar;C:\Users\Toby\Downloads\JAVACV_JAR-2016-06-03\JAVACV JAR\javacv-bin\artoolkitplus-linux-x86.jar;C:\Users\Toby\Downloads\JAVACV_JAR-2016-06-03\JAVACV JAR\javacv-bin\artoolkitplus-linux-x86_64.jar;C:\Users\Toby\Downloads\JAVACV_JAR-2016-06-03\JAVACV JAR\javacv-bin\artoolkitplus-macosx-x86_64.jar;C:\Users\Toby\Downloads\JAVACV_JAR-2016-06-03\JAVACV JAR\javacv-bin\artoolkitplus-windows-x86.jar;C:\Users\Toby\Downloads\JAVACV_JAR-2016-06-03\JAVACV JAR\javacv-bin\artoolkitplus-windows-x86_64.jar;C:\Users\Toby\Downloads\JAVACV_JAR-2016-06-03\JAVACV JAR\javacv-bin\ffmpeg.jar;C:\Users\Toby\Downloads\JAVACV_JAR-2016-06-03\JAVACV JAR\javacv-bin\ffmpeg-android-arm.jar;C:\Users\Toby\Downloads\JAVACV_JAR-2016-06-03\JAVACV JAR\javacv-bin\ffmpeg-android-x86.jar;C:\Users\Toby\Downloads\JAVACV_JAR-2016-06-03\JAVACV JAR\javacv-bin\ffmpeg-linux-x86.jar;C:\Users\Toby\Downloads\JAVACV_JAR-2016-06-03\JAVACV JAR\javacv-bin\ffmpeg-linux-x86_64.jar;C:\Users\Toby\Downloads\JAVACV_JAR-2016-06-03\JAVACV JAR\javacv-bin\ffmpeg-macosx-x86_64.jar;C:\Users\Toby\Downloads\JAVACV_JAR-2016-06-03\JAVACV JAR\javacv-bin\ffmpeg-windows-x86.jar;C:\Users\Toby\Downloads\JAVACV_JAR-2016-06-03\JAVACV JAR\javacv-bin\ffmpeg-windows-x86_64.jar;C:\Users\Toby\Downloads\JAVACV_JAR-2016-06-03\JAVACV JAR\javacv-bin\flandmark.jar;C:\Users\Toby\Downloads\JAVACV_JAR-2016-06-03\JAVACV JAR\javacv-bin\flandmark-android-arm.jar;C:\Users\Toby\Downloads\JAVACV_JAR-2016-06-03\JAVACV JAR\javacv-bin\flandmark-android-x86.jar;C:\Users\Toby\Downloads\JAVACV
Launcher Type: SUN_STANDARD

Environment Variables:
PATH=C:/Program Files/Java/jre1.8.0_91/bin/server;C:/Program Files/Java/jre1.8.0_91/bin;C:/Program Files/Java/jre1.8.0_91/lib/amd64;C:\Program Files (x86)\Intel\iCLS Client\;C:\Program Files\Intel\iCLS Client\;C:\ProgramData\Oracle\Java\javapath;C:\Windows\system32;C:\Windows;C:\Windows\System32\Wbem;C:\Windows\System32\WindowsPowerShell\v1.0\;C:\Program Files (x86)\Intel\OpenCL SDK\3.0\bin\x86;C:\Program Files (x86)\Intel\OpenCL SDK\3.0\bin\x64;C:\Program Files\Intel\WiFi\bin\;C:\Program Files\Common Files\Intel\WirelessCommon\;C:\Program Files\Intel\Intel(R) Management Engine Components\DAL;C:\Program Files\Intel\Intel(R) Management Engine Components\IPT;C:\Program Files (x86)\Intel\Intel(R) Management Engine Components\DAL;C:\Program Files (x86)\Intel\Intel(R) Management Engine Components\IPT;C:\Program Files (x86)\Skype\Phone\;C:\Program Files\Intel\WiFi\bin\;C:\Program Files\Common Files\Intel\WirelessCommon\;C:\Users\Toby\Downloads\eclipse-jee-mars-2-win32-x86_64\eclipse;
USERNAME=Toby
OS=Windows_NT
PROCESSOR_IDENTIFIER=Intel64 Family 6 Model 60 Stepping 3, GenuineIntel



---------------  S Y S T E M  ---------------

OS: Windows 7 , 64 bit Build 7601 (6.1.7601.17514)

CPU:total 4 (2 cores per cpu, 2 threads per core) family 6 model 60 stepping 3, cmov, cx8, fxsr, mmx, sse, sse2, sse3, ssse3, sse4.1, sse4.2, popcnt, avx, avx2, aes, clmul, erms, lzcnt, ht, tsc, tscinvbit, bmi1, bmi2

Memory: 4k page, physical 8084660k(4014724k free), swap 16167476k(10234852k free)

vm_info: Java HotSpot(TM) 64-Bit Server VM (25.91-b14) for windows-amd64 JRE (1.8.0_91-b14), built on Apr  1 2016 00:58:32 by "java_re" with MS VC++ 10.0 (VS2010)

time: Thu Jun 09 15:59:36 2016
elapsed time: 2 seconds (0d 0h 0m 2s)

