#
# A fatal error has been detected by the Java Runtime Environment:
#
#  EXCEPTION_ACCESS_VIOLATION (0xc0000005) at pc=0x0000000077573332, pid=7336, tid=8208
#
# JRE version: Java(TM) SE Runtime Environment (8.0_91-b14) (build 1.8.0_91-b14)
# Java VM: Java HotSpot(TM) 64-Bit Server VM (25.91-b14 mixed mode windows-amd64 compressed oops)
# Problematic frame:
# C  [ntdll.dll+0x53332]
#
# Failed to write core dump. Minidumps are not enabled by default on client versions of Windows
#
# If you would like to submit a bug report, please visit:
#   http://bugreport.java.com/bugreport/crash.jsp
# The crash happened outside the Java Virtual Machine in native code.
# See problematic frame for where to report the bug.
#

---------------  T H R E A D  ---------------

Current thread (0x0000000059958000):  JavaThread "Thread-11" [_thread_in_native, id=8208, stack(0x00000000635a0000,0x00000000636a0000)]

siginfo: ExceptionCode=0xc0000005, writing address 0x0000000000000000

Registers:
RAX=0x0000000000000000, RBX=0x000000005ca2e740, RCX=0x000000ffffffffff, RDX=0x0000000058a8e130
RSP=0x000000006369bda0, RBP=0x0000000000000001, RSI=0x0000000001d00000, RDI=0x0000000058a8e140
R8 =0x0000000000000000, R9 =0x0000058b8e130001, R10=0x0000000000000000, R11=0x0000000000000246
R12=0x0000000000000000, R13=0x0000000100000001, R14=0xffffffff00007fff, R15=0x00000000ffff0000
RIP=0x0000000077573332, EFLAGS=0x0000000000010202

Top of Stack: (sp=0x000000006369bda0)
0x000000006369bda0:   000000000000000e 00000000000000fc
0x000000006369bdb0:   0000000000000000 000000006369be20
0x000000006369bdc0:   0000000000000000 0000000000000000
0x000000006369bdd0:   00000000000016c7 0000000070d0cb38
0x000000006369bde0:   0000000000000001 00000000000016c7
0x000000006369bdf0:   0000000058785a87 00000000000016c7
0x000000006369be00:   0000000001e00260 000000005c4a9ae0
0x000000006369be10:   0000000000000000 000000007742307a
0x000000006369be20:   00000000000016c7 000000005c4aaee0
0x000000006369be30:   000000005ff672d0 0000000000000000
0x000000006369be40:   0000000001e00260 000000005a828d94
0x000000006369be50:   0000000001dfe310 00000000587843c0
0x000000006369be60:   0000cb689450e998 0000000000000000
0x000000006369be70:   000000005c4aaee0 000000007272a2eb
0x000000006369be80:   0000000001e00260 0000000000000000
0x000000006369be90:   000000005c4a9ae0 0000000061f59348 

Instructions: (pc=0x0000000077573332)
0x0000000077573312:   00 00 48 c1 e8 10 66 89 42 10 48 8b c2 49 2b c4
0x0000000077573322:   48 c1 e0 0c 48 25 00 00 ff ff 4c 0b c8 48 8b 03
0x0000000077573332:   48 89 18 49 8b c0 f0 4c 0f b1 4b 10 75 b6 4c 8b
0x0000000077573342:   7c 24 40 4c 8b 74 24 48 4c 8b 6c 24 50 66 45 85 


Register to memory mapping:

RAX=0x0000000000000000 is an unknown value
RBX=0x000000005ca2e740 is an unknown value
RCX=0x000000ffffffffff is an unknown value
RDX=0x0000000058a8e130 is an unknown value
RSP=0x000000006369bda0 is pointing into the stack for thread: 0x0000000059958000
RBP=0x0000000000000001 is an unknown value
RSI=0x0000000001d00000 is an unknown value
RDI=0x0000000058a8e140 is an unknown value
R8 =0x0000000000000000 is an unknown value
R9 =0x0000058b8e130001 is an unknown value
R10=0x0000000000000000 is an unknown value
R11=0x0000000000000246 is an unknown value
R12=0x0000000000000000 is an unknown value
R13=0x0000000100000001 is an unknown value
R14=0xffffffff00007fff is an unknown value
R15=0x00000000ffff0000 is an unallocated location in the heap


Stack: [0x00000000635a0000,0x00000000636a0000],  sp=0x000000006369bda0,  free space=1007k
Native frames: (J=compiled Java code, j=interpreted, Vv=VM code, C=native code)
C  [ntdll.dll+0x53332]
C  [kernel32.dll+0x2307a]
C  [msvcr100.dll+0x68d94]
C  [zip.dll+0xa2eb]
C  [zip.dll+0xa5f2]
V  [jvm.dll+0x5f2cf]
V  [jvm.dll+0x5f3e7]
V  [jvm.dll+0x5f743]
V  [jvm.dll+0x7ba69]
V  [jvm.dll+0x7c347]
V  [jvm.dll+0x7da16]
V  [jvm.dll+0x19067b]
C  [java.dll+0x20bd]
C  0x000000000268a1c9

Java frames: (J=compiled Java code, j=interpreted, Vv=VM code)
J 332  java.lang.ClassLoader.findBootstrapClass(Ljava/lang/String;)Ljava/lang/Class; (0 bytes) @ 0x000000000268a14f [0x000000000268a100+0x4f]
J 226 C1 java.lang.ClassLoader.loadClass(Ljava/lang/String;Z)Ljava/lang/Class; (122 bytes) @ 0x000000000264e9fc [0x000000000264e200+0x7fc]
J 226 C1 java.lang.ClassLoader.loadClass(Ljava/lang/String;Z)Ljava/lang/Class; (122 bytes) @ 0x000000000264e8ec [0x000000000264e200+0x6ec]
J 1355 C1 sun.misc.Launcher$AppClassLoader.loadClass(Ljava/lang/String;Z)Ljava/lang/Class; (85 bytes) @ 0x0000000002966d0c [0x0000000002966380+0x98c]
J 287 C1 java.lang.ClassLoader.loadClass(Ljava/lang/String;)Ljava/lang/Class; (7 bytes) @ 0x0000000002675644 [0x0000000002675540+0x104]
v  ~StubRoutines::call_stub
j  org.slf4j.impl.JDK14LoggerAdapter.log(Ljava/lang/String;Ljava/util/logging/Level;Ljava/lang/String;Ljava/lang/Throwable;)V+0
j  org.slf4j.impl.JDK14LoggerAdapter.error(Ljava/lang/String;)V+22
j  com.xuggle.ferry.NativeLogger.log(ILjava/lang/String;)Z+177
v  ~StubRoutines::call_stub

---------------  P R O C E S S  ---------------

Java Threads: ( => current thread )
=>0x0000000059958000 JavaThread "Thread-11" [_thread_in_native, id=8208, stack(0x00000000635a0000,0x00000000636a0000)]
  0x0000000059957800 JavaThread "AWT-EventQueue-0" [_thread_blocked, id=8896, stack(0x0000000060470000,0x0000000060570000)]
  0x0000000059956800 JavaThread "AWT-Windows" daemon [_thread_in_native, id=3640, stack(0x000000005fcb0000,0x000000005fdb0000)]
  0x0000000059956000 JavaThread "AWT-Shutdown" [_thread_blocked, id=9040, stack(0x000000005f940000,0x000000005fa40000)]
  0x0000000059955000 JavaThread "Java2D Disposer" daemon [_thread_blocked, id=8216, stack(0x000000005fa80000,0x000000005fb80000)]
  0x0000000059954800 JavaThread "Thread-6" [_thread_blocked, id=5600, stack(0x000000005fdd0000,0x000000005fed0000)]
  0x0000000059953800 JavaThread "VideoManager" [_thread_in_native, id=8556, stack(0x000000005fbb0000,0x000000005fcb0000)]
  0x0000000059953000 JavaThread "NavDataManager" [_thread_in_native, id=7808, stack(0x000000005f510000,0x000000005f610000)]
  0x000000005c35c800 JavaThread "CommandManager" [_thread_blocked, id=6672, stack(0x000000005f810000,0x000000005f910000)]
  0x000000005c370000 JavaThread "YADrone CommandManager Timer" [_thread_blocked, id=8384, stack(0x000000005f620000,0x000000005f720000)]
  0x0000000059982800 JavaThread "Prism Font Disposer" daemon [_thread_blocked, id=8776, stack(0x000000005dfc0000,0x000000005e0c0000)]
  0x00000000592b5000 JavaThread "Thread-3" daemon [_thread_in_native, id=8504, stack(0x000000005b6a0000,0x000000005b7a0000)]
  0x00000000592a2000 JavaThread "JavaFX-Launcher" [_thread_blocked, id=3904, stack(0x000000005a8c0000,0x000000005a9c0000)]
  0x000000005928e000 JavaThread "JavaFX Application Thread" [_thread_in_native, id=5108, stack(0x000000005a030000,0x000000005a130000)]
  0x0000000059268800 JavaThread "Thread-1" daemon [_thread_blocked, id=7284, stack(0x0000000059ea0000,0x0000000059fa0000)]
  0x0000000059255800 JavaThread "QuantumRenderer-0" daemon [_thread_blocked, id=8948, stack(0x0000000059af0000,0x0000000059bf0000)]
  0x0000000058770800 JavaThread "Service Thread" daemon [_thread_blocked, id=8652, stack(0x0000000058f50000,0x0000000059050000)]
  0x00000000586fa000 JavaThread "C1 CompilerThread2" daemon [_thread_blocked, id=6980, stack(0x0000000058dd0000,0x0000000058ed0000)]
  0x00000000586f2800 JavaThread "C2 CompilerThread1" daemon [_thread_blocked, id=8904, stack(0x0000000058c20000,0x0000000058d20000)]
  0x0000000056e6b000 JavaThread "C2 CompilerThread0" daemon [_thread_in_vm, id=9128, stack(0x0000000058af0000,0x0000000058bf0000)]
  0x0000000056e68800 JavaThread "Attach Listener" daemon [_thread_blocked, id=7952, stack(0x00000000585e0000,0x00000000586e0000)]
  0x0000000056e65000 JavaThread "Signal Dispatcher" daemon [_thread_blocked, id=5940, stack(0x0000000058480000,0x0000000058580000)]
  0x0000000056e4c000 JavaThread "Finalizer" daemon [_thread_blocked, id=8664, stack(0x00000000582a0000,0x00000000583a0000)]
  0x0000000056e04800 JavaThread "Reference Handler" daemon [_thread_blocked, id=5676, stack(0x0000000058090000,0x0000000058190000)]
  0x0000000001d0e800 JavaThread "main" [_thread_blocked, id=5980, stack(0x0000000002110000,0x0000000002210000)]

Other Threads:
  0x0000000056dfd000 VMThread [stack: 0x0000000057eb0000,0x0000000057fb0000] [id=8576]
  0x0000000058791800 WatcherThread [stack: 0x0000000059150000,0x0000000059250000] [id=8688]

VM state:not at safepoint (normal execution)

VM Mutex/Monitor currently owned by a thread:  ([mutex/lock_event])
[0x0000000001d08ef0] CodeCache_lock - owner thread: 0x0000000056e6b000
[0x0000000001d492e0] Compile_lock - owner thread: 0x0000000056e6b000
[0x0000000001d493e0] MethodCompileQueue_lock - owner thread: 0x0000000056e6b000

Heap:
 PSYoungGen      total 36864K, used 8986K [0x00000000d6e00000, 0x00000000d9700000, 0x0000000100000000)
  eden space 31744K, 28% used [0x00000000d6e00000,0x00000000d76c6928,0x00000000d8d00000)
  from space 5120K, 0% used [0x00000000d9200000,0x00000000d9200000,0x00000000d9700000)
  to   space 5120K, 0% used [0x00000000d8d00000,0x00000000d8d00000,0x00000000d9200000)
 ParOldGen       total 48128K, used 8949K [0x0000000084a00000, 0x0000000087900000, 0x00000000d6e00000)
  object space 48128K, 18% used [0x0000000084a00000,0x00000000852bd790,0x0000000087900000)
 Metaspace       used 21912K, capacity 22564K, committed 22784K, reserved 1069056K
  class space    used 2845K, capacity 3051K, committed 3072K, reserved 1048576K

Card table byte_map: [0x00000000118a0000,0x0000000011c80000] byte_map_base: 0x000000001147b000

Marking Bits: (ParMarkBitMap*) 0x00000000707c2f70
 Begin Bits: [0x00000000122e0000, 0x00000000141b8000)
 End Bits:   [0x00000000141b8000, 0x0000000016090000)

Polling page: 0x00000000000a0000

CodeCache: size=245760Kb used=5945Kb max_used=5945Kb free=239814Kb
 bounds [0x00000000024e0000, 0x0000000002ac0000, 0x00000000114e0000]
 total_blobs=2648 nmethods=1830 adapters=727
 compilation: enabled

Compilation events (10 events):
Event: 14.260 Thread 0x00000000586fa000 1865       3       sun.util.locale.LocaleUtils::toLower (17 bytes)
Event: 14.260 Thread 0x00000000586fa000 nmethod 1865 0x0000000002aa3990 code [0x0000000002aa3b00, 0x0000000002aa3d70]
Event: 14.260 Thread 0x00000000586fa000 1867   !   3       sun.misc.URLClassPath$FileLoader::getResource (164 bytes)
Event: 14.262 Thread 0x00000000586fa000 nmethod 1867 0x0000000002aa7d90 code [0x0000000002aa80c0, 0x0000000002aa98c8]
Event: 14.262 Thread 0x00000000586fa000 1866       3       java.lang.String::contains (20 bytes)
Event: 14.262 Thread 0x00000000586fa000 nmethod 1866 0x0000000002aa3150 code [0x0000000002aa32e0, 0x0000000002aa3778]
Event: 14.265 Thread 0x00000000586fa000 1868   !   3       java.util.zip.Inflater::reset (69 bytes)
Event: 14.266 Thread 0x00000000586fa000 nmethod 1868 0x0000000002aa2990 code [0x0000000002aa2b20, 0x0000000002aa2f78]
Event: 14.267 Thread 0x00000000586fa000 1870       3       java.util.concurrent.atomic.AtomicInteger::incrementAndGet (14 bytes)
Event: 14.268 Thread 0x00000000586fa000 nmethod 1870 0x0000000002aa2290 code [0x0000000002aa23e0, 0x0000000002aa2530]

GC Heap History (6 events):
Event: 0.758 GC heap before
{Heap before GC invocations=1 (full 0):
 PSYoungGen      total 36864K, used 30737K [0x00000000d6e00000, 0x00000000d9700000, 0x0000000100000000)
  eden space 31744K, 96% used [0x00000000d6e00000,0x00000000d8c044f0,0x00000000d8d00000)
  from space 5120K, 0% used [0x00000000d9200000,0x00000000d9200000,0x00000000d9700000)
  to   space 5120K, 0% used [0x00000000d8d00000,0x00000000d8d00000,0x00000000d9200000)
 ParOldGen       total 84992K, used 0K [0x0000000084a00000, 0x0000000089d00000, 0x00000000d6e00000)
  object space 84992K, 0% used [0x0000000084a00000,0x0000000084a00000,0x0000000089d00000)
 Metaspace       used 14277K, capacity 14846K, committed 14976K, reserved 1062912K
  class space    used 1951K, capacity 2122K, committed 2176K, reserved 1048576K
Event: 0.764 GC heap after
Heap after GC invocations=1 (full 0):
 PSYoungGen      total 36864K, used 4496K [0x00000000d6e00000, 0x00000000d9700000, 0x0000000100000000)
  eden space 31744K, 0% used [0x00000000d6e00000,0x00000000d6e00000,0x00000000d8d00000)
  from space 5120K, 87% used [0x00000000d8d00000,0x00000000d9164080,0x00000000d9200000)
  to   space 5120K, 0% used [0x00000000d9200000,0x00000000d9200000,0x00000000d9700000)
 ParOldGen       total 84992K, used 80K [0x0000000084a00000, 0x0000000089d00000, 0x00000000d6e00000)
  object space 84992K, 0% used [0x0000000084a00000,0x0000000084a14010,0x0000000089d00000)
 Metaspace       used 14277K, capacity 14846K, committed 14976K, reserved 1062912K
  class space    used 1951K, capacity 2122K, committed 2176K, reserved 1048576K
}
Event: 8.998 GC heap before
{Heap before GC invocations=2 (full 0):
 PSYoungGen      total 36864K, used 17793K [0x00000000d6e00000, 0x00000000d9700000, 0x0000000100000000)
  eden space 31744K, 41% used [0x00000000d6e00000,0x00000000d7afc3e8,0x00000000d8d00000)
  from space 5120K, 87% used [0x00000000d8d00000,0x00000000d9164080,0x00000000d9200000)
  to   space 5120K, 0% used [0x00000000d9200000,0x00000000d9200000,0x00000000d9700000)
 ParOldGen       total 84992K, used 80K [0x0000000084a00000, 0x0000000089d00000, 0x00000000d6e00000)
  object space 84992K, 0% used [0x0000000084a00000,0x0000000084a14010,0x0000000089d00000)
 Metaspace       used 20569K, capacity 21112K, committed 21296K, reserved 1067008K
  class space    used 2703K, capacity 2891K, committed 2944K, reserved 1048576K
Event: 9.007 GC heap after
Heap after GC invocations=2 (full 0):
 PSYoungGen      total 36864K, used 5088K [0x00000000d6e00000, 0x00000000d9700000, 0x0000000100000000)
  eden space 31744K, 0% used [0x00000000d6e00000,0x00000000d6e00000,0x00000000d8d00000)
  from space 5120K, 99% used [0x00000000d9200000,0x00000000d96f8030,0x00000000d9700000)
  to   space 5120K, 0% used [0x00000000d8d00000,0x00000000d8d00000,0x00000000d9200000)
 ParOldGen       total 84992K, used 6025K [0x0000000084a00000, 0x0000000089d00000, 0x00000000d6e00000)
  object space 84992K, 7% used [0x0000000084a00000,0x0000000084fe25e8,0x0000000089d00000)
 Metaspace       used 20569K, capacity 21112K, committed 21296K, reserved 1067008K
  class space    used 2703K, capacity 2891K, committed 2944K, reserved 1048576K
}
Event: 9.007 GC heap before
{Heap before GC invocations=3 (full 1):
 PSYoungGen      total 36864K, used 5088K [0x00000000d6e00000, 0x00000000d9700000, 0x0000000100000000)
  eden space 31744K, 0% used [0x00000000d6e00000,0x00000000d6e00000,0x00000000d8d00000)
  from space 5120K, 99% used [0x00000000d9200000,0x00000000d96f8030,0x00000000d9700000)
  to   space 5120K, 0% used [0x00000000d8d00000,0x00000000d8d00000,0x00000000d9200000)
 ParOldGen       total 84992K, used 6025K [0x0000000084a00000, 0x0000000089d00000, 0x00000000d6e00000)
  object space 84992K, 7% used [0x0000000084a00000,0x0000000084fe25e8,0x0000000089d00000)
 Metaspace       used 20569K, capacity 21112K, committed 21296K, reserved 1067008K
  class space    used 2703K, capacity 2891K, committed 2944K, reserved 1048576K
Event: 9.058 GC heap after
Heap after GC invocations=3 (full 1):
 PSYoungGen      total 36864K, used 0K [0x00000000d6e00000, 0x00000000d9700000, 0x0000000100000000)
  eden space 31744K, 0% used [0x00000000d6e00000,0x00000000d6e00000,0x00000000d8d00000)
  from space 5120K, 0% used [0x00000000d9200000,0x00000000d9200000,0x00000000d9700000)
  to   space 5120K, 0% used [0x00000000d8d00000,0x00000000d8d00000,0x00000000d9200000)
 ParOldGen       total 48128K, used 8949K [0x0000000084a00000, 0x0000000087900000, 0x00000000d6e00000)
  object space 48128K, 18% used [0x0000000084a00000,0x00000000852bd790,0x0000000087900000)
 Metaspace       used 20569K, capacity 21112K, committed 21296K, reserved 1067008K
  class space    used 2703K, capacity 2891K, committed 2944K, reserved 1048576K
}

Deoptimization events (10 events):
Event: 3.715 Thread 0x000000005928e000 Uncommon trap: reason=unstable_if action=reinterpret pc=0x000000000287bde8 method=jdk.internal.org.objectweb.asm.Type.getArgumentsAndReturnSizes(Ljava/lang/String;)I @ 47
Event: 8.813 Thread 0x0000000059953800 Uncommon trap: reason=predicate action=maybe_recompile pc=0x00000000027e6138 method=sun.net.www.ParseUtil.encodePath(Ljava/lang/String;Z)Ljava/lang/String; @ 36
Event: 8.830 Thread 0x0000000059953800 Uncommon trap: reason=unstable_if action=reinterpret pc=0x00000000028a0080 method=java.util.HashMap.isEmpty()Z @ 4
Event: 8.853 Thread 0x0000000059953800 Uncommon trap: reason=unstable_if action=reinterpret pc=0x000000000289f0d8 method=java.util.HashMap.putVal(ILjava/lang/Object;Ljava/lang/Object;ZZ)Ljava/lang/Object; @ 236
Event: 8.895 Thread 0x000000005928e000 Uncommon trap: reason=unstable_if action=reinterpret pc=0x00000000027cfcf0 method=java.lang.AbstractStringBuilder.append(Ljava/lang/String;)Ljava/lang/AbstractStringBuilder; @ 1
Event: 8.896 Thread 0x000000005928e000 Uncommon trap: reason=unstable_if action=reinterpret pc=0x00000000026e4944 method=java.lang.AbstractStringBuilder.append(Ljava/lang/String;)Ljava/lang/AbstractStringBuilder; @ 1
Event: 8.927 Thread 0x0000000059953800 Uncommon trap: reason=class_check action=maybe_recompile pc=0x000000000289c514 method=java.util.HashMap.putVal(ILjava/lang/Object;Ljava/lang/Object;ZZ)Ljava/lang/Object; @ 253
Event: 8.927 Thread 0x0000000059953800 Uncommon trap: reason=class_check action=maybe_recompile pc=0x000000000289c514 method=java.util.HashMap.putVal(ILjava/lang/Object;Ljava/lang/Object;ZZ)Ljava/lang/Object; @ 253
Event: 8.927 Thread 0x0000000059953800 Uncommon trap: reason=class_check action=maybe_recompile pc=0x000000000289c514 method=java.util.HashMap.putVal(ILjava/lang/Object;Ljava/lang/Object;ZZ)Ljava/lang/Object; @ 253
Event: 8.927 Thread 0x0000000059953800 Uncommon trap: reason=class_check action=maybe_recompile pc=0x000000000289c514 method=java.util.HashMap.putVal(ILjava/lang/Object;Ljava/lang/Object;ZZ)Ljava/lang/Object; @ 253

Internal exceptions (10 events):
Event: 0.362 Thread 0x000000005928e000 Exception <a 'java/lang/NullPointerException'> (0x00000000d7de2788) thrown at [C:\re\workspace\8-2-build-windows-amd64-cygwin\jdk8u91\6644\hotspot\src\share\vm\interpreter\linkResolver.cpp, line 1178]
Event: 0.362 Thread 0x000000005928e000 Exception <a 'java/lang/NullPointerException'> (0x00000000d7de2788) thrown at [C:\re\workspace\8-2-build-windows-amd64-cygwin\jdk8u91\6644\hotspot\src\share\vm\prims\jvm.cpp, line 1390]
Event: 0.457 Thread 0x000000005928e000 Exception <a 'java/lang/ArrayIndexOutOfBoundsException'> (0x00000000d823c788) thrown at [C:\re\workspace\8-2-build-windows-amd64-cygwin\jdk8u91\6644\hotspot\src\share\vm\runtime\sharedRuntime.cpp, line 605]
Event: 0.457 Thread 0x000000005928e000 Exception <a 'java/lang/ArrayIndexOutOfBoundsException'> (0x00000000d823d488) thrown at [C:\re\workspace\8-2-build-windows-amd64-cygwin\jdk8u91\6644\hotspot\src\share\vm\runtime\sharedRuntime.cpp, line 605]
Event: 0.457 Thread 0x000000005928e000 Exception <a 'java/lang/ArrayIndexOutOfBoundsException'> (0x00000000d823e830) thrown at [C:\re\workspace\8-2-build-windows-amd64-cygwin\jdk8u91\6644\hotspot\src\share\vm\runtime\sharedRuntime.cpp, line 605]
Event: 0.595 Thread 0x000000005928e000 Exception <a 'java/io/FileNotFoundException'> (0x00000000d8774118) thrown at [C:\re\workspace\8-2-build-windows-amd64-cygwin\jdk8u91\6644\hotspot\src\share\vm\prims\jni.cpp, line 709]
Event: 8.816 Thread 0x000000005928e000 Exception <a 'java/io/FileNotFoundException'> (0x00000000d753c4e8) thrown at [C:\re\workspace\8-2-build-windows-amd64-cygwin\jdk8u91\6644\hotspot\src\share\vm\prims\jni.cpp, line 709]
Event: 8.858 Thread 0x000000005928e000 Exception <a 'java/io/FileNotFoundException'> (0x00000000d7759fb0) thrown at [C:\re\workspace\8-2-build-windows-amd64-cygwin\jdk8u91\6644\hotspot\src\share\vm\prims\jni.cpp, line 709]
Event: 8.895 Thread 0x000000005928e000 Implicit null exception at 0x00000000027cf984 to 0x00000000027cfcd9
Event: 8.896 Thread 0x000000005928e000 Implicit null exception at 0x00000000026e4606 to 0x00000000026e492d

Events (10 events):
Event: 14.257 loading class sun/util/resources/da/CalendarData_da
Event: 14.257 loading class sun/util/resources/da/CalendarData_da done
Event: 14.257 loading class com/xuggle/xuggler/IVideoPicture
Event: 14.257 loading class com/xuggle/xuggler/IVideoPicture done
Event: 14.265 loading class com/xuggle/ferry/JNIMemoryParachute
Event: 14.265 loading class com/xuggle/ferry/JNIMemoryParachute done
Event: 14.265 Thread 0x0000000059958000 Thread added: 0x0000000059958000
Event: 14.269 Executing VM operation: RevokeBias
Event: 14.270 Executing VM operation: RevokeBias done
Event: 14.270 loading class java/util/logging/LogRecord


Dynamic libraries:
0x000000013f770000 - 0x000000013f7a7000 	C:\Program Files\Java\jre1.8.0_91\bin\javaw.exe
0x0000000077520000 - 0x00000000776c9000 	C:\Windows\SYSTEM32\ntdll.dll
0x0000000077400000 - 0x000000007751f000 	C:\Windows\system32\kernel32.dll
0x000007fefd600000 - 0x000007fefd66b000 	C:\Windows\system32\KERNELBASE.dll
0x000007feff3d0000 - 0x000007feff4ab000 	C:\Windows\system32\ADVAPI32.dll
0x000007fefd9b0000 - 0x000007fefda4f000 	C:\Windows\system32\msvcrt.dll
0x000007feff3b0000 - 0x000007feff3cf000 	C:\Windows\SYSTEM32\sechost.dll
0x000007fefda70000 - 0x000007fefdb9d000 	C:\Windows\system32\RPCRT4.dll
0x0000000077300000 - 0x00000000773fa000 	C:\Windows\system32\USER32.dll
0x000007fefd940000 - 0x000007fefd9a7000 	C:\Windows\system32\GDI32.dll
0x000007feff0b0000 - 0x000007feff0be000 	C:\Windows\system32\LPK.dll
0x000007feff4b0000 - 0x000007feff579000 	C:\Windows\system32\USP10.dll
0x000007fefbb30000 - 0x000007fefbd24000 	C:\Windows\WinSxS\amd64_microsoft.windows.common-controls_6595b64144ccf1df_6.0.7601.17514_none_fa396087175ac9ac\COMCTL32.dll
0x000007feff580000 - 0x000007feff5f1000 	C:\Windows\system32\SHLWAPI.dll
0x000007feff380000 - 0x000007feff3ae000 	C:\Windows\system32\IMM32.DLL
0x000007feff0c0000 - 0x000007feff1c9000 	C:\Windows\system32\MSCTF.dll
0x000000005a7c0000 - 0x000000005a892000 	C:\Program Files\Java\jre1.8.0_91\bin\msvcr100.dll
0x000000006ffb0000 - 0x0000000070843000 	C:\Program Files\Java\jre1.8.0_91\bin\server\jvm.dll
0x000007fef55e0000 - 0x000007fef55e9000 	C:\Windows\system32\WSOCK32.dll
0x000007feff7e0000 - 0x000007feff82d000 	C:\Windows\system32\WS2_32.dll
0x000007fefdba0000 - 0x000007fefdba8000 	C:\Windows\system32\NSI.dll
0x000007fef9990000 - 0x000007fef99cb000 	C:\Windows\system32\WINMM.dll
0x000007fefc5d0000 - 0x000007fefc5dc000 	C:\Windows\system32\VERSION.dll
0x00000000776f0000 - 0x00000000776f7000 	C:\Windows\system32\PSAPI.DLL
0x0000000072740000 - 0x000000007274f000 	C:\Program Files\Java\jre1.8.0_91\bin\verify.dll
0x0000000070d00000 - 0x0000000070d29000 	C:\Program Files\Java\jre1.8.0_91\bin\java.dll
0x0000000072720000 - 0x0000000072736000 	C:\Program Files\Java\jre1.8.0_91\bin\zip.dll
0x000007fefdc50000 - 0x000007fefe9d8000 	C:\Windows\system32\SHELL32.dll
0x000007fefed20000 - 0x000007fefef23000 	C:\Windows\system32\ole32.dll
0x000007fefd470000 - 0x000007fefd47f000 	C:\Windows\system32\profapi.dll
0x000007fee5650000 - 0x000007fee573f000 	C:\Program Files\Java\jre1.8.0_91\bin\msvcr120.dll
0x000007fee55a0000 - 0x000007fee5646000 	C:\Program Files\Java\jre1.8.0_91\bin\msvcp120.dll
0x000000005ba30000 - 0x000000005ba53000 	C:\Program Files\Java\jre1.8.0_91\bin\prism_d3d.dll
0x000007fedfde0000 - 0x000007fedffdf000 	C:\Windows\system32\d3d9.dll
0x000007fefa0a0000 - 0x000007fefa0a7000 	C:\Windows\system32\d3d8thk.dll
0x000007fef9cd0000 - 0x000007fef9ce8000 	C:\Windows\system32\dwmapi.dll
0x000007fefa7b0000 - 0x000007fefa806000 	C:\Windows\system32\uxtheme.dll
0x000007fedf510000 - 0x000007fedfd5d000 	C:\Windows\system32\igdumdim64.dll
0x000007fef3270000 - 0x000007fef36a4000 	C:\Windows\system32\igdusc64.dll
0x000000005ac10000 - 0x000000005ac53000 	C:\Program Files\Java\jre1.8.0_91\bin\glass.dll
0x000007fefdbb0000 - 0x000007fefdc47000 	C:\Windows\system32\COMDLG32.dll
0x000007fefec40000 - 0x000007fefed17000 	C:\Windows\system32\OLEAUT32.dll
0x000007fefd3a0000 - 0x000007fefd3af000 	C:\Windows\system32\CRYPTBASE.dll
0x0000000069ad0000 - 0x0000000069ae4000 	C:\Program Files\Java\jre1.8.0_91\bin\javafx_font.dll
0x000007fee5420000 - 0x000007fee559e000 	C:\Windows\system32\dwrite.dll
0x000007fefd8a0000 - 0x000007fefd939000 	C:\Windows\system32\CLBCatQ.DLL
0x000007fef91f0000 - 0x000007fef931a000 	C:\Windows\system32\WindowsCodecs.dll
0x000007fefd340000 - 0x000007fefd397000 	C:\Windows\system32\apphelp.dll
0x000007fef3140000 - 0x000007fef3200000 	C:\Program Files (x86)\Google\Drive\googledrivesync64.dll
0x0000000073670000 - 0x0000000073743000 	C:\Program Files (x86)\Google\Drive\Microsoft.VC90.CRT\MSVCP90.dll
0x00000000735c0000 - 0x0000000073663000 	C:\Program Files (x86)\Google\Drive\Microsoft.VC90.CRT\MSVCR90.dll
0x000007fef30a0000 - 0x000007fef30e0000 	C:\Program Files (x86)\Dropbox\Client\DropboxExt64.34.dll
0x000007fef4e50000 - 0x000007fef4e7d000 	C:\Program Files\Common Files\Microsoft Shared\Ink\rtscom.dll
0x0000000001ce0000 - 0x0000000001cf1000 	C:\Program Files\Java\jre1.8.0_91\bin\prism_common.dll
0x0000000071960000 - 0x000000007197a000 	C:\Program Files\Java\jre1.8.0_91\bin\net.dll
0x000007fefcce0000 - 0x000007fefcd35000 	C:\Windows\system32\mswsock.dll
0x000007fefccd0000 - 0x000007fefccd7000 	C:\Windows\System32\wship6.dll
0x00000000600d0000 - 0x0000000060268000 	C:\Program Files\Java\jre1.8.0_91\bin\awt.dll
0x000007fefcd40000 - 0x000007fefcd57000 	C:\Windows\system32\CRYPTSP.dll
0x000007fefca40000 - 0x000007fefca87000 	C:\Windows\system32\rsaenh.dll
0x000007fefc7c0000 - 0x000007fefc7de000 	C:\Windows\system32\USERENV.dll
0x000007fefba40000 - 0x000007fefba67000 	C:\Windows\system32\IPHLPAPI.DLL
0x000007fefba30000 - 0x000007fefba3b000 	C:\Windows\system32\WINNSI.DLL
0x000007fefb840000 - 0x000007fefb858000 	C:\Windows\system32\dhcpcsvc.DLL
0x000007fefb820000 - 0x000007fefb831000 	C:\Windows\system32\dhcpcsvc6.DLL
0x00000000583a0000 - 0x00000000583e7000 	C:\Program Files\Java\jre1.8.0_91\bin\fontmanager.dll
0x0000000071880000 - 0x0000000071891000 	C:\Program Files\Java\jre1.8.0_91\bin\nio.dll
0x0000000058400000 - 0x0000000058442000 	C:\Program Files\Java\jre1.8.0_91\bin\t2k.dll
0x000000005ba00000 - 0x000000005ba2a000 	C:\Program Files\Java\jre1.8.0_91\bin\dcpr.dll
0x000000006e740000 - 0x000000006fda5000 	C:\Users\Toby\AppData\Local\Temp\xuggle\xuggle3138172875402037859.dll
0x000007fefa080000 - 0x000007fefa097000 	C:\Windows\system32\AVICAP32.dll
0x000007fef4e20000 - 0x000007fef4e49000 	C:\Windows\system32\MSVFW32.dll
0x000007feef7a0000 - 0x000007feef8c5000 	C:\Windows\system32\dbghelp.dll

VM Arguments:
jvm_args: -Dfile.encoding=Cp1252 
java_command: application.Main
java_class_path (initial): C:\Users\Toby\git\Drone_group_11\Drone_group_11\bin;C:\Users\Toby\Downloads\eclipse-jee-mars-2-win32-x86_64\eclipse\plugins\org.eclipse.fx.ide.css.jfx8_2.3.0.201603030809.jar;C:\Users\Toby\Downloads\JAVACV_JAR-2016-06-03\JAVACV JAR\javacv-bin\artoolkitplus.jar;C:\Users\Toby\Downloads\JAVACV_JAR-2016-06-03\JAVACV JAR\javacv-bin\artoolkitplus-android-arm.jar;C:\Users\Toby\Downloads\JAVACV_JAR-2016-06-03\JAVACV JAR\javacv-bin\artoolkitplus-android-x86.jar;C:\Users\Toby\Downloads\JAVACV_JAR-2016-06-03\JAVACV JAR\javacv-bin\artoolkitplus-linux-x86.jar;C:\Users\Toby\Downloads\JAVACV_JAR-2016-06-03\JAVACV JAR\javacv-bin\artoolkitplus-linux-x86_64.jar;C:\Users\Toby\Downloads\JAVACV_JAR-2016-06-03\JAVACV JAR\javacv-bin\artoolkitplus-macosx-x86_64.jar;C:\Users\Toby\Downloads\JAVACV_JAR-2016-06-03\JAVACV JAR\javacv-bin\artoolkitplus-windows-x86.jar;C:\Users\Toby\Downloads\JAVACV_JAR-2016-06-03\JAVACV JAR\javacv-bin\artoolkitplus-windows-x86_64.jar;C:\Users\Toby\Downloads\JAVACV_JAR-2016-06-03\JAVACV JAR\javacv-bin\ffmpeg.jar;C:\Users\Toby\Downloads\JAVACV_JAR-2016-06-03\JAVACV JAR\javacv-bin\ffmpeg-android-arm.jar;C:\Users\Toby\Downloads\JAVACV_JAR-2016-06-03\JAVACV JAR\javacv-bin\ffmpeg-android-x86.jar;C:\Users\Toby\Downloads\JAVACV_JAR-2016-06-03\JAVACV JAR\javacv-bin\ffmpeg-linux-x86.jar;C:\Users\Toby\Downloads\JAVACV_JAR-2016-06-03\JAVACV JAR\javacv-bin\ffmpeg-linux-x86_64.jar;C:\Users\Toby\Downloads\JAVACV_JAR-2016-06-03\JAVACV JAR\javacv-bin\ffmpeg-macosx-x86_64.jar;C:\Users\Toby\Downloads\JAVACV_JAR-2016-06-03\JAVACV JAR\javacv-bin\ffmpeg-windows-x86.jar;C:\Users\Toby\Downloads\JAVACV_JAR-2016-06-03\JAVACV JAR\javacv-bin\ffmpeg-windows-x86_64.jar;C:\Users\Toby\Downloads\JAVACV_JAR-2016-06-03\JAVACV JAR\javacv-bin\flandmark.jar;C:\Users\Toby\Downloads\JAVACV_JAR-2016-06-03\JAVACV JAR\javacv-bin\flandmark-android-arm.jar;C:\Users\Toby\Downloads\JAVACV_JAR-2016-06-03\JAVACV JAR\javacv-bin\flandmark-android-x86.jar;C:\Users\Toby\Downloads\JAVACV
Launcher Type: SUN_STANDARD

Environment Variables:
PATH=C:/Program Files/Java/jre1.8.0_91/bin/server;C:/Program Files/Java/jre1.8.0_91/bin;C:/Program Files/Java/jre1.8.0_91/lib/amd64;C:\Program Files (x86)\Intel\iCLS Client\;C:\Program Files\Intel\iCLS Client\;C:\ProgramData\Oracle\Java\javapath;C:\Windows\system32;C:\Windows;C:\Windows\System32\Wbem;C:\Windows\System32\WindowsPowerShell\v1.0\;C:\Program Files (x86)\Intel\OpenCL SDK\3.0\bin\x86;C:\Program Files (x86)\Intel\OpenCL SDK\3.0\bin\x64;C:\Program Files\Intel\WiFi\bin\;C:\Program Files\Common Files\Intel\WirelessCommon\;C:\Program Files\Intel\Intel(R) Management Engine Components\DAL;C:\Program Files\Intel\Intel(R) Management Engine Components\IPT;C:\Program Files (x86)\Intel\Intel(R) Management Engine Components\DAL;C:\Program Files (x86)\Intel\Intel(R) Management Engine Components\IPT;C:\Program Files (x86)\Skype\Phone\;C:\Program Files\Intel\WiFi\bin\;C:\Program Files\Common Files\Intel\WirelessCommon\;C:\Users\Toby\Downloads\eclipse-jee-mars-2-win32-x86_64\eclipse;
USERNAME=Toby
OS=Windows_NT
PROCESSOR_IDENTIFIER=Intel64 Family 6 Model 60 Stepping 3, GenuineIntel



---------------  S Y S T E M  ---------------

OS: