#
# A fatal error has been detected by the Java Runtime Environment:
#
#  EXCEPTION_ACCESS_VIOLATION (0xc0000005) at pc=0x000007fee6f02099, pid=1492, tid=7700
#
# JRE version: Java(TM) SE Runtime Environment (8.0_91-b14) (build 1.8.0_91-b14)
# Java VM: Java HotSpot(TM) 64-Bit Server VM (25.91-b14 mixed mode windows-amd64 compressed oops)
# Problematic frame:
# C  [jniopencv_core.dll+0x2099]
#
# Failed to write core dump. Minidumps are not enabled by default on client versions of Windows
#
# If you would like to submit a bug report, please visit:
#   http://bugreport.java.com/bugreport/crash.jsp
# The crash happened outside the Java Virtual Machine in native code.
# See problematic frame for where to report the bug.
#

---------------  T H R E A D  ---------------

Current thread (0x000000005cab8800):  JavaThread "pool-4-thread-1" [_thread_in_native, id=7700, stack(0x0000000060bb0000,0x0000000060cb0000)]

siginfo: ExceptionCode=0xc0000005, reading address 0x0000000000000038

Registers:
RAX=0x0000000000000001, RBX=0x0000000000000000, RCX=0x0000000000000000, RDX=0x000000005feeaf50
RSP=0x0000000060caed60, RBP=0x000000005feeaf50, RSI=0x0000000060caeec0, RDI=0x000000005feeaf50
R8 =0x0000000000000032, R9 =0x00000000d847f298, R10=0x0000000000000018, R11=0x0000000068cb4c18
R12=0x0000000000000000, R13=0x000000005d243188, R14=0x000000005fc897d0, R15=0x0000000000000000
RIP=0x000007fee6f02099, EFLAGS=0x0000000000010206

Top of Stack: (sp=0x0000000060caed60)
0x0000000060caed60:   000000005d243190 0000000060caeec0
0x0000000060caed70:   000000005c3e6200 000000006856a606
0x0000000060caed80:   0000000000000000 000007fee6f01db4
0x0000000060caed90:   00000000000003d8 0000000058d220d0
0x0000000060caeda0:   000000005d243190 000000005cab8800
0x0000000060caedb0:   0000000060caeea8 000007fee6f84658
0x0000000060caedc0:   000000005cab89f8 0000000002a27dc6
0x0000000060caedd0:   0000000000000000 000000005cab8800
0x0000000060caede0:   000000005cab8800 0000000060caeec0
0x0000000060caedf0:   0000000002a17ff0 0000000002a27f34
0x0000000060caee00:   0000000060caee88 000000005d243190
0x0000000060caee10:   00000000119ab000 0000000002a27cab
0x0000000060caee20:   000000005cab8800 000000005d243190
0x0000000060caee30:   00000000119ab000 000000005cab8800
0x0000000060caee40:   0000000002a27c62 0000000060caee48
0x0000000060caee50:   000000005d243188 0000000060caeec0 

Instructions: (pc=0x000007fee6f02099)
0x000007fee6f02079:   30 ff 15 c8 63 0f 00 48 8b c3 48 83 c4 50 5b c3
0x000007fee6f02089:   cc cc cc cc cc cc cc 40 53 48 83 ec 20 48 8b d9
0x000007fee6f02099:   48 8b 49 38 48 85 c9 74 16 83 c8 ff f0 0f c1 41
0x000007fee6f020a9:   14 83 f8 01 75 09 48 8b cb ff 15 08 63 0f 00 45 


Register to memory mapping:

RAX=0x0000000000000001 is an unknown value
RBX=0x0000000000000000 is an unknown value
RCX=0x0000000000000000 is an unknown value
RDX=0x000000005feeaf50 is an unknown value
RSP=0x0000000060caed60 is pointing into the stack for thread: 0x000000005cab8800
RBP=0x000000005feeaf50 is an unknown value
RSI=0x0000000060caeec0 is pointing into the stack for thread: 0x000000005cab8800
RDI=0x000000005feeaf50 is an unknown value
R8 =0x0000000000000032 is an unknown value
R9 =0x00000000d847f298 is an oop
org.bytedeco.javacpp.opencv_core$Mat 
 - klass: 'org/bytedeco/javacpp/opencv_core$Mat'
R10=0x0000000000000018 is an unknown value
R11=0x0000000068cb4c18 is an unknown value
R12=0x0000000000000000 is an unknown value
R13=0x000000005d243188 is pointing into metadata
R14=0x000000005fc897d0 is an unknown value
R15=0x0000000000000000 is an unknown value


Stack: [0x0000000060bb0000,0x0000000060cb0000],  sp=0x0000000060caed60,  free space=1019k
Native frames: (J=compiled Java code, j=interpreted, Vv=VM code, C=native code)
C  [jniopencv_core.dll+0x2099]
C  [jniopencv_core.dll+0x1db4]
C  [jniopencv_core.dll+0x84658]
C  0x0000000002a27f34

Java frames: (J=compiled Java code, j=interpreted, Vv=VM code)
j  org.bytedeco.javacpp.opencv_core$MatVector.put(JLorg/bytedeco/javacpp/opencv_core$Mat;)Lorg/bytedeco/javacpp/opencv_core$MatVector;+0
j  picture.PictureProcessingHelper.findQrContours(Lorg/bytedeco/javacpp/opencv_core$Mat;)Lorg/bytedeco/javacpp/opencv_core$MatVector;+146
j  picture.PictureController.scanSequence(Lorg/bytedeco/javacpp/opencv_core$Mat;)V+5
j  picture.PictureController$5.run()V+215
j  java.util.concurrent.Executors$RunnableAdapter.call()Ljava/lang/Object;+4
j  java.util.concurrent.FutureTask.runAndReset()Z+47
j  java.util.concurrent.ScheduledThreadPoolExecutor$ScheduledFutureTask.access$301(Ljava/util/concurrent/ScheduledThreadPoolExecutor$ScheduledFutureTask;)Z+1
j  java.util.concurrent.ScheduledThreadPoolExecutor$ScheduledFutureTask.run()V+37
j  java.util.concurrent.ThreadPoolExecutor.runWorker(Ljava/util/concurrent/ThreadPoolExecutor$Worker;)V+95
j  java.util.concurrent.ThreadPoolExecutor$Worker.run()V+5
j  java.lang.Thread.run()V+11
v  ~StubRoutines::call_stub

---------------  P R O C E S S  ---------------

Java Threads: ( => current thread )
  0x000000005cdcd000 JavaThread "Java2D Disposer" daemon [_thread_blocked, id=2244, stack(0x0000000062480000,0x0000000062580000)]
=>0x000000005cab8800 JavaThread "pool-4-thread-1" [_thread_in_native, id=7700, stack(0x0000000060bb0000,0x0000000060cb0000)]
  0x0000000059d68000 JavaThread "Prism Font Disposer" daemon [_thread_blocked, id=8888, stack(0x000000005e7a0000,0x000000005e8a0000)]
  0x0000000059690800 JavaThread "Thread-3" daemon [_thread_in_native, id=9100, stack(0x000000005bba0000,0x000000005bca0000)]
  0x0000000059671000 JavaThread "JavaFX-Launcher" [_thread_blocked, id=8296, stack(0x000000005c150000,0x000000005c250000)]
  0x00000000590b8000 JavaThread "JavaFX Application Thread" [_thread_in_native, id=6976, stack(0x000000005a7e0000,0x000000005a8e0000)]
  0x0000000059652000 JavaThread "Thread-1" daemon [_thread_blocked, id=6972, stack(0x000000005a5e0000,0x000000005a6e0000)]
  0x00000000590ca800 JavaThread "QuantumRenderer-0" daemon [_thread_blocked, id=8872, stack(0x00000000593b0000,0x00000000594b0000)]
  0x0000000058d68000 JavaThread "Service Thread" daemon [_thread_blocked, id=5700, stack(0x0000000059270000,0x0000000059370000)]
  0x0000000058cf1000 JavaThread "C1 CompilerThread2" daemon [_thread_blocked, id=7880, stack(0x0000000058a70000,0x0000000058b70000)]
  0x0000000058cec000 JavaThread "C2 CompilerThread1" daemon [_thread_in_native, id=7580, stack(0x0000000059160000,0x0000000059260000)]
  0x00000000574eb000 JavaThread "C2 CompilerThread0" daemon [_thread_blocked, id=6928, stack(0x0000000058be0000,0x0000000058ce0000)]
  0x00000000574e8800 JavaThread "Attach Listener" daemon [_thread_blocked, id=7884, stack(0x00000000588f0000,0x00000000589f0000)]
  0x00000000574e5000 JavaThread "Signal Dispatcher" daemon [_thread_blocked, id=7896, stack(0x0000000058700000,0x0000000058800000)]
  0x00000000574ce000 JavaThread "Finalizer" daemon [_thread_blocked, id=7328, stack(0x0000000058600000,0x0000000058700000)]
  0x0000000057484800 JavaThread "Reference Handler" daemon [_thread_blocked, id=6192, stack(0x0000000058300000,0x0000000058400000)]
  0x00000000021de800 JavaThread "main" [_thread_blocked, id=7612, stack(0x0000000002640000,0x0000000002740000)]

Other Threads:
  0x000000005747d000 VMThread [stack: 0x0000000058460000,0x0000000058560000] [id=6056]
  0x0000000058d80000 WatcherThread [stack: 0x0000000059510000,0x0000000059610000] [id=1460]

VM state:not at safepoint (normal execution)

VM Mutex/Monitor currently owned by a thread: None

Heap:
 PSYoungGen      total 36864K, used 33760K [0x00000000d6e00000, 0x00000000d9700000, 0x0000000100000000)
  eden space 31744K, 91% used [0x00000000d6e00000,0x00000000d8a73670,0x00000000d8d00000)
  from space 5120K, 90% used [0x00000000d8d00000,0x00000000d9184cc0,0x00000000d9200000)
  to   space 5120K, 0% used [0x00000000d9200000,0x00000000d9200000,0x00000000d9700000)
 ParOldGen       total 84992K, used 80K [0x0000000084a00000, 0x0000000089d00000, 0x00000000d6e00000)
  object space 84992K, 0% used [0x0000000084a00000,0x0000000084a14010,0x0000000089d00000)
 Metaspace       used 18056K, capacity 18598K, committed 18688K, reserved 1064960K
  class space    used 2401K, capacity 2558K, committed 2560K, reserved 1048576K

Card table byte_map: [0x0000000011dd0000,0x00000000121b0000] byte_map_base: 0x00000000119ab000

Marking Bits: (ParMarkBitMap*) 0x0000000068cc2f70
 Begin Bits: [0x0000000012960000, 0x0000000014838000)
 End Bits:   [0x0000000014838000, 0x0000000016710000)

Polling page: 0x00000000000b0000

CodeCache: size=245760Kb used=5321Kb max_used=5332Kb free=240438Kb
 bounds [0x0000000002a10000, 0x0000000002f50000, 0x0000000011a10000]
 total_blobs=2360 nmethods=1579 adapters=693
 compilation: enabled

Compilation events (10 events):
Event: 3.315 Thread 0x0000000058cf1000 1562       1       com.sun.javafx.geom.RectBounds::getMinX (5 bytes)
Event: 3.315 Thread 0x0000000058cf1000 nmethod 1562 0x0000000002f38c50 code [0x0000000002f38da0, 0x0000000002f38eb0]
Event: 3.315 Thread 0x0000000058cf1000 1563       1       com.sun.javafx.geom.DirtyRegionContainer::size (5 bytes)
Event: 3.315 Thread 0x0000000058cf1000 nmethod 1563 0x0000000002f3dd50 code [0x0000000002f3dea0, 0x0000000002f3dfb0]
Event: 3.316 Thread 0x0000000058cf1000 1564       3       com.sun.javafx.geom.transform.Affine3D::updateState (96 bytes)
Event: 3.316 Thread 0x0000000058cf1000 nmethod 1564 0x0000000002f3fc10 code [0x0000000002f3fe80, 0x0000000002f40a48]
Event: 3.316 Thread 0x0000000058cf1000 1565       3       com.sun.javafx.geom.transform.AffineBase::getMyt (5 bytes)
Event: 3.317 Thread 0x0000000058cf1000 nmethod 1565 0x0000000002f3da10 code [0x0000000002f3db60, 0x0000000002f3dcb0]
Event: 3.318 Thread 0x0000000058cf1000 1566       3       com.sun.javafx.geom.transform.AffineBase::getMxy (5 bytes)
Event: 3.318 Thread 0x0000000058cf1000 nmethod 1566 0x0000000002f3d6d0 code [0x0000000002f3d820, 0x0000000002f3d970]

GC Heap History (2 events):
Event: 0.791 GC heap before
{Heap before GC invocations=1 (full 0):
 PSYoungGen      total 36864K, used 31744K [0x00000000d6e00000, 0x00000000d9700000, 0x0000000100000000)
  eden space 31744K, 100% used [0x00000000d6e00000,0x00000000d8d00000,0x00000000d8d00000)
  from space 5120K, 0% used [0x00000000d9200000,0x00000000d9200000,0x00000000d9700000)
  to   space 5120K, 0% used [0x00000000d8d00000,0x00000000d8d00000,0x00000000d9200000)
 ParOldGen       total 84992K, used 0K [0x0000000084a00000, 0x0000000089d00000, 0x00000000d6e00000)
  object space 84992K, 0% used [0x0000000084a00000,0x0000000084a00000,0x0000000089d00000)
 Metaspace       used 12422K, capacity 12778K, committed 13056K, reserved 1060864K
  class space    used 1616K, capacity 1736K, committed 1792K, reserved 1048576K
Event: 0.796 GC heap after
Heap after GC invocations=1 (full 0):
 PSYoungGen      total 36864K, used 4627K [0x00000000d6e00000, 0x00000000d9700000, 0x0000000100000000)
  eden space 31744K, 0% used [0x00000000d6e00000,0x00000000d6e00000,0x00000000d8d00000)
  from space 5120K, 90% used [0x00000000d8d00000,0x00000000d9184cc0,0x00000000d9200000)
  to   space 5120K, 0% used [0x00000000d9200000,0x00000000d9200000,0x00000000d9700000)
 ParOldGen       total 84992K, used 80K [0x0000000084a00000, 0x0000000089d00000, 0x00000000d6e00000)
  object space 84992K, 0% used [0x0000000084a00000,0x0000000084a14010,0x0000000089d00000)
 Metaspace       used 12422K, capacity 12778K, committed 13056K, reserved 1060864K
  class space    used 1616K, capacity 1736K, committed 1792K, reserved 1048576K
}

Deoptimization events (10 events):
Event: 0.912 Thread 0x00000000590b8000 Uncommon trap: reason=class_check action=maybe_recompile pc=0x0000000002b2a2a0 method=java.lang.String.equals(Ljava/lang/Object;)Z @ 8
Event: 0.912 Thread 0x00000000590b8000 Uncommon trap: reason=class_check action=maybe_recompile pc=0x0000000002b2a2a0 method=java.lang.String.equals(Ljava/lang/Object;)Z @ 8
Event: 0.912 Thread 0x00000000590b8000 Uncommon trap: reason=class_check action=maybe_recompile pc=0x0000000002b2a2a0 method=java.lang.String.equals(Ljava/lang/Object;)Z @ 8
Event: 0.912 Thread 0x00000000590b8000 Uncommon trap: reason=speculate_class_check action=maybe_recompile pc=0x0000000002dc724c method=com.sun.javafx.css.BitSet.containsAll(Ljava/util/Collection;)Z @ 18
Event: 0.912 Thread 0x00000000590b8000 Uncommon trap: reason=speculate_class_check action=maybe_recompile pc=0x0000000002dc724c method=com.sun.javafx.css.BitSet.containsAll(Ljava/util/Collection;)Z @ 18
Event: 0.916 Thread 0x00000000590b8000 Uncommon trap: reason=class_check action=maybe_recompile pc=0x0000000002b2a2a0 method=java.lang.String.equals(Ljava/lang/Object;)Z @ 8
Event: 0.940 Thread 0x00000000590b8000 Uncommon trap: reason=unstable_if action=reinterpret pc=0x0000000002d7c508 method=java.lang.String.regionMatches(ZILjava/lang/String;II)Z @ 123
Event: 0.951 Thread 0x00000000590b8000 Uncommon trap: reason=unstable_if action=reinterpret pc=0x0000000002dd6e34 method=java.util.HashMap.putVal(ILjava/lang/Object;Ljava/lang/Object;ZZ)Ljava/lang/Object; @ 193
Event: 0.951 Thread 0x00000000590b8000 Uncommon trap: reason=unstable_if action=reinterpret pc=0x0000000002d68384 method=java.util.HashMap.putVal(ILjava/lang/Object;Ljava/lang/Object;ZZ)Ljava/lang/Object; @ 193
Event: 2.481 Thread 0x00000000590b8000 Uncommon trap: reason=unstable_if action=reinterpret pc=0x0000000002dee868 method=jdk.internal.org.objectweb.asm.Type.getArgumentsAndReturnSizes(Ljava/lang/String;)I @ 47

Internal exceptions (10 events):
Event: 0.308 Thread 0x00000000590b8000 Exception <a 'java/security/PrivilegedActionException'> (0x00000000d7ac2db8) thrown at [C:\re\workspace\8-2-build-windows-amd64-cygwin\jdk8u91\6644\hotspot\src\share\vm\prims\jvm.cpp, line 1386]
Event: 0.308 Thread 0x00000000590b8000 Exception <a 'java/security/PrivilegedActionException'> (0x00000000d7ac31b0) thrown at [C:\re\workspace\8-2-build-windows-amd64-cygwin\jdk8u91\6644\hotspot\src\share\vm\prims\jvm.cpp, line 1386]
Event: 0.643 Thread 0x00000000590b8000 Exception <a 'java/lang/NullPointerException'> (0x00000000d862e6c0) thrown at [C:\re\workspace\8-2-build-windows-amd64-cygwin\jdk8u91\6644\hotspot\src\share\vm\interpreter\linkResolver.cpp, line 1178]
Event: 0.643 Thread 0x00000000590b8000 Exception <a 'java/lang/NullPointerException'> (0x00000000d862e6c0) thrown at [C:\re\workspace\8-2-build-windows-amd64-cygwin\jdk8u91\6644\hotspot\src\share\vm\prims\jvm.cpp, line 1390]
Event: 0.732 Thread 0x00000000590b8000 Exception <a 'java/lang/ArrayIndexOutOfBoundsException': 58> (0x00000000d8a49ac8) thrown at [C:\re\workspace\8-2-build-windows-amd64-cygwin\jdk8u91\6644\hotspot\src\share\vm\interpreter\interpreterRuntime.cpp, line 366]
Event: 0.732 Thread 0x00000000590b8000 Exception <a 'java/lang/ArrayIndexOutOfBoundsException': 18> (0x00000000d8a4a7c8) thrown at [C:\re\workspace\8-2-build-windows-amd64-cygwin\jdk8u91\6644\hotspot\src\share\vm\interpreter\interpreterRuntime.cpp, line 366]
Event: 0.733 Thread 0x00000000590b8000 Exception <a 'java/lang/ArrayIndexOutOfBoundsException': 86> (0x00000000d8a4bb70) thrown at [C:\re\workspace\8-2-build-windows-amd64-cygwin\jdk8u91\6644\hotspot\src\share\vm\interpreter\interpreterRuntime.cpp, line 366]
Event: 0.867 Thread 0x00000000590b8000 Exception <a 'java/io/FileNotFoundException'> (0x00000000d70cc550) thrown at [C:\re\workspace\8-2-build-windows-amd64-cygwin\jdk8u91\6644\hotspot\src\share\vm\prims\jni.cpp, line 709]
Event: 3.186 Thread 0x000000005cab8800 Exception <a 'java/io/FileNotFoundException'> (0x00000000d7d1d6c0) thrown at [C:\re\workspace\8-2-build-windows-amd64-cygwin\jdk8u91\6644\hotspot\src\share\vm\prims\jni.cpp, line 709]
Event: 3.204 Thread 0x000000005cab8800 Exception <a 'java/io/FileNotFoundException'> (0x00000000d7d3b500) thrown at [C:\re\workspace\8-2-build-windows-amd64-cygwin\jdk8u91\6644\hotspot\src\share\vm\prims\jni.cpp, line 709]

Events (10 events):
Event: 3.294 Thread 0x000000005cab8800 DEOPT PACKING pc=0x0000000002f33fc9 sp=0x0000000060caeb50
Event: 3.294 Thread 0x000000005cab8800 DEOPT UNPACKING pc=0x0000000002a5787f sp=0x0000000060cae880 mode 0
Event: 3.298 Thread 0x000000005cab8800 DEOPT PACKING pc=0x0000000002f32953 sp=0x0000000060caebb0
Event: 3.298 Thread 0x000000005cab8800 DEOPT UNPACKING pc=0x0000000002a5787f sp=0x0000000060cae920 mode 0
Event: 3.306 Thread 0x000000005cab8800 DEOPT PACKING pc=0x0000000002f33fc9 sp=0x0000000060caeb50
Event: 3.306 Thread 0x000000005cab8800 DEOPT UNPACKING pc=0x0000000002a5787f sp=0x0000000060cae880 mode 0
Event: 3.309 Thread 0x000000005cab8800 DEOPT PACKING pc=0x0000000002f32953 sp=0x0000000060caebc0
Event: 3.309 Thread 0x000000005cab8800 DEOPT UNPACKING pc=0x0000000002a5787f sp=0x0000000060cae930 mode 0
Event: 3.312 Thread 0x000000005cab8800 DEOPT PACKING pc=0x0000000002f33fc9 sp=0x0000000060caeb60
Event: 3.312 Thread 0x000000005cab8800 DEOPT UNPACKING pc=0x0000000002a5787f sp=0x0000000060cae890 mode 0


Dynamic libraries:
0x000000013f3d0000 - 0x000000013f407000 	C:\Program Files\Java\jre1.8.0_91\bin\javaw.exe
0x00000000776a0000 - 0x0000000077849000 	C:\Windows\SYSTEM32\ntdll.dll
0x0000000077580000 - 0x000000007769f000 	C:\Windows\system32\kernel32.dll
0x000007fefd8b0000 - 0x000007fefd91b000 	C:\Windows\system32\KERNELBASE.dll
0x000007fefddc0000 - 0x000007fefde9b000 	C:\Windows\system32\ADVAPI32.dll
0x000007feff7e0000 - 0x000007feff87f000 	C:\Windows\system32\msvcrt.dll
0x000007fefdfd0000 - 0x000007fefdfef000 	C:\Windows\SYSTEM32\sechost.dll
0x000007feff390000 - 0x000007feff4bd000 	C:\Windows\system32\RPCRT4.dll
0x0000000077480000 - 0x000000007757a000 	C:\Windows\system32\USER32.dll
0x000007feff4c0000 - 0x000007feff527000 	C:\Windows\system32\GDI32.dll
0x000007fefdff0000 - 0x000007fefdffe000 	C:\Windows\system32\LPK.dll
0x000007fefdcd0000 - 0x000007fefdd99000 	C:\Windows\system32\USP10.dll
0x000007fefbcb0000 - 0x000007fefbea4000 	C:\Windows\WinSxS\amd64_microsoft.windows.common-controls_6595b64144ccf1df_6.0.7601.17514_none_fa396087175ac9ac\COMCTL32.dll
0x000007fefef80000 - 0x000007fefeff1000 	C:\Windows\system32\SHLWAPI.dll
0x000007fefdc20000 - 0x000007fefdc4e000 	C:\Windows\system32\IMM32.DLL
0x000007feff0a0000 - 0x000007feff1a9000 	C:\Windows\system32\MSCTF.dll
0x000000006b6c0000 - 0x000000006b792000 	C:\Program Files\Java\jre1.8.0_91\bin\msvcr100.dll
0x00000000684b0000 - 0x0000000068d43000 	C:\Program Files\Java\jre1.8.0_91\bin\server\jvm.dll
0x000007fef6bb0000 - 0x000007fef6bb9000 	C:\Windows\system32\WSOCK32.dll
0x000007feff880000 - 0x000007feff8cd000 	C:\Windows\system32\WS2_32.dll
0x000007fefe000000 - 0x000007fefe008000 	C:\Windows\system32\NSI.dll
0x000007fef9b90000 - 0x000007fef9bcb000 	C:\Windows\system32\WINMM.dll
0x000007fefc750000 - 0x000007fefc75c000 	C:\Windows\system32\VERSION.dll
0x0000000077860000 - 0x0000000077867000 	C:\Windows\system32\PSAPI.DLL
0x0000000073bd0000 - 0x0000000073bdf000 	C:\Program Files\Java\jre1.8.0_91\bin\verify.dll
0x0000000072760000 - 0x0000000072789000 	C:\Program Files\Java\jre1.8.0_91\bin\java.dll
0x0000000073710000 - 0x0000000073726000 	C:\Program Files\Java\jre1.8.0_91\bin\zip.dll
0x000007fefe010000 - 0x000007fefed98000 	C:\Windows\system32\SHELL32.dll
0x000007feff530000 - 0x000007feff733000 	C:\Windows\system32\ole32.dll
0x000007fefd5f0000 - 0x000007fefd5ff000 	C:\Windows\system32\profapi.dll
0x000007feee130000 - 0x000007feee21f000 	C:\Program Files\Java\jre1.8.0_91\bin\msvcr120.dll
0x000007feee080000 - 0x000007feee126000 	C:\Program Files\Java\jre1.8.0_91\bin\msvcp120.dll
0x000000006fd90000 - 0x000000006fdb3000 	C:\Program Files\Java\jre1.8.0_91\bin\prism_d3d.dll
0x000007fee7480000 - 0x000007fee767f000 	C:\Windows\system32\d3d9.dll
0x000007fefa220000 - 0x000007fefa227000 	C:\Windows\system32\d3d8thk.dll
0x000007fef9e50000 - 0x000007fef9e68000 	C:\Windows\system32\dwmapi.dll
0x000007fefa930000 - 0x000007fefa986000 	C:\Windows\system32\uxtheme.dll
0x000007fee1d70000 - 0x000007fee25bd000 	C:\Windows\system32\igdumdim64.dll
0x000007fef3630000 - 0x000007fef3a64000 	C:\Windows\system32\igdusc64.dll
0x000000006c500000 - 0x000000006c543000 	C:\Program Files\Java\jre1.8.0_91\bin\glass.dll
0x000007feff000000 - 0x000007feff097000 	C:\Windows\system32\COMDLG32.dll
0x000007feff8d0000 - 0x000007feff9a7000 	C:\Windows\system32\OLEAUT32.dll
0x000007fefd520000 - 0x000007fefd52f000 	C:\Windows\system32\CRYPTBASE.dll
0x000007fee7390000 - 0x000007fee747f000 	C:\Users\Toby\AppData\Local\Temp\javacpp196093257546258\msvcr120.dll
0x000007fee78c0000 - 0x000007fee7966000 	C:\Users\Toby\AppData\Local\Temp\javacpp196093257546258\msvcp120.dll
0x000007fee3fb0000 - 0x000007fee4231000 	C:\Users\Toby\AppData\Local\Temp\javacpp196093257546258\opencv_core300.dll
0x000007fee2a90000 - 0x000007fee2e0f000 	C:\Users\Toby\AppData\Local\Temp\javacpp196093257546258\opencv_imgproc300.dll
0x000007fee6f00000 - 0x000007fee70b8000 	C:\Users\Toby\AppData\Local\Temp\javacpp196093257546258\jniopencv_core.dll
0x000000006b6a0000 - 0x000000006b6b4000 	C:\Program Files\Java\jre1.8.0_91\bin\javafx_font.dll
0x000007fee4d40000 - 0x000007fee4ebe000 	C:\Windows\system32\dwrite.dll
0x000007feff740000 - 0x000007feff7d9000 	C:\Windows\system32\CLBCatQ.DLL
0x000007fef4c30000 - 0x000007fef4d5a000 	C:\Windows\system32\WindowsCodecs.dll
0x000007fefd4c0000 - 0x000007fefd517000 	C:\Windows\system32\apphelp.dll
0x000007fef3570000 - 0x000007fef3630000 	C:\Program Files (x86)\Google\Drive\googledrivesync64.dll
0x00000000737f0000 - 0x00000000738c3000 	C:\Program Files (x86)\Google\Drive\Microsoft.VC90.CRT\MSVCP90.dll
0x0000000073740000 - 0x00000000737e3000 	C:\Program Files (x86)\Google\Drive\Microsoft.VC90.CRT\MSVCR90.dll
0x000007fef34a0000 - 0x000007fef34e0000 	C:\Program Files (x86)\Dropbox\Client\DropboxExt64.34.dll
0x000007feef250000 - 0x000007feef27d000 	C:\Program Files\Common Files\Microsoft Shared\Ink\rtscom.dll
0x000000006b680000 - 0x000000006b691000 	C:\Program Files\Java\jre1.8.0_91\bin\prism_common.dll
0x000007feef840000 - 0x000007feef864000 	C:\Users\Toby\AppData\Local\Temp\javacpp196093257546258\jnivideoInputLib.dll
0x000007fef0dd0000 - 0x000007fef0de6000 	C:\Windows\system32\devenum.dll
0x000007feff1b0000 - 0x000007feff387000 	C:\Windows\system32\setupapi.dll
0x000007fefd830000 - 0x000007fefd866000 	C:\Windows\system32\CFGMGR32.dll
0x000007fefd6a0000 - 0x000007fefd6ba000 	C:\Windows\system32\DEVOBJ.dll
0x000007fefc3f0000 - 0x000007fefc41d000 	C:\Windows\system32\ntmarta.dll
0x000007fefeda0000 - 0x000007fefedf2000 	C:\Windows\system32\WLDAP32.dll
0x000007fefd870000 - 0x000007fefd8aa000 	C:\Windows\system32\WINTRUST.dll
0x000007fefd6c0000 - 0x000007fefd827000 	C:\Windows\system32\CRYPT32.dll
0x000007fefd690000 - 0x000007fefd69f000 	C:\Windows\system32\MSASN1.dll
0x000007fef0990000 - 0x000007fef099d000 	C:\Windows\system32\msdmo.dll
0x000007feee370000 - 0x000007feee39f000 	C:\Windows\system32\qcap.dll
0x000007fee3940000 - 0x000007fee3af2000 	C:\Windows\system32\quartz.dll
0x000007feee320000 - 0x000007feee361000 	C:\Windows\system32\ksproxy.ax
0x00000000753b0000 - 0x00000000753b6000 	C:\Windows\system32\ksuser.dll
0x000007feef220000 - 0x000007feef244000 	C:\Windows\system32\kswdmcap.ax
0x000007fee2930000 - 0x000007fee2a8c000 	C:\Windows\system32\MFC42.dll
0x000007fee4c80000 - 0x000007fee4d31000 	C:\Windows\system32\ODBC32.dll
0x000000006b550000 - 0x000000006b588000 	C:\Windows\system32\odbcint.dll
0x000007fef94d0000 - 0x000007fef94db000 	C:\Windows\system32\vidcap.ax
0x000007feedfe0000 - 0x000007feee07b000 	C:\Windows\System32\qedit.dll
0x000007feedd30000 - 0x000007feedd59000 	C:\Windows\System32\MSVFW32.dll
0x000007fef9bd0000 - 0x000007fef9de5000 	C:\Windows\WinSxS\amd64_microsoft.windows.gdiplus_6595b64144ccf1df_1.1.7601.17514_none_2b24536c71ed437a\gdiplus.dll
0x000007fef1400000 - 0x000007fef14f1000 	C:\Windows\system32\DDRAW.dll
0x000007fef13f0000 - 0x000007fef13f8000 	C:\Windows\system32\DCIMAN32.dll
0x000007fee72e0000 - 0x000007fee7385000 	C:\Users\Toby\AppData\Local\Temp\javacpp196093257546258\jniopencv_imgproc.dll
0x0000000067d20000 - 0x0000000067eb8000 	C:\Program Files\Java\jre1.8.0_91\bin\awt.dll
0x000007fef0f90000 - 0x000007fef10b5000 	C:\Windows\system32\dbghelp.dll

VM Arguments:
jvm_args: -Dfile.encoding=Cp1252 
java_command: application.Main
java_class_path (initial): C:\Users\Toby\git\Drone_group_11\Drone_group_11\bin;C:\Users\Toby\Downloads\eclipse-jee-mars-2-win32-x86_64\eclipse\plugins\org.eclipse.fx.ide.css.jfx8_2.3.0.201603030809.jar;C:\Users\Toby\Downloads\JAVACV_JAR-2016-06-03\JAVACV JAR\javacv-bin\artoolkitplus.jar;C:\Users\Toby\Downloads\JAVACV_JAR-2016-06-03\JAVACV JAR\javacv-bin\artoolkitplus-android-arm.jar;C:\Users\Toby\Downloads\JAVACV_JAR-2016-06-03\JAVACV JAR\javacv-bin\artoolkitplus-android-x86.jar;C:\Users\Toby\Downloads\JAVACV_JAR-2016-06-03\JAVACV JAR\javacv-bin\artoolkitplus-linux-x86.jar;C:\Users\Toby\Downloads\JAVACV_JAR-2016-06-03\JAVACV JAR\javacv-bin\artoolkitplus-linux-x86_64.jar;C:\Users\Toby\Downloads\JAVACV_JAR-2016-06-03\JAVACV JAR\javacv-bin\artoolkitplus-macosx-x86_64.jar;C:\Users\Toby\Downloads\JAVACV_JAR-2016-06-03\JAVACV JAR\javacv-bin\artoolkitplus-windows-x86.jar;C:\Users\Toby\Downloads\JAVACV_JAR-2016-06-03\JAVACV JAR\javacv-bin\artoolkitplus-windows-x86_64.jar;C:\Users\Toby\Downloads\JAVACV_JAR-2016-06-03\JAVACV JAR\javacv-bin\ffmpeg.jar;C:\Users\Toby\Downloads\JAVACV_JAR-2016-06-03\JAVACV JAR\javacv-bin\ffmpeg-android-arm.jar;C:\Users\Toby\Downloads\JAVACV_JAR-2016-06-03\JAVACV JAR\javacv-bin\ffmpeg-android-x86.jar;C:\Users\Toby\Downloads\JAVACV_JAR-2016-06-03\JAVACV JAR\javacv-bin\ffmpeg-linux-x86.jar;C:\Users\Toby\Downloads\JAVACV_JAR-2016-06-03\JAVACV JAR\javacv-bin\ffmpeg-linux-x86_64.jar;C:\Users\Toby\Downloads\JAVACV_JAR-2016-06-03\JAVACV JAR\javacv-bin\ffmpeg-macosx-x86_64.jar;C:\Users\Toby\Downloads\JAVACV_JAR-2016-06-03\JAVACV JAR\javacv-bin\ffmpeg-windows-x86.jar;C:\Users\Toby\Downloads\JAVACV_JAR-2016-06-03\JAVACV JAR\javacv-bin\ffmpeg-windows-x86_64.jar;C:\Users\Toby\Downloads\JAVACV_JAR-2016-06-03\JAVACV JAR\javacv-bin\flandmark.jar;C:\Users\Toby\Downloads\JAVACV_JAR-2016-06-03\JAVACV JAR\javacv-bin\flandmark-android-arm.jar;C:\Users\Toby\Downloads\JAVACV_JAR-2016-06-03\JAVACV JAR\javacv-bin\flandmark-android-x86.jar;C:\Users\Toby\Downloads\JAVACV
Launcher Type: SUN_STANDARD

Environment Variables:
PATH=C:/Program Files/Java/jre1.8.0_91/bin/server;C:/Program Files/Java/jre1.8.0_91/bin;C:/Program Files/Java/jre1.8.0_91/lib/amd64;C:\Program Files (x86)\Intel\iCLS Client\;C:\Program Files\Intel\iCLS Client\;C:\ProgramData\Oracle\Java\javapath;C:\Windows\system32;C:\Windows;C:\Windows\System32\Wbem;C:\Windows\System32\WindowsPowerShell\v1.0\;C:\Program Files (x86)\Intel\OpenCL SDK\3.0\bin\x86;C:\Program Files (x86)\Intel\OpenCL SDK\3.0\bin\x64;C:\Program Files\Intel\WiFi\bin\;C:\Program Files\Common Files\Intel\WirelessCommon\;C:\Program Files\Intel\Intel(R) Management Engine Components\DAL;C:\Program Files\Intel\Intel(R) Management Engine Components\IPT;C:\Program Files (x86)\Intel\Intel(R) Management Engine Components\DAL;C:\Program Files (x86)\Intel\Intel(R) Management Engine Components\IPT;C:\Program Files (x86)\Skype\Phone\;C:\Program Files\Intel\WiFi\bin\;C:\Program Files\Common Files\Intel\WirelessCommon\;C:\Users\Toby\Downloads\eclipse-jee-mars-2-win32-x86_64\eclipse;
USERNAME=Toby
OS=Windows_NT
PROCESSOR_IDENTIFIER=Intel64 Family 6 Model 60 Stepping 3, GenuineIntel



---------------  S Y S T E M  ---------------

OS: Windows 7 , 64 bit Build 7601 (6.1.7601.17514)

CPU:total 4 (2 cores per cpu, 2 threads per core) family 6 model 60 stepping 3, cmov, cx8, fxsr, mmx, sse, sse2, sse3, ssse3, sse4.1, sse4.2, popcnt, avx, avx2, aes, clmul, erms, lzcnt, ht, tsc, tscinvbit, bmi1, bmi2

Memory: 4k page, physical 8084660k(4019960k free), swap 16167476k(10238400k free)

vm_info: Java HotSpot(TM) 64-Bit Server VM (25.91-b14) for windows-amd64 JRE (1.8.0_91-b14), built on Apr  1 2016 00:58:32 by "java_re" with MS VC++ 10.0 (VS2010)

time: Thu Jun 09 16:00:41 2016
elapsed time: 3 seconds (0d 0h 0m 3s)

