#
# A fatal error has been detected by the Java Runtime Environment:
#
#  EXCEPTION_ACCESS_VIOLATION (0xc0000005) at pc=0x000007fede882196, pid=6608, tid=6896
#
# JRE version: Java(TM) SE Runtime Environment (8.0_91-b14) (build 1.8.0_91-b14)
# Java VM: Java HotSpot(TM) 64-Bit Server VM (25.91-b14 mixed mode windows-amd64 compressed oops)
# Problematic frame:
# C  [opencv_imgproc300.dll+0x12196]
#
# Failed to write core dump. Minidumps are not enabled by default on client versions of Windows
#
# If you would like to submit a bug report, please visit:
#   http://bugreport.java.com/bugreport/crash.jsp
# The crash happened outside the Java Virtual Machine in native code.
# See problematic frame for where to report the bug.
#

---------------  T H R E A D  ---------------

Current thread (0x00000000195db800):  JavaThread "Thread-14" [_thread_in_native, id=6896, stack(0x00000000266a0000,0x00000000267a0000)]

siginfo: ExceptionCode=0xc0000005, reading address 0x000000002b07d4d0

Registers:
RAX=0x0000000000010000, RBX=0x000000002679f160, RCX=0x000000002679f160, RDX=0x000000002b07d4d0
RSP=0x000000002679f080, RBP=0x000000002679f1f0, RSI=0x00000000ffffffff, RDI=0x000000002679f248
R8 =0x00000000ffffffff, R9 =0x00000000ea3aa358, R10=0x00000000000001ca, R11=0x00000000707b4c18
R12=0x0000000000000000, R13=0x000000002679f2f8, R14=0x0000000000000000, R15=0x00000000195db800
RIP=0x000007fede882196, EFLAGS=0x0000000000010202

Top of Stack: (sp=0x000000002679f080)
0x000000002679f080:   000000002679f230 00000000701030bf
0x000000002679f090:   000000001c02cd60 00000000700de822
0x000000002679f0a0:   000000002679f160 000007fede88bf7a
0x000000002679f0b0:   0000000018508ee8 000000002679f100
0x000000002679f0c0:   00000000195db800 00000000700e0b19
0x000000002679f0d0:   0000000000000000 fffffffffffffffe
0x000000002679f0e0:   000000002679f2a0 000007fede9e7797
0x000000002679f0f0:   00000000195db9f8 000000002679f160
0x000000002679f100:   00000000ffffffff 00000000195be4c0
0x000000002679f110:   000000002679f2f0 000000000000000e
0x000000002679f120:   000000002679efc0 000000002679f190
0x000000002679f130:   00000000195db9f8 000007fedee14b10
0x000000002679f140:   0000000018508ee8 000000002679f270
0x000000002679f150:   fffffffffffffffe 0000000000000000
0x000000002679f160:   000000002679f170 000007fee55c6967
0x000000002679f170:   0000000033303bf0 0000000000000001 

Instructions: (pc=0x000007fede882196)
0x000007fede882176:   e8 85 bb 1a 00 90 48 8d 05 85 ed 1c 00 48 89 03
0x000007fede882186:   48 8b c3 48 83 c4 30 5b c3 cc 40 53 48 83 ec 20
0x000007fede882196:   8b 02 4c 8d 41 08 48 8b d9 89 01 8b 42 04 89 41
0x000007fede8821a6:   04 8b 42 08 41 89 00 8b 42 0c 89 41 0c 48 8b 42 


Register to memory mapping:

RAX=0x0000000000010000 is an unknown value
RBX=0x000000002679f160 is pointing into the stack for thread: 0x00000000195db800
RCX=0x000000002679f160 is pointing into the stack for thread: 0x00000000195db800
RDX=0x000000002b07d4d0 is an unknown value
RSP=0x000000002679f080 is pointing into the stack for thread: 0x00000000195db800
RBP=0x000000002679f1f0 is pointing into the stack for thread: 0x00000000195db800
RSI=0x00000000ffffffff is an unknown value
RDI=0x000000002679f248 is pointing into the stack for thread: 0x00000000195db800
R8 =0x00000000ffffffff is an unknown value
R9 =0x00000000ea3aa358 is an oop
org.bytedeco.javacpp.opencv_core$Mat 
 - klass: 'org/bytedeco/javacpp/opencv_core$Mat'
R10=0x00000000000001ca is an unknown value
R11=0x00000000707b4c18 is an unknown value
R12=0x0000000000000000 is an unknown value
R13=0x000000002679f2f8 is pointing into the stack for thread: 0x00000000195db800
R14=0x0000000000000000 is an unknown value
R15=0x00000000195db800 is a thread


Stack: [0x00000000266a0000,0x00000000267a0000],  sp=0x000000002679f080,  free space=1020k
Native frames: (J=compiled Java code, j=interpreted, Vv=VM code, C=native code)
C  [opencv_imgproc300.dll+0x12196]
C  [opencv_imgproc300.dll+0x1bf7a]
C  [opencv_imgproc300.dll+0x177797]
C  [jniopencv_imgproc.dll+0x2546e]
C  0x0000000002a42d14

Java frames: (J=compiled Java code, j=interpreted, Vv=VM code)
J 2495  org.bytedeco.javacpp.opencv_imgproc.contourArea(Lorg/bytedeco/javacpp/opencv_core$Mat;)D (0 bytes) @ 0x0000000002a42c92 [0x0000000002a42c40+0x52]
j  flightcontrol.MoveHelper.mostCenteredRect(Ljava/util/List;Lorg/bytedeco/javacpp/opencv_core$Mat;)Lorg/bytedeco/javacpp/opencv_core$RotatedRect;+30
j  flightcontrol.MoveHelper.moveOneChunk(ZDLjava/lang/String;Ljava/lang/String;)Z+101
j  flightcontrol.FlightControl2.flyLaneOne()V+71
j  flightcontrol.FlightControl2.run()V+100
j  java.lang.Thread.run()V+11
v  ~StubRoutines::call_stub

---------------  P R O C E S S  ---------------

Java Threads: ( => current thread )
  0x00000000195dd800 JavaThread "Thread-21" [_thread_in_native, id=7344, stack(0x0000000021850000,0x0000000021950000)]
  0x00000000195dd000 JavaThread "Thread-16" [_thread_in_native, id=7108, stack(0x00000000215b0000,0x00000000216b0000)]
=>0x00000000195db800 JavaThread "Thread-14" [_thread_in_native, id=6896, stack(0x00000000266a0000,0x00000000267a0000)]
  0x00000000195da000 JavaThread "Thread-12" [_thread_in_Java, id=8624, stack(0x0000000023770000,0x0000000023870000)]
  0x00000000195d9000 JavaThread "Thread-11" [_thread_in_native, id=4304, stack(0x0000000021440000,0x0000000021540000)]
  0x00000000195d8800 JavaThread "AWT-EventQueue-0" [_thread_blocked, id=8972, stack(0x0000000020030000,0x0000000020130000)]
  0x00000000195d7800 JavaThread "AWT-Windows" daemon [_thread_in_native, id=6716, stack(0x000000001fc60000,0x000000001fd60000)]
  0x00000000195d7000 JavaThread "AWT-Shutdown" [_thread_blocked, id=9152, stack(0x000000001fb50000,0x000000001fc50000)]
  0x00000000195d6000 JavaThread "Java2D Disposer" daemon [_thread_blocked, id=4520, stack(0x000000001f2a0000,0x000000001f3a0000)]
  0x00000000195d5800 JavaThread "Thread-6" [_thread_blocked, id=9120, stack(0x000000001fa10000,0x000000001fb10000)]
  0x00000000195d4800 JavaThread "VideoManager" [_thread_in_vm, id=5628, stack(0x000000001f900000,0x000000001fa00000)]
  0x00000000195d4000 JavaThread "NavDataManager" [_thread_in_native, id=6964, stack(0x000000001f7b0000,0x000000001f8b0000)]
  0x000000001bfb0000 JavaThread "CommandManager" [_thread_blocked, id=8616, stack(0x000000001f080000,0x000000001f180000)]
  0x00000000198bd800 JavaThread "YADrone CommandManager Timer" [_thread_blocked, id=7268, stack(0x000000001f430000,0x000000001f530000)]
  0x00000000197fb000 JavaThread "Prism Font Disposer" daemon [_thread_blocked, id=7388, stack(0x000000001df80000,0x000000001e080000)]
  0x00000000192a0800 JavaThread "Thread-3" daemon [_thread_in_native, id=8736, stack(0x000000001bae0000,0x000000001bbe0000)]
  0x0000000019293000 JavaThread "JavaFX-Launcher" [_thread_blocked, id=3836, stack(0x000000001b7d0000,0x000000001b8d0000)]
  0x0000000019228800 JavaThread "JavaFX Application Thread" [_thread_in_native, id=8540, stack(0x000000001a300000,0x000000001a400000)]
  0x000000001921b800 JavaThread "Thread-1" daemon [_thread_blocked, id=4900, stack(0x000000001a070000,0x000000001a170000)]
  0x00000000188ba000 JavaThread "QuantumRenderer-0" daemon [_thread_blocked, id=7092, stack(0x0000000019a80000,0x0000000019b80000)]
  0x0000000018555800 JavaThread "Service Thread" daemon [_thread_blocked, id=168, stack(0x0000000018ed0000,0x0000000018fd0000)]
  0x00000000184dd800 JavaThread "C1 CompilerThread2" daemon [_thread_blocked, id=3952, stack(0x0000000018db0000,0x0000000018eb0000)]
  0x00000000184d2000 JavaThread "C2 CompilerThread1" daemon [_thread_blocked, id=8996, stack(0x0000000018b10000,0x0000000018c10000)]
  0x000000001710b000 JavaThread "C2 CompilerThread0" daemon [_thread_blocked, id=8520, stack(0x0000000018940000,0x0000000018a40000)]
  0x0000000017104800 JavaThread "Attach Listener" daemon [_thread_blocked, id=6736, stack(0x00000000183c0000,0x00000000184c0000)]
  0x0000000017101000 JavaThread "Signal Dispatcher" daemon [_thread_blocked, id=8224, stack(0x0000000018290000,0x0000000018390000)]
  0x00000000170ec000 JavaThread "Finalizer" daemon [_thread_blocked, id=284, stack(0x00000000180f0000,0x00000000181f0000)]
  0x00000000170a4800 JavaThread "Reference Handler" daemon [_thread_blocked, id=8120, stack(0x0000000017ff0000,0x00000000180f0000)]
  0x0000000001f4e800 JavaThread "main" [_thread_blocked, id=3636, stack(0x0000000001f50000,0x0000000002050000)]

Other Threads:
  0x000000001709d000 VMThread [stack: 0x0000000017ef0000,0x0000000017ff0000] [id=8724]
  0x0000000018596000 WatcherThread [stack: 0x0000000019090000,0x0000000019190000] [id=6740]

VM state:not at safepoint (normal execution)

VM Mutex/Monitor currently owned by a thread: None

Heap:
 PSYoungGen      total 488448K, used 175075K [0x00000000d6e00000, 0x0000000100000000, 0x0000000100000000)
  eden space 311296K, 10% used [0x00000000d6e00000,0x00000000d8e6e790,0x00000000e9e00000)
  from space 177152K, 80% used [0x00000000e9e00000,0x00000000f288a5e0,0x00000000f4b00000)
  to   space 178688K, 0% used [0x00000000f5180000,0x00000000f5180000,0x0000000100000000)
 ParOldGen       total 306176K, used 188038K [0x0000000084a00000, 0x0000000097500000, 0x00000000d6e00000)
  object space 306176K, 61% used [0x0000000084a00000,0x00000000901a19d0,0x0000000097500000)
 Metaspace       used 25315K, capacity 25940K, committed 26240K, reserved 1073152K
  class space    used 3145K, capacity 3341K, committed 3456K, reserved 1048576K

Card table byte_map: [0x0000000011770000,0x0000000011b50000] byte_map_base: 0x000000001134b000

Marking Bits: (ParMarkBitMap*) 0x00000000707c2f70
 Begin Bits: [0x0000000012580000, 0x0000000014458000)
 End Bits:   [0x0000000014458000, 0x0000000016330000)

Polling page: 0x0000000000110000

CodeCache: size=245760Kb used=9966Kb max_used=9975Kb free=235793Kb
 bounds [0x00000000023b0000, 0x0000000002d80000, 0x00000000113b0000]
 total_blobs=4343 nmethods=3437 adapters=817
 compilation: enabled

Compilation events (10 events):
Event: 36.713 Thread 0x00000000184dd800 3686       3       javafx.scene.layout.Region::computeChildPrefAreaHeight (269 bytes)
Event: 36.715 Thread 0x00000000184dd800 nmethod 3686 0x0000000002d75050 code [0x0000000002d75500, 0x0000000002d77768]
Event: 36.720 Thread 0x00000000184d2000 3688       4       com.sun.javafx.util.TempState::getInstance (10 bytes)
Event: 36.724 Thread 0x00000000184d2000 nmethod 3688 0x0000000002d67b50 code [0x0000000002d67cc0, 0x0000000002d67e18]
Event: 36.760 Thread 0x000000001710b000 3689       4       com.sun.javafx.geom.RectBounds::deriveWithNewBounds (96 bytes)
Event: 36.761 Thread 0x000000001710b000 nmethod 3689 0x00000000027cf190 code [0x00000000027cf2e0, 0x00000000027cf3f8]
Event: 36.770 Thread 0x00000000184dd800 3690       3       com.sun.javafx.tk.quantum.GlassScene::getAccessControlContext (22 bytes)
Event: 36.770 Thread 0x00000000184dd800 nmethod 3690 0x00000000027d1d90 code [0x00000000027d1f00, 0x00000000027d2148]
Event: 37.032 Thread 0x00000000184dd800 3691       3       java.awt.Rectangle::setBounds (21 bytes)
Event: 37.032 Thread 0x00000000184dd800 nmethod 3691 0x00000000027d1890 code [0x00000000027d1a00, 0x00000000027d1c50]

GC Heap History (10 events):
Event: 33.308 GC heap before
{Heap before GC invocations=45 (full 6):
 PSYoungGen      total 486912K, used 431640K [0x00000000d6e00000, 0x00000000ffd00000, 0x0000000100000000)
  eden space 304128K, 99% used [0x00000000d6e00000,0x00000000e961fb80,0x00000000e9700000)
  from space 182784K, 70% used [0x00000000f4a80000,0x00000000fc7e6610,0x00000000ffd00000)
  to   space 183296K, 0% used [0x00000000e9700000,0x00000000e9700000,0x00000000f4a00000)
 ParOldGen       total 306176K, used 187910K [0x0000000084a00000, 0x0000000097500000, 0x00000000d6e00000)
  object space 306176K, 61% used [0x0000000084a00000,0x00000000901819d0,0x0000000097500000)
 Metaspace       used 25255K, capacity 25812K, committed 26240K, reserved 1073152K
  class space    used 3144K, capacity 3341K, committed 3456K, reserved 1048576K
Event: 33.339 GC heap after
Heap after GC invocations=45 (full 6):
 PSYoungGen      total 487424K, used 137923K [0x00000000d6e00000, 0x0000000100000000, 0x0000000100000000)
  eden space 304128K, 0% used [0x00000000d6e00000,0x00000000d6e00000,0x00000000e9700000)
  from space 183296K, 75% used [0x00000000e9700000,0x00000000f1db0f80,0x00000000f4a00000)
  to   space 183808K, 0% used [0x00000000f4c80000,0x00000000f4c80000,0x0000000100000000)
 ParOldGen       total 306176K, used 187934K [0x0000000084a00000, 0x0000000097500000, 0x00000000d6e00000)
  object space 306176K, 61% used [0x0000000084a00000,0x00000000901879d0,0x0000000097500000)
 Metaspace       used 25255K, capacity 25812K, committed 26240K, reserved 1073152K
  class space    used 3144K, capacity 3341K, committed 3456K, reserved 1048576K
}
Event: 34.230 GC heap before
{Heap before GC invocations=46 (full 6):
 PSYoungGen      total 487424K, used 440613K [0x00000000d6e00000, 0x0000000100000000, 0x0000000100000000)
  eden space 304128K, 99% used [0x00000000d6e00000,0x00000000e9598568,0x00000000e9700000)
  from space 183296K, 75% used [0x00000000e9700000,0x00000000f1db0f80,0x00000000f4a00000)
  to   space 183808K, 0% used [0x00000000f4c80000,0x00000000f4c80000,0x0000000100000000)
 ParOldGen       total 306176K, used 187934K [0x0000000084a00000, 0x0000000097500000, 0x00000000d6e00000)
  object space 306176K, 61% used [0x0000000084a00000,0x00000000901879d0,0x0000000097500000)
 Metaspace       used 25263K, capacity 25812K, committed 26240K, reserved 1073152K
  class space    used 3144K, capacity 3341K, committed 3456K, reserved 1048576K
Event: 34.262 GC heap after
Heap after GC invocations=46 (full 6):
 PSYoungGen      total 487936K, used 132428K [0x00000000d6e00000, 0x00000000ffd80000, 0x0000000100000000)
  eden space 306688K, 0% used [0x00000000d6e00000,0x00000000d6e00000,0x00000000e9980000)
  from space 181248K, 73% used [0x00000000f4c80000,0x00000000fcdd3128,0x00000000ffd80000)
  to   space 182272K, 0% used [0x00000000e9980000,0x00000000e9980000,0x00000000f4b80000)
 ParOldGen       total 306176K, used 187966K [0x0000000084a00000, 0x0000000097500000, 0x00000000d6e00000)
  object space 306176K, 61% used [0x0000000084a00000,0x000000009018f9d0,0x0000000097500000)
 Metaspace       used 25263K, capacity 25812K, committed 26240K, reserved 1073152K
  class space    used 3144K, capacity 3341K, committed 3456K, reserved 1048576K
}
Event: 35.091 GC heap before
{Heap before GC invocations=47 (full 6):
 PSYoungGen      total 487936K, used 435766K [0x00000000d6e00000, 0x00000000ffd80000, 0x0000000100000000)
  eden space 306688K, 98% used [0x00000000d6e00000,0x00000000e963a710,0x00000000e9980000)
  from space 181248K, 73% used [0x00000000f4c80000,0x00000000fcdd3128,0x00000000ffd80000)
  to   space 182272K, 0% used [0x00000000e9980000,0x00000000e9980000,0x00000000f4b80000)
 ParOldGen       total 306176K, used 187966K [0x0000000084a00000, 0x0000000097500000, 0x00000000d6e00000)
  object space 306176K, 61% used [0x0000000084a00000,0x000000009018f9d0,0x0000000097500000)
 Metaspace       used 25267K, capacity 25812K, committed 26240K, reserved 1073152K
  class space    used 3144K, capacity 3341K, committed 3456K, reserved 1048576K
Event: 35.119 GC heap after
Heap after GC invocations=47 (full 6):
 PSYoungGen      total 434176K, used 127022K [0x00000000d6e00000, 0x00000000ff900000, 0x0000000100000000)
  eden space 306688K, 0% used [0x00000000d6e00000,0x00000000d6e00000,0x00000000e9980000)
  from space 127488K, 99% used [0x00000000e9980000,0x00000000f158bba8,0x00000000f1600000)
  to   space 178176K, 0% used [0x00000000f4b00000,0x00000000f4b00000,0x00000000ff900000)
 ParOldGen       total 306176K, used 187998K [0x0000000084a00000, 0x0000000097500000, 0x00000000d6e00000)
  object space 306176K, 61% used [0x0000000084a00000,0x00000000901979d0,0x0000000097500000)
 Metaspace       used 25267K, capacity 25812K, committed 26240K, reserved 1073152K
  class space    used 3144K, capacity 3341K, committed 3456K, reserved 1048576K
}
Event: 36.060 GC heap before
{Heap before GC invocations=48 (full 6):
 PSYoungGen      total 434176K, used 433035K [0x00000000d6e00000, 0x00000000ff900000, 0x0000000100000000)
  eden space 306688K, 99% used [0x00000000d6e00000,0x00000000e98d7208,0x00000000e9980000)
  from space 127488K, 99% used [0x00000000e9980000,0x00000000f158bba8,0x00000000f1600000)
  to   space 178176K, 0% used [0x00000000f4b00000,0x00000000f4b00000,0x00000000ff900000)
 ParOldGen       total 306176K, used 187998K [0x0000000084a00000, 0x0000000097500000, 0x00000000d6e00000)
  object space 306176K, 61% used [0x0000000084a00000,0x00000000901979d0,0x0000000097500000)
 Metaspace       used 25305K, capacity 25940K, committed 26240K, reserved 1073152K
  class space    used 3144K, capacity 3341K, committed 3456K, reserved 1048576K
Event: 36.097 GC heap after
Heap after GC invocations=48 (full 6):
 PSYoungGen      total 489472K, used 133772K [0x00000000d6e00000, 0x0000000100000000, 0x0000000100000000)
  eden space 311296K, 0% used [0x00000000d6e00000,0x00000000d6e00000,0x00000000e9e00000)
  from space 178176K, 75% used [0x00000000f4b00000,0x00000000fcda30f8,0x00000000ff900000)
  to   space 177152K, 0% used [0x00000000e9e00000,0x00000000e9e00000,0x00000000f4b00000)
 ParOldGen       total 306176K, used 188022K [0x0000000084a00000, 0x0000000097500000, 0x00000000d6e00000)
  object space 306176K, 61% used [0x0000000084a00000,0x000000009019d9d0,0x0000000097500000)
 Metaspace       used 25305K, capacity 25940K, committed 26240K, reserved 1073152K
  class space    used 3144K, capacity 3341K, committed 3456K, reserved 1048576K
}
Event: 37.045 GC heap before
{Heap before GC invocations=49 (full 6):
 PSYoungGen      total 489472K, used 444366K [0x00000000d6e00000, 0x0000000100000000, 0x0000000100000000)
  eden space 311296K, 99% used [0x00000000d6e00000,0x00000000e9d50860,0x00000000e9e00000)
  from space 178176K, 75% used [0x00000000f4b00000,0x00000000fcda30f8,0x00000000ff900000)
  to   space 177152K, 0% used [0x00000000e9e00000,0x00000000e9e00000,0x00000000f4b00000)
 ParOldGen       total 306176K, used 188022K [0x0000000084a00000, 0x0000000097500000, 0x00000000d6e00000)
  object space 306176K, 61% used [0x0000000084a00000,0x000000009019d9d0,0x0000000097500000)
 Metaspace       used 25315K, capacity 25940K, committed 26240K, reserved 1073152K
  class space    used 3145K, capacity 3341K, committed 3456K, reserved 1048576K
Event: 37.083 GC heap after
Heap after GC invocations=49 (full 6):
 PSYoungGen      total 488448K, used 141865K [0x00000000d6e00000, 0x0000000100000000, 0x0000000100000000)
  eden space 311296K, 0% used [0x00000000d6e00000,0x00000000d6e00000,0x00000000e9e00000)
  from space 177152K, 80% used [0x00000000e9e00000,0x00000000f288a5e0,0x00000000f4b00000)
  to   space 178688K, 0% used [0x00000000f5180000,0x00000000f5180000,0x0000000100000000)
 ParOldGen       total 306176K, used 188038K [0x0000000084a00000, 0x0000000097500000, 0x00000000d6e00000)
  object space 306176K, 61% used [0x0000000084a00000,0x00000000901a19d0,0x0000000097500000)
 Metaspace       used 25315K, capacity 25940K, committed 26240K, reserved 1073152K
  class space    used 3145K, capacity 3341K, committed 3456K, reserved 1048576K
}

Deoptimization events (10 events):
Event: 25.232 Thread 0x00000000195db800 Uncommon trap: reason=unstable_if action=reinterpret pc=0x0000000002b23904 method=com.google.zxing.common.HybridBinarizer.calculateBlackPoints([BIIII)[[I @ 268
Event: 25.436 Thread 0x00000000195db800 Uncommon trap: reason=unstable_if action=reinterpret pc=0x0000000002c119a0 method=com.google.zxing.qrcode.detector.FinderPatternFinder.find(Ljava/util/Map;)Lcom/google/zxing/qrcode/detector/FinderPatternInfo; @ 403
Event: 27.733 Thread 0x00000000195da000 Uncommon trap: reason=unstable_if action=reinterpret pc=0x0000000002bdb49c method=com.google.zxing.common.reedsolomon.GenericGF.multiply(II)I @ 5
Event: 29.049 Thread 0x00000000195da000 Uncommon trap: reason=unstable_if action=reinterpret pc=0x0000000002c6c27c method=com.google.zxing.qrcode.detector.FinderPatternFinder.foundPatternCross([I)Z @ 32
Event: 29.050 Thread 0x00000000195da000 Uncommon trap: reason=unstable_if action=reinterpret pc=0x0000000002b44afc method=com.google.zxing.qrcode.detector.FinderPatternFinder.foundPatternCross([I)Z @ 32
Event: 31.154 Thread 0x00000000195db800 Uncommon trap: reason=unstable_if action=reinterpret pc=0x0000000002ca81a8 method=com.google.zxing.qrcode.detector.FinderPatternFinder.crossCheckHorizontal(IIII)F @ 291
Event: 31.163 Thread 0x000000001bfb0000 Uncommon trap: reason=unstable_if action=reinterpret pc=0x0000000002c3f9bc method=java.lang.Integer.toString(I)Ljava/lang/String; @ 10
Event: 31.163 Thread 0x000000001bfb0000 Uncommon trap: reason=unstable_if action=reinterpret pc=0x0000000002ad7124 method=java.lang.Integer.getChars(II[C)V @ 7
Event: 31.163 Thread 0x000000001bfb0000 Uncommon trap: reason=unstable_if action=reinterpret pc=0x0000000002b33474 method=java.lang.Integer.toString(I)Ljava/lang/String; @ 10
Event: 31.163 Thread 0x000000001bfb0000 Uncommon trap: reason=unstable_if action=reinterpret pc=0x0000000002b322c4 method=java.lang.Integer.toString(I)Ljava/lang/String; @ 10

Internal exceptions (10 events):
Event: 0.357 Thread 0x0000000019228800 Exception <a 'java/lang/NullPointerException'> (0x00000000d7de22f0) thrown at [C:\re\workspace\8-2-build-windows-amd64-cygwin\jdk8u91\6644\hotspot\src\share\vm\interpreter\linkResolver.cpp, line 1178]
Event: 0.357 Thread 0x0000000019228800 Exception <a 'java/lang/NullPointerException'> (0x00000000d7de22f0) thrown at [C:\re\workspace\8-2-build-windows-amd64-cygwin\jdk8u91\6644\hotspot\src\share\vm\prims\jvm.cpp, line 1390]
Event: 0.453 Thread 0x0000000019228800 Exception <a 'java/lang/ArrayIndexOutOfBoundsException'> (0x00000000d823c368) thrown at [C:\re\workspace\8-2-build-windows-amd64-cygwin\jdk8u91\6644\hotspot\src\share\vm\runtime\sharedRuntime.cpp, line 605]
Event: 0.454 Thread 0x0000000019228800 Exception <a 'java/lang/ArrayIndexOutOfBoundsException'> (0x00000000d823d068) thrown at [C:\re\workspace\8-2-build-windows-amd64-cygwin\jdk8u91\6644\hotspot\src\share\vm\runtime\sharedRuntime.cpp, line 605]
Event: 0.454 Thread 0x0000000019228800 Exception <a 'java/lang/ArrayIndexOutOfBoundsException'> (0x00000000d823e410) thrown at [C:\re\workspace\8-2-build-windows-amd64-cygwin\jdk8u91\6644\hotspot\src\share\vm\runtime\sharedRuntime.cpp, line 605]
Event: 0.586 Thread 0x0000000019228800 Exception <a 'java/io/FileNotFoundException'> (0x00000000d8773cf8) thrown at [C:\re\workspace\8-2-build-windows-amd64-cygwin\jdk8u91\6644\hotspot\src\share\vm\prims\jni.cpp, line 709]
Event: 7.328 Thread 0x0000000019228800 Exception <a 'java/io/FileNotFoundException'> (0x00000000d75450f0) thrown at [C:\re\workspace\8-2-build-windows-amd64-cygwin\jdk8u91\6644\hotspot\src\share\vm\prims\jni.cpp, line 709]
Event: 7.349 Thread 0x0000000019228800 Exception <a 'java/io/FileNotFoundException'> (0x00000000d75daa70) thrown at [C:\re\workspace\8-2-build-windows-amd64-cygwin\jdk8u91\6644\hotspot\src\share\vm\prims\jni.cpp, line 709]
Event: 7.383 Thread 0x0000000019228800 Implicit null exception at 0x00000000026a2456 to 0x00000000026a2795
Event: 7.386 Thread 0x0000000019228800 Implicit null exception at 0x00000000025b3796 to 0x00000000025b3abd

Events (10 events):
Event: 36.399 Thread 0x00000000195dc000 Thread added: 0x00000000195dc000
Event: 36.651 Thread 0x00000000195de800 Thread added: 0x00000000195de800
Event: 36.651 Executing VM operation: RevokeBias
Event: 36.652 Executing VM operation: RevokeBias done
Event: 36.652 Thread 0x00000000195dc000 Thread exited: 0x00000000195dc000
Event: 36.665 Executing VM operation: RevokeBias
Event: 36.665 Executing VM operation: RevokeBias done
Event: 36.665 Thread 0x00000000195de800 Thread exited: 0x00000000195de800
Event: 37.044 Executing VM operation: ParallelGCFailedAllocation
Event: 37.083 Executing VM operation: ParallelGCFailedAllocation done


Dynamic libraries:
0x000000013f470000 - 0x000000013f4a7000 	C:\Program Files\Java\jre1.8.0_91\bin\javaw.exe
0x0000000077520000 - 0x00000000776c9000 	C:\Windows\SYSTEM32\ntdll.dll
0x0000000077400000 - 0x000000007751f000 	C:\Windows\system32\kernel32.dll
0x000007fefd600000 - 0x000007fefd66b000 	C:\Windows\system32\KERNELBASE.dll
0x000007feff3d0000 - 0x000007feff4ab000 	C:\Windows\system32\ADVAPI32.dll
0x000007fefd9b0000 - 0x000007fefda4f000 	C:\Windows\system32\msvcrt.dll
0x000007feff3b0000 - 0x000007feff3cf000 	C:\Windows\SYSTEM32\sechost.dll
0x000007fefda70000 - 0x000007fefdb9d000 	C:\Windows\system32\RPCRT4.dll
0x0000000077300000 - 0x00000000773fa000 	C:\Windows\system32\USER32.dll
0x000007fefd940000 - 0x000007fefd9a7000 	C:\Windows\system32\GDI32.dll
0x000007feff0b0000 - 0x000007feff0be000 	C:\Windows\system32\LPK.dll
0x000007feff4b0000 - 0x000007feff579000 	C:\Windows\system32\USP10.dll
0x000007fefbb30000 - 0x000007fefbd24000 	C:\Windows\WinSxS\amd64_microsoft.windows.common-controls_6595b64144ccf1df_6.0.7601.17514_none_fa396087175ac9ac\COMCTL32.dll
0x000007feff580000 - 0x000007feff5f1000 	C:\Windows\system32\SHLWAPI.dll
0x000007feff380000 - 0x000007feff3ae000 	C:\Windows\system32\IMM32.DLL
0x000007feff0c0000 - 0x000007feff1c9000 	C:\Windows\system32\MSCTF.dll
0x0000000050910000 - 0x00000000509e2000 	C:\Program Files\Java\jre1.8.0_91\bin\msvcr100.dll
0x000000006ffb0000 - 0x0000000070843000 	C:\Program Files\Java\jre1.8.0_91\bin\server\jvm.dll
0x000007fef55e0000 - 0x000007fef55e9000 	C:\Windows\system32\WSOCK32.dll
0x000007feff7e0000 - 0x000007feff82d000 	C:\Windows\system32\WS2_32.dll
0x000007fefdba0000 - 0x000007fefdba8000 	C:\Windows\system32\NSI.dll
0x000007fef9990000 - 0x000007fef99cb000 	C:\Windows\system32\WINMM.dll
0x000007fefc5d0000 - 0x000007fefc5dc000 	C:\Windows\system32\VERSION.dll
0x00000000776f0000 - 0x00000000776f7000 	C:\Windows\system32\PSAPI.DLL
0x0000000072740000 - 0x000000007274f000 	C:\Program Files\Java\jre1.8.0_91\bin\verify.dll
0x0000000070d00000 - 0x0000000070d29000 	C:\Program Files\Java\jre1.8.0_91\bin\java.dll
0x0000000072720000 - 0x0000000072736000 	C:\Program Files\Java\jre1.8.0_91\bin\zip.dll
0x000007fefdc50000 - 0x000007fefe9d8000 	C:\Windows\system32\SHELL32.dll
0x000007fefed20000 - 0x000007fefef23000 	C:\Windows\system32\ole32.dll
0x000007fefd470000 - 0x000007fefd47f000 	C:\Windows\system32\profapi.dll
0x000007fee5560000 - 0x000007fee564f000 	C:\Program Files\Java\jre1.8.0_91\bin\msvcr120.dll
0x000007fee5690000 - 0x000007fee5736000 	C:\Program Files\Java\jre1.8.0_91\bin\msvcp120.dll
0x000000005ba60000 - 0x000000005ba83000 	C:\Program Files\Java\jre1.8.0_91\bin\prism_d3d.dll
0x000007fedfb60000 - 0x000007fedfd5f000 	C:\Windows\system32\d3d9.dll
0x000007fefa090000 - 0x000007fefa097000 	C:\Windows\system32\d3d8thk.dll
0x000007fef9cd0000 - 0x000007fef9ce8000 	C:\Windows\system32\dwmapi.dll
0x000007fefa7b0000 - 0x000007fefa806000 	C:\Windows\system32\uxtheme.dll
0x000007fedf310000 - 0x000007fedfb5d000 	C:\Windows\system32\igdumdim64.dll
0x000007fef3270000 - 0x000007fef36a4000 	C:\Windows\system32\igdusc64.dll
0x000000005ba10000 - 0x000000005ba53000 	C:\Program Files\Java\jre1.8.0_91\bin\glass.dll
0x000007fefdbb0000 - 0x000007fefdc47000 	C:\Windows\system32\COMDLG32.dll
0x000007fefec40000 - 0x000007fefed17000 	C:\Windows\system32\OLEAUT32.dll
0x000007fefd3a0000 - 0x000007fefd3af000 	C:\Windows\system32\CRYPTBASE.dll
0x000000005ac40000 - 0x000000005ac54000 	C:\Program Files\Java\jre1.8.0_91\bin\javafx_font.dll
0x000007fedfe60000 - 0x000007fedffde000 	C:\Windows\system32\dwrite.dll
0x000007fefd8a0000 - 0x000007fefd939000 	C:\Windows\system32\CLBCatQ.DLL
0x000007fef91f0000 - 0x000007fef931a000 	C:\Windows\system32\WindowsCodecs.dll
0x000007fefd340000 - 0x000007fefd397000 	C:\Windows\system32\apphelp.dll
0x000007fef3140000 - 0x000007fef3200000 	C:\Program Files (x86)\Google\Drive\googledrivesync64.dll
0x0000000073670000 - 0x0000000073743000 	C:\Program Files (x86)\Google\Drive\Microsoft.VC90.CRT\MSVCP90.dll
0x00000000735c0000 - 0x0000000073663000 	C:\Program Files (x86)\Google\Drive\Microsoft.VC90.CRT\MSVCR90.dll
0x000007fef30a0000 - 0x000007fef30e0000 	C:\Program Files (x86)\Dropbox\Client\DropboxExt64.34.dll
0x000007fef4e20000 - 0x000007fef4e4d000 	C:\Program Files\Common Files\Microsoft Shared\Ink\rtscom.dll
0x0000000069ad0000 - 0x0000000069ae1000 	C:\Program Files\Java\jre1.8.0_91\bin\prism_common.dll
0x0000000071960000 - 0x000000007197a000 	C:\Program Files\Java\jre1.8.0_91\bin\net.dll
0x000007fefcce0000 - 0x000007fefcd35000 	C:\Windows\system32\mswsock.dll
0x000007fefccd0000 - 0x000007fefccd7000 	C:\Windows\System32\wship6.dll
0x000000005a700000 - 0x000000005a898000 	C:\Program Files\Java\jre1.8.0_91\bin\awt.dll
0x000007fefcd40000 - 0x000007fefcd57000 	C:\Windows\system32\CRYPTSP.dll
0x000007fefca40000 - 0x000007fefca87000 	C:\Windows\system32\rsaenh.dll
0x000007fefc7c0000 - 0x000007fefc7de000 	C:\Windows\system32\USERENV.dll
0x000007fefba40000 - 0x000007fefba67000 	C:\Windows\system32\IPHLPAPI.DLL
0x000007fefba30000 - 0x000007fefba3b000 	C:\Windows\system32\WINNSI.DLL
0x000007fefb840000 - 0x000007fefb858000 	C:\Windows\system32\dhcpcsvc.DLL
0x000007fefb820000 - 0x000007fefb831000 	C:\Windows\system32\dhcpcsvc6.DLL
0x000000005abf0000 - 0x000000005ac37000 	C:\Program Files\Java\jre1.8.0_91\bin\fontmanager.dll
0x0000000071880000 - 0x0000000071891000 	C:\Program Files\Java\jre1.8.0_91\bin\nio.dll
0x00000000508c0000 - 0x0000000050902000 	C:\Program Files\Java\jre1.8.0_91\bin\t2k.dll
0x000000005abc0000 - 0x000000005abea000 	C:\Program Files\Java\jre1.8.0_91\bin\dcpr.dll
0x000000006e740000 - 0x000000006fda5000 	C:\Users\Toby\AppData\Local\Temp\xuggle\xuggle7648507215330699976.dll
0x000007fef4e60000 - 0x000007fef4e77000 	C:\Windows\system32\AVICAP32.dll
0x000007fef4350000 - 0x000007fef4379000 	C:\Windows\system32\MSVFW32.dll
0x000007fee5470000 - 0x000007fee555f000 	C:\Users\Toby\AppData\Local\Temp\javacpp87645093365428\msvcr120.dll
0x000007fedf260000 - 0x000007fedf306000 	C:\Users\Toby\AppData\Local\Temp\javacpp87645093365428\msvcp120.dll
0x000007fedefd0000 - 0x000007fedf251000 	C:\Users\Toby\AppData\Local\Temp\javacpp87645093365428\opencv_core300.dll
0x000007fede870000 - 0x000007fedebef000 	C:\Users\Toby\AppData\Local\Temp\javacpp87645093365428\opencv_imgproc300.dll
0x000007fedee10000 - 0x000007fedefc8000 	C:\Users\Toby\AppData\Local\Temp\javacpp87645093365428\jniopencv_core.dll
0x000007fede7c0000 - 0x000007fede865000 	C:\Users\Toby\AppData\Local\Temp\javacpp87645093365428\jniopencv_imgproc.dll
0x000007feef7a0000 - 0x000007feef8c5000 	C:\Windows\system32\dbghelp.dll

VM Arguments:
jvm_args: -Dfile.encoding=Cp1252 
java_command: application.Main
java_class_path (initial): C:\Users\Toby\git\Drone_group_11\Drone_group_11\bin;C:\Users\Toby\Downloads\eclipse-jee-mars-2-win32-x86_64\eclipse\plugins\org.eclipse.fx.ide.css.jfx8_2.3.0.201603030809.jar;C:\Users\Toby\Downloads\JAVACV_JAR-2016-06-03\JAVACV JAR\javacv-bin\artoolkitplus.jar;C:\Users\Toby\Downloads\JAVACV_JAR-2016-06-03\JAVACV JAR\javacv-bin\artoolkitplus-android-arm.jar;C:\Users\Toby\Downloads\JAVACV_JAR-2016-06-03\JAVACV JAR\javacv-bin\artoolkitplus-android-x86.jar;C:\Users\Toby\Downloads\JAVACV_JAR-2016-06-03\JAVACV JAR\javacv-bin\artoolkitplus-linux-x86.jar;C:\Users\Toby\Downloads\JAVACV_JAR-2016-06-03\JAVACV JAR\javacv-bin\artoolkitplus-linux-x86_64.jar;C:\Users\Toby\Downloads\JAVACV_JAR-2016-06-03\JAVACV JAR\javacv-bin\artoolkitplus-macosx-x86_64.jar;C:\Users\Toby\Downloads\JAVACV_JAR-2016-06-03\JAVACV JAR\javacv-bin\artoolkitplus-windows-x86.jar;C:\Users\Toby\Downloads\JAVACV_JAR-2016-06-03\JAVACV JAR\javacv-bin\artoolkitplus-windows-x86_64.jar;C:\Users\Toby\Downloads\JAVACV_JAR-2016-06-03\JAVACV JAR\javacv-bin\ffmpeg.jar;C:\Users\Toby\Downloads\JAVACV_JAR-2016-06-03\JAVACV JAR\javacv-bin\ffmpeg-android-arm.jar;C:\Users\Toby\Downloads\JAVACV_JAR-2016-06-03\JAVACV JAR\javacv-bin\ffmpeg-android-x86.jar;C:\Users\Toby\Downloads\JAVACV_JAR-2016-06-03\JAVACV JAR\javacv-bin\ffmpeg-linux-x86.jar;C:\Users\Toby\Downloads\JAVACV_JAR-2016-06-03\JAVACV JAR\javacv-bin\ffmpeg-linux-x86_64.jar;C:\Users\Toby\Downloads\JAVACV_JAR-2016-06-03\JAVACV JAR\javacv-bin\ffmpeg-macosx-x86_64.jar;C:\Users\Toby\Downloads\JAVACV_JAR-2016-06-03\JAVACV JAR\javacv-bin\ffmpeg-windows-x86.jar;C:\Users\Toby\Downloads\JAVACV_JAR-2016-06-03\JAVACV JAR\javacv-bin\ffmpeg-windows-x86_64.jar;C:\Users\Toby\Downloads\JAVACV_JAR-2016-06-03\JAVACV JAR\javacv-bin\flandmark.jar;C:\Users\Toby\Downloads\JAVACV_JAR-2016-06-03\JAVACV JAR\javacv-bin\flandmark-android-arm.jar;C:\Users\Toby\Downloads\JAVACV_JAR-2016-06-03\JAVACV JAR\javacv-bin\flandmark-android-x86.jar;C:\Users\Toby\Downloads\JAVACV
Launcher Type: SUN_STANDARD

Environment Variables:
PATH=C:/Program Files/Java/jre1.8.0_91/bin/server;C:/Program Files/Java/jre1.8.0_91/bin;C:/Program Files/Java/jre1.8.0_91/lib/amd64;C:\Program Files (x86)\Intel\iCLS Client\;C:\Program Files\Intel\iCLS Client\;C:\ProgramData\Oracle\Java\javapath;C:\Windows\system32;C:\Windows;C:\Windows\System32\Wbem;C:\Windows\System32\WindowsPowerShell\v1.0\;C:\Program Files (x86)\Intel\OpenCL SDK\3.0\bin\x86;C:\Program Files (x86)\Intel\OpenCL SDK\3.0\bin\x64;C:\Program Files\Intel\WiFi\bin\;C:\Program Files\Common Files\Intel\WirelessCommon\;C:\Program Files\Intel\Intel(R) Management Engine Components\DAL;C:\Program Files\Intel\Intel(R) Management Engine Components\IPT;C:\Program Files (x86)\Intel\Intel(R) Management Engine Components\DAL;C:\Program Files (x86)\Intel\Intel(R) Management Engine Components\IPT;C:\Program Files (x86)\Skype\Phone\;C:\Program Files\Intel\WiFi\bin\;C:\Program Files\Common Files\Intel\WirelessCommon\;C:\Users\Toby\Downloads\eclipse-jee-mars-2-win32-x86_64\eclipse;
USERNAME=Toby
OS=Windows_NT
PROCESSOR_IDENTIFIER=Intel64 Family 6 Model 60 Stepping 3, GenuineIntel



---------------  S Y S T E M  ---------------

OS: Windows 7 , 64 bit Build 7601 (6.1.7601.17514)

CPU:total 4 (2 cores per cpu, 2 threads per core) family 6 model 60 stepping 3, cmov, cx8, fxsr, mmx, sse, sse2, sse3, ssse3, sse4.1, sse4.2, popcnt, avx, avx2, aes, clmul, erms, lzcnt, ht, tsc, tscinvbit, bmi1, bmi2

Memory: 4k page, physical 8084660k(3484784k free), swap 16167476k(10677720k free)

vm_info: Java HotSpot(TM) 64-Bit Server VM (25.91-b14) for windows-amd64 JRE (1.8.0_91-b14), built on Apr  1 2016 00:58:32 by "java_re" with MS VC++ 10.0 (VS2010)

time: Tue Jun 21 03:23:23 2016
elapsed time: 37 seconds (0d 0h 0m 37s)

