#
# A fatal error has been detected by the Java Runtime Environment:
#
#  EXCEPTION_ACCESS_VIOLATION (0xc0000005) at pc=0x000007fee734c3f9, pid=8832, tid=6044
#
# JRE version: Java(TM) SE Runtime Environment (8.0_91-b14) (build 1.8.0_91-b14)
# Java VM: Java HotSpot(TM) 64-Bit Server VM (25.91-b14 mixed mode windows-amd64 compressed oops)
# Problematic frame:
# C  [msvcr120.dll+0x3c3f9]
#
# Failed to write core dump. Minidumps are not enabled by default on client versions of Windows
#
# If you would like to submit a bug report, please visit:
#   http://bugreport.java.com/bugreport/crash.jsp
# The crash happened outside the Java Virtual Machine in native code.
# See problematic frame for where to report the bug.
#

---------------  T H R E A D  ---------------

Current thread (0x0000000058df7800):  JavaThread "Thread-11" [_thread_in_native, id=6044, stack(0x0000000062fe0000,0x00000000630e0000)]

siginfo: ExceptionCode=0xc0000005, reading address 0x0000000075830050

Registers:
RAX=0x00000000630e0050, RBX=0x00000000002a3000, RCX=0x00000000002a3000, RDX=0x0000000012750000
RSP=0x00000000630deaf8, RBP=0x00000000630dec20, RSI=0x0000000075830050, RDI=0x00000000630e0050
R8 =0x00000000002a3000, R9 =0x0000000000000000, R10=0x0000000075830050, R11=0x00000000630e0050
R12=0x0000000000000000, R13=0x00000000d7753458, R14=0x00000000630dec10, R15=0x0000000058df7800
RIP=0x000007fee734c3f9, EFLAGS=0x0000000000010207

Top of Stack: (sp=0x00000000630deaf8)
0x00000000630deaf8:   000000006ac67ff0 0000000069f14420
0x00000000630deb08:   000007fee1f4e89f 00000000002a3000
0x00000000630deb18:   000000006ac67ff0 000000006ac67ff0
0x00000000630deb28:   0000000058df79f8 ffffffff00000102
0x00000000630deb38:   000007fee1a8e6dc fffffffffffffffe
0x00000000630deb48:   00000000630dec20 0000000058df7800
0x00000000630deb58:   00000000630dec10 0000000058df79f8
0x00000000630deb68:   000007fee1ab9c32 0000000000000000
0x00000000630deb78:   0000000069f14420 ffffffff00000000
0x00000000630deb88:   0000000058df79f8 fffffffffffffffe
0x00000000630deb98:   00000000630dec10 0000000000000102
0x00000000630deba8:   00000000916b2ac8 0000000000000000
0x00000000630debb8:   00000000030966d4 0000000058df79f8
0x00000000630debc8:   00000000630dec20 0000000000000000
0x00000000630debd8:   0000000000000102 00000000eb332888
0x00000000630debe8:   00000000d74aa7a0 0000000000000007 

Instructions: (pc=0x000007fee734c3f9)
0x000007fee734c3d9:   03 c0 48 3b c8 0f 8c 96 03 00 00 0f ba 25 6c 53
0x000007fee734c3e9:   0a 00 01 73 13 57 56 48 8b f9 49 8b f2 49 8b c8
0x000007fee734c3f9:   f3 a4 5e 5f 49 8b c3 c3 0f ba 25 4f 53 0a 00 02
0x000007fee734c409:   0f 82 56 02 00 00 f6 c1 07 74 36 f6 c1 01 74 0b 


Register to memory mapping:

RAX=0x00000000630e0050 is an unknown value
RBX=0x00000000002a3000 is an unknown value
RCX=0x00000000002a3000 is an unknown value
RDX=0x0000000012750000 is an unknown value
RSP=0x00000000630deaf8 is pointing into the stack for thread: 0x0000000058df7800
RBP=0x00000000630dec20 is pointing into the stack for thread: 0x0000000058df7800
RSI=0x0000000075830050 is an unknown value
RDI=0x00000000630e0050 is an unknown value
R8 =0x00000000002a3000 is an unknown value
R9 =0x0000000000000000 is an unknown value
R10=0x0000000075830050 is an unknown value
R11=0x00000000630e0050 is an unknown value
R12=0x0000000000000000 is an unknown value
R13=0x00000000d7753458 is an oop

[error occurred during error reporting (printing register info), id 0xc0000005]

Stack: [0x0000000062fe0000,0x00000000630e0000],  sp=0x00000000630deaf8,  free space=1018k
Native frames: (J=compiled Java code, j=interpreted, Vv=VM code, C=native code)
C  [msvcr120.dll+0x3c3f9]
C  0x000000006ac67ff0

Java frames: (J=compiled Java code, j=interpreted, Vv=VM code)
J 3058  org.bytedeco.javacpp.opencv_core.cvCloneImage(Lorg/bytedeco/javacpp/opencv_core$IplImage;)Lorg/bytedeco/javacpp/opencv_core$IplImage; (0 bytes) @ 0x0000000003096652 [0x0000000003096600+0x52]
J 3372 C1 picture.PictureProcessingHelper.warpImage(Lorg/bytedeco/javacpp/opencv_core$Mat;Lorg/bytedeco/javacpp/opencv_core$RotatedRect;)Lorg/bytedeco/javacpp/opencv_core$Mat; (670 bytes) @ 0x000000000318740c [0x0000000003184160+0x32ac]
J 2998 C1 picture.PictureProcessingHelper.extractQRImage(Lorg/bytedeco/javacpp/opencv_core$Mat;)Lorg/bytedeco/javacpp/opencv_core$Mat; (396 bytes) @ 0x000000000306de14 [0x000000000306d440+0x9d4]
J 3368 C1 picture.OFVideo.showQr(Lorg/bytedeco/javacpp/opencv_core$Mat;)V (32 bytes) @ 0x000000000317e6bc [0x000000000317e620+0x9c]
j  picture.OFVideo.run()V+137
j  java.lang.Thread.run()V+11
v  ~StubRoutines::call_stub

---------------  P R O C E S S  ---------------

Java Threads: ( => current thread )
  0x0000000058df8000 JavaThread "Java2D Disposer" daemon [_thread_blocked, id=2900, stack(0x0000000062ea0000,0x0000000062fa0000)]
=>0x0000000058df7800 JavaThread "Thread-11" [_thread_in_native, id=6044, stack(0x0000000062fe0000,0x00000000630e0000)]
  0x0000000058df6800 JavaThread "Thread-10" [_thread_in_native, id=9156, stack(0x0000000060990000,0x0000000060a90000)]
  0x0000000058df6000 JavaThread "Thread-7" [_thread_blocked, id=8332, stack(0x000000005ffb0000,0x00000000600b0000)]
  0x0000000058df5000 JavaThread "VideoManager" [_thread_in_native, id=4108, stack(0x000000005fdd0000,0x000000005fed0000)]
  0x0000000058c0f000 JavaThread "NavDataManager" [_thread_in_native, id=7712, stack(0x000000005fbb0000,0x000000005fcb0000)]
  0x000000005cbb0800 JavaThread "CommandManager" [_thread_blocked, id=6060, stack(0x000000005f7c0000,0x000000005f8c0000)]
  0x000000005c4b6800 JavaThread "YADrone CommandManager Timer" [_thread_blocked, id=2312, stack(0x000000005f650000,0x000000005f750000)]
  0x000000005c527800 JavaThread "Prism Font Disposer" daemon [_thread_blocked, id=8152, stack(0x000000005e330000,0x000000005e430000)]
  0x000000005969a000 JavaThread "Thread-3" daemon [_thread_in_native, id=656, stack(0x000000005be10000,0x000000005bf10000)]
  0x00000000596b3800 JavaThread "JavaFX-Launcher" [_thread_blocked, id=9048, stack(0x000000005c190000,0x000000005c290000)]
  0x0000000059675000 JavaThread "JavaFX Application Thread" [_thread_in_native, id=7148, stack(0x000000005a610000,0x000000005a710000)]
  0x0000000059667000 JavaThread "Thread-1" daemon [_thread_blocked, id=8940, stack(0x000000005a3f0000,0x000000005a4f0000)]
  0x0000000059657800 JavaThread "QuantumRenderer-0" daemon [_thread_blocked, id=1368, stack(0x0000000059ed0000,0x0000000059fd0000)]
  0x0000000058c23800 JavaThread "Service Thread" daemon [_thread_blocked, id=5004, stack(0x0000000059540000,0x0000000059640000)]
  0x0000000058bae800 JavaThread "C1 CompilerThread2" daemon [_thread_blocked, id=6076, stack(0x0000000059290000,0x0000000059390000)]
  0x0000000058ba9800 JavaThread "C2 CompilerThread1" daemon [_thread_blocked, id=5460, stack(0x00000000590c0000,0x00000000591c0000)]
  0x000000005739b800 JavaThread "C2 CompilerThread0" daemon [_thread_blocked, id=9120, stack(0x0000000058aa0000,0x0000000058ba0000)]
  0x0000000057399000 JavaThread "Attach Listener" daemon [_thread_blocked, id=1772, stack(0x0000000058870000,0x0000000058970000)]
  0x0000000057395800 JavaThread "Signal Dispatcher" daemon [_thread_blocked, id=4348, stack(0x00000000589a0000,0x0000000058aa0000)]
  0x000000005737c000 JavaThread "Finalizer" daemon [_thread_blocked, id=2468, stack(0x0000000058610000,0x0000000058710000)]
  0x0000000057334800 JavaThread "Reference Handler" daemon [_thread_blocked, id=8140, stack(0x0000000058330000,0x0000000058430000)]
  0x00000000003ce800 JavaThread "main" [_thread_blocked, id=3788, stack(0x0000000002480000,0x0000000002580000)]

Other Threads:
  0x000000005732d000 VMThread [stack: 0x0000000058470000,0x0000000058570000] [id=7216]
  0x0000000058c64000 WatcherThread [stack: 0x0000000058fc0000,0x00000000590c0000] [id=6312]

VM state:not at safepoint (normal execution)

VM Mutex/Monitor currently owned by a thread: None

Heap:
 PSYoungGen      total 495616K, used 163679K [0x00000000d6e00000, 0x00000000fff00000, 0x0000000100000000)
  eden space 322048K, 5% used [0x00000000d6e00000,0x00000000d804c3e8,0x00000000ea880000)
  from space 173568K, 83% used [0x00000000ea880000,0x00000000f360baf0,0x00000000f5200000)
  to   space 172544K, 0% used [0x00000000f5680000,0x00000000f5680000,0x00000000fff00000)
 ParOldGen       total 345600K, used 306622K [0x0000000084a00000, 0x0000000099b80000, 0x00000000d6e00000)
  object space 345600K, 88% used [0x0000000084a00000,0x000000009756f830,0x0000000099b80000)
 Metaspace       used 22508K, capacity 23060K, committed 23168K, reserved 1069056K
  class space    used 2748K, capacity 2911K, committed 2944K, reserved 1048576K

Card table byte_map: [0x0000000011c10000,0x0000000011ff0000] byte_map_base: 0x00000000117eb000

Marking Bits: (ParMarkBitMap*) 0x0000000068cc2f70
 Begin Bits: [0x0000000012810000, 0x00000000146e8000)
 End Bits:   [0x00000000146e8000, 0x00000000165c0000)

Polling page: 0x0000000000320000

CodeCache: size=245760Kb used=10271Kb max_used=10271Kb free=235488Kb
 bounds [0x0000000002850000, 0x0000000003270000, 0x0000000011850000]
 total_blobs=4259 nmethods=3397 adapters=774
 compilation: enabled

Compilation events (10 events):
Event: 49.805 Thread 0x0000000058bae800 3624   !   3       sun.java2d.pipe.DrawImage::renderImageCopy (147 bytes)
Event: 49.806 Thread 0x0000000058bae800 nmethod 3624 0x000000000325ad10 code [0x000000000325af20, 0x000000000325bdb8]
Event: 49.806 Thread 0x0000000058bae800 3625       3       sun.java2d.SunGraphics2D::getCompClip (19 bytes)
Event: 49.806 Thread 0x0000000058bae800 nmethod 3625 0x000000000325c390 code [0x000000000325c500, 0x000000000325c788]
Event: 49.806 Thread 0x0000000058bae800 3626       3       sun.java2d.SurfaceData::getSourceSurfaceData (110 bytes)
Event: 49.807 Thread 0x0000000058bae800 nmethod 3626 0x000000000325c850 code [0x000000000325ca60, 0x000000000325d7d8]
Event: 49.807 Thread 0x0000000058bae800 3627       3       sun.java2d.pipe.DrawImage::blitSurfaceData (145 bytes)
Event: 49.808 Thread 0x0000000058bae800 nmethod 3627 0x000000000325dd90 code [0x000000000325dfc0, 0x000000000325ef58]
Event: 49.818 Thread 0x0000000058bae800 3628       3       com.sun.javafx.sg.prism.NGShape::geometryChanged (45 bytes)
Event: 49.818 Thread 0x0000000058bae800 nmethod 3628 0x000000000325f750 code [0x000000000325f940, 0x0000000003260548]

GC Heap History (10 events):
Event: 45.989 GC heap before
{Heap before GC invocations=54 (full 5):
 PSYoungGen      total 493568K, used 478255K [0x00000000d6e00000, 0x0000000100000000, 0x0000000100000000)
  eden space 322560K, 99% used [0x00000000d6e00000,0x00000000ea8efdd0,0x00000000ea900000)
  from space 171008K, 91% used [0x00000000f5900000,0x00000000ff11c018,0x0000000100000000)
  to   space 175616K, 0% used [0x00000000ea900000,0x00000000ea900000,0x00000000f5480000)
 ParOldGen       total 345600K, used 306494K [0x0000000084a00000, 0x0000000099b80000, 0x00000000d6e00000)
  object space 345600K, 88% used [0x0000000084a00000,0x000000009754f830,0x0000000099b80000)
 Metaspace       used 22476K, capacity 23056K, committed 23168K, reserved 1069056K
  class space    used 2748K, capacity 2911K, committed 2944K, reserved 1048576K
Event: 46.020 GC heap after
Heap after GC invocations=54 (full 5):
 PSYoungGen      total 472064K, used 149006K [0x00000000d6e00000, 0x0000000100000000, 0x0000000100000000)
  eden space 322560K, 0% used [0x00000000d6e00000,0x00000000d6e00000,0x00000000ea900000)
  from space 149504K, 99% used [0x00000000ea900000,0x00000000f3a838b0,0x00000000f3b00000)
  to   space 176640K, 0% used [0x00000000f5380000,0x00000000f5380000,0x0000000100000000)
 ParOldGen       total 345600K, used 306526K [0x0000000084a00000, 0x0000000099b80000, 0x00000000d6e00000)
  object space 345600K, 88% used [0x0000000084a00000,0x0000000097557830,0x0000000099b80000)
 Metaspace       used 22476K, capacity 23056K, committed 23168K, reserved 1069056K
  class space    used 2748K, capacity 2911K, committed 2944K, reserved 1048576K
}
Event: 46.929 GC heap before
{Heap before GC invocations=55 (full 5):
 PSYoungGen      total 472064K, used 470346K [0x00000000d6e00000, 0x0000000100000000, 0x0000000100000000)
  eden space 322560K, 99% used [0x00000000d6e00000,0x00000000ea7cf1c0,0x00000000ea900000)
  from space 149504K, 99% used [0x00000000ea900000,0x00000000f3a838b0,0x00000000f3b00000)
  to   space 176640K, 0% used [0x00000000f5380000,0x00000000f5380000,0x0000000100000000)
 ParOldGen       total 345600K, used 306526K [0x0000000084a00000, 0x0000000099b80000, 0x00000000d6e00000)
  object space 345600K, 88% used [0x0000000084a00000,0x0000000097557830,0x0000000099b80000)
 Metaspace       used 22480K, capacity 23060K, committed 23168K, reserved 1069056K
  class space    used 2748K, capacity 2911K, committed 2944K, reserved 1048576K
Event: 46.962 GC heap after
Heap after GC invocations=55 (full 5):
 PSYoungGen      total 499712K, used 140487K [0x00000000d6e00000, 0x0000000100000000, 0x0000000100000000)
  eden space 323072K, 0% used [0x00000000d6e00000,0x00000000d6e00000,0x00000000ea980000)
  from space 176640K, 79% used [0x00000000f5380000,0x00000000fdcb1cf8,0x0000000100000000)
  to   space 174080K, 0% used [0x00000000ea980000,0x00000000ea980000,0x00000000f5380000)
 ParOldGen       total 345600K, used 306550K [0x0000000084a00000, 0x0000000099b80000, 0x00000000d6e00000)
  object space 345600K, 88% used [0x0000000084a00000,0x000000009755d830,0x0000000099b80000)
 Metaspace       used 22480K, capacity 23060K, committed 23168K, reserved 1069056K
  class space    used 2748K, capacity 2911K, committed 2944K, reserved 1048576K
}
Event: 47.908 GC heap before
{Heap before GC invocations=56 (full 5):
 PSYoungGen      total 499712K, used 463435K [0x00000000d6e00000, 0x0000000100000000, 0x0000000100000000)
  eden space 323072K, 99% used [0x00000000d6e00000,0x00000000ea9611b0,0x00000000ea980000)
  from space 176640K, 79% used [0x00000000f5380000,0x00000000fdcb1cf8,0x0000000100000000)
  to   space 174080K, 0% used [0x00000000ea980000,0x00000000ea980000,0x00000000f5380000)
 ParOldGen       total 345600K, used 306550K [0x0000000084a00000, 0x0000000099b80000, 0x00000000d6e00000)
  object space 345600K, 88% used [0x0000000084a00000,0x000000009755d830,0x0000000099b80000)
 Metaspace       used 22483K, capacity 23060K, committed 23168K, reserved 1069056K
  class space    used 2748K, capacity 2911K, committed 2944K, reserved 1048576K
Event: 47.941 GC heap after
Heap after GC invocations=56 (full 5):
 PSYoungGen      total 465408K, used 142208K [0x00000000d6e00000, 0x00000000ffa80000, 0x0000000100000000)
  eden space 323072K, 0% used [0x00000000d6e00000,0x00000000d6e00000,0x00000000ea980000)
  from space 142336K, 99% used [0x00000000ea980000,0x00000000f34602c0,0x00000000f3480000)
  to   space 172544K, 0% used [0x00000000f5200000,0x00000000f5200000,0x00000000ffa80000)
 ParOldGen       total 345600K, used 306574K [0x0000000084a00000, 0x0000000099b80000, 0x00000000d6e00000)
  object space 345600K, 88% used [0x0000000084a00000,0x0000000097563830,0x0000000099b80000)
 Metaspace       used 22483K, capacity 23060K, committed 23168K, reserved 1069056K
  class space    used 2748K, capacity 2911K, committed 2944K, reserved 1048576K
}
Event: 48.884 GC heap before
{Heap before GC invocations=57 (full 5):
 PSYoungGen      total 465408K, used 463838K [0x00000000d6e00000, 0x00000000ffa80000, 0x0000000100000000)
  eden space 323072K, 99% used [0x00000000d6e00000,0x00000000ea817910,0x00000000ea980000)
  from space 142336K, 99% used [0x00000000ea980000,0x00000000f34602c0,0x00000000f3480000)
  to   space 172544K, 0% used [0x00000000f5200000,0x00000000f5200000,0x00000000ffa80000)
 ParOldGen       total 345600K, used 306574K [0x0000000084a00000, 0x0000000099b80000, 0x00000000d6e00000)
  object space 345600K, 88% used [0x0000000084a00000,0x0000000097563830,0x0000000099b80000)
 Metaspace       used 22494K, capacity 23060K, committed 23168K, reserved 1069056K
  class space    used 2748K, capacity 2911K, committed 2944K, reserved 1048576K
Event: 48.916 GC heap after
Heap after GC invocations=57 (full 5):
 PSYoungGen      total 494592K, used 150423K [0x00000000d6e00000, 0x0000000100000000, 0x0000000100000000)
  eden space 322048K, 0% used [0x00000000d6e00000,0x00000000d6e00000,0x00000000ea880000)
  from space 172544K, 87% used [0x00000000f5200000,0x00000000fe4e5ec0,0x00000000ffa80000)
  to   space 173568K, 0% used [0x00000000ea880000,0x00000000ea880000,0x00000000f5200000)
 ParOldGen       total 345600K, used 306598K [0x0000000084a00000, 0x0000000099b80000, 0x00000000d6e00000)
  object space 345600K, 88% used [0x0000000084a00000,0x0000000097569830,0x0000000099b80000)
 Metaspace       used 22494K, capacity 23060K, committed 23168K, reserved 1069056K
  class space    used 2748K, capacity 2911K, committed 2944K, reserved 1048576K
}
Event: 49.859 GC heap before
{Heap before GC invocations=58 (full 5):
 PSYoungGen      total 494592K, used 470261K [0x00000000d6e00000, 0x0000000100000000, 0x0000000100000000)
  eden space 322048K, 99% used [0x00000000d6e00000,0x00000000ea6575f8,0x00000000ea880000)
  from space 172544K, 87% used [0x00000000f5200000,0x00000000fe4e5ec0,0x00000000ffa80000)
  to   space 173568K, 0% used [0x00000000ea880000,0x00000000ea880000,0x00000000f5200000)
 ParOldGen       total 345600K, used 306598K [0x0000000084a00000, 0x0000000099b80000, 0x00000000d6e00000)
  object space 345600K, 88% used [0x0000000084a00000,0x0000000097569830,0x0000000099b80000)
 Metaspace       used 22508K, capacity 23060K, committed 23168K, reserved 1069056K
  class space    used 2748K, capacity 2911K, committed 2944K, reserved 1048576K
Event: 49.893 GC heap after
Heap after GC invocations=58 (full 5):
 PSYoungGen      total 495616K, used 144942K [0x00000000d6e00000, 0x00000000fff00000, 0x0000000100000000)
  eden space 322048K, 0% used [0x00000000d6e00000,0x00000000d6e00000,0x00000000ea880000)
  from space 173568K, 83% used [0x00000000ea880000,0x00000000f360baf0,0x00000000f5200000)
  to   space 172544K, 0% used [0x00000000f5680000,0x00000000f5680000,0x00000000fff00000)
 ParOldGen       total 345600K, used 306622K [0x0000000084a00000, 0x0000000099b80000, 0x00000000d6e00000)
  object space 345600K, 88% used [0x0000000084a00000,0x000000009756f830,0x0000000099b80000)
 Metaspace       used 22508K, capacity 23060K, committed 23168K, reserved 1069056K
  class space    used 2748K, capacity 2911K, committed 2944K, reserved 1048576K
}

Deoptimization events (10 events):
Event: 17.288 Thread 0x0000000058df7800 Uncommon trap: reason=class_check action=maybe_recompile pc=0x0000000002a4ec30 method=org.bytedeco.javacpp.Pointer$DeallocatorReference.clear()V @ 49
Event: 17.288 Thread 0x0000000058df7800 Uncommon trap: reason=class_check action=maybe_recompile pc=0x0000000002a4ec30 method=org.bytedeco.javacpp.Pointer$DeallocatorReference.clear()V @ 49
Event: 18.212 Thread 0x0000000058df7800 Uncommon trap: reason=class_check action=maybe_recompile pc=0x0000000002a4bf00 method=org.bytedeco.javacpp.Pointer.deallocateReferences()V @ 14
Event: 19.152 Thread 0x0000000058df7800 Uncommon trap: reason=class_check action=maybe_recompile pc=0x0000000002a4bf00 method=org.bytedeco.javacpp.Pointer.deallocateReferences()V @ 14
Event: 20.111 Thread 0x0000000058df7800 Uncommon trap: reason=class_check action=maybe_recompile pc=0x0000000002a4bf00 method=org.bytedeco.javacpp.Pointer.deallocateReferences()V @ 14
Event: 24.970 Thread 0x0000000058df7800 Uncommon trap: reason=unstable_if action=reinterpret pc=0x000000000301d200 method=com.google.zxing.qrcode.detector.FinderPatternFinder.crossCheckVertical(IIII)F @ 157
Event: 39.806 Thread 0x0000000058df7800 Uncommon trap: reason=unstable_if action=reinterpret pc=0x00000000030b2aa4 method=com.google.zxing.qrcode.detector.FinderPatternFinder.crossCheckVertical(IIII)F @ 370
Event: 40.553 Thread 0x0000000058df7800 Uncommon trap: reason=unstable_if action=reinterpret pc=0x0000000002a0006c method=com.google.zxing.common.HybridBinarizer.calculateBlackPoints([BIIII)[[I @ 268
Event: 48.181 Thread 0x0000000058df7800 Uncommon trap: reason=unstable_if action=reinterpret pc=0x0000000003233560 method=com.google.zxing.qrcode.detector.FinderPatternFinder.crossCheckVertical(IIII)F @ 291
Event: 49.489 Thread 0x0000000058df7800 Uncommon trap: reason=unstable_if action=reinterpret pc=0x0000000002a6e3e8 method=com.google.zxing.qrcode.detector.FinderPatternFinder.foundPatternCross([I)Z @ 32

Internal exceptions (10 events):
Event: 0.304 Thread 0x0000000059675000 Exception <a 'java/security/PrivilegedActionException'> (0x00000000d7ab9b08) thrown at [C:\re\workspace\8-2-build-windows-amd64-cygwin\jdk8u91\6644\hotspot\src\share\vm\prims\jvm.cpp, line 1386]
Event: 0.657 Thread 0x0000000059675000 Exception <a 'java/lang/NullPointerException'> (0x00000000d862df18) thrown at [C:\re\workspace\8-2-build-windows-amd64-cygwin\jdk8u91\6644\hotspot\src\share\vm\interpreter\linkResolver.cpp, line 1178]
Event: 0.657 Thread 0x0000000059675000 Exception <a 'java/lang/NullPointerException'> (0x00000000d862df18) thrown at [C:\re\workspace\8-2-build-windows-amd64-cygwin\jdk8u91\6644\hotspot\src\share\vm\prims\jvm.cpp, line 1390]
Event: 0.742 Thread 0x0000000059675000 Exception <a 'java/lang/ArrayIndexOutOfBoundsException': 58> (0x00000000d8a46948) thrown at [C:\re\workspace\8-2-build-windows-amd64-cygwin\jdk8u91\6644\hotspot\src\share\vm\interpreter\interpreterRuntime.cpp, line 366]
Event: 0.742 Thread 0x0000000059675000 Exception <a 'java/lang/ArrayIndexOutOfBoundsException': 18> (0x00000000d8a47648) thrown at [C:\re\workspace\8-2-build-windows-amd64-cygwin\jdk8u91\6644\hotspot\src\share\vm\interpreter\interpreterRuntime.cpp, line 366]
Event: 0.743 Thread 0x0000000059675000 Exception <a 'java/lang/ArrayIndexOutOfBoundsException': 86> (0x00000000d8a489f0) thrown at [C:\re\workspace\8-2-build-windows-amd64-cygwin\jdk8u91\6644\hotspot\src\share\vm\interpreter\interpreterRuntime.cpp, line 366]
Event: 0.823 Thread 0x0000000059675000 Implicit null exception at 0x0000000002bb4ceb to 0x0000000002bb51a1
Event: 0.900 Thread 0x0000000059675000 Exception <a 'java/io/FileNotFoundException'> (0x00000000d70cbb50) thrown at [C:\re\workspace\8-2-build-windows-amd64-cygwin\jdk8u91\6644\hotspot\src\share\vm\prims\jni.cpp, line 709]
Event: 11.687 Thread 0x0000000058df5000 Exception <a 'java/io/FileNotFoundException'> (0x00000000d8901e80) thrown at [C:\re\workspace\8-2-build-windows-amd64-cygwin\jdk8u91\6644\hotspot\src\share\vm\prims\jni.cpp, line 709]
Event: 12.094 Thread 0x0000000058df7800 Exception <a 'java/io/FileNotFoundException'> (0x00000000d92fd110) thrown at [C:\re\workspace\8-2-build-windows-amd64-cygwin\jdk8u91\6644\hotspot\src\share\vm\prims\jni.cpp, line 709]

Events (10 events):
Event: 49.489 Thread 0x0000000058df7800 DEOPT PACKING pc=0x0000000002a6e3e8 sp=0x00000000630dec00
Event: 49.489 Thread 0x0000000058df7800 DEOPT UNPACKING pc=0x000000000289582a sp=0x00000000630deb08 mode 2
Event: 49.625 Thread 0x0000000058df7800 DEOPT PACKING pc=0x0000000003251dfc sp=0x00000000630debc0
Event: 49.625 Thread 0x0000000058df7800 DEOPT UNPACKING pc=0x000000000289787f sp=0x00000000630de8f8 mode 0
Event: 49.707 Thread 0x0000000058df7800 DEOPT PACKING pc=0x0000000003251dfc sp=0x00000000630debc0
Event: 49.707 Thread 0x0000000058df7800 DEOPT UNPACKING pc=0x000000000289787f sp=0x00000000630de8f8 mode 0
Event: 49.784 Thread 0x0000000058df7800 DEOPT PACKING pc=0x0000000003251dfc sp=0x00000000630debc0
Event: 49.784 Thread 0x0000000058df7800 DEOPT UNPACKING pc=0x000000000289787f sp=0x00000000630de8f8 mode 0
Event: 49.859 Executing VM operation: ParallelGCFailedAllocation
Event: 49.893 Executing VM operation: ParallelGCFailedAllocation done


Dynamic libraries:
0x000000013f220000 - 0x000000013f257000 	C:\Program Files\Java\jre1.8.0_91\bin\javaw.exe
0x00000000776a0000 - 0x0000000077849000 	C:\Windows\SYSTEM32\ntdll.dll
0x0000000077580000 - 0x000000007769f000 	C:\Windows\system32\kernel32.dll
0x000007fefd8b0000 - 0x000007fefd91b000 	C:\Windows\system32\KERNELBASE.dll
0x000007fefddc0000 - 0x000007fefde9b000 	C:\Windows\system32\ADVAPI32.dll
0x000007feff7e0000 - 0x000007feff87f000 	C:\Windows\system32\msvcrt.dll
0x000007fefdfd0000 - 0x000007fefdfef000 	C:\Windows\SYSTEM32\sechost.dll
0x000007feff390000 - 0x000007feff4bd000 	C:\Windows\system32\RPCRT4.dll
0x0000000077480000 - 0x000000007757a000 	C:\Windows\system32\USER32.dll
0x000007feff4c0000 - 0x000007feff527000 	C:\Windows\system32\GDI32.dll
0x000007fefdff0000 - 0x000007fefdffe000 	C:\Windows\system32\LPK.dll
0x000007fefdcd0000 - 0x000007fefdd99000 	C:\Windows\system32\USP10.dll
0x000007fefbcb0000 - 0x000007fefbea4000 	C:\Windows\WinSxS\amd64_microsoft.windows.common-controls_6595b64144ccf1df_6.0.7601.17514_none_fa396087175ac9ac\COMCTL32.dll
0x000007fefef80000 - 0x000007fefeff1000 	C:\Windows\system32\SHLWAPI.dll
0x000007fefdc20000 - 0x000007fefdc4e000 	C:\Windows\system32\IMM32.DLL
0x000007feff0a0000 - 0x000007feff1a9000 	C:\Windows\system32\MSCTF.dll
0x000000006a5d0000 - 0x000000006a6a2000 	C:\Program Files\Java\jre1.8.0_91\bin\msvcr100.dll
0x00000000684b0000 - 0x0000000068d43000 	C:\Program Files\Java\jre1.8.0_91\bin\server\jvm.dll
0x000007fef6bb0000 - 0x000007fef6bb9000 	C:\Windows\system32\WSOCK32.dll
0x000007feff880000 - 0x000007feff8cd000 	C:\Windows\system32\WS2_32.dll
0x000007fefe000000 - 0x000007fefe008000 	C:\Windows\system32\NSI.dll
0x000007fef9b90000 - 0x000007fef9bcb000 	C:\Windows\system32\WINMM.dll
0x000007fefc750000 - 0x000007fefc75c000 	C:\Windows\system32\VERSION.dll
0x0000000077860000 - 0x0000000077867000 	C:\Windows\system32\PSAPI.DLL
0x0000000073bd0000 - 0x0000000073bdf000 	C:\Program Files\Java\jre1.8.0_91\bin\verify.dll
0x0000000072760000 - 0x0000000072789000 	C:\Program Files\Java\jre1.8.0_91\bin\java.dll
0x0000000073710000 - 0x0000000073726000 	C:\Program Files\Java\jre1.8.0_91\bin\zip.dll
0x000007fefe010000 - 0x000007fefed98000 	C:\Windows\system32\SHELL32.dll
0x000007feff530000 - 0x000007feff733000 	C:\Windows\system32\ole32.dll
0x000007fefd5f0000 - 0x000007fefd5ff000 	C:\Windows\system32\profapi.dll
0x000007fee7310000 - 0x000007fee73ff000 	C:\Program Files\Java\jre1.8.0_91\bin\msvcr120.dll
0x000007fee3f70000 - 0x000007fee4016000 	C:\Program Files\Java\jre1.8.0_91\bin\msvcp120.dll
0x0000000067c50000 - 0x0000000067c73000 	C:\Program Files\Java\jre1.8.0_91\bin\prism_d3d.dll
0x000007fee2a00000 - 0x000007fee2bff000 	C:\Windows\system32\d3d9.dll
0x000007fefc420000 - 0x000007fefc427000 	C:\Windows\system32\d3d8thk.dll
0x000007fef9e50000 - 0x000007fef9e68000 	C:\Windows\system32\dwmapi.dll
0x000007fefa930000 - 0x000007fefa986000 	C:\Windows\system32\uxtheme.dll
0x000007fee21b0000 - 0x000007fee29fd000 	C:\Windows\system32\igdumdim64.dll
0x000007fef3630000 - 0x000007fef3a64000 	C:\Windows\system32\igdusc64.dll
0x0000000067c00000 - 0x0000000067c43000 	C:\Program Files\Java\jre1.8.0_91\bin\glass.dll
0x000007feff000000 - 0x000007feff097000 	C:\Windows\system32\COMDLG32.dll
0x000007feff8d0000 - 0x000007feff9a7000 	C:\Windows\system32\OLEAUT32.dll
0x000007fefd520000 - 0x000007fefd52f000 	C:\Windows\system32\CRYPTBASE.dll
0x000007fee3e80000 - 0x000007fee3f6f000 	C:\Users\Toby\AppData\Local\Temp\javacpp292894490933752\msvcr120.dll
0x000007fee3890000 - 0x000007fee3936000 	C:\Users\Toby\AppData\Local\Temp\javacpp292894490933752\msvcp120.dll
0x000007fee1f20000 - 0x000007fee21a1000 	C:\Users\Toby\AppData\Local\Temp\javacpp292894490933752\opencv_core300.dll
0x000007fee1ba0000 - 0x000007fee1f1f000 	C:\Users\Toby\AppData\Local\Temp\javacpp292894490933752\opencv_imgproc300.dll
0x000007fee19e0000 - 0x000007fee1b98000 	C:\Users\Toby\AppData\Local\Temp\javacpp292894490933752\jniopencv_core.dll
0x000000006c510000 - 0x000000006c524000 	C:\Program Files\Java\jre1.8.0_91\bin\javafx_font.dll
0x000007fee1860000 - 0x000007fee19de000 	C:\Windows\system32\dwrite.dll
0x000007feff740000 - 0x000007feff7d9000 	C:\Windows\system32\CLBCatQ.DLL
0x000007fef4c30000 - 0x000007fef4d5a000 	C:\Windows\system32\WindowsCodecs.dll
0x000007fefd4c0000 - 0x000007fefd517000 	C:\Windows\system32\apphelp.dll
0x000007fef3570000 - 0x000007fef3630000 	C:\Program Files (x86)\Google\Drive\googledrivesync64.dll
0x00000000737f0000 - 0x00000000738c3000 	C:\Program Files (x86)\Google\Drive\Microsoft.VC90.CRT\MSVCP90.dll
0x0000000073740000 - 0x00000000737e3000 	C:\Program Files (x86)\Google\Drive\Microsoft.VC90.CRT\MSVCR90.dll
0x000007fef34a0000 - 0x000007fef34e0000 	C:\Program Files (x86)\Dropbox\Client\DropboxExt64.34.dll
0x000007fef4ae0000 - 0x000007fef4b0d000 	C:\Program Files\Common Files\Microsoft Shared\Ink\rtscom.dll
0x000000006c4f0000 - 0x000000006c501000 	C:\Program Files\Java\jre1.8.0_91\bin\prism_common.dll
0x00000000727c0000 - 0x00000000727da000 	C:\Program Files\Java\jre1.8.0_91\bin\net.dll
0x000007fefce60000 - 0x000007fefceb5000 	C:\Windows\system32\mswsock.dll
0x000007fefce50000 - 0x000007fefce57000 	C:\Windows\System32\wship6.dll
0x000007fefcec0000 - 0x000007fefced7000 	C:\Windows\system32\CRYPTSP.dll
0x000007fefcbc0000 - 0x000007fefcc07000 	C:\Windows\system32\rsaenh.dll
0x000007fefc930000 - 0x000007fefc94e000 	C:\Windows\system32\USERENV.dll
0x000007fefbbc0000 - 0x000007fefbbe7000 	C:\Windows\system32\IPHLPAPI.DLL
0x000007fefbbb0000 - 0x000007fefbbbb000 	C:\Windows\system32\WINNSI.DLL
0x000007fefb9c0000 - 0x000007fefb9d8000 	C:\Windows\system32\dhcpcsvc.DLL
0x000007fefb9a0000 - 0x000007fefb9b1000 	C:\Windows\system32\dhcpcsvc6.DLL
0x0000000072740000 - 0x0000000072751000 	C:\Program Files\Java\jre1.8.0_91\bin\nio.dll
0x000000006e740000 - 0x000000006fda5000 	C:\Users\Toby\AppData\Local\Temp\xuggle\xuggle2128990169824775755.dll
0x000007fef4ac0000 - 0x000007fef4ad7000 	C:\Windows\system32\AVICAP32.dll
0x000007fef4a90000 - 0x000007fef4ab9000 	C:\Windows\system32\MSVFW32.dll
0x0000000062d00000 - 0x0000000062e98000 	C:\Program Files\Java\jre1.8.0_91\bin\awt.dll
0x000007fee17b0000 - 0x000007fee1855000 	C:\Users\Toby\AppData\Local\Temp\javacpp292894490933752\jniopencv_imgproc.dll
0x000007fef0f90000 - 0x000007fef10b5000 	C:\Windows\system32\dbghelp.dll

VM Arguments:
jvm_args: -Dfile.encoding=Cp1252 
java_command: application.Main
java_class_path (initial): C:\Users\Toby\git\Drone_group_11\Drone_group_11\bin;C:\Users\Toby\Downloads\eclipse-jee-mars-2-win32-x86_64\eclipse\plugins\org.eclipse.fx.ide.css.jfx8_2.3.0.201603030809.jar;C:\Users\Toby\Downloads\JAVACV_JAR-2016-06-03\JAVACV JAR\javacv-bin\artoolkitplus.jar;C:\Users\Toby\Downloads\JAVACV_JAR-2016-06-03\JAVACV JAR\javacv-bin\artoolkitplus-android-arm.jar;C:\Users\Toby\Downloads\JAVACV_JAR-2016-06-03\JAVACV JAR\javacv-bin\artoolkitplus-android-x86.jar;C:\Users\Toby\Downloads\JAVACV_JAR-2016-06-03\JAVACV JAR\javacv-bin\artoolkitplus-linux-x86.jar;C:\Users\Toby\Downloads\JAVACV_JAR-2016-06-03\JAVACV JAR\javacv-bin\artoolkitplus-linux-x86_64.jar;C:\Users\Toby\Downloads\JAVACV_JAR-2016-06-03\JAVACV JAR\javacv-bin\artoolkitplus-macosx-x86_64.jar;C:\Users\Toby\Downloads\JAVACV_JAR-2016-06-03\JAVACV JAR\javacv-bin\artoolkitplus-windows-x86.jar;C:\Users\Toby\Downloads\JAVACV_JAR-2016-06-03\JAVACV JAR\javacv-bin\artoolkitplus-windows-x86_64.jar;C:\Users\Toby\Downloads\JAVACV_JAR-2016-06-03\JAVACV JAR\javacv-bin\ffmpeg.jar;C:\Users\Toby\Downloads\JAVACV_JAR-2016-06-03\JAVACV JAR\javacv-bin\ffmpeg-android-arm.jar;C:\Users\Toby\Downloads\JAVACV_JAR-2016-06-03\JAVACV JAR\javacv-bin\ffmpeg-android-x86.jar;C:\Users\Toby\Downloads\JAVACV_JAR-2016-06-03\JAVACV JAR\javacv-bin\ffmpeg-linux-x86.jar;C:\Users\Toby\Downloads\JAVACV_JAR-2016-06-03\JAVACV JAR\javacv-bin\ffmpeg-linux-x86_64.jar;C:\Users\Toby\Downloads\JAVACV_JAR-2016-06-03\JAVACV JAR\javacv-bin\ffmpeg-macosx-x86_64.jar;C:\Users\Toby\Downloads\JAVACV_JAR-2016-06-03\JAVACV JAR\javacv-bin\ffmpeg-windows-x86.jar;C:\Users\Toby\Downloads\JAVACV_JAR-2016-06-03\JAVACV JAR\javacv-bin\ffmpeg-windows-x86_64.jar;C:\Users\Toby\Downloads\JAVACV_JAR-2016-06-03\JAVACV JAR\javacv-bin\flandmark.jar;C:\Users\Toby\Downloads\JAVACV_JAR-2016-06-03\JAVACV JAR\javacv-bin\flandmark-android-arm.jar;C:\Users\Toby\Downloads\JAVACV_JAR-2016-06-03\JAVACV JAR\javacv-bin\flandmark-android-x86.jar;C:\Users\Toby\Downloads\JAVACV
Launcher Type: SUN_STANDARD

Environment Variables:
PATH=C:/Program Files/Java/jre1.8.0_91/bin/server;C:/Program Files/Java/jre1.8.0_91/bin;C:/Program Files/Java/jre1.8.0_91/lib/amd64;C:\Program Files (x86)\Intel\iCLS Client\;C:\Program Files\Intel\iCLS Client\;C:\ProgramData\Oracle\Java\javapath;C:\Windows\system32;C:\Windows;C:\Windows\System32\Wbem;C:\Windows\System32\WindowsPowerShell\v1.0\;C:\Program Files (x86)\Intel\OpenCL SDK\3.0\bin\x86;C:\Program Files (x86)\Intel\OpenCL SDK\3.0\bin\x64;C:\Program Files\Intel\WiFi\bin\;C:\Program Files\Common Files\Intel\WirelessCommon\;C:\Program Files\Intel\Intel(R) Management Engine Components\DAL;C:\Program Files\Intel\Intel(R) Management Engine Components\IPT;C:\Program Files (x86)\Intel\Intel(R) Management Engine Components\DAL;C:\Program Files (x86)\Intel\Intel(R) Management Engine Components\IPT;C:\Program Files (x86)\Skype\Phone\;C:\Program Files\Intel\WiFi\bin\;C:\Program Files\Common Files\Intel\WirelessCommon\;C:\Users\Toby\Downloads\eclipse-jee-mars-2-win32-x86_64\eclipse;
USERNAME=Toby
OS=Windows_NT
PROCESSOR_IDENTIFIER=Intel64 Family 6 Model 60 Stepping 3, GenuineIntel



---------------  S Y S T E M  ---------------

OS: Windows 7 , 64 bit Build 7601 (6.1.7601.17514)

CPU:total 4 (2 cores per cpu, 2 threads per core) family 6 model 60 stepping 3, cmov, cx8, fxsr, mmx, sse, sse2, sse3, ssse3, sse4.1, sse4.2, popcnt, avx, avx2, aes, clmul, erms, lzcnt, ht, tsc, tscinvbit, bmi1, bmi2

Memory: 4k page, physical 8084660k(2898016k free), swap 16167476k(9436204k free)

vm_info: Java HotSpot(TM) 64-Bit Server VM (25.91-b14) for windows-amd64 JRE (1.8.0_91-b14), built on Apr  1 2016 00:58:32 by "java_re" with MS VC++ 10.0 (VS2010)

time: Fri Jun 10 18:54:50 2016
elapsed time: 49 seconds (0d 0h 0m 49s)

