#
# A fatal error has been detected by the Java Runtime Environment:
#
#  EXCEPTION_ACCESS_VIOLATION (0xc0000005) at pc=0x000007feeea6c3f9, pid=6484, tid=6652
#
# JRE version: Java(TM) SE Runtime Environment (8.0_91-b14) (build 1.8.0_91-b14)
# Java VM: Java HotSpot(TM) 64-Bit Server VM (25.91-b14 mixed mode windows-amd64 compressed oops)
# Problematic frame:
# C  [msvcr120.dll+0x3c3f9]
#
# Failed to write core dump. Minidumps are not enabled by default on client versions of Windows
#
# If you would like to submit a bug report, please visit:
#   http://bugreport.java.com/bugreport/crash.jsp
# The crash happened outside the Java Virtual Machine in native code.
# See problematic frame for where to report the bug.
#

---------------  T H R E A D  ---------------

Current thread (0x000000005cb27800):  JavaThread "Thread-11" [_thread_in_native, id=6652, stack(0x0000000063240000,0x0000000063340000)]

siginfo: ExceptionCode=0xc0000005, reading address 0x000000007c0e0050

Registers:
RAX=0x0000000062c60050, RBX=0x00000000002a3000, RCX=0x00000000002a3000, RDX=0x0000000019480000
RSP=0x000000006333e8f8, RBP=0x000000006333ea20, RSI=0x000000007c0e0050, RDI=0x0000000062c60050
R8 =0x00000000002a3000, R9 =0x0000000000000000, R10=0x000000007c0e0050, R11=0x0000000062c60050
R12=0x0000000000000000, R13=0x000000005ff5f390, R14=0x000000006333ea10, R15=0x000000005cb27800
RIP=0x000007feeea6c3f9, EFLAGS=0x0000000000010207

Top of Stack: (sp=0x000000006333e8f8)
0x000000006333e8f8:   0000000066d0a9a0 000000000031ac10
0x000000006333e908:   000007feedd4e89f 00000000002a3000
0x000000006333e918:   0000000066d0a9a0 0000000066d0a9a0
0x000000006333e928:   000000005cb279f8 ffffffff0000008e
0x000000006333e938:   000007feedc0e6dc fffffffffffffffe
0x000000006333e948:   000000006333ea20 000000005cb27800
0x000000006333e958:   000000006333ea10 000000005cb279f8
0x000000006333e968:   000007feedc39c32 0000000000000000
0x000000006333e978:   000000000031ac10 ffffffff00000000
0x000000006333e988:   000000005cb279f8 fffffffffffffffe
0x000000006333e998:   000000006333ea10 000000000000008e
0x000000006333e9a8:   000000008f9c1fc0 000000005ff5f398
0x000000006333e9b8:   0000000002adb5d4 000000005cb279f8
0x000000006333e9c8:   000000006333ea20 0000000000000000
0x000000006333e9d8:   000000000000008e 00000000f68cd698
0x000000006333e9e8:   00000000d749f6c8 00000000032f34ec 

Instructions: (pc=0x000007feeea6c3f9)
0x000007feeea6c3d9:   03 c0 48 3b c8 0f 8c 96 03 00 00 0f ba 25 6c 53
0x000007feeea6c3e9:   0a 00 01 73 13 57 56 48 8b f9 49 8b f2 49 8b c8
0x000007feeea6c3f9:   f3 a4 5e 5f 49 8b c3 c3 0f ba 25 4f 53 0a 00 02
0x000007feeea6c409:   0f 82 56 02 00 00 f6 c1 07 74 36 f6 c1 01 74 0b 


Register to memory mapping:

RAX=0x0000000062c60050 is an unknown value
RBX=0x00000000002a3000 is an unknown value
RCX=0x00000000002a3000 is an unknown value
RDX=0x0000000019480000 is an unknown value
RSP=0x000000006333e8f8 is pointing into the stack for thread: 0x000000005cb27800
RBP=0x000000006333ea20 is pointing into the stack for thread: 0x000000005cb27800
RSI=0x000000007c0e0050 is an unknown value
RDI=0x0000000062c60050 is an unknown value
R8 =0x00000000002a3000 is an unknown value
R9 =0x0000000000000000 is an unknown value
R10=0x000000007c0e0050 is an unknown value
R11=0x0000000062c60050 is an unknown value
R12=0x0000000000000000 is an unknown value
R13=0x000000005ff5f390 is pointing into metadata
R14=0x000000006333ea10 is pointing into the stack for thread: 0x000000005cb27800
R15=0x000000005cb27800 is a thread


Stack: [0x0000000063240000,0x0000000063340000],  sp=0x000000006333e8f8,  free space=1018k
Native frames: (J=compiled Java code, j=interpreted, Vv=VM code, C=native code)
C  [msvcr120.dll+0x3c3f9]
C  0x0000000066d0a9a0

Java frames: (J=compiled Java code, j=interpreted, Vv=VM code)
J 3844  org.bytedeco.javacpp.opencv_core.cvCloneImage(Lorg/bytedeco/javacpp/opencv_core$IplImage;)Lorg/bytedeco/javacpp/opencv_core$IplImage; (0 bytes) @ 0x0000000002adb552 [0x0000000002adb500+0x52]
J 4169 C1 picture.PictureProcessingHelper.warpImage(Lorg/bytedeco/javacpp/opencv_core$Mat;Lorg/bytedeco/javacpp/opencv_core$RotatedRect;)Lorg/bytedeco/javacpp/opencv_core$Mat; (670 bytes) @ 0x00000000032f35dc [0x00000000032f0480+0x315c]
J 4036 C2 picture.PictureProcessingHelper.extractQRImage(Lorg/bytedeco/javacpp/opencv_core$Mat;)Lorg/bytedeco/javacpp/opencv_core$Mat; (462 bytes) @ 0x0000000003257904 [0x0000000003257560+0x3a4]
J 3652 C1 picture.OFVideo.showQr(Lorg/bytedeco/javacpp/opencv_core$Mat;)V (32 bytes) @ 0x00000000031107bc [0x0000000003110720+0x9c]
j  picture.OFVideo.run()V+137
j  java.lang.Thread.run()V+11
v  ~StubRoutines::call_stub

---------------  P R O C E S S  ---------------

Java Threads: ( => current thread )
  0x000000005cb2c000 JavaThread "Thread-404" [_thread_in_native, id=3676, stack(0x0000000060cd0000,0x0000000060dd0000)]
  0x000000005cb2a000 JavaThread "Thread-13" [_thread_blocked, id=2000, stack(0x000000006d430000,0x000000006d530000)]
  0x000000005cb29000 JavaThread "Thread-12" [_thread_in_native, id=7096, stack(0x0000000060ae0000,0x0000000060be0000)]
  0x000000005cb28800 JavaThread "Java2D Disposer" daemon [_thread_blocked, id=4700, stack(0x0000000064420000,0x0000000064520000)]
=>0x000000005cb27800 JavaThread "Thread-11" [_thread_in_native, id=6652, stack(0x0000000063240000,0x0000000063340000)]
  0x000000005cb27000 JavaThread "Thread-10" [_thread_in_native, id=6748, stack(0x000000005eab0000,0x000000005ebb0000)]
  0x000000005cb24800 JavaThread "Thread-7" [_thread_blocked, id=6860, stack(0x0000000060210000,0x0000000060310000)]
  0x000000005cb23800 JavaThread "VideoManager" [_thread_in_vm, id=3704, stack(0x000000005fa10000,0x000000005fb10000)]
  0x000000005c998000 JavaThread "NavDataManager" [_thread_in_native, id=6844, stack(0x00000000600b0000,0x00000000601b0000)]
  0x000000005c991800 JavaThread "CommandManager" [_thread_blocked, id=1808, stack(0x000000005fd10000,0x000000005fe10000)]
  0x000000005cb7a800 JavaThread "YADrone CommandManager Timer" [_thread_blocked, id=1900, stack(0x000000005fb30000,0x000000005fc30000)]
  0x000000005c5dc800 JavaThread "Prism Font Disposer" daemon [_thread_blocked, id=6308, stack(0x000000005e570000,0x000000005e670000)]
  0x00000000597ac000 JavaThread "Thread-3" daemon [_thread_in_native, id=768, stack(0x000000005c080000,0x000000005c180000)]
  0x00000000597b7000 JavaThread "JavaFX-Launcher" [_thread_blocked, id=4696, stack(0x000000005c250000,0x000000005c350000)]
  0x00000000596fc800 JavaThread "JavaFX Application Thread" [_thread_in_native, id=6528, stack(0x000000005a610000,0x000000005a710000)]
  0x00000000596d1800 JavaThread "Thread-1" daemon [_thread_blocked, id=2648, stack(0x000000005a460000,0x000000005a560000)]
  0x00000000596d7800 JavaThread "QuantumRenderer-0" daemon [_thread_blocked, id=2804, stack(0x0000000059f10000,0x000000005a010000)]
  0x0000000058b23000 JavaThread "Service Thread" daemon [_thread_blocked, id=1088, stack(0x00000000594a0000,0x00000000595a0000)]
  0x0000000058aaf800 JavaThread "C1 CompilerThread2" daemon [_thread_blocked, id=648, stack(0x0000000059330000,0x0000000059430000)]
  0x0000000058aae800 JavaThread "C2 CompilerThread1" daemon [_thread_blocked, id=7040, stack(0x0000000059140000,0x0000000059240000)]
  0x00000000574bf000 JavaThread "C2 CompilerThread0" daemon [_thread_blocked, id=6892, stack(0x0000000058f30000,0x0000000059030000)]
  0x00000000574b9000 JavaThread "Attach Listener" daemon [_thread_blocked, id=6676, stack(0x0000000058630000,0x0000000058730000)]
  0x00000000574b5800 JavaThread "Signal Dispatcher" daemon [_thread_blocked, id=6936, stack(0x00000000589a0000,0x0000000058aa0000)]
  0x000000005749c000 JavaThread "Finalizer" daemon [_thread_blocked, id=6688, stack(0x0000000058860000,0x0000000058960000)]
  0x0000000057454800 JavaThread "Reference Handler" daemon [_thread_blocked, id=4540, stack(0x0000000058760000,0x0000000058860000)]
  0x00000000001ee800 JavaThread "main" [_thread_blocked, id=2412, stack(0x00000000022b0000,0x00000000023b0000)]

Other Threads:
  0x000000005744d000 VMThread [stack: 0x00000000584c0000,0x00000000585c0000] [id=3708]
  0x0000000058b43800 WatcherThread [stack: 0x00000000595c0000,0x00000000596c0000] [id=6168]

VM state:not at safepoint (normal execution)

VM Mutex/Monitor currently owned by a thread: None

Heap:
 PSYoungGen      total 513536K, used 157400K [0x00000000d6e00000, 0x0000000100000000, 0x0000000100000000)
  eden space 354304K, 4% used [0x00000000d6e00000,0x00000000d7bfedd8,0x00000000ec800000)
  from space 159232K, 89% used [0x00000000f6280000,0x00000000fee37420,0x00000000ffe00000)
  to   space 158208K, 0% used [0x00000000ec800000,0x00000000ec800000,0x00000000f6280000)
 ParOldGen       total 283648K, used 184871K [0x0000000084a00000, 0x0000000095f00000, 0x00000000d6e00000)
  object space 283648K, 65% used [0x0000000084a00000,0x000000008fe89d50,0x0000000095f00000)
 Metaspace       used 22878K, capacity 23548K, committed 23808K, reserved 1071104K
  class space    used 2760K, capacity 2955K, committed 3072K, reserved 1048576K

Card table byte_map: [0x0000000011ac0000,0x0000000011ea0000] byte_map_base: 0x000000001169b000

Marking Bits: (ParMarkBitMap*) 0x000000006ab42f70
 Begin Bits: [0x0000000012930000, 0x0000000014808000)
 End Bits:   [0x0000000014808000, 0x00000000166e0000)

Polling page: 0x0000000000430000

CodeCache: size=245760Kb used=12413Kb max_used=12433Kb free=233346Kb
 bounds [0x0000000002700000, 0x0000000003340000, 0x0000000011700000]
 total_blobs=4743 nmethods=3876 adapters=777
 compilation: enabled

Compilation events (10 events):
Event: 81.980 Thread 0x0000000058aaf800 4207       1       com.sun.javafx.event.BasicEventDispatcher::dispatchCapturingEvent (2 bytes)
Event: 81.981 Thread 0x0000000058aaf800 nmethod 4207 0x00000000032fe3d0 code [0x00000000032fe520, 0x00000000032fe630]
Event: 82.323 Thread 0x0000000058aaf800 4208       3       sun.nio.cs.SingleByte$Encoder::encodeArrayLoop (236 bytes)
Event: 82.323 Thread 0x0000000058aae800 4210       4       com.sun.javafx.font.CompositeStrike::getAAMode (18 bytes)
Event: 82.326 Thread 0x0000000058aae800 nmethod 4210 0x0000000003306590 code [0x00000000033066e0, 0x0000000003306978]
Event: 82.328 Thread 0x0000000058aaf800 nmethod 4208 0x000000000331dd50 code [0x000000000331e1e0, 0x0000000003320ca8]
Event: 82.328 Thread 0x0000000058aaf800 4209       3       java.io.PrintStream::ensureOpen (18 bytes)
Event: 82.328 Thread 0x0000000058aaf800 nmethod 4209 0x00000000033104d0 code [0x0000000003310640, 0x0000000003310888]
Event: 82.461 Thread 0x00000000574bf000 4211       4       com.sun.javafx.sg.prism.NGGroup::markCullRegions (198 bytes)
Event: 82.642 Thread 0x00000000574bf000 nmethod 4211 0x0000000003327210 code [0x0000000003327620, 0x000000000332b560]

GC Heap History (10 events):
Event: 79.241 GC heap before
{Heap before GC invocations=88 (full 4):
 PSYoungGen      total 511488K, used 498242K [0x00000000d6e00000, 0x0000000100000000, 0x0000000100000000)
  eden space 351744K, 99% used [0x00000000d6e00000,0x00000000ec3f5a98,0x00000000ec580000)
  from space 159744K, 92% used [0x00000000ec580000,0x00000000f561afb0,0x00000000f6180000)
  to   space 159232K, 0% used [0x00000000f6480000,0x00000000f6480000,0x0000000100000000)
 ParOldGen       total 283648K, used 184775K [0x0000000084a00000, 0x0000000095f00000, 0x00000000d6e00000)
  object space 283648K, 65% used [0x0000000084a00000,0x000000008fe71d50,0x0000000095f00000)
 Metaspace       used 22865K, capacity 23548K, committed 23808K, reserved 1071104K
  class space    used 2760K, capacity 2955K, committed 3072K, reserved 1048576K
Event: 79.273 GC heap after
Heap after GC invocations=88 (full 4):
 PSYoungGen      total 512512K, used 152598K [0x00000000d6e00000, 0x0000000100000000, 0x0000000100000000)
  eden space 353280K, 0% used [0x00000000d6e00000,0x00000000d6e00000,0x00000000ec700000)
  from space 159232K, 95% used [0x00000000f6480000,0x00000000ff985ac0,0x0000000100000000)
  to   space 160256K, 0% used [0x00000000ec700000,0x00000000ec700000,0x00000000f6380000)
 ParOldGen       total 283648K, used 184791K [0x0000000084a00000, 0x0000000095f00000, 0x00000000d6e00000)
  object space 283648K, 65% used [0x0000000084a00000,0x000000008fe75d50,0x0000000095f00000)
 Metaspace       used 22865K, capacity 23548K, committed 23808K, reserved 1071104K
  class space    used 2760K, capacity 2955K, committed 3072K, reserved 1048576K
}
Event: 80.231 GC heap before
{Heap before GC invocations=89 (full 4):
 PSYoungGen      total 512512K, used 504321K [0x00000000d6e00000, 0x0000000100000000, 0x0000000100000000)
  eden space 353280K, 99% used [0x00000000d6e00000,0x00000000ec57ac70,0x00000000ec700000)
  from space 159232K, 95% used [0x00000000f6480000,0x00000000ff985ac0,0x0000000100000000)
  to   space 160256K, 0% used [0x00000000ec700000,0x00000000ec700000,0x00000000f6380000)
 ParOldGen       total 283648K, used 184791K [0x0000000084a00000, 0x0000000095f00000, 0x00000000d6e00000)
  object space 283648K, 65% used [0x0000000084a00000,0x000000008fe75d50,0x0000000095f00000)
 Metaspace       used 22869K, capacity 23548K, committed 23808K, reserved 1071104K
  class space    used 2760K, capacity 2955K, committed 3072K, reserved 1048576K
Event: 80.261 GC heap after
Heap after GC invocations=89 (full 4):
 PSYoungGen      total 491008K, used 137713K [0x00000000d6e00000, 0x0000000100000000, 0x0000000100000000)
  eden space 353280K, 0% used [0x00000000d6e00000,0x00000000d6e00000,0x00000000ec700000)
  from space 137728K, 99% used [0x00000000ec700000,0x00000000f4d7c670,0x00000000f4d80000)
  to   space 160768K, 0% used [0x00000000f6300000,0x00000000f6300000,0x0000000100000000)
 ParOldGen       total 283648K, used 184807K [0x0000000084a00000, 0x0000000095f00000, 0x00000000d6e00000)
  object space 283648K, 65% used [0x0000000084a00000,0x000000008fe79d50,0x0000000095f00000)
 Metaspace       used 22869K, capacity 23548K, committed 23808K, reserved 1071104K
  class space    used 2760K, capacity 2955K, committed 3072K, reserved 1048576K
}
Event: 81.173 GC heap before
{Heap before GC invocations=90 (full 4):
 PSYoungGen      total 491008K, used 489459K [0x00000000d6e00000, 0x0000000100000000, 0x0000000100000000)
  eden space 353280K, 99% used [0x00000000d6e00000,0x00000000ec580698,0x00000000ec700000)
  from space 137728K, 99% used [0x00000000ec700000,0x00000000f4d7c670,0x00000000f4d80000)
  to   space 160768K, 0% used [0x00000000f6300000,0x00000000f6300000,0x0000000100000000)
 ParOldGen       total 283648K, used 184807K [0x0000000084a00000, 0x0000000095f00000, 0x00000000d6e00000)
  object space 283648K, 65% used [0x0000000084a00000,0x000000008fe79d50,0x0000000095f00000)
 Metaspace       used 22869K, capacity 23548K, committed 23808K, reserved 1071104K
  class space    used 2760K, capacity 2955K, committed 3072K, reserved 1048576K
Event: 81.203 GC heap after
Heap after GC invocations=90 (full 4):
 PSYoungGen      total 514048K, used 142647K [0x00000000d6e00000, 0x0000000100000000, 0x0000000100000000)
  eden space 353280K, 0% used [0x00000000d6e00000,0x00000000d6e00000,0x00000000ec700000)
  from space 160768K, 88% used [0x00000000f6300000,0x00000000fee4df18,0x0000000100000000)
  to   space 159744K, 0% used [0x00000000ec700000,0x00000000ec700000,0x00000000f6300000)
 ParOldGen       total 283648K, used 184831K [0x0000000084a00000, 0x0000000095f00000, 0x00000000d6e00000)
  object space 283648K, 65% used [0x0000000084a00000,0x000000008fe7fd50,0x0000000095f00000)
 Metaspace       used 22869K, capacity 23548K, committed 23808K, reserved 1071104K
  class space    used 2760K, capacity 2955K, committed 3072K, reserved 1048576K
}
Event: 82.191 GC heap before
{Heap before GC invocations=91 (full 4):
 PSYoungGen      total 514048K, used 495898K [0x00000000d6e00000, 0x0000000100000000, 0x0000000100000000)
  eden space 353280K, 99% used [0x00000000d6e00000,0x00000000ec6f8c28,0x00000000ec700000)
  from space 160768K, 88% used [0x00000000f6300000,0x00000000fee4df18,0x0000000100000000)
  to   space 159744K, 0% used [0x00000000ec700000,0x00000000ec700000,0x00000000f6300000)
 ParOldGen       total 283648K, used 184831K [0x0000000084a00000, 0x0000000095f00000, 0x00000000d6e00000)
  object space 283648K, 65% used [0x0000000084a00000,0x000000008fe7fd50,0x0000000095f00000)
 Metaspace       used 22873K, capacity 23548K, committed 23808K, reserved 1071104K
  class space    used 2760K, capacity 2955K, committed 3072K, reserved 1048576K
Event: 82.222 GC heap after
Heap after GC invocations=91 (full 4):
 PSYoungGen      total 494080K, used 140402K [0x00000000d6e00000, 0x00000000ffe00000, 0x0000000100000000)
  eden space 353280K, 0% used [0x00000000d6e00000,0x00000000d6e00000,0x00000000ec700000)
  from space 140800K, 99% used [0x00000000ec700000,0x00000000f501ca50,0x00000000f5080000)
  to   space 159232K, 0% used [0x00000000f6280000,0x00000000f6280000,0x00000000ffe00000)
 ParOldGen       total 283648K, used 184855K [0x0000000084a00000, 0x0000000095f00000, 0x00000000d6e00000)
  object space 283648K, 65% used [0x0000000084a00000,0x000000008fe85d50,0x0000000095f00000)
 Metaspace       used 22873K, capacity 23548K, committed 23808K, reserved 1071104K
  class space    used 2760K, capacity 2955K, committed 3072K, reserved 1048576K
}
Event: 83.186 GC heap before
{Heap before GC invocations=92 (full 4):
 PSYoungGen      total 494080K, used 492422K [0x00000000d6e00000, 0x00000000ffe00000, 0x0000000100000000)
  eden space 353280K, 99% used [0x00000000d6e00000,0x00000000ec5c5058,0x00000000ec700000)
  from space 140800K, 99% used [0x00000000ec700000,0x00000000f501ca50,0x00000000f5080000)
  to   space 159232K, 0% used [0x00000000f6280000,0x00000000f6280000,0x00000000ffe00000)
 ParOldGen       total 283648K, used 184855K [0x0000000084a00000, 0x0000000095f00000, 0x00000000d6e00000)
  object space 283648K, 65% used [0x0000000084a00000,0x000000008fe85d50,0x0000000095f00000)
 Metaspace       used 22878K, capacity 23548K, committed 23808K, reserved 1071104K
  class space    used 2760K, capacity 2955K, committed 3072K, reserved 1048576K
Event: 83.219 GC heap after
Heap after GC invocations=92 (full 4):
 PSYoungGen      total 513536K, used 143069K [0x00000000d6e00000, 0x0000000100000000, 0x0000000100000000)
  eden space 354304K, 0% used [0x00000000d6e00000,0x00000000d6e00000,0x00000000ec800000)
  from space 159232K, 89% used [0x00000000f6280000,0x00000000fee37420,0x00000000ffe00000)
  to   space 158208K, 0% used [0x00000000ec800000,0x00000000ec800000,0x00000000f6280000)
 ParOldGen       total 283648K, used 184871K [0x0000000084a00000, 0x0000000095f00000, 0x00000000d6e00000)
  object space 283648K, 65% used [0x0000000084a00000,0x000000008fe89d50,0x0000000095f00000)
 Metaspace       used 22878K, capacity 23548K, committed 23808K, reserved 1071104K
  class space    used 2760K, capacity 2955K, committed 3072K, reserved 1048576K
}

Deoptimization events (10 events):
Event: 26.736 Thread 0x000000005c991800 Uncommon trap: reason=unstable_if action=reinterpret pc=0x0000000002f209d8 method=java.util.concurrent.locks.AbstractQueuedSynchronizer.acquireInterruptibly(I)V @ 19
Event: 27.579 Thread 0x000000005cb27800 Uncommon trap: reason=unstable_if action=reinterpret pc=0x0000000002f655e8 method=com.google.zxing.common.HybridBinarizer.calculateBlackPoints([BIIII)[[I @ 320
Event: 31.099 Thread 0x000000005c991800 Uncommon trap: reason=unstable_if action=reinterpret pc=0x0000000002f7b828 method=java.lang.Integer.toString(I)Ljava/lang/String; @ 10
Event: 31.099 Thread 0x000000005c991800 Uncommon trap: reason=unstable_if action=reinterpret pc=0x0000000002d990e4 method=java.lang.Integer.getChars(II[C)V @ 7
Event: 31.107 Thread 0x000000005c991800 Uncommon trap: reason=unstable_if action=reinterpret pc=0x0000000002e99324 method=java.lang.Integer.toString(I)Ljava/lang/String; @ 10
Event: 31.109 Thread 0x000000005c991800 Uncommon trap: reason=unstable_if action=reinterpret pc=0x0000000002e9af40 method=java.lang.Integer.toString(I)Ljava/lang/String; @ 10
Event: 35.678 Thread 0x000000005cb27800 Uncommon trap: reason=unstable_if action=reinterpret pc=0x000000000303f0d0 method=com.google.zxing.qrcode.detector.FinderPatternFinder.find(Ljava/util/Map;)Lcom/google/zxing/qrcode/detector/FinderPatternInfo; @ 403
Event: 46.989 Thread 0x000000005cb27800 Uncommon trap: reason=unstable_if action=reinterpret pc=0x00000000031505a8 method=com.google.zxing.qrcode.detector.FinderPatternFinder.crossCheckVertical(IIII)F @ 313
Event: 49.096 Thread 0x000000005749c000 Uncommon trap: reason=unstable_if action=reinterpret pc=0x0000000003131ff8 method=java.lang.ref.Finalizer.remove()V @ 10
Event: 79.514 Thread 0x000000005cb27800 Uncommon trap: reason=unstable_if action=reinterpret pc=0x0000000003294844 method=com.google.zxing.qrcode.detector.FinderPatternFinder.crossCheckVertical(IIII)F @ 291

Internal exceptions (10 events):
Event: 0.324 Thread 0x00000000596fc800 Exception <a 'java/security/PrivilegedActionException'> (0x00000000d7ab9ac8) thrown at [C:\re\workspace\8-2-build-windows-amd64-cygwin\jdk8u91\6644\hotspot\src\share\vm\prims\jvm.cpp, line 1386]
Event: 0.635 Thread 0x00000000596fc800 Exception <a 'java/lang/NullPointerException'> (0x00000000d862f810) thrown at [C:\re\workspace\8-2-build-windows-amd64-cygwin\jdk8u91\6644\hotspot\src\share\vm\interpreter\linkResolver.cpp, line 1178]
Event: 0.635 Thread 0x00000000596fc800 Exception <a 'java/lang/NullPointerException'> (0x00000000d862f810) thrown at [C:\re\workspace\8-2-build-windows-amd64-cygwin\jdk8u91\6644\hotspot\src\share\vm\prims\jvm.cpp, line 1390]
Event: 0.710 Thread 0x00000000596fc800 Exception <a 'java/lang/ArrayIndexOutOfBoundsException': 58> (0x00000000d8a48938) thrown at [C:\re\workspace\8-2-build-windows-amd64-cygwin\jdk8u91\6644\hotspot\src\share\vm\interpreter\interpreterRuntime.cpp, line 366]
Event: 0.711 Thread 0x00000000596fc800 Exception <a 'java/lang/ArrayIndexOutOfBoundsException': 18> (0x00000000d8a49638) thrown at [C:\re\workspace\8-2-build-windows-amd64-cygwin\jdk8u91\6644\hotspot\src\share\vm\interpreter\interpreterRuntime.cpp, line 366]
Event: 0.711 Thread 0x00000000596fc800 Exception <a 'java/lang/ArrayIndexOutOfBoundsException': 86> (0x00000000d8a4a9e0) thrown at [C:\re\workspace\8-2-build-windows-amd64-cygwin\jdk8u91\6644\hotspot\src\share\vm\interpreter\interpreterRuntime.cpp, line 366]
Event: 0.777 Thread 0x00000000596fc800 Implicit null exception at 0x0000000002a5f3eb to 0x0000000002a5f8a1
Event: 0.857 Thread 0x00000000596fc800 Exception <a 'java/io/FileNotFoundException'> (0x00000000d70d0d20) thrown at [C:\re\workspace\8-2-build-windows-amd64-cygwin\jdk8u91\6644\hotspot\src\share\vm\prims\jni.cpp, line 709]
Event: 11.309 Thread 0x000000005cb23800 Exception <a 'java/io/FileNotFoundException'> (0x00000000d89fb8a0) thrown at [C:\re\workspace\8-2-build-windows-amd64-cygwin\jdk8u91\6644\hotspot\src\share\vm\prims\jni.cpp, line 709]
Event: 11.632 Thread 0x000000005cb27800 Exception <a 'java/io/FileNotFoundException'> (0x00000000d70c5df8) thrown at [C:\re\workspace\8-2-build-windows-amd64-cygwin\jdk8u91\6644\hotspot\src\share\vm\prims\jni.cpp, line 709]

Events (10 events):
Event: 83.042 Thread 0x000000005cb2a800 Thread added: 0x000000005cb2a800
Event: 83.042 Thread 0x000000005cb2a800 Thread exited: 0x000000005cb2a800
Event: 83.093 Thread 0x000000005cb2a800 Thread added: 0x000000005cb2a800
Event: 83.093 Thread 0x000000005cb2a800 Thread exited: 0x000000005cb2a800
Event: 83.142 Thread 0x000000005cb2a800 Thread added: 0x000000005cb2a800
Event: 83.143 Thread 0x000000005cb2a800 Thread exited: 0x000000005cb2a800
Event: 83.186 Executing VM operation: ParallelGCFailedAllocation
Event: 83.219 Executing VM operation: ParallelGCFailedAllocation done
Event: 83.220 Thread 0x000000005cb2a800 Thread added: 0x000000005cb2a800
Event: 83.222 Thread 0x000000005cb2a800 Thread exited: 0x000000005cb2a800


Dynamic libraries:
0x000000013fd80000 - 0x000000013fdb7000 	C:\Program Files\Java\jre1.8.0_91\bin\javaw.exe
0x0000000077660000 - 0x0000000077809000 	C:\Windows\SYSTEM32\ntdll.dll
0x0000000077540000 - 0x000000007765f000 	C:\Windows\system32\kernel32.dll
0x000007fefd6a0000 - 0x000007fefd70b000 	C:\Windows\system32\KERNELBASE.dll
0x000007fefe420000 - 0x000007fefe4fb000 	C:\Windows\system32\ADVAPI32.dll
0x000007fefdce0000 - 0x000007fefdd7f000 	C:\Windows\system32\msvcrt.dll
0x000007fefda00000 - 0x000007fefda1f000 	C:\Windows\SYSTEM32\sechost.dll
0x000007fefdf60000 - 0x000007fefe08d000 	C:\Windows\system32\RPCRT4.dll
0x0000000077440000 - 0x000000007753a000 	C:\Windows\system32\USER32.dll
0x000007fefdc40000 - 0x000007fefdca7000 	C:\Windows\system32\GDI32.dll
0x000007feff880000 - 0x000007feff88e000 	C:\Windows\system32\LPK.dll
0x000007fefe500000 - 0x000007fefe5c9000 	C:\Windows\system32\USP10.dll
0x000007fefbc70000 - 0x000007fefbe64000 	C:\Windows\WinSxS\amd64_microsoft.windows.common-controls_6595b64144ccf1df_6.0.7601.17514_none_fa396087175ac9ac\COMCTL32.dll
0x000007fefe090000 - 0x000007fefe101000 	C:\Windows\system32\SHLWAPI.dll
0x000007fefdcb0000 - 0x000007fefdcde000 	C:\Windows\system32\IMM32.DLL
0x000007fefe850000 - 0x000007fefe959000 	C:\Windows\system32\MSCTF.dll
0x0000000073620000 - 0x00000000736f2000 	C:\Program Files\Java\jre1.8.0_91\bin\msvcr100.dll
0x000000006a330000 - 0x000000006abc3000 	C:\Program Files\Java\jre1.8.0_91\bin\server\jvm.dll
0x000007fef7430000 - 0x000007fef7439000 	C:\Windows\system32\WSOCK32.dll
0x000007fefe110000 - 0x000007fefe15d000 	C:\Windows\system32\WS2_32.dll
0x000007fefdc30000 - 0x000007fefdc38000 	C:\Windows\system32\NSI.dll
0x000007fef9e90000 - 0x000007fef9ecb000 	C:\Windows\system32\WINMM.dll
0x000007fefc710000 - 0x000007fefc71c000 	C:\Windows\system32\VERSION.dll
0x0000000077830000 - 0x0000000077837000 	C:\Windows\system32\PSAPI.DLL
0x00000000734f0000 - 0x00000000734ff000 	C:\Program Files\Java\jre1.8.0_91\bin\verify.dll
0x00000000734c0000 - 0x00000000734e9000 	C:\Program Files\Java\jre1.8.0_91\bin\java.dll
0x00000000734a0000 - 0x00000000734b6000 	C:\Program Files\Java\jre1.8.0_91\bin\zip.dll
0x000007fefea90000 - 0x000007feff818000 	C:\Windows\system32\SHELL32.dll
0x000007fefda20000 - 0x000007fefdc23000 	C:\Windows\system32\ole32.dll
0x000007fefd5b0000 - 0x000007fefd5bf000 	C:\Windows\system32\profapi.dll
0x000007feeea30000 - 0x000007feeeb1f000 	C:\Program Files\Java\jre1.8.0_91\bin\msvcr120.dll
0x000007feef570000 - 0x000007feef616000 	C:\Program Files\Java\jre1.8.0_91\bin\msvcp120.dll
0x00000000735f0000 - 0x0000000073613000 	C:\Program Files\Java\jre1.8.0_91\bin\prism_d3d.dll
0x000007feee310000 - 0x000007feee50f000 	C:\Windows\system32\d3d9.dll
0x000007fef5ab0000 - 0x000007fef5ab7000 	C:\Windows\system32\d3d8thk.dll
0x000007fefa150000 - 0x000007fefa168000 	C:\Windows\system32\dwmapi.dll
0x000007fefa8f0000 - 0x000007fefa946000 	C:\Windows\system32\uxtheme.dll
0x000007fee39d0000 - 0x000007fee421d000 	C:\Windows\system32\igdumdim64.dll
0x000007fef3740000 - 0x000007fef3b74000 	C:\Windows\system32\igdusc64.dll
0x000000006fef0000 - 0x000000006ff33000 	C:\Program Files\Java\jre1.8.0_91\bin\glass.dll
0x000007fefe380000 - 0x000007fefe417000 	C:\Windows\system32\COMDLG32.dll
0x000007feff890000 - 0x000007feff967000 	C:\Windows\system32\OLEAUT32.dll
0x000007fefd4e0000 - 0x000007fefd4ef000 	C:\Windows\system32\CRYPTBASE.dll
0x000007feedfb0000 - 0x000007feee09f000 	C:\Users\Toby\AppData\Local\Temp\javacpp7325757012385\msvcr120.dll
0x000007feef1e0000 - 0x000007feef286000 	C:\Users\Toby\AppData\Local\Temp\javacpp7325757012385\msvcp120.dll
0x000007feedd20000 - 0x000007feedfa1000 	C:\Users\Toby\AppData\Local\Temp\javacpp7325757012385\opencv_core300.dll
0x000007fee3650000 - 0x000007fee39cf000 	C:\Users\Toby\AppData\Local\Temp\javacpp7325757012385\opencv_imgproc300.dll
0x000007feedb60000 - 0x000007feedd18000 	C:\Users\Toby\AppData\Local\Temp\javacpp7325757012385\jniopencv_core.dll
0x0000000071260000 - 0x0000000071274000 	C:\Program Files\Java\jre1.8.0_91\bin\javafx_font.dll
0x000007feed460000 - 0x000007feed5de000 	C:\Windows\system32\dwrite.dll
0x000007fefe160000 - 0x000007fefe1f9000 	C:\Windows\system32\CLBCatQ.DLL
0x000007fef4f00000 - 0x000007fef502a000 	C:\Windows\system32\WindowsCodecs.dll
0x000007fefd480000 - 0x000007fefd4d7000 	C:\Windows\system32\apphelp.dll
0x000007fef3670000 - 0x000007fef3730000 	C:\Program Files (x86)\Google\Drive\googledrivesync64.dll
0x00000000737b0000 - 0x0000000073883000 	C:\Program Files (x86)\Google\Drive\Microsoft.VC90.CRT\MSVCP90.dll
0x0000000073700000 - 0x00000000737a3000 	C:\Program Files (x86)\Google\Drive\Microsoft.VC90.CRT\MSVCR90.dll
0x000007fef35d0000 - 0x000007fef3610000 	C:\Program Files (x86)\Dropbox\Client\DropboxExt64.34.dll
0x000007fef4950000 - 0x000007fef497d000 	C:\Program Files\Common Files\Microsoft Shared\Ink\rtscom.dll
0x000000006fed0000 - 0x000000006fee1000 	C:\Program Files\Java\jre1.8.0_91\bin\prism_common.dll
0x0000000073480000 - 0x000000007349a000 	C:\Program Files\Java\jre1.8.0_91\bin\net.dll
0x000007fefce20000 - 0x000007fefce75000 	C:\Windows\system32\mswsock.dll
0x000007fefce10000 - 0x000007fefce17000 	C:\Windows\System32\wship6.dll
0x000007fefce80000 - 0x000007fefce97000 	C:\Windows\system32\CRYPTSP.dll
0x000007fefcb80000 - 0x000007fefcbc7000 	C:\Windows\system32\rsaenh.dll
0x000007fefc8f0000 - 0x000007fefc90e000 	C:\Windows\system32\USERENV.dll
0x000007fefbb80000 - 0x000007fefbba7000 	C:\Windows\system32\IPHLPAPI.DLL
0x000007fefbb70000 - 0x000007fefbb7b000 	C:\Windows\system32\WINNSI.DLL
0x000007fefb980000 - 0x000007fefb998000 	C:\Windows\system32\dhcpcsvc.DLL
0x000007fefb960000 - 0x000007fefb971000 	C:\Windows\system32\dhcpcsvc6.DLL
0x0000000073460000 - 0x0000000073471000 	C:\Program Files\Java\jre1.8.0_91\bin\nio.dll
0x000000006e740000 - 0x000000006fda5000 	C:\Users\Toby\AppData\Local\Temp\xuggle\xuggle5896203005689185366.dll
0x000007fef5630000 - 0x000007fef5647000 	C:\Windows\system32\AVICAP32.dll
0x000007fef52d0000 - 0x000007fef52f9000 	C:\Windows\system32\MSVFW32.dll
0x0000000063070000 - 0x0000000063208000 	C:\Program Files\Java\jre1.8.0_91\bin\awt.dll
0x000007feee980000 - 0x000007feeea25000 	C:\Users\Toby\AppData\Local\Temp\javacpp7325757012385\jniopencv_imgproc.dll
0x000007fef0db0000 - 0x000007fef0ed5000 	C:\Windows\system32\dbghelp.dll

VM Arguments:
jvm_args: -Dfile.encoding=Cp1252 
java_command: application.Main
java_class_path (initial): C:\Users\Toby\git\Drone_group_11\Drone_group_11\bin;C:\Users\Toby\Downloads\eclipse-jee-mars-2-win32-x86_64\eclipse\plugins\org.eclipse.fx.ide.css.jfx8_2.3.0.201603030809.jar;C:\Users\Toby\Downloads\JAVACV_JAR-2016-06-03\JAVACV JAR\javacv-bin\artoolkitplus.jar;C:\Users\Toby\Downloads\JAVACV_JAR-2016-06-03\JAVACV JAR\javacv-bin\artoolkitplus-android-arm.jar;C:\Users\Toby\Downloads\JAVACV_JAR-2016-06-03\JAVACV JAR\javacv-bin\artoolkitplus-android-x86.jar;C:\Users\Toby\Downloads\JAVACV_JAR-2016-06-03\JAVACV JAR\javacv-bin\artoolkitplus-linux-x86.jar;C:\Users\Toby\Downloads\JAVACV_JAR-2016-06-03\JAVACV JAR\javacv-bin\artoolkitplus-linux-x86_64.jar;C:\Users\Toby\Downloads\JAVACV_JAR-2016-06-03\JAVACV JAR\javacv-bin\artoolkitplus-macosx-x86_64.jar;C:\Users\Toby\Downloads\JAVACV_JAR-2016-06-03\JAVACV JAR\javacv-bin\artoolkitplus-windows-x86.jar;C:\Users\Toby\Downloads\JAVACV_JAR-2016-06-03\JAVACV JAR\javacv-bin\artoolkitplus-windows-x86_64.jar;C:\Users\Toby\Downloads\JAVACV_JAR-2016-06-03\JAVACV JAR\javacv-bin\ffmpeg.jar;C:\Users\Toby\Downloads\JAVACV_JAR-2016-06-03\JAVACV JAR\javacv-bin\ffmpeg-android-arm.jar;C:\Users\Toby\Downloads\JAVACV_JAR-2016-06-03\JAVACV JAR\javacv-bin\ffmpeg-android-x86.jar;C:\Users\Toby\Downloads\JAVACV_JAR-2016-06-03\JAVACV JAR\javacv-bin\ffmpeg-linux-x86.jar;C:\Users\Toby\Downloads\JAVACV_JAR-2016-06-03\JAVACV JAR\javacv-bin\ffmpeg-linux-x86_64.jar;C:\Users\Toby\Downloads\JAVACV_JAR-2016-06-03\JAVACV JAR\javacv-bin\ffmpeg-macosx-x86_64.jar;C:\Users\Toby\Downloads\JAVACV_JAR-2016-06-03\JAVACV JAR\javacv-bin\ffmpeg-windows-x86.jar;C:\Users\Toby\Downloads\JAVACV_JAR-2016-06-03\JAVACV JAR\javacv-bin\ffmpeg-windows-x86_64.jar;C:\Users\Toby\Downloads\JAVACV_JAR-2016-06-03\JAVACV JAR\javacv-bin\flandmark.jar;C:\Users\Toby\Downloads\JAVACV_JAR-2016-06-03\JAVACV JAR\javacv-bin\flandmark-android-arm.jar;C:\Users\Toby\Downloads\JAVACV_JAR-2016-06-03\JAVACV JAR\javacv-bin\flandmark-android-x86.jar;C:\Users\Toby\Downloads\JAVACV
Launcher Type: SUN_STANDARD

Environment Variables:
PATH=C:/Program Files/Java/jre1.8.0_91/bin/server;C:/Program Files/Java/jre1.8.0_91/bin;C:/Program Files/Java/jre1.8.0_91/lib/amd64;C:\Program Files (x86)\Intel\iCLS Client\;C:\Program Files\Intel\iCLS Client\;C:\ProgramData\Oracle\Java\javapath;C:\Windows\system32;C:\Windows;C:\Windows\System32\Wbem;C:\Windows\System32\WindowsPowerShell\v1.0\;C:\Program Files (x86)\Intel\OpenCL SDK\3.0\bin\x86;C:\Program Files (x86)\Intel\OpenCL SDK\3.0\bin\x64;C:\Program Files\Intel\WiFi\bin\;C:\Program Files\Common Files\Intel\WirelessCommon\;C:\Program Files\Intel\Intel(R) Management Engine Components\DAL;C:\Program Files\Intel\Intel(R) Management Engine Components\IPT;C:\Program Files (x86)\Intel\Intel(R) Management Engine Components\DAL;C:\Program Files (x86)\Intel\Intel(R) Management Engine Components\IPT;C:\Program Files (x86)\Skype\Phone\;C:\Program Files\Intel\WiFi\bin\;C:\Program Files\Common Files\Intel\WirelessCommon\;C:\Users\Toby\Downloads\eclipse-jee-mars-2-win32-x86_64\eclipse;
USERNAME=Toby
OS=Windows_NT
PROCESSOR_IDENTIFIER=Intel64 Family 6 Model 60 Stepping 3, GenuineIntel



---------------  S Y S T E M  ---------------

OS: Windows 7 , 64 bit Build 7601 (6.1.7601.17514)

CPU:total 4 (2 cores per cpu, 2 threads per core) family 6 model 60 stepping 3, cmov, cx8, fxsr, mmx, sse, sse2, sse3, ssse3, sse4.1, sse4.2, popcnt, avx, avx2, aes, clmul, erms, lzcnt, ht, tsc, tscinvbit, bmi1, bmi2

Memory: 4k page, physical 8084660k(2676596k free), swap 16167476k(9839504k free)

vm_info: Java HotSpot(TM) 64-Bit Server VM (25.91-b14) for windows-amd64 JRE (1.8.0_91-b14), built on Apr  1 2016 00:58:32 by "java_re" with MS VC++ 10.0 (VS2010)

time: Sun Jun 12 15:26:22 2016
elapsed time: 83 seconds (0d 0h 1m 23s)

