#
# A fatal error has been detected by the Java Runtime Environment:
#
#  EXCEPTION_ACCESS_VIOLATION (0xc0000005) at pc=0x000007feee07c3f9, pid=7484, tid=7180
#
# JRE version: Java(TM) SE Runtime Environment (8.0_91-b14) (build 1.8.0_91-b14)
# Java VM: Java HotSpot(TM) 64-Bit Server VM (25.91-b14 mixed mode windows-amd64 compressed oops)
# Problematic frame:
# C  [msvcr120.dll+0x3c3f9]
#
# Failed to write core dump. Minidumps are not enabled by default on client versions of Windows
#
# If you would like to submit a bug report, please visit:
#   http://bugreport.java.com/bugreport/crash.jsp
# The crash happened outside the Java Virtual Machine in native code.
# See problematic frame for where to report the bug.
#

---------------  T H R E A D  ---------------

Current thread (0x000000005a0a9800):  JavaThread "Thread-11" [_thread_in_native, id=7180, stack(0x0000000064740000,0x0000000064840000)]

siginfo: ExceptionCode=0xc0000005, reading address 0x000000007eb50050

Registers:
RAX=0x000000005bd60050, RBX=0x00000000002a3000, RCX=0x00000000002a3000, RDX=0x0000000022df0000
RSP=0x000000006483e848, RBP=0x000000006483e970, RSI=0x000000007eb50050, RDI=0x000000005bd60050
R8 =0x00000000002a3000, R9 =0x0000000000000000, R10=0x000000007eb50050, R11=0x000000005bd60050
R12=0x0000000000000000, R13=0x00000000d779ddb8, R14=0x000000006483e960, R15=0x000000005a0a9800
RIP=0x000007feee07c3f9, EFLAGS=0x0000000000010207

Top of Stack: (sp=0x000000006483e848)
0x000000006483e848:   000000005e7833c0 000000006764f2d0
0x000000006483e858:   000007fee3fde89f 00000000002a3000
0x000000006483e868:   000000005e7833c0 000000005e7833c0
0x000000006483e878:   000000005a0a99f8 ffffffff00000095
0x000000006483e888:   000007fee6fae6dc fffffffffffffffe
0x000000006483e898:   000000006483e970 000000005a0a9800
0x000000006483e8a8:   000000006483e960 000000005a0a99f8
0x000000006483e8b8:   000007fee6fd9c32 0000000000000000
0x000000006483e8c8:   000000006764f2d0 ffffffff00000000
0x000000006483e8d8:   000000005a0a99f8 fffffffffffffffe
0x000000006483e8e8:   000000006483e960 0000000000000095
0x000000006483e8f8:   00000000851ed290 0000000000000000
0x000000006483e908:   000000000325be54 000000005a0a99f8
0x000000006483e918:   000000006483e970 0000000000000000
0x000000006483e928:   0000000000000095 0000000086c05950
0x000000006483e938:   00000000d7444720 0000000000000007 

Instructions: (pc=0x000007feee07c3f9)
0x000007feee07c3d9:   03 c0 48 3b c8 0f 8c 96 03 00 00 0f ba 25 6c 53
0x000007feee07c3e9:   0a 00 01 73 13 57 56 48 8b f9 49 8b f2 49 8b c8
0x000007feee07c3f9:   f3 a4 5e 5f 49 8b c3 c3 0f ba 25 4f 53 0a 00 02
0x000007feee07c409:   0f 82 56 02 00 00 f6 c1 07 74 36 f6 c1 01 74 0b 


Register to memory mapping:

RAX=0x000000005bd60050 is an unknown value
RBX=0x00000000002a3000 is an unknown value
RCX=0x00000000002a3000 is an unknown value
RDX=0x0000000022df0000 is an unknown value
RSP=0x000000006483e848 is pointing into the stack for thread: 0x000000005a0a9800
RBP=0x000000006483e970 is pointing into the stack for thread: 0x000000005a0a9800
RSI=0x000000007eb50050 is an unknown value
RDI=0x000000005bd60050 is an unknown value
R8 =0x00000000002a3000 is an unknown value
R9 =0x0000000000000000 is an unknown value
R10=0x000000007eb50050 is an unknown value
R11=0x000000005bd60050 is an unknown value
R12=0x0000000000000000 is an unknown value
R13=0x00000000d779ddb8 is an oop
org.bytedeco.javacpp.opencv_core$CvMemStorage 
 - klass: 'org/bytedeco/javacpp/opencv_core$CvMemStorage'
R14=0x000000006483e960 is pointing into the stack for thread: 0x000000005a0a9800
R15=0x000000005a0a9800 is a thread


Stack: [0x0000000064740000,0x0000000064840000],  sp=0x000000006483e848,  free space=1018k
Native frames: (J=compiled Java code, j=interpreted, Vv=VM code, C=native code)
C  [msvcr120.dll+0x3c3f9]
C  0x000000005e7833c0

Java frames: (J=compiled Java code, j=interpreted, Vv=VM code)
J 3390  org.bytedeco.javacpp.opencv_core.cvCloneImage(Lorg/bytedeco/javacpp/opencv_core$IplImage;)Lorg/bytedeco/javacpp/opencv_core$IplImage; (0 bytes) @ 0x000000000325bdd2 [0x000000000325bd80+0x52]
J 3852 C1 picture.PictureProcessingHelper.warpImage(Lorg/bytedeco/javacpp/opencv_core$Mat;Lorg/bytedeco/javacpp/opencv_core$RotatedRect;)Lorg/bytedeco/javacpp/opencv_core$Mat; (661 bytes) @ 0x00000000033b136c [0x00000000033ae2e0+0x308c]
J 3659 C1 picture.PictureProcessingHelper.extractQRImage(Lorg/bytedeco/javacpp/opencv_core$Mat;)Lorg/bytedeco/javacpp/opencv_core$Mat; (553 bytes) @ 0x0000000002f654d4 [0x0000000002f64620+0xeb4]
J 3933 C1 picture.OFVideo.showQr(Lorg/bytedeco/javacpp/opencv_core$Mat;)V (32 bytes) @ 0x0000000002db85fc [0x0000000002db8560+0x9c]
j  picture.OFVideo.run()V+102
j  java.lang.Thread.run()V+11
v  ~StubRoutines::call_stub

---------------  P R O C E S S  ---------------

Java Threads: ( => current thread )
  0x000000005a0ab000 JavaThread "Thread-15" [_thread_in_native, id=6496, stack(0x000000005f7c0000,0x000000005f8c0000)]
  0x000000005a0ad800 JavaThread "Thread-14" [_thread_in_native, id=6020, stack(0x00000000628f0000,0x00000000629f0000)]
  0x000000005a0ac800 JavaThread "Thread-13" [_thread_in_native, id=8384, stack(0x00000000627f0000,0x00000000628f0000)]
  0x000000005a0ac000 JavaThread "Thread-12" [_thread_in_native, id=1032, stack(0x000000005f970000,0x000000005fa70000)]
  0x000000005a0aa800 JavaThread "Java2D Disposer" daemon [_thread_blocked, id=9012, stack(0x0000000067800000,0x0000000067900000)]
=>0x000000005a0a9800 JavaThread "Thread-11" [_thread_in_native, id=7180, stack(0x0000000064740000,0x0000000064840000)]
  0x000000005a0a9000 JavaThread "Thread-10" [_thread_in_native, id=6784, stack(0x00000000602b0000,0x00000000603b0000)]
  0x000000005a0a8000 JavaThread "Thread-7" [_thread_blocked, id=7360, stack(0x0000000060690000,0x0000000060790000)]
  0x000000005a0a7800 JavaThread "VideoManager" [_thread_in_vm, id=7804, stack(0x0000000060540000,0x0000000060640000)]
  0x000000005c40c000 JavaThread "NavDataManager" [_thread_in_native, id=656, stack(0x00000000603f0000,0x00000000604f0000)]
  0x0000000059006000 JavaThread "CommandManager" [_thread_blocked, id=6040, stack(0x000000005fbd0000,0x000000005fcd0000)]
  0x000000005cb10000 JavaThread "YADrone CommandManager Timer" [_thread_blocked, id=8264, stack(0x000000005fa90000,0x000000005fb90000)]
  0x000000005cac1800 JavaThread "Prism Font Disposer" daemon [_thread_blocked, id=6516, stack(0x000000005e660000,0x000000005e760000)]
  0x0000000059a0d800 JavaThread "Thread-3" daemon [_thread_in_native, id=8256, stack(0x000000005bc60000,0x000000005bd60000)]
  0x0000000059a0b000 JavaThread "JavaFX-Launcher" [_thread_blocked, id=8064, stack(0x000000005c280000,0x000000005c380000)]
  0x0000000059997800 JavaThread "JavaFX Application Thread" [_thread_in_native, id=5616, stack(0x000000005a760000,0x000000005a860000)]
  0x000000005998d000 JavaThread "Thread-1" daemon [_thread_blocked, id=9132, stack(0x000000005a500000,0x000000005a600000)]
  0x000000005917e800 JavaThread "QuantumRenderer-0" daemon [_thread_blocked, id=8284, stack(0x0000000059730000,0x0000000059830000)]
  0x0000000058e11000 JavaThread "Service Thread" daemon [_thread_blocked, id=7312, stack(0x00000000595b0000,0x00000000596b0000)]
  0x0000000058d9e000 JavaThread "C1 CompilerThread2" daemon [_thread_blocked, id=3356, stack(0x0000000059480000,0x0000000059580000)]
  0x0000000058d99000 JavaThread "C2 CompilerThread1" daemon [_thread_blocked, id=5880, stack(0x0000000059260000,0x0000000059360000)]
  0x000000005762b000 JavaThread "C2 CompilerThread0" daemon [_thread_blocked, id=7888, stack(0x0000000058c90000,0x0000000058d90000)]
  0x0000000057628800 JavaThread "Attach Listener" daemon [_thread_blocked, id=6092, stack(0x0000000058a80000,0x0000000058b80000)]
  0x0000000057625000 JavaThread "Signal Dispatcher" daemon [_thread_blocked, id=3624, stack(0x0000000058960000,0x0000000058a60000)]
  0x000000005760d800 JavaThread "Finalizer" daemon [_thread_blocked, id=8224, stack(0x0000000058770000,0x0000000058870000)]
  0x00000000575c4800 JavaThread "Reference Handler" daemon [_thread_blocked, id=6932, stack(0x0000000058580000,0x0000000058680000)]
  0x00000000001ce800 JavaThread "main" [_thread_blocked, id=7376, stack(0x0000000002520000,0x0000000002620000)]

Other Threads:
  0x00000000575bd000 VMThread [stack: 0x0000000058400000,0x0000000058500000] [id=460]
  0x0000000058e49800 WatcherThread [stack: 0x0000000059840000,0x0000000059940000] [id=7052]

VM state:not at safepoint (normal execution)

VM Mutex/Monitor currently owned by a thread: None

Heap:
 PSYoungGen      total 517632K, used 14004K [0x00000000d6e00000, 0x0000000100000000, 0x0000000100000000)
  eden space 363520K, 3% used [0x00000000d6e00000,0x00000000d7bad3b0,0x00000000ed100000)
  from space 154112K, 0% used [0x00000000ed100000,0x00000000ed100000,0x00000000f6780000)
  to   space 154112K, 0% used [0x00000000f6980000,0x00000000f6980000,0x0000000100000000)
 ParOldGen       total 432128K, used 166936K [0x0000000084a00000, 0x000000009f000000, 0x00000000d6e00000)
  object space 432128K, 38% used [0x0000000084a00000,0x000000008ed06398,0x000000009f000000)
 Metaspace       used 23039K, capacity 23626K, committed 23680K, reserved 1071104K
  class space    used 2755K, capacity 2920K, committed 2944K, reserved 1048576K

Card table byte_map: [0x0000000011cb0000,0x0000000012090000] byte_map_base: 0x000000001188b000

Marking Bits: (ParMarkBitMap*) 0x0000000068cc2f70
 Begin Bits: [0x0000000012aa0000, 0x0000000014978000)
 End Bits:   [0x0000000014978000, 0x0000000016850000)

Polling page: 0x00000000001b0000

CodeCache: size=245760Kb used=12491Kb max_used=12523Kb free=233268Kb
 bounds [0x00000000028f0000, 0x0000000003550000, 0x00000000118f0000]
 total_blobs=4710 nmethods=3844 adapters=777
 compilation: enabled

Compilation events (10 events):
Event: 162.789 Thread 0x0000000058d9e000 4431       3       com.sun.javafx.text.PrismTextLayout::computeSideBearings (440 bytes)
Event: 162.792 Thread 0x0000000058d9e000 nmethod 4431 0x00000000030320d0 code [0x00000000030323e0, 0x0000000003033a18]
Event: 163.328 Thread 0x000000005762b000 4432       4       java.lang.Object::wait (6 bytes)
Event: 163.329 Thread 0x000000005762b000 nmethod 4432 0x0000000003095650 code [0x00000000030957a0, 0x0000000003095808]
Event: 163.522 Thread 0x0000000058d99000 4433       4       com.sun.javafx.tk.Toolkit$$Lambda$155/59540995::run (8 bytes)
Event: 163.525 Thread 0x0000000058d99000 nmethod 4433 0x000000000301ff90 code [0x00000000030200e0, 0x00000000030201a8]
Event: 166.547 Thread 0x000000005762b000 4434       4       java.lang.Math::min (45 bytes)
Event: 166.548 Thread 0x000000005762b000 nmethod 4434 0x0000000002ab7b10 code [0x0000000002ab7c80, 0x0000000002ab7d58]
Event: 167.173 Thread 0x0000000058d99000 4435  s    4       java.util.Hashtable::get (69 bytes)
Event: 167.180 Thread 0x0000000058d99000 nmethod 4435 0x0000000002bb4650 code [0x0000000002bb47a0, 0x0000000002bb4c78]

GC Heap History (10 events):
Event: 166.001 GC heap before
{Heap before GC invocations=185 (full 17):
 PSYoungGen      total 515584K, used 496712K [0x00000000d6e00000, 0x00000000ffd00000, 0x0000000100000000)
  eden space 359936K, 99% used [0x00000000d6e00000,0x00000000eca205e0,0x00000000ecd80000)
  from space 155648K, 90% used [0x00000000ecd80000,0x00000000f5671db8,0x00000000f6580000)
  to   space 154624K, 0% used [0x00000000f6600000,0x00000000f6600000,0x00000000ffd00000)
 ParOldGen       total 436224K, used 362538K [0x0000000084a00000, 0x000000009f400000, 0x00000000d6e00000)
  object space 436224K, 83% used [0x0000000084a00000,0x000000009ac0aa48,0x000000009f400000)
 Metaspace       used 23039K, capacity 23626K, committed 23680K, reserved 1071104K
  class space    used 2755K, capacity 2920K, committed 2944K, reserved 1048576K
Event: 166.032 GC heap after
Heap after GC invocations=185 (full 17):
 PSYoungGen      total 515584K, used 130808K [0x00000000d6e00000, 0x0000000100000000, 0x0000000100000000)
  eden space 360960K, 0% used [0x00000000d6e00000,0x00000000d6e00000,0x00000000ece80000)
  from space 154624K, 84% used [0x00000000f6600000,0x00000000fe5be220,0x00000000ffd00000)
  to   space 155136K, 0% used [0x00000000ece80000,0x00000000ece80000,0x00000000f6600000)
 ParOldGen       total 436224K, used 376962K [0x0000000084a00000, 0x000000009f400000, 0x00000000d6e00000)
  object space 436224K, 86% used [0x0000000084a00000,0x000000009ba20a88,0x000000009f400000)
 Metaspace       used 23039K, capacity 23626K, committed 23680K, reserved 1071104K
  class space    used 2755K, capacity 2920K, committed 2944K, reserved 1048576K
}
Event: 166.870 GC heap before
{Heap before GC invocations=186 (full 17):
 PSYoungGen      total 515584K, used 490928K [0x00000000d6e00000, 0x0000000100000000, 0x0000000100000000)
  eden space 360960K, 99% used [0x00000000d6e00000,0x00000000ecdadf10,0x00000000ece80000)
  from space 154624K, 84% used [0x00000000f6600000,0x00000000fe5be220,0x00000000ffd00000)
  to   space 155136K, 0% used [0x00000000ece80000,0x00000000ece80000,0x00000000f6600000)
 ParOldGen       total 436224K, used 376962K [0x0000000084a00000, 0x000000009f400000, 0x00000000d6e00000)
  object space 436224K, 86% used [0x0000000084a00000,0x000000009ba20a88,0x000000009f400000)
 Metaspace       used 23039K, capacity 23626K, committed 23680K, reserved 1071104K
  class space    used 2755K, capacity 2920K, committed 2944K, reserved 1048576K
Event: 166.915 GC heap after
Heap after GC invocations=186 (full 17):
 PSYoungGen      total 516096K, used 131659K [0x00000000d6e00000, 0x0000000100000000, 0x0000000100000000)
  eden space 360960K, 0% used [0x00000000d6e00000,0x00000000d6e00000,0x00000000ece80000)
  from space 155136K, 84% used [0x00000000ece80000,0x00000000f4f12de0,0x00000000f6600000)
  to   space 155136K, 0% used [0x00000000f6880000,0x00000000f6880000,0x0000000100000000)
 ParOldGen       total 436224K, used 391386K [0x0000000084a00000, 0x000000009f400000, 0x00000000d6e00000)
  object space 436224K, 89% used [0x0000000084a00000,0x000000009c836ac8,0x000000009f400000)
 Metaspace       used 23039K, capacity 23626K, committed 23680K, reserved 1071104K
  class space    used 2755K, capacity 2920K, committed 2944K, reserved 1048576K
}
Event: 167.753 GC heap before
{Heap before GC invocations=187 (full 17):
 PSYoungGen      total 516096K, used 490432K [0x00000000d6e00000, 0x0000000100000000, 0x0000000100000000)
  eden space 360960K, 99% used [0x00000000d6e00000,0x00000000ecc5d478,0x00000000ece80000)
  from space 155136K, 84% used [0x00000000ece80000,0x00000000f4f12de0,0x00000000f6600000)
  to   space 155136K, 0% used [0x00000000f6880000,0x00000000f6880000,0x0000000100000000)
 ParOldGen       total 436224K, used 391386K [0x0000000084a00000, 0x000000009f400000, 0x00000000d6e00000)
  object space 436224K, 89% used [0x0000000084a00000,0x000000009c836ac8,0x000000009f400000)
 Metaspace       used 23039K, capacity 23626K, committed 23680K, reserved 1071104K
  class space    used 2755K, capacity 2920K, committed 2944K, reserved 1048576K
Event: 167.788 GC heap after
Heap after GC invocations=187 (full 17):
 PSYoungGen      total 516608K, used 141157K [0x00000000d6e00000, 0x00000000ffe00000, 0x0000000100000000)
  eden space 363520K, 0% used [0x00000000d6e00000,0x00000000d6e00000,0x00000000ed100000)
  from space 153088K, 92% used [0x00000000f6880000,0x00000000ff259640,0x00000000ffe00000)
  to   space 154112K, 0% used [0x00000000ed100000,0x00000000ed100000,0x00000000f6780000)
 ParOldGen       total 436224K, used 405818K [0x0000000084a00000, 0x000000009f400000, 0x00000000d6e00000)
  object space 436224K, 93% used [0x0000000084a00000,0x000000009d64eb08,0x000000009f400000)
 Metaspace       used 23039K, capacity 23626K, committed 23680K, reserved 1071104K
  class space    used 2755K, capacity 2920K, committed 2944K, reserved 1048576K
}
Event: 168.670 GC heap before
{Heap before GC invocations=188 (full 17):
 PSYoungGen      total 516608K, used 502687K [0x00000000d6e00000, 0x00000000ffe00000, 0x0000000100000000)
  eden space 363520K, 99% used [0x00000000d6e00000,0x00000000ecf0e9a8,0x00000000ed100000)
  from space 153088K, 92% used [0x00000000f6880000,0x00000000ff259640,0x00000000ffe00000)
  to   space 154112K, 0% used [0x00000000ed100000,0x00000000ed100000,0x00000000f6780000)
 ParOldGen       total 436224K, used 405818K [0x0000000084a00000, 0x000000009f400000, 0x00000000d6e00000)
  object space 436224K, 93% used [0x0000000084a00000,0x000000009d64eb08,0x000000009f400000)
 Metaspace       used 23039K, capacity 23626K, committed 23680K, reserved 1071104K
  class space    used 2755K, capacity 2920K, committed 2944K, reserved 1048576K
Event: 168.708 GC heap after
Heap after GC invocations=188 (full 17):
 PSYoungGen      total 517632K, used 142955K [0x00000000d6e00000, 0x0000000100000000, 0x0000000100000000)
  eden space 363520K, 0% used [0x00000000d6e00000,0x00000000d6e00000,0x00000000ed100000)
  from space 154112K, 92% used [0x00000000ed100000,0x00000000f5c9aeb0,0x00000000f6780000)
  to   space 154112K, 0% used [0x00000000f6980000,0x00000000f6980000,0x0000000100000000)
 ParOldGen       total 436224K, used 420250K [0x0000000084a00000, 0x000000009f400000, 0x00000000d6e00000)
  object space 436224K, 96% used [0x0000000084a00000,0x000000009e466b48,0x000000009f400000)
 Metaspace       used 23039K, capacity 23626K, committed 23680K, reserved 1071104K
  class space    used 2755K, capacity 2920K, committed 2944K, reserved 1048576K
}
Event: 168.708 GC heap before
{Heap before GC invocations=189 (full 18):
 PSYoungGen      total 517632K, used 142955K [0x00000000d6e00000, 0x0000000100000000, 0x0000000100000000)
  eden space 363520K, 0% used [0x00000000d6e00000,0x00000000d6e00000,0x00000000ed100000)
  from space 154112K, 92% used [0x00000000ed100000,0x00000000f5c9aeb0,0x00000000f6780000)
  to   space 154112K, 0% used [0x00000000f6980000,0x00000000f6980000,0x0000000100000000)
 ParOldGen       total 436224K, used 420250K [0x0000000084a00000, 0x000000009f400000, 0x00000000d6e00000)
  object space 436224K, 96% used [0x0000000084a00000,0x000000009e466b48,0x000000009f400000)
 Metaspace       used 23039K, capacity 23626K, committed 23680K, reserved 1071104K
  class space    used 2755K, capacity 2920K, committed 2944K, reserved 1048576K
Event: 168.765 GC heap after
Heap after GC invocations=189 (full 18):
 PSYoungGen      total 517632K, used 0K [0x00000000d6e00000, 0x0000000100000000, 0x0000000100000000)
  eden space 363520K, 0% used [0x00000000d6e00000,0x00000000d6e00000,0x00000000ed100000)
  from space 154112K, 0% used [0x00000000ed100000,0x00000000ed100000,0x00000000f6780000)
  to   space 154112K, 0% used [0x00000000f6980000,0x00000000f6980000,0x0000000100000000)
 ParOldGen       total 432128K, used 166936K [0x0000000084a00000, 0x000000009f000000, 0x00000000d6e00000)
  object space 432128K, 38% used [0x0000000084a00000,0x000000008ed06398,0x000000009f000000)
 Metaspace       used 23039K, capacity 23626K, committed 23680K, reserved 1071104K
  class space    used 2755K, capacity 2920K, committed 2944K, reserved 1048576K
}

Deoptimization events (10 events):
Event: 32.891 Thread 0x000000005a0a9800 Uncommon trap: reason=unstable_if action=reinterpret pc=0x000000000301f6cc method=com.google.zxing.qrcode.detector.FinderPatternFinder.find(Ljava/util/Map;)Lcom/google/zxing/qrcode/detector/FinderPatternInfo; @ 78
Event: 33.912 Thread 0x000000005a0a9800 Uncommon trap: reason=unstable_if action=reinterpret pc=0x00000000030706a0 method=com.google.zxing.common.reedsolomon.GenericGF.multiply(II)I @ 9
Event: 35.692 Thread 0x000000005a0a9800 Uncommon trap: reason=unstable_if action=reinterpret pc=0x000000000301312c method=com.google.zxing.qrcode.detector.FinderPatternFinder.find(Ljava/util/Map;)Lcom/google/zxing/qrcode/detector/FinderPatternInfo; @ 78
Event: 47.114 Thread 0x000000005a0a9800 Uncommon trap: reason=unstable_if action=reinterpret pc=0x00000000032d0950 method=com.google.zxing.qrcode.detector.FinderPatternFinder.crossCheckHorizontal(IIII)F @ 368
Event: 86.605 Thread 0x000000005a0a9800 Uncommon trap: reason=unstable_if action=reinterpret pc=0x00000000031fb960 method=com.google.zxing.qrcode.detector.FinderPatternFinder.foundPatternCross([I)Z @ 32
Event: 89.248 Thread 0x000000005a0a9800 Uncommon trap: reason=unstable_if action=reinterpret pc=0x000000000323e5e0 method=com.google.zxing.qrcode.detector.FinderPatternFinder.crossCheckVertical(IIII)F @ 272
Event: 91.003 Thread 0x000000005a0a9800 Uncommon trap: reason=predicate action=maybe_recompile pc=0x000000000331eb04 method=com.google.zxing.qrcode.decoder.DataMask.unmaskBitMatrix(Lcom/google/zxing/common/BitMatrix;I)V @ 7
Event: 105.126 Thread 0x000000005a0a9800 Uncommon trap: reason=range_check action=make_not_entrant pc=0x00000000034799bc method=sun.awt.image.ByteInterleavedRaster.<init>(Ljava/awt/image/SampleModel;Ljava/awt/image/DataBuffer;Ljava/awt/Rectangle;Ljava/awt/Point;Lsun/awt/image/ByteInterleavedRaste»|8”O(b@
Event: 145.260 Thread 0x000000005a0a9800 Uncommon trap: reason=unstable_if action=reinterpret pc=0x0000000002fbd414 method=com.google.zxing.qrcode.detector.FinderPatternFinder.crossCheckVertical(IIII)F @ 24
Event: 151.556 Thread 0x000000005a0a9800 Uncommon trap: reason=unstable_if action=reinterpret pc=0x00000000033a8e88 method=com.google.zxing.qrcode.detector.FinderPatternFinder.crossCheckHorizontal(IIII)F @ 135

Internal exceptions (10 events):
Event: 0.296 Thread 0x0000000059997800 Exception <a 'java/security/PrivilegedActionException'> (0x00000000d7aca7d0) thrown at [C:\re\workspace\8-2-build-windows-amd64-cygwin\jdk8u91\6644\hotspot\src\share\vm\prims\jvm.cpp, line 1386]
Event: 0.585 Thread 0x0000000059997800 Exception <a 'java/lang/NullPointerException'> (0x00000000d8636020) thrown at [C:\re\workspace\8-2-build-windows-amd64-cygwin\jdk8u91\6644\hotspot\src\share\vm\interpreter\linkResolver.cpp, line 1178]
Event: 0.585 Thread 0x0000000059997800 Exception <a 'java/lang/NullPointerException'> (0x00000000d8636020) thrown at [C:\re\workspace\8-2-build-windows-amd64-cygwin\jdk8u91\6644\hotspot\src\share\vm\prims\jvm.cpp, line 1390]
Event: 0.684 Thread 0x0000000059997800 Exception <a 'java/lang/ArrayIndexOutOfBoundsException': 58> (0x00000000d8a519f8) thrown at [C:\re\workspace\8-2-build-windows-amd64-cygwin\jdk8u91\6644\hotspot\src\share\vm\interpreter\interpreterRuntime.cpp, line 366]
Event: 0.684 Thread 0x0000000059997800 Exception <a 'java/lang/ArrayIndexOutOfBoundsException': 18> (0x00000000d8a526f8) thrown at [C:\re\workspace\8-2-build-windows-amd64-cygwin\jdk8u91\6644\hotspot\src\share\vm\interpreter\interpreterRuntime.cpp, line 366]
Event: 0.685 Thread 0x0000000059997800 Exception <a 'java/lang/ArrayIndexOutOfBoundsException': 86> (0x00000000d8a53aa0) thrown at [C:\re\workspace\8-2-build-windows-amd64-cygwin\jdk8u91\6644\hotspot\src\share\vm\interpreter\interpreterRuntime.cpp, line 366]
Event: 0.760 Thread 0x0000000059997800 Implicit null exception at 0x0000000002c29eab to 0x0000000002c2a361
Event: 0.840 Thread 0x0000000059997800 Exception <a 'java/io/FileNotFoundException'> (0x00000000d70d4a08) thrown at [C:\re\workspace\8-2-build-windows-amd64-cygwin\jdk8u91\6644\hotspot\src\share\vm\prims\jni.cpp, line 709]
Event: 21.351 Thread 0x000000005a0a7800 Exception <a 'java/io/FileNotFoundException'> (0x00000000d8a11650) thrown at [C:\re\workspace\8-2-build-windows-amd64-cygwin\jdk8u91\6644\hotspot\src\share\vm\prims\jni.cpp, line 709]
Event: 21.662 Thread 0x000000005a0a9800 Exception <a 'java/io/FileNotFoundException'> (0x00000000d89539c8) thrown at [C:\re\workspace\8-2-build-windows-amd64-cygwin\jdk8u91\6644\hotspot\src\share\vm\prims\jni.cpp, line 709]

Events (10 events):
Event: 167.180 Thread 0x0000000058d99000 flushing nmethod 0x0000000002dfb5d0
Event: 167.180 Thread 0x0000000058d99000 flushing nmethod 0x0000000002dffe50
Event: 167.180 Thread 0x0000000058d99000 flushing nmethod 0x0000000002e04010
Event: 167.180 Thread 0x0000000058d99000 flushing nmethod 0x0000000002e09490
Event: 167.180 Thread 0x0000000058d99000 flushing nmethod 0x0000000002e328d0
Event: 167.180 Thread 0x0000000058d99000 flushing nmethod 0x0000000002e354d0
Event: 167.753 Executing VM operation: ParallelGCFailedAllocation
Event: 167.788 Executing VM operation: ParallelGCFailedAllocation done
Event: 168.670 Executing VM operation: ParallelGCFailedAllocation
Event: 168.766 Executing VM operation: ParallelGCFailedAllocation done


Dynamic libraries:
0x000000013fb10000 - 0x000000013fb47000 	C:\Program Files\Java\jre1.8.0_91\bin\javaw.exe
0x00000000776a0000 - 0x0000000077849000 	C:\Windows\SYSTEM32\ntdll.dll
0x0000000077580000 - 0x000000007769f000 	C:\Windows\system32\kernel32.dll
0x000007fefd8b0000 - 0x000007fefd91b000 	C:\Windows\system32\KERNELBASE.dll
0x000007fefddc0000 - 0x000007fefde9b000 	C:\Windows\system32\ADVAPI32.dll
0x000007feff7e0000 - 0x000007feff87f000 	C:\Windows\system32\msvcrt.dll
0x000007fefdfd0000 - 0x000007fefdfef000 	C:\Windows\SYSTEM32\sechost.dll
0x000007feff390000 - 0x000007feff4bd000 	C:\Windows\system32\RPCRT4.dll
0x0000000077480000 - 0x000000007757a000 	C:\Windows\system32\USER32.dll
0x000007feff4c0000 - 0x000007feff527000 	C:\Windows\system32\GDI32.dll
0x000007fefdff0000 - 0x000007fefdffe000 	C:\Windows\system32\LPK.dll
0x000007fefdcd0000 - 0x000007fefdd99000 	C:\Windows\system32\USP10.dll
0x000007fefbcb0000 - 0x000007fefbea4000 	C:\Windows\WinSxS\amd64_microsoft.windows.common-controls_6595b64144ccf1df_6.0.7601.17514_none_fa396087175ac9ac\COMCTL32.dll
0x000007fefef80000 - 0x000007fefeff1000 	C:\Windows\system32\SHLWAPI.dll
0x000007fefdc20000 - 0x000007fefdc4e000 	C:\Windows\system32\IMM32.DLL
0x000007feff0a0000 - 0x000007feff1a9000 	C:\Windows\system32\MSCTF.dll
0x000000006a5e0000 - 0x000000006a6b2000 	C:\Program Files\Java\jre1.8.0_91\bin\msvcr100.dll
0x00000000684b0000 - 0x0000000068d43000 	C:\Program Files\Java\jre1.8.0_91\bin\server\jvm.dll
0x000007fef6bb0000 - 0x000007fef6bb9000 	C:\Windows\system32\WSOCK32.dll
0x000007feff880000 - 0x000007feff8cd000 	C:\Windows\system32\WS2_32.dll
0x000007fefe000000 - 0x000007fefe008000 	C:\Windows\system32\NSI.dll
0x000007fef9b90000 - 0x000007fef9bcb000 	C:\Windows\system32\WINMM.dll
0x000007fefc750000 - 0x000007fefc75c000 	C:\Windows\system32\VERSION.dll
0x0000000077860000 - 0x0000000077867000 	C:\Windows\system32\PSAPI.DLL
0x0000000073bd0000 - 0x0000000073bdf000 	C:\Program Files\Java\jre1.8.0_91\bin\verify.dll
0x0000000072760000 - 0x0000000072789000 	C:\Program Files\Java\jre1.8.0_91\bin\java.dll
0x0000000073710000 - 0x0000000073726000 	C:\Program Files\Java\jre1.8.0_91\bin\zip.dll
0x000007fefe010000 - 0x000007fefed98000 	C:\Windows\system32\SHELL32.dll
0x000007feff530000 - 0x000007feff733000 	C:\Windows\system32\ole32.dll
0x000007fefd5f0000 - 0x000007fefd5ff000 	C:\Windows\system32\profapi.dll
0x000007feee040000 - 0x000007feee12f000 	C:\Program Files\Java\jre1.8.0_91\bin\msvcr120.dll
0x000007feee170000 - 0x000007feee216000 	C:\Program Files\Java\jre1.8.0_91\bin\msvcp120.dll
0x000000006c520000 - 0x000000006c543000 	C:\Program Files\Java\jre1.8.0_91\bin\prism_d3d.dll
0x000007fee7480000 - 0x000007fee767f000 	C:\Windows\system32\d3d9.dll
0x000007fefa220000 - 0x000007fefa227000 	C:\Windows\system32\d3d8thk.dll
0x000007fef9e50000 - 0x000007fef9e68000 	C:\Windows\system32\dwmapi.dll
0x000007fefa930000 - 0x000007fefa986000 	C:\Windows\system32\uxtheme.dll
0x000007fee1d70000 - 0x000007fee25bd000 	C:\Windows\system32\igdumdim64.dll
0x000007fef3630000 - 0x000007fef3a64000 	C:\Windows\system32\igdusc64.dll
0x000000006b750000 - 0x000000006b793000 	C:\Program Files\Java\jre1.8.0_91\bin\glass.dll
0x000007feff000000 - 0x000007feff097000 	C:\Windows\system32\COMDLG32.dll
0x000007feff8d0000 - 0x000007feff9a7000 	C:\Windows\system32\OLEAUT32.dll
0x000007fefd520000 - 0x000007fefd52f000 	C:\Windows\system32\CRYPTBASE.dll
0x000007fee7390000 - 0x000007fee747f000 	C:\Users\Toby\AppData\Local\Temp\javacpp197641744177224\msvcr120.dll
0x000007fee78c0000 - 0x000007fee7966000 	C:\Users\Toby\AppData\Local\Temp\javacpp197641744177224\msvcp120.dll
0x000007fee3fb0000 - 0x000007fee4231000 	C:\Users\Toby\AppData\Local\Temp\javacpp197641744177224\opencv_core300.dll
0x000007fee2a90000 - 0x000007fee2e0f000 	C:\Users\Toby\AppData\Local\Temp\javacpp197641744177224\opencv_imgproc300.dll
0x000007fee6f00000 - 0x000007fee70b8000 	C:\Users\Toby\AppData\Local\Temp\javacpp197641744177224\jniopencv_core.dll
0x000000006fda0000 - 0x000000006fdb4000 	C:\Program Files\Java\jre1.8.0_91\bin\javafx_font.dll
0x000007fee3980000 - 0x000007fee3afe000 	C:\Windows\system32\dwrite.dll
0x000007feff740000 - 0x000007feff7d9000 	C:\Windows\system32\CLBCatQ.DLL
0x000007fef4c30000 - 0x000007fef4d5a000 	C:\Windows\system32\WindowsCodecs.dll
0x000007fefd4c0000 - 0x000007fefd517000 	C:\Windows\system32\apphelp.dll
0x000007fef3570000 - 0x000007fef3630000 	C:\Program Files (x86)\Google\Drive\googledrivesync64.dll
0x00000000737f0000 - 0x00000000738c3000 	C:\Program Files (x86)\Google\Drive\Microsoft.VC90.CRT\MSVCP90.dll
0x0000000073740000 - 0x00000000737e3000 	C:\Program Files (x86)\Google\Drive\Microsoft.VC90.CRT\MSVCR90.dll
0x000007fef34a0000 - 0x000007fef34e0000 	C:\Program Files (x86)\Dropbox\Client\DropboxExt64.34.dll
0x000007feef820000 - 0x000007feef84d000 	C:\Program Files\Common Files\Microsoft Shared\Ink\rtscom.dll
0x000000006fd80000 - 0x000000006fd91000 	C:\Program Files\Java\jre1.8.0_91\bin\prism_common.dll
0x00000000727c0000 - 0x00000000727da000 	C:\Program Files\Java\jre1.8.0_91\bin\net.dll
0x000007fefce60000 - 0x000007fefceb5000 	C:\Windows\system32\mswsock.dll
0x000007fefce50000 - 0x000007fefce57000 	C:\Windows\System32\wship6.dll
0x000007fefcec0000 - 0x000007fefced7000 	C:\Windows\system32\CRYPTSP.dll
0x000007fefcbc0000 - 0x000007fefcc07000 	C:\Windows\system32\rsaenh.dll
0x000007fefc930000 - 0x000007fefc94e000 	C:\Windows\system32\USERENV.dll
0x000007fefbbc0000 - 0x000007fefbbe7000 	C:\Windows\system32\IPHLPAPI.DLL
0x000007fefbbb0000 - 0x000007fefbbbb000 	C:\Windows\system32\WINNSI.DLL
0x000007fefb9c0000 - 0x000007fefb9d8000 	C:\Windows\system32\dhcpcsvc.DLL
0x000007fefb9a0000 - 0x000007fefb9b1000 	C:\Windows\system32\dhcpcsvc6.DLL
0x0000000072740000 - 0x0000000072751000 	C:\Program Files\Java\jre1.8.0_91\bin\nio.dll
0x0000000060ab0000 - 0x0000000062115000 	C:\Users\Toby\AppData\Local\Temp\xuggle\xuggle4029242350905039635.dll
0x000007fef22b0000 - 0x000007fef22c7000 	C:\Windows\system32\AVICAP32.dll
0x000007feef250000 - 0x000007feef279000 	C:\Windows\system32\MSVFW32.dll
0x0000000067d20000 - 0x0000000067eb8000 	C:\Program Files\Java\jre1.8.0_91\bin\awt.dll
0x000007fee72e0000 - 0x000007fee7385000 	C:\Users\Toby\AppData\Local\Temp\javacpp197641744177224\jniopencv_imgproc.dll
0x000007fef0f90000 - 0x000007fef10b5000 	C:\Windows\system32\dbghelp.dll

VM Arguments:
jvm_args: -Dfile.encoding=Cp1252 
java_command: application.Main
java_class_path (initial): C:\Users\Toby\git\Drone_group_11\Drone_group_11\bin;C:\Users\Toby\Downloads\eclipse-jee-mars-2-win32-x86_64\eclipse\plugins\org.eclipse.fx.ide.css.jfx8_2.3.0.201603030809.jar;C:\Users\Toby\Downloads\JAVACV_JAR-2016-06-03\JAVACV JAR\javacv-bin\artoolkitplus.jar;C:\Users\Toby\Downloads\JAVACV_JAR-2016-06-03\JAVACV JAR\javacv-bin\artoolkitplus-android-arm.jar;C:\Users\Toby\Downloads\JAVACV_JAR-2016-06-03\JAVACV JAR\javacv-bin\artoolkitplus-android-x86.jar;C:\Users\Toby\Downloads\JAVACV_JAR-2016-06-03\JAVACV JAR\javacv-bin\artoolkitplus-linux-x86.jar;C:\Users\Toby\Downloads\JAVACV_JAR-2016-06-03\JAVACV JAR\javacv-bin\artoolkitplus-linux-x86_64.jar;C:\Users\Toby\Downloads\JAVACV_JAR-2016-06-03\JAVACV JAR\javacv-bin\artoolkitplus-macosx-x86_64.jar;C:\Users\Toby\Downloads\JAVACV_JAR-2016-06-03\JAVACV JAR\javacv-bin\artoolkitplus-windows-x86.jar;C:\Users\Toby\Downloads\JAVACV_JAR-2016-06-03\JAVACV JAR\javacv-bin\artoolkitplus-windows-x86_64.jar;C:\Users\Toby\Downloads\JAVACV_JAR-2016-06-03\JAVACV JAR\javacv-bin\ffmpeg.jar;C:\Users\Toby\Downloads\JAVACV_JAR-2016-06-03\JAVACV JAR\javacv-bin\ffmpeg-android-arm.jar;C:\Users\Toby\Downloads\JAVACV_JAR-2016-06-03\JAVACV JAR\javacv-bin\ffmpeg-android-x86.jar;C:\Users\Toby\Downloads\JAVACV_JAR-2016-06-03\JAVACV JAR\javacv-bin\ffmpeg-linux-x86.jar;C:\Users\Toby\Downloads\JAVACV_JAR-2016-06-03\JAVACV JAR\javacv-bin\ffmpeg-linux-x86_64.jar;C:\Users\Toby\Downloads\JAVACV_JAR-2016-06-03\JAVACV JAR\javacv-bin\ffmpeg-macosx-x86_64.jar;C:\Users\Toby\Downloads\JAVACV_JAR-2016-06-03\JAVACV JAR\javacv-bin\ffmpeg-windows-x86.jar;C:\Users\Toby\Downloads\JAVACV_JAR-2016-06-03\JAVACV JAR\javacv-bin\ffmpeg-windows-x86_64.jar;C:\Users\Toby\Downloads\JAVACV_JAR-2016-06-03\JAVACV JAR\javacv-bin\flandmark.jar;C:\Users\Toby\Downloads\JAVACV_JAR-2016-06-03\JAVACV JAR\javacv-bin\flandmark-android-arm.jar;C:\Users\Toby\Downloads\JAVACV_JAR-2016-06-03\JAVACV JAR\javacv-bin\flandmark-android-x86.jar;C:\Users\Toby\Downloads\JAVACV
Launcher Type: SUN_STANDARD

Environment Variables:
PATH=C:/Program Files/Java/jre1.8.0_91/bin/server;C:/Program Files/Java/jre1.8.0_91/bin;C:/Program Files/Java/jre1.8.0_91/lib/amd64;C:\Program Files (x86)\Intel\iCLS Client\;C:\Program Files\Intel\iCLS Client\;C:\ProgramData\Oracle\Java\javapath;C:\Windows\system32;C:\Windows;C:\Windows\System32\Wbem;C:\Windows\System32\WindowsPowerShell\v1.0\;C:\Program Files (x86)\Intel\OpenCL SDK\3.0\bin\x86;C:\Program Files (x86)\Intel\OpenCL SDK\3.0\bin\x64;C:\Program Files\Intel\WiFi\bin\;C:\Program Files\Common Files\Intel\WirelessCommon\;C:\Program Files\Intel\Intel(R) Management Engine Components\DAL;C:\Program Files\Intel\Intel(R) Management Engine Components\IPT;C:\Program Files (x86)\Intel\Intel(R) Management Engine Components\DAL;C:\Program Files (x86)\Intel\Intel(R) Management Engine Components\IPT;C:\Program Files (x86)\Skype\Phone\;C:\Program Files\Intel\WiFi\bin\;C:\Program Files\Common Files\Intel\WirelessCommon\;C:\Users\Toby\Downloads\eclipse-jee-mars-2-win32-x86_64\eclipse;
USERNAME=Toby
OS=Windows_NT
PROCESSOR_IDENTIFIER=Intel64 Family 6 Model 60 Stepping 3, GenuineIntel



---------------  S Y S T E M  ---------------

OS: Windows 7 , 64 bit Build 7601 (6.1.7601.17514)

CPU:total 4 (2 cores per cpu, 2 threads per core) family 6 model 60 stepping 3, cmov, cx8, fxsr, mmx, sse, sse2, sse3, ssse3, sse4.1, sse4.2, popcnt, avx, avx2, aes, clmul, erms, lzcnt, ht, tsc, tscinvbit, bmi1, bmi2

Memory: 4k page, physical 8084660k(2616256k free), swap 16167476k(8922068k free)

vm_info: Java HotSpot(TM) 64-Bit Server VM (25.91-b14) for windows-amd64 JRE (1.8.0_91-b14), built on Apr  1 2016 00:58:32 by "java_re" with MS VC++ 10.0 (VS2010)

time: Thu Jun 09 16:29:15 2016
elapsed time: 168 seconds (0d 0h 2m 48s)

