#
# A fatal error has been detected by the Java Runtime Environment:
#
#  EXCEPTION_UNCAUGHT_CXX_EXCEPTION (0xe06d7363) at pc=0x00007ffcaf20a1c8, pid=1480, tid=5448
#
# JRE version: Java(TM) SE Runtime Environment (8.0_45-b15) (build 1.8.0_45-b15)
# Java VM: Java HotSpot(TM) 64-Bit Server VM (25.45-b02 mixed mode windows-amd64 compressed oops)
# Problematic frame:
# C  [KERNELBASE.dll+0x2a1c8]
#
# Failed to write core dump. Minidumps are not enabled by default on client versions of Windows
#
# If you would like to submit a bug report, please visit:
#   http://bugreport.java.com/bugreport/crash.jsp
# The crash happened outside the Java Virtual Machine in native code.
# See problematic frame for where to report the bug.
#

---------------  T H R E A D  ---------------

Current thread (0x000000001fc91000):  JavaThread "pool-3-thread-1" [_thread_in_native, id=5448, stack(0x00000000244a0000,0x00000000245a0000)]

siginfo: ExceptionCode=0xe06d7363, ExceptionInformation=0x0000000019930520 0x000000002458eee0 0x00007ffc8a999fc0 0x00007ffc8a750000 

Registers:
RAX=0x0000000000000000, RBX=0x00007ffc8a999fc0, RCX=0x0000000000000000, RDX=0x0000000000000000
RSP=0x000000002458ed50, RBP=0x000000002458ee90, RSI=0x00007ffc82fe5d20, RDI=0x000000002458eee0
R8 =0x0000000000000000, R9 =0x0000000000000000, R10=0x0000000000000000, R11=0x0000000000000000
R12=0x00000000ffffff29, R13=0x0000000000000000, R14=0x00007ffc82fe56f0, R15=0x000000002459f080
RIP=0x00007ffcaf20a1c8, EFLAGS=0x0000000000000202

Top of Stack: (sp=0x000000002458ed50)
0x000000002458ed50:   0000000000000000 00007ffc8a999fc0
0x000000002458ed60:   00007ffc82fe5d20 000000002458eee0
0x000000002458ed70:   00000001e06d7363 0000000000000000
0x000000002458ed80:   00007ffcaf20a1c8 0000000000000004
0x000000002458ed90:   0000000019930520 000000002458eee0
0x000000002458eda0:   00007ffc8a999fc0 00007ffc8a750000
0x000000002458edb0:   00000000ffffff29 000000002458eee0
0x000000002458edc0:   00007ffc82fe5d20 000000002458eea0
0x000000002458edd0:   000000002458ee90 00007ffcb1d585af
0x000000002458ede0:   0000000000000000 00007ffc00000000
0x000000002458edf0:   000000002458eee0 00007ffc9f95d306
0x000000002458ee00:   00007ffc8a9b9000 00007ffc8a750000
0x000000002458ee10:   00000496874cc24b 00007ffc9f9dc4d0
0x000000002458ee20:   00007ffc8a999fc0 00007ffc9f95ef63
0x000000002458ee30:   000000002458eee0 00007ffc9f92eb8d
0x000000002458ee40:   00007ffc9f9dc4d0 00007ffc82fe5d20 

Instructions: (pc=0x00007ffcaf20a1c8)
0x00007ffcaf20a1a8:   49 8b d1 44 0f 47 c0 44 89 44 24 38 49 c1 e0 03
0x00007ffcaf20a1b8:   e8 5f eb 04 00 48 8d 4c 24 20 ff 15 18 05 0a 00
0x00007ffcaf20a1c8:   48 8b 8c 24 c0 00 00 00 48 33 cc e8 38 b4 04 00
0x00007ffcaf20a1d8:   48 81 c4 d8 00 00 00 c3 83 64 24 38 00 eb d6 cc 


Register to memory mapping:

RAX=0x0000000000000000 is an unknown value
RBX=0x00007ffc8a999fc0 is an unknown value
RCX=0x0000000000000000 is an unknown value
RDX=0x0000000000000000 is an unknown value
RSP=0x000000002458ed50 is pointing into the stack for thread: 0x000000001fc91000
RBP=0x000000002458ee90 is pointing into the stack for thread: 0x000000001fc91000
RSI=0x00007ffc82fe5d20 is an unknown value
RDI=0x000000002458eee0 is pointing into the stack for thread: 0x000000001fc91000
R8 =0x0000000000000000 is an unknown value
R9 =0x0000000000000000 is an unknown value
R10=0x0000000000000000 is an unknown value
R11=0x0000000000000000 is an unknown value
R12=0x00000000ffffff29 is an unallocated location in the heap
R13=0x0000000000000000 is an unknown value
R14=0x00007ffc82fe56f0 is an unknown value
R15=0x000000002459f080 is pointing into the stack for thread: 0x000000001fc91000


Stack: [0x00000000244a0000,0x00000000245a0000],  sp=0x000000002458ed50,  free space=955k
Native frames: (J=compiled Java code, j=interpreted, Vv=VM code, C=native code)
C  [KERNELBASE.dll+0x2a1c8]
C  [msvcr120.dll+0x5ef63]
C  [opencv_core300.dll+0x18cb74]
C  [opencv_core300.dll+0x18ccb6]
C  [opencv_imgproc300.dll+0x4cf1a]
C  [jniopencv_imgproc.dll+0x167fd]
C  0x0000000002335e34

Java frames: (J=compiled Java code, j=interpreted, Vv=VM code)
j  org.bytedeco.javacpp.opencv_imgproc.cvCvtColor(Lorg/bytedeco/javacpp/helper/opencv_core$CvArr;Lorg/bytedeco/javacpp/helper/opencv_core$CvArr;I)V+0
j  picture.OpticalFlowCalculator.findContoursRed(Lorg/bytedeco/javacpp/opencv_core$IplImage;)Lorg/bytedeco/javacpp/opencv_core$IplImage;+77
j  picture.PictureController$3.run()V+71
j  java.util.concurrent.Executors$RunnableAdapter.call()Ljava/lang/Object;+4
j  java.util.concurrent.FutureTask.runAndReset()Z+47
j  java.util.concurrent.ScheduledThreadPoolExecutor$ScheduledFutureTask.access$301(Ljava/util/concurrent/ScheduledThreadPoolExecutor$ScheduledFutureTask;)Z+1
j  java.util.concurrent.ScheduledThreadPoolExecutor$ScheduledFutureTask.run()V+37
j  java.util.concurrent.ThreadPoolExecutor.runWorker(Ljava/util/concurrent/ThreadPoolExecutor$Worker;)V+95
j  java.util.concurrent.ThreadPoolExecutor$Worker.run()V+5
j  java.lang.Thread.run()V+11
v  ~StubRoutines::call_stub

---------------  P R O C E S S  ---------------

Java Threads: ( => current thread )
  0x00000000200a6000 JavaThread "Java2D Disposer" daemon [_thread_blocked, id=9940, stack(0x00000000251a0000,0x00000000252a0000)]
=>0x000000001fc91000 JavaThread "pool-3-thread-1" [_thread_in_native, id=5448, stack(0x00000000244a0000,0x00000000245a0000)]
  0x000000001f79a800 JavaThread "Prism Font Disposer" daemon [_thread_blocked, id=8932, stack(0x00000000224d0000,0x00000000225d0000)]
  0x0000000019fd8000 JavaThread "Thread-3" daemon [_thread_in_native, id=1716, stack(0x000000001f3f0000,0x000000001f4f0000)]
  0x000000001a003800 JavaThread "JavaFX-Launcher" [_thread_blocked, id=7380, stack(0x000000001f4f0000,0x000000001f5f0000)]
  0x0000000019f5e800 JavaThread "JavaFX Application Thread" [_thread_in_native, id=8704, stack(0x000000001ad40000,0x000000001ae40000)]
  0x0000000019f5d800 JavaThread "Thread-1" daemon [_thread_blocked, id=2832, stack(0x000000001ac40000,0x000000001ad40000)]
  0x0000000019f34000 JavaThread "QuantumRenderer-0" daemon [_thread_blocked, id=3628, stack(0x000000001a6f0000,0x000000001a7f0000)]
  0x00000000193bd800 JavaThread "Service Thread" daemon [_thread_blocked, id=3212, stack(0x0000000019cf0000,0x0000000019df0000)]
  0x000000001932c800 JavaThread "C1 CompilerThread3" daemon [_thread_blocked, id=11200, stack(0x0000000019bf0000,0x0000000019cf0000)]
  0x0000000019329800 JavaThread "C2 CompilerThread2" daemon [_thread_blocked, id=10744, stack(0x0000000019af0000,0x0000000019bf0000)]
  0x000000001931f800 JavaThread "C2 CompilerThread1" daemon [_thread_blocked, id=3276, stack(0x00000000199f0000,0x0000000019af0000)]
  0x000000001931c800 JavaThread "C2 CompilerThread0" daemon [_thread_blocked, id=9948, stack(0x00000000198f0000,0x00000000199f0000)]
  0x000000001931b800 JavaThread "Attach Listener" daemon [_thread_blocked, id=7112, stack(0x00000000197f0000,0x00000000198f0000)]
  0x000000001931a800 JavaThread "Signal Dispatcher" daemon [_thread_blocked, id=4028, stack(0x00000000196f0000,0x00000000197f0000)]
  0x000000000231c000 JavaThread "Finalizer" daemon [_thread_blocked, id=6080, stack(0x00000000191f0000,0x00000000192f0000)]
  0x0000000002315800 JavaThread "Reference Handler" daemon [_thread_blocked, id=7780, stack(0x00000000190f0000,0x00000000191f0000)]
  0x0000000002222800 JavaThread "main" [_thread_blocked, id=4932, stack(0x0000000002120000,0x0000000002220000)]

Other Threads:
  0x0000000017309800 VMThread [stack: 0x0000000018ff0000,0x00000000190f0000] [id=9320]
  0x00000000193be800 WatcherThread [stack: 0x0000000019df0000,0x0000000019ef0000] [id=10120]

VM state:not at safepoint (normal execution)

VM Mutex/Monitor currently owned by a thread: None

Heap:
 PSYoungGen      total 48640K, used 15740K [0x00000000d5c00000, 0x00000000d9c80000, 0x0000000100000000)
  eden space 32256K, 6% used [0x00000000d5c00000,0x00000000d5de6030,0x00000000d7b80000)
  from space 16384K, 84% used [0x00000000d8c00000,0x00000000d99790f0,0x00000000d9c00000)
  to   space 16896K, 0% used [0x00000000d7b80000,0x00000000d7b80000,0x00000000d8c00000)
 ParOldGen       total 87552K, used 30194K [0x0000000081400000, 0x0000000086980000, 0x00000000d5c00000)
  object space 87552K, 34% used [0x0000000081400000,0x000000008317ca80,0x0000000086980000)
 Metaspace       used 18559K, capacity 19206K, committed 19456K, reserved 1067008K
  class space    used 2513K, capacity 2720K, committed 2816K, reserved 1048576K

Card table byte_map: [0x00000000116e0000,0x0000000011ae0000] byte_map_base: 0x00000000112d6000

Marking Bits: (ParMarkBitMap*) 0x0000000056f34040
 Begin Bits: [0x0000000012590000, 0x0000000014540000)
 End Bits:   [0x0000000014540000, 0x00000000164f0000)

Polling page: 0x0000000000830000

CodeCache: size=245760Kb used=6148Kb max_used=6167Kb free=239611Kb
 bounds [0x0000000002320000, 0x0000000002930000, 0x0000000011320000]
 total_blobs=2731 nmethods=1948 adapters=695
 compilation: enabled

Compilation events (10 events):
Event: 6.432 Thread 0x0000000019329800 nmethod 1941 0x000000000291efd0 code [0x000000000291f1a0, 0x000000000291fc48]
Event: 6.433 Thread 0x000000001932c800 1945       3       java.util.WeakHashMap::entrySet (28 bytes)
Event: 6.433 Thread 0x000000001932c800 nmethod 1945 0x0000000002918cd0 code [0x0000000002918e60, 0x0000000002919270]
Event: 6.434 Thread 0x000000001932c800 1946       3       java.util.WeakHashMap$EntrySet::iterator (13 bytes)
Event: 6.434 Thread 0x000000001932c800 nmethod 1946 0x000000000290f890 code [0x000000000290fa00, 0x000000000290fcc8]
Event: 6.449 Thread 0x000000001932c800 1947       3       java.util.WeakHashMap::<init> (133 bytes)
Event: 6.450 Thread 0x000000001932c800 nmethod 1947 0x0000000002920b90 code [0x0000000002920e80, 0x00000000029225c8]
Event: 6.450 Thread 0x000000001932c800 1948       3       java.util.WeakHashMap::<init> (9 bytes)
Event: 6.450 Thread 0x000000001932c800 nmethod 1948 0x0000000002918910 code [0x0000000002918aa0, 0x0000000002918c48]
Event: 6.454 Thread 0x000000001931c800 nmethod 1939 0x00000000029266d0 code [0x00000000029269c0, 0x0000000002928738]

GC Heap History (10 events):
Event: 4.061 GC heap before
{Heap before GC invocations=2 (full 0):
 PSYoungGen      total 38400K, used 37438K [0x00000000d5c00000, 0x00000000d8680000, 0x0000000100000000)
  eden space 33280K, 98% used [0x00000000d5c00000,0x00000000d7be3278,0x00000000d7c80000)
  from space 5120K, 93% used [0x00000000d7c80000,0x00000000d812c6b0,0x00000000d8180000)
  to   space 5120K, 0% used [0x00000000d8180000,0x00000000d8180000,0x00000000d8680000)
 ParOldGen       total 87552K, used 80K [0x0000000081400000, 0x0000000086980000, 0x00000000d5c00000)
  object space 87552K, 0% used [0x0000000081400000,0x0000000081414010,0x0000000086980000)
 Metaspace       used 18455K, capacity 19078K, committed 19456K, reserved 1067008K
  class space    used 2513K, capacity 2720K, committed 2816K, reserved 1048576K
Event: 4.068 GC heap after
Heap after GC invocations=2 (full 0):
 PSYoungGen      total 38400K, used 5088K [0x00000000d5c00000, 0x00000000d8680000, 0x0000000100000000)
  eden space 33280K, 0% used [0x00000000d5c00000,0x00000000d5c00000,0x00000000d7c80000)
  from space 5120K, 99% used [0x00000000d8180000,0x00000000d8678060,0x00000000d8680000)
  to   space 5120K, 0% used [0x00000000d7c80000,0x00000000d7c80000,0x00000000d8180000)
 ParOldGen       total 87552K, used 11558K [0x0000000081400000, 0x0000000086980000, 0x00000000d5c00000)
  object space 87552K, 13% used [0x0000000081400000,0x0000000081f49930,0x0000000086980000)
 Metaspace       used 18455K, capacity 19078K, committed 19456K, reserved 1067008K
  class space    used 2513K, capacity 2720K, committed 2816K, reserved 1048576K
}
Event: 4.639 GC heap before
{Heap before GC invocations=3 (full 0):
 PSYoungGen      total 38400K, used 37863K [0x00000000d5c00000, 0x00000000d8680000, 0x0000000100000000)
  eden space 33280K, 98% used [0x00000000d5c00000,0x00000000d7c01e60,0x00000000d7c80000)
  from space 5120K, 99% used [0x00000000d8180000,0x00000000d8678060,0x00000000d8680000)
  to   space 5120K, 0% used [0x00000000d7c80000,0x00000000d7c80000,0x00000000d8180000)
 ParOldGen       total 87552K, used 11558K [0x0000000081400000, 0x0000000086980000, 0x00000000d5c00000)
  object space 87552K, 13% used [0x0000000081400000,0x0000000081f49930,0x0000000086980000)
 Metaspace       used 18488K, capacity 19142K, committed 19456K, reserved 1067008K
  class space    used 2513K, capacity 2720K, committed 2816K, reserved 1048576K
Event: 4.644 GC heap after
Heap after GC invocations=3 (full 0):
 PSYoungGen      total 38400K, used 5088K [0x00000000d5c00000, 0x00000000d8680000, 0x0000000100000000)
  eden space 33280K, 0% used [0x00000000d5c00000,0x00000000d5c00000,0x00000000d7c80000)
  from space 5120K, 99% used [0x00000000d7c80000,0x00000000d8178060,0x00000000d8180000)
  to   space 5120K, 0% used [0x00000000d8180000,0x00000000d8180000,0x00000000d8680000)
 ParOldGen       total 87552K, used 17610K [0x0000000081400000, 0x0000000086980000, 0x00000000d5c00000)
  object space 87552K, 20% used [0x0000000081400000,0x00000000825329a0,0x0000000086980000)
 Metaspace       used 18488K, capacity 19142K, committed 19456K, reserved 1067008K
  class space    used 2513K, capacity 2720K, committed 2816K, reserved 1048576K
}
Event: 5.233 GC heap before
{Heap before GC invocations=4 (full 0):
 PSYoungGen      total 38400K, used 38079K [0x00000000d5c00000, 0x00000000d8680000, 0x0000000100000000)
  eden space 33280K, 99% used [0x00000000d5c00000,0x00000000d7c37f00,0x00000000d7c80000)
  from space 5120K, 99% used [0x00000000d7c80000,0x00000000d8178060,0x00000000d8180000)
  to   space 5120K, 0% used [0x00000000d8180000,0x00000000d8180000,0x00000000d8680000)
 ParOldGen       total 87552K, used 17610K [0x0000000081400000, 0x0000000086980000, 0x00000000d5c00000)
  object space 87552K, 20% used [0x0000000081400000,0x00000000825329a0,0x0000000086980000)
 Metaspace       used 18509K, capacity 19142K, committed 19456K, reserved 1067008K
  class space    used 2513K, capacity 2720K, committed 2816K, reserved 1048576K
Event: 5.238 GC heap after
Heap after GC invocations=4 (full 0):
 PSYoungGen      total 38400K, used 5104K [0x00000000d5c00000, 0x00000000d8680000, 0x0000000100000000)
  eden space 33280K, 0% used [0x00000000d5c00000,0x00000000d5c00000,0x00000000d7c80000)
  from space 5120K, 99% used [0x00000000d8180000,0x00000000d867c070,0x00000000d8680000)
  to   space 5120K, 0% used [0x00000000d7c80000,0x00000000d7c80000,0x00000000d8180000)
 ParOldGen       total 87552K, used 24938K [0x0000000081400000, 0x0000000086980000, 0x00000000d5c00000)
  object space 87552K, 28% used [0x0000000081400000,0x0000000082c5aa10,0x0000000086980000)
 Metaspace       used 18509K, capacity 19142K, committed 19456K, reserved 1067008K
  class space    used 2513K, capacity 2720K, committed 2816K, reserved 1048576K
}
Event: 5.810 GC heap before
{Heap before GC invocations=5 (full 0):
 PSYoungGen      total 38400K, used 37648K [0x00000000d5c00000, 0x00000000d8680000, 0x0000000100000000)
  eden space 33280K, 97% used [0x00000000d5c00000,0x00000000d7bc8248,0x00000000d7c80000)
  from space 5120K, 99% used [0x00000000d8180000,0x00000000d867c070,0x00000000d8680000)
  to   space 5120K, 0% used [0x00000000d7c80000,0x00000000d7c80000,0x00000000d8180000)
 ParOldGen       total 87552K, used 24938K [0x0000000081400000, 0x0000000086980000, 0x00000000d5c00000)
  object space 87552K, 28% used [0x0000000081400000,0x0000000082c5aa10,0x0000000086980000)
 Metaspace       used 18524K, capacity 19142K, committed 19456K, reserved 1067008K
  class space    used 2513K, capacity 2720K, committed 2816K, reserved 1048576K
Event: 5.816 GC heap after
Heap after GC invocations=5 (full 0):
 PSYoungGen      total 37888K, used 5088K [0x00000000d5c00000, 0x00000000d9c00000, 0x0000000100000000)
  eden space 32768K, 0% used [0x00000000d5c00000,0x00000000d5c00000,0x00000000d7c00000)
  from space 5120K, 99% used [0x00000000d7c80000,0x00000000d8178060,0x00000000d8180000)
  to   space 16384K, 0% used [0x00000000d8c00000,0x00000000d8c00000,0x00000000d9c00000)
 ParOldGen       total 87552K, used 30194K [0x0000000081400000, 0x0000000086980000, 0x00000000d5c00000)
  object space 87552K, 34% used [0x0000000081400000,0x000000008317ca80,0x0000000086980000)
 Metaspace       used 18524K, capacity 19142K, committed 19456K, reserved 1067008K
  class space    used 2513K, capacity 2720K, committed 2816K, reserved 1048576K
}
Event: 6.401 GC heap before
{Heap before GC invocations=6 (full 0):
 PSYoungGen      total 37888K, used 37277K [0x00000000d5c00000, 0x00000000d9c00000, 0x0000000100000000)
  eden space 32768K, 98% used [0x00000000d5c00000,0x00000000d7b6f5d8,0x00000000d7c00000)
  from space 5120K, 99% used [0x00000000d7c80000,0x00000000d8178060,0x00000000d8180000)
  to   space 16384K, 0% used [0x00000000d8c00000,0x00000000d8c00000,0x00000000d9c00000)
 ParOldGen       total 87552K, used 30194K [0x0000000081400000, 0x0000000086980000, 0x00000000d5c00000)
  object space 87552K, 34% used [0x0000000081400000,0x000000008317ca80,0x0000000086980000)
 Metaspace       used 18544K, capacity 19142K, committed 19456K, reserved 1067008K
  class space    used 2513K, capacity 2720K, committed 2816K, reserved 1048576K
Event: 6.406 GC heap after
Heap after GC invocations=6 (full 0):
 PSYoungGen      total 48640K, used 13796K [0x00000000d5c00000, 0x00000000d9c80000, 0x0000000100000000)
  eden space 32256K, 0% used [0x00000000d5c00000,0x00000000d5c00000,0x00000000d7b80000)
  from space 16384K, 84% used [0x00000000d8c00000,0x00000000d99790f0,0x00000000d9c00000)
  to   space 16896K, 0% used [0x00000000d7b80000,0x00000000d7b80000,0x00000000d8c00000)
 ParOldGen       total 87552K, used 30194K [0x0000000081400000, 0x0000000086980000, 0x00000000d5c00000)
  object space 87552K, 34% used [0x0000000081400000,0x000000008317ca80,0x0000000086980000)
 Metaspace       used 18544K, capacity 19142K, committed 19456K, reserved 1067008K
  class space    used 2513K, capacity 2720K, committed 2816K, reserved 1048576K
}

Deoptimization events (10 events):
Event: 1.041 Thread 0x0000000019f5e800 Uncommon trap: reason=class_check action=maybe_recompile pc=0x0000000002440ab0 method=java.lang.String.equals(Ljava/lang/Object;)Z @ 8
Event: 1.041 Thread 0x0000000019f5e800 Uncommon trap: reason=class_check action=maybe_recompile pc=0x0000000002440ab0 method=java.lang.String.equals(Ljava/lang/Object;)Z @ 8
Event: 1.041 Thread 0x0000000019f5e800 Uncommon trap: reason=speculate_class_check action=maybe_recompile pc=0x000000000271d720 method=com.sun.javafx.css.BitSet.containsAll(Ljava/util/Collection;)Z @ 18
Event: 1.041 Thread 0x0000000019f5e800 Uncommon trap: reason=speculate_class_check action=maybe_recompile pc=0x000000000271d720 method=com.sun.javafx.css.BitSet.containsAll(Ljava/util/Collection;)Z @ 18
Event: 1.042 Thread 0x0000000019f5e800 Uncommon trap: reason=class_check action=maybe_recompile pc=0x0000000002440ab0 method=java.lang.String.equals(Ljava/lang/Object;)Z @ 8
Event: 1.065 Thread 0x0000000019f5e800 Uncommon trap: reason=unstable_if action=reinterpret pc=0x00000000026b669c method=java.lang.String.regionMatches(ZILjava/lang/String;II)Z @ 123
Event: 1.986 Thread 0x0000000019f5e800 Uncommon trap: reason=unstable_if action=reinterpret pc=0x00000000027310a8 method=jdk.internal.org.objectweb.asm.Type.getArgumentsAndReturnSizes(Ljava/lang/String;)I @ 47
Event: 3.907 Thread 0x000000001fc91000 Uncommon trap: reason=unstable_if action=reinterpret pc=0x0000000002878e64 method=org.bytedeco.javacv.Java2DFrameConverter.flipCopyWithGamma(Ljava/nio/ByteBuffer;ILjava/nio/ByteBuffer;IZDZI)V @ 50
Event: 3.915 Thread 0x000000001fc91000 Uncommon trap: reason=unstable_if action=reinterpret pc=0x00000000028914f8 method=com.sun.javafx.image.impl.IntTo4ByteSameConverter.doConvert([III[BIIII)V @ 29
Event: 4.659 Thread 0x0000000019f34000 Uncommon trap: reason=unstable_if action=reinterpret pc=0x00000000027b96c0 method=java.util.WeakHashMap.expungeStaleEntries()V @ 9

Internal exceptions (10 events):
Event: 0.826 Thread 0x0000000019f5e800 Exception <a 'java/lang/NullPointerException'> (0x00000000d73ecef0) thrown at [C:\re\workspace\8-2-build-windows-amd64-cygwin\jdk8u45\3627\hotspot\src\share\vm\interpreter\linkResolver.cpp, line 1178]
Event: 0.826 Thread 0x0000000019f5e800 Exception <a 'java/lang/NullPointerException'> (0x00000000d73ecef0) thrown at [C:\re\workspace\8-2-build-windows-amd64-cygwin\jdk8u45\3627\hotspot\src\share\vm\prims\jvm.cpp, line 1386]
Event: 0.885 Thread 0x0000000019f5e800 Exception <a 'java/lang/ArrayIndexOutOfBoundsException'> (0x00000000d77f6290) thrown at [C:\re\workspace\8-2-build-windows-amd64-cygwin\jdk8u45\3627\hotspot\src\share\vm\runtime\sharedRuntime.cpp, line 605]
Event: 0.885 Thread 0x0000000019f5e800 Exception <a 'java/lang/ArrayIndexOutOfBoundsException'> (0x00000000d77f6ee0) thrown at [C:\re\workspace\8-2-build-windows-amd64-cygwin\jdk8u45\3627\hotspot\src\share\vm\runtime\sharedRuntime.cpp, line 605]
Event: 0.885 Thread 0x0000000019f5e800 Exception <a 'java/lang/ArrayIndexOutOfBoundsException'> (0x00000000d77f8878) thrown at [C:\re\workspace\8-2-build-windows-amd64-cygwin\jdk8u45\3627\hotspot\src\share\vm\runtime\sharedRuntime.cpp, line 605]
Event: 0.938 Thread 0x0000000019f5e800 Implicit null exception at 0x00000000026c2575 to 0x00000000026c2785
Event: 0.938 Thread 0x0000000019f5e800 Implicit null exception at 0x00000000026abcfb to 0x00000000026ac18d
Event: 1.008 Thread 0x0000000019f5e800 Exception <a 'java/io/FileNotFoundException'> (0x00000000d5d20710) thrown at [C:\re\workspace\8-2-build-windows-amd64-cygwin\jdk8u45\3627\hotspot\src\share\vm\prims\jni.cpp, line 709]
Event: 3.840 Thread 0x000000001fc91000 Exception <a 'java/io/FileNotFoundException'> (0x00000000d6a48058) thrown at [C:\re\workspace\8-2-build-windows-amd64-cygwin\jdk8u45\3627\hotspot\src\share\vm\prims\jni.cpp, line 709]
Event: 3.874 Thread 0x000000001fc91000 Exception <a 'java/io/FileNotFoundException'> (0x00000000d6a5d2b0) thrown at [C:\re\workspace\8-2-build-windows-amd64-cygwin\jdk8u45\3627\hotspot\src\share\vm\prims\jni.cpp, line 709]

Events (10 events):
Event: 4.644 Executing VM operation: ParallelGCFailedAllocation done
Event: 4.659 Thread 0x0000000019f34000 Uncommon trap: trap_request=0xffffff65 fr.pc=0x00000000027b96c0
Event: 4.659 Thread 0x0000000019f34000 DEOPT PACKING pc=0x00000000027b96c0 sp=0x000000001a7ee3f0
Event: 4.659 Thread 0x0000000019f34000 DEOPT UNPACKING pc=0x000000000236582a sp=0x000000001a7ee390 mode 2
Event: 5.233 Executing VM operation: ParallelGCFailedAllocation
Event: 5.238 Executing VM operation: ParallelGCFailedAllocation done
Event: 5.810 Executing VM operation: ParallelGCFailedAllocation
Event: 5.816 Executing VM operation: ParallelGCFailedAllocation done
Event: 6.401 Executing VM operation: ParallelGCFailedAllocation
Event: 6.406 Executing VM operation: ParallelGCFailedAllocation done


Dynamic libraries:
0x00007ff759820000 - 0x00007ff759857000 	C:\Program Files\Java\jre1.8.0_45\bin\javaw.exe
0x00007ffcb1d40000 - 0x00007ffcb1f02000 	C:\WINDOWS\SYSTEM32\ntdll.dll
0x00007ffcb1c70000 - 0x00007ffcb1d1d000 	C:\WINDOWS\system32\KERNEL32.DLL
0x00007ffcaf1e0000 - 0x00007ffcaf3bd000 	C:\WINDOWS\system32\KERNELBASE.dll
0x00007ffcaf560000 - 0x00007ffcaf606000 	C:\WINDOWS\system32\ADVAPI32.dll
0x00007ffcaf610000 - 0x00007ffcaf6ad000 	C:\WINDOWS\system32\msvcrt.dll
0x00007ffcaf9a0000 - 0x00007ffcaf9fb000 	C:\WINDOWS\system32\sechost.dll
0x00007ffcb0090000 - 0x00007ffcb01b6000 	C:\WINDOWS\system32\RPCRT4.dll
0x00007ffcafa00000 - 0x00007ffcafb4e000 	C:\WINDOWS\system32\USER32.dll
0x00007ffcaf800000 - 0x00007ffcaf986000 	C:\WINDOWS\system32\GDI32.dll
0x00007ffcaafd0000 - 0x00007ffcab244000 	C:\WINDOWS\WinSxS\amd64_microsoft.windows.common-controls_6595b64144ccf1df_6.0.10240.16384_none_f41f7b285750ef43\COMCTL32.dll
0x00007ffcafe30000 - 0x00007ffcafe66000 	C:\WINDOWS\system32\IMM32.DLL
0x00007ffcb17c0000 - 0x00007ffcb191c000 	C:\WINDOWS\system32\MSCTF.dll
0x0000000056590000 - 0x0000000056662000 	C:\Program Files\Java\jre1.8.0_45\bin\msvcr100.dll
0x0000000056730000 - 0x0000000056fb3000 	C:\Program Files\Java\jre1.8.0_45\bin\server\jvm.dll
0x00007ffcaf990000 - 0x00007ffcaf998000 	C:\WINDOWS\system32\PSAPI.DLL
0x00007ffcab370000 - 0x00007ffcab37a000 	C:\WINDOWS\SYSTEM32\VERSION.dll
0x00007ffcac820000 - 0x00007ffcac843000 	C:\WINDOWS\SYSTEM32\WINMM.dll
0x00007ffca66c0000 - 0x00007ffca66c9000 	C:\WINDOWS\SYSTEM32\WSOCK32.dll
0x00007ffcb0020000 - 0x00007ffcb0089000 	C:\WINDOWS\system32\WS2_32.dll
0x00007ffcb01c0000 - 0x00007ffcb01c8000 	C:\WINDOWS\system32\NSI.dll
0x00007ffcac7c0000 - 0x00007ffcac7ec000 	C:\WINDOWS\SYSTEM32\WINMMBASE.dll
0x00007ffcaf3c0000 - 0x00007ffcaf404000 	C:\WINDOWS\system32\cfgmgr32.dll
0x00007ffcad0e0000 - 0x00007ffcad107000 	C:\WINDOWS\SYSTEM32\DEVOBJ.dll
0x0000000057d40000 - 0x0000000057d4f000 	C:\Program Files\Java\jre1.8.0_45\bin\verify.dll
0x0000000056700000 - 0x0000000056729000 	C:\Program Files\Java\jre1.8.0_45\bin\java.dll
0x00000000566e0000 - 0x00000000566f6000 	C:\Program Files\Java\jre1.8.0_45\bin\zip.dll
0x00007ffcb0290000 - 0x00007ffcb17b2000 	C:\WINDOWS\system32\SHELL32.dll
0x00007ffcaeb50000 - 0x00007ffcaf178000 	C:\WINDOWS\system32\windows.storage.dll
0x00007ffcafbb0000 - 0x00007ffcafe2c000 	C:\WINDOWS\system32\combase.dll
0x00007ffcb1c10000 - 0x00007ffcb1c61000 	C:\WINDOWS\system32\shlwapi.dll
0x00007ffcae800000 - 0x00007ffcae80f000 	C:\WINDOWS\system32\kernel.appcore.dll
0x00007ffcae8c0000 - 0x00007ffcae973000 	C:\WINDOWS\system32\shcore.dll
0x00007ffcae770000 - 0x00007ffcae7ba000 	C:\WINDOWS\system32\powrprof.dll
0x00007ffcae7c0000 - 0x00007ffcae7d3000 	C:\WINDOWS\system32\profapi.dll
0x0000000056560000 - 0x000000005658c000 	C:\Program Files\Java\jre1.8.0_45\bin\prism_d3d.dll
0x00007ffc9e0b0000 - 0x00007ffc9e2c0000 	C:\WINDOWS\system32\d3d9.dll
0x00007ffcaafa0000 - 0x00007ffcaafc2000 	C:\WINDOWS\SYSTEM32\dwmapi.dll
0x00007ffcacf90000 - 0x00007ffcad026000 	C:\WINDOWS\system32\uxtheme.dll
0x00007ffc7e1c0000 - 0x00007ffc804a3000 	C:\WINDOWS\SYSTEM32\igdumdim64.dll
0x00007ffcb1920000 - 0x00007ffcb1ae5000 	C:\WINDOWS\system32\SETUPAPI.dll
0x00007ffcb01d0000 - 0x00007ffcb028e000 	C:\WINDOWS\system32\OLEAUT32.dll
0x00007ffcaf6b0000 - 0x00007ffcaf7f1000 	C:\WINDOWS\system32\ole32.dll
0x0000000056510000 - 0x0000000056551000 	C:\Program Files\Java\jre1.8.0_45\bin\glass.dll
0x00007ffcaf410000 - 0x00007ffcaf4e7000 	C:\WINDOWS\system32\COMDLG32.dll
0x00007ffcae5c0000 - 0x00007ffcae62b000 	C:\WINDOWS\SYSTEM32\bcryptPrimitives.dll
0x00007ffca3cb0000 - 0x00007ffca46b2000 	C:\WINDOWS\SYSTEM32\igdusc64.dll
0x00007ffc9f900000 - 0x00007ffc9f9ef000 	C:\Users\Mathias\AppData\Local\Temp\javacpp25350010709720\msvcr120.dll
0x00007ffc9b490000 - 0x00007ffc9b536000 	C:\Users\Mathias\AppData\Local\Temp\javacpp25350010709720\msvcp120.dll
0x00007ffc8a750000 - 0x00007ffc8a9d1000 	C:\Users\Mathias\AppData\Local\Temp\javacpp25350010709720\opencv_core300.dll
0x00007ffc82e00000 - 0x00007ffc8317f000 	C:\Users\Mathias\AppData\Local\Temp\javacpp25350010709720\opencv_imgproc300.dll
0x00007ffc99210000 - 0x00007ffc993c8000 	C:\Users\Mathias\AppData\Local\Temp\javacpp25350010709720\jniopencv_core.dll
0x00000000564f0000 - 0x0000000056505000 	C:\Program Files\Java\jre1.8.0_45\bin\javafx_font.dll
0x00007ffc9fc70000 - 0x00007ffc9fec9000 	C:\WINDOWS\SYSTEM32\dwrite.dll
0x00007ffcb1af0000 - 0x00007ffcb1b95000 	C:\WINDOWS\system32\clbcatq.dll
0x00007ffca5780000 - 0x00007ffca5932000 	C:\WINDOWS\SYSTEM32\WindowsCodecs.dll
0x00007ffcae2b0000 - 0x00007ffcae2d8000 	C:\WINDOWS\SYSTEM32\bcrypt.dll
0x00007ffcae040000 - 0x00007ffcae057000 	C:\WINDOWS\SYSTEM32\cryptsp.dll
0x00007ffcadc90000 - 0x00007ffcadcc3000 	C:\WINDOWS\system32\rsaenh.dll
0x00007ffcae190000 - 0x00007ffcae19b000 	C:\WINDOWS\SYSTEM32\CRYPTBASE.dll
0x00007ffc94ab0000 - 0x00007ffc94af6000 	C:\WINDOWS\system32\dataexchange.dll
0x00007ffca5970000 - 0x00007ffca5c13000 	C:\WINDOWS\system32\d3d11.dll
0x00007ffca5f30000 - 0x00007ffca6475000 	C:\WINDOWS\system32\d2d1.dll
0x00007ffcaccd0000 - 0x00007ffcacda1000 	C:\WINDOWS\system32\dcomp.dll
0x00007ffca79f0000 - 0x00007ffca7a8c000 	C:\WINDOWS\system32\dxgi.dll
0x00007ffcad130000 - 0x00007ffcad21e000 	C:\WINDOWS\system32\twinapi.appcore.dll
0x00007ffcadd80000 - 0x00007ffcadd9f000 	C:\WINDOWS\system32\USERENV.dll
0x00007ffc9eb80000 - 0x00007ffc9ebb4000 	C:\Program Files\Common Files\Microsoft Shared\Ink\rtscom.dll
0x00000000564d0000 - 0x00000000564e1000 	C:\Program Files\Java\jre1.8.0_45\bin\prism_common.dll
0x00007ffca5e10000 - 0x00007ffca5e34000 	C:\Users\Mathias\AppData\Local\Temp\javacpp25350010709720\jnivideoInputLib.dll
0x00007ffca5e60000 - 0x00007ffca5e78000 	C:\Windows\System32\devenum.dll
0x00007ffcadb10000 - 0x00007ffcadb42000 	C:\WINDOWS\SYSTEM32\ntmarta.dll
0x00007ffcaf180000 - 0x00007ffcaf1d4000 	C:\WINDOWS\system32\WINTRUST.dll
0x00007ffcae7e0000 - 0x00007ffcae7f1000 	C:\WINDOWS\system32\MSASN1.dll
0x00007ffcae980000 - 0x00007ffcaeb41000 	C:\WINDOWS\system32\CRYPT32.dll
0x00007ffca68a0000 - 0x00007ffca68aa000 	C:\WINDOWS\SYSTEM32\msdmo.dll
0x00007ffc9c190000 - 0x00007ffc9c1c4000 	C:\Windows\System32\qcap.dll
0x00007ffc8a4d0000 - 0x00007ffc8a69d000 	C:\Windows\System32\quartz.dll
0x00007ffc9b440000 - 0x00007ffc9b48f000 	C:\Windows\System32\ksproxy.ax
0x00007ffca9e30000 - 0x00007ffca9e38000 	C:\Windows\System32\ksuser.dll
0x00007ffcac890000 - 0x00007ffcac8c9000 	C:\WINDOWS\SYSTEM32\policymanager.dll
0x00007ffcac6e0000 - 0x00007ffcac772000 	C:\Windows\System32\msvcp110_win.dll
0x00007ffcac780000 - 0x00007ffcac7b6000 	C:\Windows\System32\XmlLite.dll
0x00007ffca6680000 - 0x00007ffca668e000 	C:\Windows\System32\vidcap.ax
0x00007ffc9f8d0000 - 0x00007ffc9f8f7000 	C:\Windows\System32\kswdmcap.ax
0x00007ffc85fc0000 - 0x00007ffc86130000 	C:\Windows\System32\MFC42.dll
0x00007ffc9b390000 - 0x00007ffc9b440000 	C:\Windows\System32\ODBC32.dll
0x00007ffcadbf0000 - 0x00007ffcadbfa000 	C:\Windows\System32\DPAPI.dll
0x00007ffc9b130000 - 0x00007ffc9b1db000 	C:\Windows\System32\qedit.dll
0x00007ffc9e6c0000 - 0x00007ffc9e6e9000 	C:\Windows\System32\MSVFW32.dll
0x00007ffcaa960000 - 0x00007ffcaab08000 	C:\WINDOWS\WinSxS\amd64_microsoft.windows.gdiplus_6595b64144ccf1df_1.1.10240.16603_none_89ad014f9af1a159\gdiplus.dll
0x00007ffc91320000 - 0x00007ffc91416000 	C:\Windows\System32\DDRAW.dll
0x00007ffc912a0000 - 0x00007ffc912a8000 	C:\Windows\System32\DCIMAN32.dll
0x00007ffca6650000 - 0x00007ffca665c000 	C:\WINDOWS\SYSTEM32\msyuv.dll
0x00007ffc9b080000 - 0x00007ffc9b125000 	C:\Users\Mathias\AppData\Local\Temp\javacpp25350010709720\jniopencv_imgproc.dll
0x0000000055d20000 - 0x0000000055eb8000 	C:\Program Files\Java\jre1.8.0_45\bin\awt.dll
0x00007ffcacec0000 - 0x00007ffcacf38000 	C:\WINDOWS\system32\apphelp.dll
0x00007ffc99850000 - 0x00007ffc999da000 	C:\WINDOWS\SYSTEM32\dbghelp.dll

VM Arguments:
jvm_args: -Djava.library.path=C:\Users\Mathias\Desktop\Libraries og Jars\opencv\build\x64\vc14\lib -Dfile.encoding=Cp1252 
java_command: application.Main
java_class_path (initial): C:\Users\Mathias\git\Drone_group_11\Drone_group_11\bin;C:\Users\Mathias\Desktop\Libraries og Jars\JAVACV_JAR-2016-03-16\JAVACV JAR\javacv-bin\artoolkitplus.jar;C:\Users\Mathias\Desktop\Libraries og Jars\JAVACV_JAR-2016-03-16\JAVACV JAR\javacv-bin\artoolkitplus-android-arm.jar;C:\Users\Mathias\Desktop\Libraries og Jars\JAVACV_JAR-2016-03-16\JAVACV JAR\javacv-bin\artoolkitplus-windows-x86_64.jar;C:\Users\Mathias\Desktop\Libraries og Jars\JAVACV_JAR-2016-03-16\JAVACV JAR\javacv-bin\ffmpeg.jar;C:\Users\Mathias\Desktop\Libraries og Jars\JAVACV_JAR-2016-03-16\JAVACV JAR\javacv-bin\ffmpeg-windows-x86_64.jar;C:\Users\Mathias\Desktop\Libraries og Jars\JAVACV_JAR-2016-03-16\JAVACV JAR\javacv-bin\flandmark.jar;C:\Users\Mathias\Desktop\Libraries og Jars\JAVACV_JAR-2016-03-16\JAVACV JAR\javacv-bin\flandmark-android-arm.jar;C:\Users\Mathias\Desktop\Libraries og Jars\JAVACV_JAR-2016-03-16\JAVACV JAR\javacv-bin\flandmark-windows-x86_64.jar;C:\Users\Mathias\Desktop\Libraries og Jars\JAVACV_JAR-2016-03-16\JAVACV JAR\javacv-bin\flycapture.jar;C:\Users\Mathias\Desktop\Libraries og Jars\JAVACV_JAR-2016-03-16\JAVACV JAR\javacv-bin\flycapture-windows-x86_64.jar;C:\Users\Mathias\Desktop\Libraries og Jars\JAVACV_JAR-2016-03-16\JAVACV JAR\javacv-bin\javacpp.jar;C:\Users\Mathias\Desktop\Libraries og Jars\JAVACV_JAR-2016-03-16\JAVACV JAR\javacv-bin\javacv.jar;C:\Users\Mathias\Desktop\Libraries og Jars\JAVACV_JAR-2016-03-16\JAVACV JAR\javacv-bin\libdc1394.jar;C:\Users\Mathias\Desktop\Libraries og Jars\JAVACV_JAR-2016-03-16\JAVACV JAR\javacv-bin\libdc1394-macosx-x86_64.jar;C:\Users\Mathias\Desktop\Libraries og Jars\JAVACV_JAR-2016-03-16\JAVACV JAR\javacv-bin\libfreenect.jar;C:\Users\Mathias\Desktop\Libraries og Jars\JAVACV_JAR-2016-03-16\JAVACV JAR\javacv-bin\libfreenect-windows-x86_64.jar;C:\Users\Mathias\Desktop\Libraries og Jars\JAVACV_JAR-2016-03-16\JAVACV JAR\javacv-bin\opencv.jar;C:\Users\Mathias\Desktop\Libraries og Jars\JAVACV_JAR-2016-03-16\JAVACV JAR\javacv
Launcher Type: SUN_STANDARD

Environment Variables:
PATH=C:/Program Files/Java/jre1.8.0_45/bin/server;C:/Program Files/Java/jre1.8.0_45/bin;C:/Program Files/Java/jre1.8.0_45/lib/amd64;C:\ProgramData\Oracle\Java\javapath;C:\Users\Mathias\Desktop\Libraries og Jars\opencv\build\x64\vc14\bin;C:\Program Files (x86)\Common Files\Intel\Shared Libraries\redist\intel64\compiler;C:\Program Files (x86)\Common Files\Intel\Shared Libraries\redist\ia32\compiler;C:\Program Files (x86)\Intel\iCLS Client\;C:\Program Files\Intel\iCLS Client\;C:\WINDOWS\system32;C:\WINDOWS;C:\WINDOWS\System32\Wbem;C:\WINDOWS\System32\WindowsPowerShell\v1.0\;C:\Program Files (x86)\Windows Live\Shared;C:\Program Files (x86)\Intel\OpenCL SDK\3.0\bin\x86;C:\Program Files (x86)\Intel\OpenCL SDK\3.0\bin\x64;C:\Program Files (x86)\MySQL\MySQL Fabric 1.5.3 & MySQL Utilities 1.5.3 1.5\;C:\Program Files (x86)\MySQL\MySQL Fabric 1.5.3 & MySQL Utilities 1.5.3 1.5\Doctrine extensions for PHP\;C:\Program Files (x86)\NVIDIA Corporation\PhysX\Common;C:\Program Files\Intel\Intel(R) Management Engine Components\DAL;C:\Program Files\Intel\Intel(R) Management Engine Components\IPT;C:\Program Files (x86)\Intel\Intel(R) Management Engine Components\DAL;C:\Program Files (x86)\Intel\Intel(R) Management Engine Components\IPT;C:\WINDOWS\system32;C:\WINDOWS;C:\WINDOWS\System32\Wbem;C:\WINDOWS\System32\WindowsPowerShell\v1.0\;C:\Program Files (x86)\Skype\Phone\;C:\Users\Mathias\Downloads\eclipse;
USERNAME=Mathias
OS=Windows_NT
PROCESSOR_IDENTIFIER=Intel64 Family 6 Model 60 Stepping 3, GenuineIntel



---------------  S Y S T E M  ---------------

OS: Windows 10.0 , 64 bit Build 10240 (10.0.10240.16384)

CPU:total 8 (4 cores per cpu, 2 threads per core) family 6 model 60 stepping 3, cmov, cx8, fxsr, mmx, sse, sse2, sse3, ssse3, sse4.1, sse4.2, popcnt, avx, avx2, aes, clmul, erms, lzcnt, ht, tsc, tscinvbit, bmi1, bmi2

Memory: 4k page, physical 8306320k(4754060k free), swap 9617040k(3938212k free)

vm_info: Java HotSpot(TM) 64-Bit Server VM (25.45-b02) for windows-amd64 JRE (1.8.0_45-b15), built on Apr 30 2015 12:40:44 by "java_re" with MS VC++ 10.0 (VS2010)

time: Tue Apr 12 21:50:03 2016
elapsed time: 6 seconds (0d 0h 0m 6s)

