#
# A fatal error has been detected by the Java Runtime Environment:
#
#  EXCEPTION_ACCESS_VIOLATION (0xc0000005) at pc=0x000000000298b7ba, pid=2244, tid=7056
#
# JRE version: Java(TM) SE Runtime Environment (8.0_91-b14) (build 1.8.0_91-b14)
# Java VM: Java HotSpot(TM) 64-Bit Server VM (25.91-b14 mixed mode windows-amd64 compressed oops)
# Problematic frame:
# J 2332 C2 org.bytedeco.javacv.Java2DFrameConverter.flipCopyWithGamma(Ljava/nio/ByteBuffer;ILjava/nio/ByteBuffer;IZDZI)V (608 bytes) @ 0x000000000298b7ba [0x000000000298b3c0+0x3fa]
#
# Failed to write core dump. Minidumps are not enabled by default on client versions of Windows
#
# If you would like to submit a bug report, please visit:
#   http://bugreport.java.com/bugreport/crash.jsp
#

---------------  T H R E A D  ---------------

Current thread (0x0000000059006800):  JavaThread "Thread-12" [_thread_in_Java, id=7056, stack(0x00000000636f0000,0x00000000637f0000)]

siginfo: ExceptionCode=0xc0000005, reading address 0x000000007e489e9f

Registers:
RAX=0x00000000ec1cadf8, RBX=0x0000000093289d78, RCX=0x00000000000f9e4e, RDX=0x00000000002a3000
RSP=0x00000000637ef020, RBP=0x00000000ec1cadb8, RSI=0x000000007e390050, RDI=0x0000000000000eff
R8 =0x00000000000f9e4f, R9 =0x0000000000000000, R10=0x00000000002a3000, R11=0x00000000000f9e4f
R12=0x0000000000000000, R13=0x00000000000f9e4f, R14=0x000000000000084f, R15=0x0000000059006800
RIP=0x000000000298b7ba, EFLAGS=0x0000000000010217

Top of Stack: (sp=0x00000000637ef020)
0x00000000637ef020:   00000000ec1cadf8 000f960000000000
0x00000000637ef030:   00000000000f9600 166e3980166c7f50
0x00000000637ef040:   00000f0000000000 00000000ec1cadb8
0x00000000637ef050:   3ff0000000000000 00000000ec1cadf8
0x00000000637ef060:   00000f0000000f00 00000000ec1cae28
0x00000000637ef070:   0000000000000000 00000000002a3000
0x00000000637ef080:   00000000d6f04060 0000000000000000
0x00000000637ef090:   00000000637ef4e8 0000000002c2ed14
0x00000000637ef0a0:   0000000000000000 00000000590069f8
0x00000000637ef0b0:   000000007e390050 0000000800000008
0x00000000637ef0c0:   3ff7ffffe0000000 0000000067461dd8
0x00000000637ef0d0:   0000ca3aa4aba4a0 0000000067434249
0x00000000637ef0e0:   000000005707f5f0 000000007e390050
0x00000000637ef0f0:   00000000002a3000 00000000d6efe4d0
0x00000000637ef100:   00000000590069f8 000007fee055ad41
0x00000000637ef110:   000002d000000500 0000000000000000 

Instructions: (pc=0x000000000298b7ba)
0x000000000298b79a:   3b 6c 24 58 0f 8d 7d 01 00 00 45 8b c5 41 ff c0
0x000000000298b7aa:   45 89 43 18 4c 8b 5c 24 38 45 8b 5b 18 4d 63 c5
0x000000000298b7ba:   46 0f be 04 06 45 3b da 0f 8d cd 01 00 00 41 8b
0x000000000298b7ca:   cb 41 03 c9 41 ff c3 48 8b 44 24 38 44 89 58 18 


Register to memory mapping:

RAX=0x00000000ec1cadf8 is an oop
java.nio.HeapByteBuffer 
 - klass: 'java/nio/HeapByteBuffer'
RBX=0x0000000093289d78 is an oop
[B 
 - klass: {type array byte}
 - length: 2764800
RCX=0x00000000000f9e4e is an unknown value
RDX=0x00000000002a3000 is an unknown value
RSP=0x00000000637ef020 is pointing into the stack for thread: 0x0000000059006800
RBP=0x00000000ec1cadb8 is an oop
java.nio.DirectByteBuffer 
 - klass: 'java/nio/DirectByteBuffer'
RSI=0x000000007e390050 is an unknown value
RDI=0x0000000000000eff is an unknown value
R8 =0x00000000000f9e4f is an unknown value
R9 =0x0000000000000000 is an unknown value
R10=0x00000000002a3000 is an unknown value
R11=0x00000000000f9e4f is an unknown value
R12=0x0000000000000000 is an unknown value
R13=0x00000000000f9e4f is an unknown value
R14=0x000000000000084f is an unknown value
R15=0x0000000059006800 is a thread


Stack: [0x00000000636f0000,0x00000000637f0000],  sp=0x00000000637ef020,  free space=1020k
Native frames: (J=compiled Java code, j=interpreted, Vv=VM code, C=native code)
C  0x000000000298b7ba


---------------  P R O C E S S  ---------------

Java Threads: ( => current thread )
  0x000000005900a800 JavaThread "Thread-54" [_thread_blocked, id=2848, stack(0x000000007a720000,0x000000007a820000)]
  0x0000000059008000 JavaThread "Thread-53" [_thread_blocked, id=6488, stack(0x00000000700a0000,0x00000000701a0000)]
  0x0000000059009800 JavaThread "Thread-41" [_thread_in_native, id=4108, stack(0x0000000061880000,0x0000000061980000)]
  0x0000000059009000 JavaThread "Thread-31" [_thread_in_native, id=3184, stack(0x00000000619a0000,0x0000000061aa0000)]
  0x0000000059007800 JavaThread "Thread-14" [_thread_blocked, id=5452, stack(0x0000000063d90000,0x0000000063e90000)]
=>0x0000000059006800 JavaThread "Thread-12" [_thread_in_Java, id=7056, stack(0x00000000636f0000,0x00000000637f0000)]
  0x0000000059006000 JavaThread "Thread-11" [_thread_in_native, id=6436, stack(0x0000000061500000,0x0000000061600000)]
  0x0000000059004800 JavaThread "AWT-EventQueue-0" [_thread_blocked, id=4756, stack(0x0000000060270000,0x0000000060370000)]
  0x0000000059003800 JavaThread "AWT-Windows" daemon [_thread_in_native, id=4896, stack(0x00000000600c0000,0x00000000601c0000)]
  0x0000000059003000 JavaThread "AWT-Shutdown" [_thread_blocked, id=3832, stack(0x000000005ff10000,0x0000000060010000)]
  0x0000000059002000 JavaThread "Java2D Disposer" daemon [_thread_blocked, id=2896, stack(0x000000005f5c0000,0x000000005f6c0000)]
  0x0000000059001800 JavaThread "Thread-6" [_thread_blocked, id=6160, stack(0x000000005e960000,0x000000005ea60000)]
  0x0000000059000800 JavaThread "VideoManager" [_thread_in_vm, id=5416, stack(0x000000005f850000,0x000000005f950000)]
  0x0000000059000000 JavaThread "NavDataManager" [_thread_in_native, id=2644, stack(0x000000005f6d0000,0x000000005f7d0000)]
  0x000000005c279800 JavaThread "CommandManager" [_thread_blocked, id=7140, stack(0x000000005f440000,0x000000005f540000)]
  0x000000005c276000 JavaThread "YADrone CommandManager Timer" [_thread_in_vm, id=4124, stack(0x000000005f170000,0x000000005f270000)]
  0x000000005c0bc800 JavaThread "Prism Font Disposer" daemon [_thread_blocked, id=5764, stack(0x000000005dd10000,0x000000005de10000)]
  0x0000000058f23000 JavaThread "Thread-3" daemon [_thread_blocked, id=2608, stack(0x000000005bae0000,0x000000005bbe0000)]
  0x0000000058f2c000 JavaThread "JavaFX-Launcher" [_thread_blocked, id=6924, stack(0x000000005bd50000,0x000000005be50000)]
  0x0000000058ee4800 JavaThread "JavaFX Application Thread" [_thread_in_native, id=2284, stack(0x0000000059da0000,0x0000000059ea0000)]
  0x0000000058edd800 JavaThread "Thread-1" daemon [_thread_blocked, id=6120, stack(0x0000000059ec0000,0x0000000059fc0000)]
  0x0000000058a4d000 JavaThread "QuantumRenderer-0" daemon [_thread_blocked, id=6212, stack(0x0000000059820000,0x0000000059920000)]
  0x00000000586eb000 JavaThread "Service Thread" daemon [_thread_blocked, id=6940, stack(0x0000000058dc0000,0x0000000058ec0000)]
  0x0000000058675000 JavaThread "C1 CompilerThread2" daemon [_thread_blocked, id=4364, stack(0x0000000058b50000,0x0000000058c50000)]
  0x000000005709f000 JavaThread "C2 CompilerThread1" daemon [_thread_blocked, id=6824, stack(0x0000000058450000,0x0000000058550000)]
  0x000000005709b800 JavaThread "C2 CompilerThread0" daemon [_thread_blocked, id=2456, stack(0x0000000058560000,0x0000000058660000)]
  0x0000000057099000 JavaThread "Attach Listener" daemon [_thread_blocked, id=6584, stack(0x0000000012310000,0x0000000012410000)]
  0x0000000057095800 JavaThread "Signal Dispatcher" daemon [_thread_blocked, id=2672, stack(0x0000000058300000,0x0000000058400000)]
  0x000000005707c000 JavaThread "Finalizer" daemon [_thread_blocked, id=5560, stack(0x0000000058200000,0x0000000058300000)]
  0x0000000057034800 JavaThread "Reference Handler" daemon [_thread_blocked, id=6960, stack(0x0000000058060000,0x0000000058160000)]
  0x0000000001cce800 JavaThread "main" [_thread_blocked, id=1660, stack(0x0000000001ee0000,0x0000000001fe0000)]

Other Threads:
  0x000000005702d000 VMThread [stack: 0x0000000057f20000,0x0000000058020000] [id=6980]
  0x0000000058715000 WatcherThread [stack: 0x0000000058ca0000,0x0000000058da0000] [id=1516]

VM state:synchronizing (normal execution)

VM Mutex/Monitor currently owned by a thread:  ([mutex/lock_event])
[0x0000000001de8860] Safepoint_lock - owner thread: 0x000000005702d000
[0x0000000001de88e0] Threads_lock - owner thread: 0x000000005702d000

Heap:
 PSYoungGen      total 492544K, used 153799K [0x00000000d6e00000, 0x0000000100000000, 0x0000000100000000)
  eden space 315904K, 1% used [0x00000000d6e00000,0x00000000d72d6480,0x00000000ea280000)
  from space 176640K, 84% used [0x00000000ea280000,0x00000000f33db828,0x00000000f4f00000)
  to   space 176640K, 0% used [0x00000000f5380000,0x00000000f5380000,0x0000000100000000)
 ParOldGen       total 335360K, used 240837K [0x0000000084a00000, 0x0000000099180000, 0x00000000d6e00000)
  object space 335360K, 71% used [0x0000000084a00000,0x00000000935314f0,0x0000000099180000)
 Metaspace       used 25479K, capacity 26096K, committed 26240K, reserved 1073152K
  class space    used 3148K, capacity 3341K, committed 3456K, reserved 1048576K

Card table byte_map: [0x00000000116f0000,0x0000000011ad0000] byte_map_base: 0x00000000112cb000

Marking Bits: (ParMarkBitMap*) 0x0000000067b32f70
 Begin Bits: [0x0000000012510000, 0x00000000143e8000)
 End Bits:   [0x00000000143e8000, 0x00000000162c0000)

Polling page: 0x0000000000090000

CodeCache: size=245760Kb used=10304Kb max_used=10354Kb free=235455Kb
 bounds [0x0000000002330000, 0x0000000002d60000, 0x0000000011330000]
 total_blobs=4356 nmethods=3451 adapters=816
 compilation: enabled

Compilation events (10 events):
Event: 91.367 Thread 0x0000000058675000 3835       3       sun.font.FileFontStrike::getSlot0GlyphImagePtrs (129 bytes)
Event: 91.368 Thread 0x0000000058675000 nmethod 3835 0x0000000002965750 code [0x00000000029659e0, 0x0000000002966c88]
Event: 91.368 Thread 0x0000000058675000 3836       3       sun.java2d.pipe.SolidTextRenderer::drawGlyphList (17 bytes)
Event: 91.368 Thread 0x0000000058675000 nmethod 3836 0x00000000025b3810 code [0x00000000025b3980, 0x00000000025b3b48]
Event: 91.369 Thread 0x0000000058675000 3838       3       java.awt.geom.AffineTransform::transform (663 bytes)
Event: 91.371 Thread 0x0000000058675000 nmethod 3838 0x0000000002d4e3d0 code [0x0000000002d4e660, 0x0000000002d4f7c8]
Event: 91.374 Thread 0x0000000058675000 3839       1       java.awt.geom.EllipseIterator::getWindingRule (2 bytes)
Event: 91.374 Thread 0x0000000058675000 nmethod 3839 0x0000000002c16f10 code [0x0000000002c17060, 0x0000000002c17170]
Event: 91.546 Thread 0x0000000058675000 3840       3       app.CommandController::isDroneReady (4 bytes)
Event: 91.546 Thread 0x0000000058675000 nmethod 3840 0x000000000297cd50 code [0x000000000297cea0, 0x000000000297d010]

GC Heap History (10 events):
Event: 88.337 GC heap before
{Heap before GC invocations=93 (full 6):
 PSYoungGen      total 488960K, used 473512K [0x00000000d6e00000, 0x0000000100000000, 0x0000000100000000)
  eden space 308224K, 99% used [0x00000000d6e00000,0x00000000e99dc2f8,0x00000000e9b00000)
  from space 180736K, 92% used [0x00000000f4c00000,0x00000000fee8ddb0,0x00000000ffc80000)
  to   space 181248K, 0% used [0x00000000e9b00000,0x00000000e9b00000,0x00000000f4c00000)
 ParOldGen       total 335360K, used 187606K [0x0000000084a00000, 0x0000000099180000, 0x00000000d6e00000)
  object space 335360K, 55% used [0x0000000084a00000,0x0000000090135a18,0x0000000099180000)
 Metaspace       used 25461K, capacity 26096K, committed 26240K, reserved 1073152K
  class space    used 3148K, capacity 3341K, committed 3456K, reserved 1048576K
Event: 88.375 GC heap after
Heap after GC invocations=93 (full 6):
 PSYoungGen      total 489472K, used 163171K [0x00000000d6e00000, 0x00000000ffd80000, 0x0000000100000000)
  eden space 308224K, 0% used [0x00000000d6e00000,0x00000000d6e00000,0x00000000e9b00000)
  from space 181248K, 90% used [0x00000000e9b00000,0x00000000f3a58e28,0x00000000f4c00000)
  to   space 179712K, 0% used [0x00000000f4e00000,0x00000000f4e00000,0x00000000ffd80000)
 ParOldGen       total 335360K, used 187630K [0x0000000084a00000, 0x0000000099180000, 0x00000000d6e00000)
  object space 335360K, 55% used [0x0000000084a00000,0x000000009013ba18,0x0000000099180000)
 Metaspace       used 25461K, capacity 26096K, committed 26240K, reserved 1073152K
  class space    used 3148K, capacity 3341K, committed 3456K, reserved 1048576K
}
Event: 89.375 GC heap before
{Heap before GC invocations=94 (full 6):
 PSYoungGen      total 489472K, used 468343K [0x00000000d6e00000, 0x00000000ffd80000, 0x0000000100000000)
  eden space 308224K, 99% used [0x00000000d6e00000,0x00000000e9804e60,0x00000000e9b00000)
  from space 181248K, 90% used [0x00000000e9b00000,0x00000000f3a58e28,0x00000000f4c00000)
  to   space 179712K, 0% used [0x00000000f4e00000,0x00000000f4e00000,0x00000000ffd80000)
 ParOldGen       total 335360K, used 187630K [0x0000000084a00000, 0x0000000099180000, 0x00000000d6e00000)
  object space 335360K, 55% used [0x0000000084a00000,0x000000009013ba18,0x0000000099180000)
 Metaspace       used 25461K, capacity 26096K, committed 26240K, reserved 1073152K
  class space    used 3148K, capacity 3341K, committed 3456K, reserved 1048576K
Event: 89.414 GC heap after
Heap after GC invocations=94 (full 6):
 PSYoungGen      total 491520K, used 151793K [0x00000000d6e00000, 0x00000000ffe80000, 0x0000000100000000)
  eden space 311808K, 0% used [0x00000000d6e00000,0x00000000d6e00000,0x00000000e9e80000)
  from space 179712K, 84% used [0x00000000f4e00000,0x00000000fe23c478,0x00000000ffd80000)
  to   space 179712K, 0% used [0x00000000e9e80000,0x00000000e9e80000,0x00000000f4e00000)
 ParOldGen       total 335360K, used 187662K [0x0000000084a00000, 0x0000000099180000, 0x00000000d6e00000)
  object space 335360K, 55% used [0x0000000084a00000,0x0000000090143a18,0x0000000099180000)
 Metaspace       used 25461K, capacity 26096K, committed 26240K, reserved 1073152K
  class space    used 3148K, capacity 3341K, committed 3456K, reserved 1048576K
}
Event: 90.466 GC heap before
{Heap before GC invocations=95 (full 6):
 PSYoungGen      total 491520K, used 462009K [0x00000000d6e00000, 0x00000000ffe80000, 0x0000000100000000)
  eden space 311808K, 99% used [0x00000000d6e00000,0x00000000e9cf1ff8,0x00000000e9e80000)
  from space 179712K, 84% used [0x00000000f4e00000,0x00000000fe23c478,0x00000000ffd80000)
  to   space 179712K, 0% used [0x00000000e9e80000,0x00000000e9e80000,0x00000000f4e00000)
 ParOldGen       total 335360K, used 187662K [0x0000000084a00000, 0x0000000099180000, 0x00000000d6e00000)
  object space 335360K, 55% used [0x0000000084a00000,0x0000000090143a18,0x0000000099180000)
 Metaspace       used 25463K, capacity 26096K, committed 26240K, reserved 1073152K
  class space    used 3148K, capacity 3341K, committed 3456K, reserved 1048576K
Event: 90.502 GC heap after
Heap after GC invocations=95 (full 6):
 PSYoungGen      total 491520K, used 157302K [0x00000000d6e00000, 0x00000000ffd00000, 0x0000000100000000)
  eden space 311808K, 0% used [0x00000000d6e00000,0x00000000d6e00000,0x00000000e9e80000)
  from space 179712K, 87% used [0x00000000e9e80000,0x00000000f381dbe8,0x00000000f4e00000)
  to   space 178176K, 0% used [0x00000000f4f00000,0x00000000f4f00000,0x00000000ffd00000)
 ParOldGen       total 335360K, used 187694K [0x0000000084a00000, 0x0000000099180000, 0x00000000d6e00000)
  object space 335360K, 55% used [0x0000000084a00000,0x000000009014ba18,0x0000000099180000)
 Metaspace       used 25463K, capacity 26096K, committed 26240K, reserved 1073152K
  class space    used 3148K, capacity 3341K, committed 3456K, reserved 1048576K
}
Event: 91.568 GC heap before
{Heap before GC invocations=96 (full 6):
 PSYoungGen      total 491520K, used 469066K [0x00000000d6e00000, 0x00000000ffd00000, 0x0000000100000000)
  eden space 311808K, 99% used [0x00000000d6e00000,0x00000000e9e74d20,0x00000000e9e80000)
  from space 179712K, 87% used [0x00000000e9e80000,0x00000000f381dbe8,0x00000000f4e00000)
  to   space 178176K, 0% used [0x00000000f4f00000,0x00000000f4f00000,0x00000000ffd00000)
 ParOldGen       total 335360K, used 191744K [0x0000000084a00000, 0x0000000099180000, 0x00000000d6e00000)
  object space 335360K, 57% used [0x0000000084a00000,0x0000000090540268,0x0000000099180000)
 Metaspace       used 25479K, capacity 26096K, committed 26240K, reserved 1073152K
  class space    used 3148K, capacity 3341K, committed 3456K, reserved 1048576K
Event: 91.609 GC heap after
Heap after GC invocations=96 (full 6):
 PSYoungGen      total 492544K, used 160081K [0x00000000d6e00000, 0x00000000ffb80000, 0x0000000100000000)
  eden space 315904K, 0% used [0x00000000d6e00000,0x00000000d6e00000,0x00000000ea280000)
  from space 176640K, 90% used [0x00000000f4f00000,0x00000000feb545b0,0x00000000ffb80000)
  to   space 176640K, 0% used [0x00000000ea280000,0x00000000ea280000,0x00000000f4f00000)
 ParOldGen       total 335360K, used 191768K [0x0000000084a00000, 0x0000000099180000, 0x00000000d6e00000)
  object space 335360K, 57% used [0x0000000084a00000,0x0000000090546268,0x0000000099180000)
 Metaspace       used 25479K, capacity 26096K, committed 26240K, reserved 1073152K
  class space    used 3148K, capacity 3341K, committed 3456K, reserved 1048576K
}
Event: 92.839 GC heap before
{Heap before GC invocations=97 (full 6):
 PSYoungGen      total 492544K, used 475985K [0x00000000d6e00000, 0x00000000ffb80000, 0x0000000100000000)
  eden space 315904K, 100% used [0x00000000d6e00000,0x00000000ea280000,0x00000000ea280000)
  from space 176640K, 90% used [0x00000000f4f00000,0x00000000feb545b0,0x00000000ffb80000)
  to   space 176640K, 0% used [0x00000000ea280000,0x00000000ea280000,0x00000000f4f00000)
 ParOldGen       total 335360K, used 240821K [0x0000000084a00000, 0x0000000099180000, 0x00000000d6e00000)
  object space 335360K, 71% used [0x0000000084a00000,0x000000009352d4f0,0x0000000099180000)
 Metaspace       used 25479K, capacity 26096K, committed 26240K, reserved 1073152K
  class space    used 3148K, capacity 3341K, committed 3456K, reserved 1048576K
Event: 92.874 GC heap after
Heap after GC invocations=97 (full 6):
 PSYoungGen      total 492544K, used 148846K [0x00000000d6e00000, 0x0000000100000000, 0x0000000100000000)
  eden space 315904K, 0% used [0x00000000d6e00000,0x00000000d6e00000,0x00000000ea280000)
  from space 176640K, 84% used [0x00000000ea280000,0x00000000f33db828,0x00000000f4f00000)
  to   space 176640K, 0% used [0x00000000f5380000,0x00000000f5380000,0x0000000100000000)
 ParOldGen       total 335360K, used 240837K [0x0000000084a00000, 0x0000000099180000, 0x00000000d6e00000)
  object space 335360K, 71% used [0x0000000084a00000,0x00000000935314f0,0x0000000099180000)
 Metaspace       used 25479K, capacity 26096K, committed 26240K, reserved 1073152K
  class space    used 3148K, capacity 3341K, committed 3456K, reserved 1048576K
}

Deoptimization events (10 events):
Event: 45.592 Thread 0x000000005707c000 Uncommon trap: reason=unstable_if action=reinterpret pc=0x0000000002b80e38 method=java.lang.ref.Finalizer.remove()V @ 10
Event: 48.284 Thread 0x0000000059006800 Uncommon trap: reason=unstable_if action=reinterpret pc=0x0000000002bc52c0 method=com.google.zxing.qrcode.detector.FinderPatternFinder.foundPatternCross([I)Z @ 32
Event: 58.471 Thread 0x0000000059007800 Uncommon trap: reason=unstable_if action=reinterpret pc=0x0000000002a33138 method=com.google.zxing.common.HybridBinarizer.calculateBlackPoints([BIIII)[[I @ 273
Event: 58.471 Thread 0x0000000059007800 Uncommon trap: reason=unstable_if action=reinterpret pc=0x0000000002a28718 method=com.google.zxing.common.HybridBinarizer.calculateBlackPoints([BIIII)[[I @ 273
Event: 60.545 Thread 0x0000000059006800 Uncommon trap: reason=unstable_if action=reinterpret pc=0x0000000002c3bafc method=com.google.zxing.qrcode.detector.FinderPatternFinder.find(Ljava/util/Map;)Lcom/google/zxing/qrcode/detector/FinderPatternInfo; @ 83
Event: 60.568 Thread 0x0000000059007800 Uncommon trap: reason=unstable_if action=reinterpret pc=0x0000000002bbb444 method=com.google.zxing.qrcode.detector.FinderPatternFinder.foundPatternCross([I)Z @ 32
Event: 61.177 Thread 0x0000000059006800 Uncommon trap: reason=unstable_if action=reinterpret pc=0x0000000002c8b364 method=com.google.zxing.common.HybridBinarizer.calculateBlackPoints([BIIII)[[I @ 268
Event: 69.583 Thread 0x0000000059003800 Uncommon trap: reason=unstable_if action=reinterpret pc=0x0000000002b1d804 method=java.util.concurrent.locks.ReentrantLock$Sync.nonfairTryAcquire(I)Z @ 10
Event: 69.998 Thread 0x0000000059007800 Uncommon trap: reason=unstable_if action=reinterpret pc=0x0000000002c9f14c method=com.google.zxing.common.reedsolomon.GenericGF.multiply(II)I @ 5
Event: 76.082 Thread 0x0000000059006800 Uncommon trap: reason=unstable_if action=reinterpret pc=0x0000000002b2ec44 method=java.util.concurrent.locks.ReentrantLock$Sync.nonfairTryAcquire(I)Z @ 10

Internal exceptions (10 events):
Event: 0.537 Thread 0x0000000058ee4800 Exception <a 'java/lang/NullPointerException'> (0x00000000d7ddd7d8) thrown at [C:\re\workspace\8-2-build-windows-amd64-cygwin\jdk8u91\6644\hotspot\src\share\vm\prims\jvm.cpp, line 1390]
Event: 0.664 Thread 0x0000000058ee4800 Exception <a 'java/lang/ArrayIndexOutOfBoundsException'> (0x00000000d82347f8) thrown at [C:\re\workspace\8-2-build-windows-amd64-cygwin\jdk8u91\6644\hotspot\src\share\vm\runtime\sharedRuntime.cpp, line 605]
Event: 0.665 Thread 0x0000000058ee4800 Exception <a 'java/lang/ArrayIndexOutOfBoundsException'> (0x00000000d82354f8) thrown at [C:\re\workspace\8-2-build-windows-amd64-cygwin\jdk8u91\6644\hotspot\src\share\vm\runtime\sharedRuntime.cpp, line 605]
Event: 0.665 Thread 0x0000000058ee4800 Exception <a 'java/lang/ArrayIndexOutOfBoundsException'> (0x00000000d82368a0) thrown at [C:\re\workspace\8-2-build-windows-amd64-cygwin\jdk8u91\6644\hotspot\src\share\vm\runtime\sharedRuntime.cpp, line 605]
Event: 0.774 Thread 0x0000000058ee4800 Implicit null exception at 0x0000000002657c65 to 0x0000000002657e7d
Event: 0.871 Thread 0x0000000058ee4800 Exception <a 'java/io/FileNotFoundException'> (0x00000000d8769418) thrown at [C:\re\workspace\8-2-build-windows-amd64-cygwin\jdk8u91\6644\hotspot\src\share\vm\prims\jni.cpp, line 709]
Event: 8.970 Thread 0x0000000058ee4800 Exception <a 'java/io/FileNotFoundException'> (0x00000000d75ab5c0) thrown at [C:\re\workspace\8-2-build-windows-amd64-cygwin\jdk8u91\6644\hotspot\src\share\vm\prims\jni.cpp, line 709]
Event: 9.027 Thread 0x0000000058ee4800 Exception <a 'java/io/FileNotFoundException'> (0x00000000d75d4b18) thrown at [C:\re\workspace\8-2-build-windows-amd64-cygwin\jdk8u91\6644\hotspot\src\share\vm\prims\jni.cpp, line 709]
Event: 9.077 Thread 0x0000000058ee4800 Implicit null exception at 0x0000000002594346 to 0x0000000002594685
Event: 9.078 Thread 0x0000000058ee4800 Implicit null exception at 0x000000000253c306 to 0x000000000253c62d

Events (10 events):
Event: 91.359 Thread 0x0000000058675000 flushing nmethod 0x0000000002c15350
Event: 91.359 Thread 0x0000000058675000 flushing nmethod 0x0000000002c16f10
Event: 91.371 Thread 0x0000000059008000 Thread added: 0x0000000059008000
Event: 91.563 Executing VM operation: ParallelGCFailedAllocation
Event: 91.565 Executing VM operation: ParallelGCFailedAllocation done
Event: 91.567 Executing VM operation: ParallelGCSystemGC
Event: 91.609 Executing VM operation: ParallelGCSystemGC done
Event: 92.839 Executing VM operation: ParallelGCFailedAllocation
Event: 92.874 Executing VM operation: ParallelGCFailedAllocation done
Event: 92.880 Executing VM operation: RevokeBias


Dynamic libraries:
0x000000013fe00000 - 0x000000013fe37000 	C:\Program Files\Java\jre1.8.0_91\bin\javaw.exe
0x0000000077700000 - 0x00000000778a9000 	C:\Windows\SYSTEM32\ntdll.dll
0x00000000775e0000 - 0x00000000776ff000 	C:\Windows\system32\kernel32.dll
0x000007fefd840000 - 0x000007fefd8ab000 	C:\Windows\system32\KERNELBASE.dll
0x000007fefdcd0000 - 0x000007fefddab000 	C:\Windows\system32\ADVAPI32.dll
0x000007feff970000 - 0x000007feffa0f000 	C:\Windows\system32\msvcrt.dll
0x000007feff950000 - 0x000007feff96f000 	C:\Windows\SYSTEM32\sechost.dll
0x000007fefe430000 - 0x000007fefe55d000 	C:\Windows\system32\RPCRT4.dll
0x00000000774e0000 - 0x00000000775da000 	C:\Windows\system32\USER32.dll
0x000007fefe9e0000 - 0x000007fefea47000 	C:\Windows\system32\GDI32.dll
0x000007fefe680000 - 0x000007fefe68e000 	C:\Windows\system32\LPK.dll
0x000007fefddb0000 - 0x000007fefde79000 	C:\Windows\system32\USP10.dll
0x000007fefbd10000 - 0x000007fefbf04000 	C:\Windows\WinSxS\amd64_microsoft.windows.common-controls_6595b64144ccf1df_6.0.7601.17514_none_fa396087175ac9ac\COMCTL32.dll
0x000007fefe690000 - 0x000007fefe701000 	C:\Windows\system32\SHLWAPI.dll
0x000007fefe650000 - 0x000007fefe67e000 	C:\Windows\system32\IMM32.DLL
0x000007feff840000 - 0x000007feff949000 	C:\Windows\system32\MSCTF.dll
0x00000000688d0000 - 0x00000000689a2000 	C:\Program Files\Java\jre1.8.0_91\bin\msvcr100.dll
0x0000000067320000 - 0x0000000067bb3000 	C:\Program Files\Java\jre1.8.0_91\bin\server\jvm.dll
0x000007fef66f0000 - 0x000007fef66f9000 	C:\Windows\system32\WSOCK32.dll
0x000007fefe8f0000 - 0x000007fefe93d000 	C:\Windows\system32\WS2_32.dll
0x000007fefe560000 - 0x000007fefe568000 	C:\Windows\system32\NSI.dll
0x000007fef9f70000 - 0x000007fef9fab000 	C:\Windows\system32\WINMM.dll
0x000007fefc7b0000 - 0x000007fefc7bc000 	C:\Windows\system32\VERSION.dll
0x00000000778d0000 - 0x00000000778d7000 	C:\Windows\system32\PSAPI.DLL
0x000000006b480000 - 0x000000006b48f000 	C:\Program Files\Java\jre1.8.0_91\bin\verify.dll
0x0000000069a30000 - 0x0000000069a59000 	C:\Program Files\Java\jre1.8.0_91\bin\java.dll
0x000000006b400000 - 0x000000006b416000 	C:\Program Files\Java\jre1.8.0_91\bin\zip.dll
0x000007fefeab0000 - 0x000007feff838000 	C:\Windows\system32\SHELL32.dll
0x000007fefda20000 - 0x000007fefdc23000 	C:\Windows\system32\ole32.dll
0x000007fefd650000 - 0x000007fefd65f000 	C:\Windows\system32\profapi.dll
0x000007fee6b80000 - 0x000007fee6c6f000 	C:\Program Files\Java\jre1.8.0_91\bin\msvcr120.dll
0x000007fee87f0000 - 0x000007fee8896000 	C:\Program Files\Java\jre1.8.0_91\bin\msvcp120.dll
0x0000000068a60000 - 0x0000000068a83000 	C:\Program Files\Java\jre1.8.0_91\bin\prism_d3d.dll
0x000007fee1c30000 - 0x000007fee1e2f000 	C:\Windows\system32\d3d9.dll
0x000007fef9700000 - 0x000007fef9707000 	C:\Windows\system32\d3d8thk.dll
0x000007fef9d10000 - 0x000007fef9d28000 	C:\Windows\system32\dwmapi.dll
0x000007fefa990000 - 0x000007fefa9e6000 	C:\Windows\system32\uxtheme.dll
0x000007fee0d20000 - 0x000007fee156d000 	C:\Windows\system32\igdumdim64.dll
0x000007fef3460000 - 0x000007fef3894000 	C:\Windows\system32\igdusc64.dll
0x0000000068a10000 - 0x0000000068a53000 	C:\Program Files\Java\jre1.8.0_91\bin\glass.dll
0x000007fefe210000 - 0x000007fefe2a7000 	C:\Windows\system32\COMDLG32.dll
0x000007fefe570000 - 0x000007fefe647000 	C:\Windows\system32\OLEAUT32.dll
0x000007fefd580000 - 0x000007fefd58f000 	C:\Windows\system32\CRYPTBASE.dll
0x00000000699d0000 - 0x00000000699e4000 	C:\Program Files\Java\jre1.8.0_91\bin\javafx_font.dll
0x000007fee5ac0000 - 0x000007fee5c3e000 	C:\Windows\system32\dwrite.dll
0x000007fefe940000 - 0x000007fefe9d9000 	C:\Windows\system32\CLBCatQ.DLL
0x000007fef9750000 - 0x000007fef987a000 	C:\Windows\system32\WindowsCodecs.dll
0x000007fefd520000 - 0x000007fefd577000 	C:\Windows\system32\apphelp.dll
0x000007fef3370000 - 0x000007fef3430000 	C:\Program Files (x86)\Google\Drive\googledrivesync64.dll
0x0000000073850000 - 0x0000000073923000 	C:\Program Files (x86)\Google\Drive\Microsoft.VC90.CRT\MSVCP90.dll
0x00000000737a0000 - 0x0000000073843000 	C:\Program Files (x86)\Google\Drive\Microsoft.VC90.CRT\MSVCR90.dll
0x000007fef32c0000 - 0x000007fef3300000 	C:\Program Files (x86)\Dropbox\Client\DropboxExt64.34.dll
0x000007fef20c0000 - 0x000007fef20ed000 	C:\Program Files\Common Files\Microsoft Shared\Ink\rtscom.dll
0x0000000069630000 - 0x0000000069641000 	C:\Program Files\Java\jre1.8.0_91\bin\prism_common.dll
0x0000000069a10000 - 0x0000000069a2a000 	C:\Program Files\Java\jre1.8.0_91\bin\net.dll
0x000007fefcec0000 - 0x000007fefcf15000 	C:\Windows\system32\mswsock.dll
0x000007fefceb0000 - 0x000007fefceb7000 	C:\Windows\System32\wship6.dll
0x000000005fb50000 - 0x000000005fce8000 	C:\Program Files\Java\jre1.8.0_91\bin\awt.dll
0x000007fefcf20000 - 0x000007fefcf37000 	C:\Windows\system32\CRYPTSP.dll
0x000007fefcc20000 - 0x000007fefcc67000 	C:\Windows\system32\rsaenh.dll
0x000007fefc990000 - 0x000007fefc9ae000 	C:\Windows\system32\USERENV.dll
0x000007fefbc20000 - 0x000007fefbc47000 	C:\Windows\system32\IPHLPAPI.DLL
0x000007fefbc10000 - 0x000007fefbc1b000 	C:\Windows\system32\WINNSI.DLL
0x000007fefba20000 - 0x000007fefba38000 	C:\Windows\system32\dhcpcsvc.DLL
0x000007fefba00000 - 0x000007fefba11000 	C:\Windows\system32\dhcpcsvc6.DLL
0x00000000689c0000 - 0x0000000068a07000 	C:\Program Files\Java\jre1.8.0_91\bin\fontmanager.dll
0x00000000699f0000 - 0x0000000069a01000 	C:\Program Files\Java\jre1.8.0_91\bin\nio.dll
0x0000000068880000 - 0x00000000688c2000 	C:\Program Files\Java\jre1.8.0_91\bin\t2k.dll
0x0000000067fd0000 - 0x0000000067ffa000 	C:\Program Files\Java\jre1.8.0_91\bin\dcpr.dll
0x000000006e740000 - 0x000000006fda5000 	C:\Users\Toby\AppData\Local\Temp\xuggle\xuggle8151080787888613540.dll
0x000007fef1110000 - 0x000007fef1127000 	C:\Windows\system32\AVICAP32.dll
0x000007feef640000 - 0x000007feef669000 	C:\Windows\system32\MSVFW32.dll
0x000007fee8350000 - 0x000007fee843f000 	C:\Users\Toby\AppData\Local\Temp\javacpp120433752948987\msvcr120.dll
0x000007fee89c0000 - 0x000007fee8a66000 	C:\Users\Toby\AppData\Local\Temp\javacpp120433752948987\msvcp120.dll
0x000007fee0a90000 - 0x000007fee0d11000 	C:\Users\Toby\AppData\Local\Temp\javacpp120433752948987\opencv_core300.dll
0x000007fee0710000 - 0x000007fee0a8f000 	C:\Users\Toby\AppData\Local\Temp\javacpp120433752948987\opencv_imgproc300.dll
0x000007fee0550000 - 0x000007fee0708000 	C:\Users\Toby\AppData\Local\Temp\javacpp120433752948987\jniopencv_core.dll
0x000007fee5930000 - 0x000007fee59d5000 	C:\Users\Toby\AppData\Local\Temp\javacpp120433752948987\jniopencv_imgproc.dll
0x000007fef0a80000 - 0x000007fef0ba5000 	C:\Windows\system32\dbghelp.dll

VM Arguments:
jvm_args: -Dfile.encoding=Cp1252 
java_command: application.Main
java_class_path (initial): C:\Users\Toby\git\Drone_group_11\Drone_group_11\bin;C:\Users\Toby\Downloads\eclipse-jee-mars-2-win32-x86_64\eclipse\plugins\org.eclipse.fx.ide.css.jfx8_2.3.0.201603030809.jar;C:\Users\Toby\Downloads\JAVACV_JAR-2016-06-03\JAVACV JAR\javacv-bin\artoolkitplus.jar;C:\Users\Toby\Downloads\JAVACV_JAR-2016-06-03\JAVACV JAR\javacv-bin\artoolkitplus-android-arm.jar;C:\Users\Toby\Downloads\JAVACV_JAR-2016-06-03\JAVACV JAR\javacv-bin\artoolkitplus-android-x86.jar;C:\Users\Toby\Downloads\JAVACV_JAR-2016-06-03\JAVACV JAR\javacv-bin\artoolkitplus-linux-x86.jar;C:\Users\Toby\Downloads\JAVACV_JAR-2016-06-03\JAVACV JAR\javacv-bin\artoolkitplus-linux-x86_64.jar;C:\Users\Toby\Downloads\JAVACV_JAR-2016-06-03\JAVACV JAR\javacv-bin\artoolkitplus-macosx-x86_64.jar;C:\Users\Toby\Downloads\JAVACV_JAR-2016-06-03\JAVACV JAR\javacv-bin\artoolkitplus-windows-x86.jar;C:\Users\Toby\Downloads\JAVACV_JAR-2016-06-03\JAVACV JAR\javacv-bin\artoolkitplus-windows-x86_64.jar;C:\Users\Toby\Downloads\JAVACV_JAR-2016-06-03\JAVACV JAR\javacv-bin\ffmpeg.jar;C:\Users\Toby\Downloads\JAVACV_JAR-2016-06-03\JAVACV JAR\javacv-bin\ffmpeg-android-arm.jar;C:\Users\Toby\Downloads\JAVACV_JAR-2016-06-03\JAVACV JAR\javacv-bin\ffmpeg-android-x86.jar;C:\Users\Toby\Downloads\JAVACV_JAR-2016-06-03\JAVACV JAR\javacv-bin\ffmpeg-linux-x86.jar;C:\Users\Toby\Downloads\JAVACV_JAR-2016-06-03\JAVACV JAR\javacv-bin\ffmpeg-linux-x86_64.jar;C:\Users\Toby\Downloads\JAVACV_JAR-2016-06-03\JAVACV JAR\javacv-bin\ffmpeg-macosx-x86_64.jar;C:\Users\Toby\Downloads\JAVACV_JAR-2016-06-03\JAVACV JAR\javacv-bin\ffmpeg-windows-x86.jar;C:\Users\Toby\Downloads\JAVACV_JAR-2016-06-03\JAVACV JAR\javacv-bin\ffmpeg-windows-x86_64.jar;C:\Users\Toby\Downloads\JAVACV_JAR-2016-06-03\JAVACV JAR\javacv-bin\flandmark.jar;C:\Users\Toby\Downloads\JAVACV_JAR-2016-06-03\JAVACV JAR\javacv-bin\flandmark-android-arm.jar;C:\Users\Toby\Downloads\JAVACV_JAR-2016-06-03\JAVACV JAR\javacv-bin\flandmark-android-x86.jar;C:\Users\Toby\Downloads\JAVACV
Launcher Type: SUN_STANDARD

Environment Variables:
PATH=C:/Program Files/Java/jre1.8.0_91/bin/server;C:/Program Files/Java/jre1.8.0_91/bin;C:/Program Files/Java/jre1.8.0_91/lib/amd64;C:\Program Files (x86)\Intel\iCLS Client\;C:\Program Files\Intel\iCLS Client\;C:\ProgramData\Oracle\Java\javapath;C:\Windows\system32;C:\Windows;C:\Windows\System32\Wbem;C:\Windows\System32\WindowsPowerShell\v1.0\;C:\Program Files (x86)\Intel\OpenCL SDK\3.0\bin\x86;C:\Program Files (x86)\Intel\OpenCL SDK\3.0\bin\x64;C:\Program Files\Intel\WiFi\bin\;C:\Program Files\Common Files\Intel\WirelessCommon\;C:\Program Files\Intel\Intel(R) Management Engine Components\DAL;C:\Program Files\Intel\Intel(R) Management Engine Components\IPT;C:\Program Files (x86)\Intel\Intel(R) Management Engine Components\DAL;C:\Program Files (x86)\Intel\Intel(R) Management Engine Components\IPT;C:\Program Files (x86)\Skype\Phone\;C:\Program Files\Intel\WiFi\bin\;C:\Program Files\Common Files\Intel\WirelessCommon\;C:\Users\Toby\Downloads\eclipse-jee-mars-2-win32-x86_64\eclipse;
USERNAME=Toby
OS=Windows_NT
PROCESSOR_IDENTIFIER=Intel64 Family 6 Model 60 Stepping 3, GenuineIntel



---------------  S Y S T E M  ---------------

OS: Windows 7 , 64 bit Build 7601 (6.1.7601.17514)

CPU:total 4 (2 cores per cpu, 2 threads per core) family 6 model 60 stepping 3, cmov, cx8, fxsr, mmx, sse, sse2, sse3, ssse3, sse4.1, sse4.2, popcnt, avx, avx2, aes, clmul, erms, lzcnt, ht, tsc, tscinvbit, bmi1, bmi2

Memory: 4k page, physical 8084660k(2522796k free), swap 16167476k(9973448k free)

vm_info: Java HotSpot(TM) 64-Bit Server VM (25.91-b14) for windows-amd64 JRE (1.8.0_91-b14), built on Apr  1 2016 00:58:32 by "java_re" with MS VC++ 10.0 (VS2010)

time: Mon Jun 20 00:57:44 2016
elapsed time: 92 seconds (0d 0h 1m 32s)

