#
# A fatal error has been detected by the Java Runtime Environment:
#
#  EXCEPTION_ACCESS_VIOLATION (0xc0000005) at pc=0x000007feee07c3f9, pid=8940, tid=7424
#
# JRE version: Java(TM) SE Runtime Environment (8.0_91-b14) (build 1.8.0_91-b14)
# Java VM: Java HotSpot(TM) 64-Bit Server VM (25.91-b14 mixed mode windows-amd64 compressed oops)
# Problematic frame:
# C  [msvcr120.dll+0x3c3f9]
#
# Failed to write core dump. Minidumps are not enabled by default on client versions of Windows
#
# If you would like to submit a bug report, please visit:
#   http://bugreport.java.com/bugreport/crash.jsp
# The crash happened outside the Java Virtual Machine in native code.
# See problematic frame for where to report the bug.
#

---------------  T H R E A D  ---------------

Current thread (0x0000000059c88000):  JavaThread "Thread-11" [_thread_in_native, id=7424, stack(0x00000000648c0000,0x00000000649c0000)]

siginfo: ExceptionCode=0xc0000005, reading address 0x000000007fff0050

Registers:
RAX=0x0000000064f20050, RBX=0x00000000002a3000, RCX=0x00000000002a3000, RDX=0x000000001b0d0000
RSP=0x00000000649befa8, RBP=0x00000000649bf0d0, RSI=0x000000007fff0050, RDI=0x0000000064f20050
R8 =0x00000000002a3000, R9 =0x0000000000000000, R10=0x000000007fff0050, R11=0x0000000064f20050
R12=0x0000000000000000, R13=0x00000000e41ef928, R14=0x00000000649bf0c0, R15=0x0000000059c88000
RIP=0x000007feee07c3f9, EFLAGS=0x0000000000010207

Top of Stack: (sp=0x00000000649befa8)
0x00000000649befa8:   000000005e8a9880 000000000041b760
0x00000000649befb8:   000007fee3fde89f 00000000002a3000
0x00000000649befc8:   000000005e8a9880 000000005e8a9880
0x00000000649befd8:   0000000059c881f8 ffffffff000000b3
0x00000000649befe8:   000007fee6fae6dc fffffffffffffffe
0x00000000649beff8:   00000000649bf0d0 0000000059c88000
0x00000000649bf008:   00000000649bf0c0 0000000059c881f8
0x00000000649bf018:   000007fee6fd9c32 0000000000000000
0x00000000649bf028:   000000000041b760 ffffffff00000000
0x00000000649bf038:   0000000059c881f8 fffffffffffffffe
0x00000000649bf048:   00000000649bf0c0 00000000000000b3
0x00000000649bf058:   0000000085207800 0000000000000000
0x00000000649bf068:   0000000003276814 0000000059c881f8
0x00000000649bf078:   00000000649bf0d0 0000000000000000
0x00000000649bf088:   00000000000000b3 00000000f892a3e0
0x00000000649bf098:   00000000d70a4060 0000000000000007 

Instructions: (pc=0x000007feee07c3f9)
0x000007feee07c3d9:   03 c0 48 3b c8 0f 8c 96 03 00 00 0f ba 25 6c 53
0x000007feee07c3e9:   0a 00 01 73 13 57 56 48 8b f9 49 8b f2 49 8b c8
0x000007feee07c3f9:   f3 a4 5e 5f 49 8b c3 c3 0f ba 25 4f 53 0a 00 02
0x000007feee07c409:   0f 82 56 02 00 00 f6 c1 07 74 36 f6 c1 01 74 0b 


Register to memory mapping:

RAX=0x0000000064f20050 is an unknown value
RBX=0x00000000002a3000 is an unknown value
RCX=0x00000000002a3000 is an unknown value
RDX=0x000000001b0d0000 is an unknown value
RSP=0x00000000649befa8 is pointing into the stack for thread: 0x0000000059c88000
RBP=0x00000000649bf0d0 is pointing into the stack for thread: 0x0000000059c88000
RSI=0x000000007fff0050 is an unknown value
RDI=0x0000000064f20050 is an unknown value
R8 =0x00000000002a3000 is an unknown value
R9 =0x0000000000000000 is an unknown value
R10=0x000000007fff0050 is an unknown value
R11=0x0000000064f20050 is an unknown value
R12=0x0000000000000000 is an unknown value
R13=0x00000000e41ef928 is an oop
org.bytedeco.javacpp.opencv_core$CvMemStorage 
 - klass: 'org/bytedeco/javacpp/opencv_core$CvMemStorage'
R14=0x00000000649bf0c0 is pointing into the stack for thread: 0x0000000059c88000
R15=0x0000000059c88000 is a thread


Stack: [0x00000000648c0000,0x00000000649c0000],  sp=0x00000000649befa8,  free space=1019k
Native frames: (J=compiled Java code, j=interpreted, Vv=VM code, C=native code)
C  [msvcr120.dll+0x3c3f9]
C  0x000000005e8a9880

Java frames: (J=compiled Java code, j=interpreted, Vv=VM code)
J 3130  org.bytedeco.javacpp.opencv_core.cvCloneImage(Lorg/bytedeco/javacpp/opencv_core$IplImage;)Lorg/bytedeco/javacpp/opencv_core$IplImage; (0 bytes) @ 0x0000000003276792 [0x0000000003276740+0x52]
J 3492 C1 picture.PictureProcessingHelper.warpImage(Lorg/bytedeco/javacpp/opencv_core$Mat;Lorg/bytedeco/javacpp/opencv_core$RotatedRect;)Lorg/bytedeco/javacpp/opencv_core$Mat; (661 bytes) @ 0x00000000033983ec [0x00000000033950e0+0x330c]
j  picture.OFVideo.scanSequence(Lorg/bytedeco/javacpp/opencv_core$Mat;)V+81
j  picture.OFVideo.run()V+159
j  java.lang.Thread.run()V+11
v  ~StubRoutines::call_stub

---------------  P R O C E S S  ---------------

Java Threads: ( => current thread )
  0x0000000059c8b000 JavaThread "Thread-13" [_thread_in_native, id=3032, stack(0x0000000062880000,0x0000000062980000)]
  0x0000000059c8a800 JavaThread "Thread-12" [_thread_in_native, id=7700, stack(0x0000000062a60000,0x0000000062b60000)]
  0x0000000059c89000 JavaThread "Java2D Disposer" daemon [_thread_blocked, id=8720, stack(0x00000000654a0000,0x00000000655a0000)]
=>0x0000000059c88000 JavaThread "Thread-11" [_thread_in_native, id=7424, stack(0x00000000648c0000,0x00000000649c0000)]
  0x0000000059c87800 JavaThread "Thread-10" [_thread_in_native, id=5208, stack(0x00000000600c0000,0x00000000601c0000)]
  0x0000000059c86800 JavaThread "Thread-7" [_thread_blocked, id=6292, stack(0x00000000604e0000,0x00000000605e0000)]
  0x0000000059c86000 JavaThread "VideoManager" [_thread_in_native, id=2464, stack(0x00000000603c0000,0x00000000604c0000)]
  0x0000000059d81000 JavaThread "NavDataManager" [_thread_in_native, id=8276, stack(0x00000000601d0000,0x00000000602d0000)]
  0x0000000059d7a000 JavaThread "CommandManager" [_thread_blocked, id=5296, stack(0x000000005ffa0000,0x00000000600a0000)]
  0x000000005c828800 JavaThread "YADrone CommandManager Timer" [_thread_blocked, id=7072, stack(0x000000005fde0000,0x000000005fee0000)]
  0x000000005c78c800 JavaThread "Prism Font Disposer" daemon [_thread_blocked, id=8008, stack(0x000000005e780000,0x000000005e880000)]
  0x000000005965a800 JavaThread "Thread-3" daemon [_thread_in_native, id=7964, stack(0x000000005c1e0000,0x000000005c2e0000)]
  0x0000000059665000 JavaThread "JavaFX-Launcher" [_thread_blocked, id=8520, stack(0x000000005c360000,0x000000005c460000)]
  0x0000000059625800 JavaThread "JavaFX Application Thread" [_thread_in_native, id=6224, stack(0x000000005a610000,0x000000005a710000)]
  0x0000000059618000 JavaThread "Thread-1" daemon [_thread_blocked, id=9016, stack(0x000000005a360000,0x000000005a460000)]
  0x00000000595f9800 JavaThread "QuantumRenderer-0" daemon [_thread_blocked, id=7152, stack(0x0000000059f20000,0x000000005a020000)]
  0x0000000058929000 JavaThread "Service Thread" daemon [_thread_blocked, id=7552, stack(0x00000000594b0000,0x00000000595b0000)]
  0x00000000588b6000 JavaThread "C1 CompilerThread2" daemon [_thread_blocked, id=6096, stack(0x0000000059250000,0x0000000059350000)]
  0x00000000588b5000 JavaThread "C2 CompilerThread1" daemon [_thread_blocked, id=2640, stack(0x0000000059110000,0x0000000059210000)]
  0x00000000588a9000 JavaThread "C2 CompilerThread0" daemon [_thread_blocked, id=8504, stack(0x0000000058f30000,0x0000000059030000)]
  0x00000000588a7000 JavaThread "Attach Listener" daemon [_thread_blocked, id=8428, stack(0x0000000058660000,0x0000000058760000)]
  0x0000000057425800 JavaThread "Signal Dispatcher" daemon [_thread_blocked, id=2732, stack(0x0000000058cc0000,0x0000000058dc0000)]
  0x000000005740c000 JavaThread "Finalizer" daemon [_thread_blocked, id=4228, stack(0x00000000587a0000,0x00000000588a0000)]
  0x00000000573c4800 JavaThread "Reference Handler" daemon [_thread_blocked, id=3172, stack(0x0000000058320000,0x0000000058420000)]
  0x000000000237e800 JavaThread "main" [_thread_blocked, id=2244, stack(0x0000000002610000,0x0000000002710000)]

Other Threads:
  0x00000000573bd000 VMThread [stack: 0x0000000058500000,0x0000000058600000] [id=8848]
  0x0000000058949000 WatcherThread [stack: 0x0000000058e30000,0x0000000058f30000] [id=8592]

VM state:not at safepoint (normal execution)

VM Mutex/Monitor currently owned by a thread: None

Heap:
 PSYoungGen      total 513536K, used 150199K [0x00000000d6e00000, 0x00000000fff00000, 0x0000000100000000)
  eden space 355328K, 5% used [0x00000000d6e00000,0x00000000d821d058,0x00000000ec900000)
  from space 158208K, 83% used [0x00000000f6480000,0x00000000fe5b3eb0,0x00000000fff00000)
  to   space 158720K, 0% used [0x00000000ec900000,0x00000000ec900000,0x00000000f6400000)
 ParOldGen       total 317952K, used 255997K [0x0000000084a00000, 0x0000000098080000, 0x00000000d6e00000)
  object space 317952K, 80% used [0x0000000084a00000,0x00000000943ff6d0,0x0000000098080000)
 Metaspace       used 22692K, capacity 23288K, committed 23424K, reserved 1069056K
  class space    used 2749K, capacity 2915K, committed 2944K, reserved 1048576K

Card table byte_map: [0x0000000011da0000,0x0000000012180000] byte_map_base: 0x000000001197b000

Marking Bits: (ParMarkBitMap*) 0x0000000068cc2f70
 Begin Bits: [0x00000000128a0000, 0x0000000014778000)
 End Bits:   [0x0000000014778000, 0x0000000016650000)

Polling page: 0x0000000000220000

CodeCache: size=245760Kb used=11221Kb max_used=11225Kb free=234538Kb
 bounds [0x00000000029e0000, 0x00000000034f0000, 0x00000000119e0000]
 total_blobs=4543 nmethods=3678 adapters=775
 compilation: enabled

Compilation events (10 events):
Event: 56.884 Thread 0x00000000588b6000 3936       3       com.google.zxing.qrcode.decoder.Version::buildFunctionPattern (209 bytes)
Event: 56.885 Thread 0x00000000588b6000 nmethod 3936 0x00000000034d8b50 code [0x00000000034d8d80, 0x00000000034d9aa8]
Event: 56.931 Thread 0x00000000588b6000 3937  s    3       picture.PictureProcessingHelper::findPolygonsMat (213 bytes)
Event: 56.933 Thread 0x00000000588b6000 nmethod 3937 0x00000000034dd690 code [0x00000000034dda80, 0x00000000034deec8]
Event: 57.130 Thread 0x00000000588b6000 3938       3       com.sun.javafx.scene.control.skin.LabelSkin::handleControlPropertyChanged (19 bytes)
Event: 57.131 Thread 0x00000000588b6000 nmethod 3938 0x00000000034d8590 code [0x00000000034d8720, 0x00000000034d8a68]
Event: 57.133 Thread 0x00000000588a9000 3939       4       java.util.logging.Logger::isLoggable (25 bytes)
Event: 57.133 Thread 0x00000000588b6000 3940       3       com.sun.javafx.sg.prism.NGGroup::add (83 bytes)
Event: 57.134 Thread 0x00000000588a9000 nmethod 3939 0x0000000003439950 code [0x0000000003439a80, 0x0000000003439af8]
Event: 57.134 Thread 0x00000000588b6000 nmethod 3940 0x00000000034e1050 code [0x00000000034e12c0, 0x00000000034e2618]

GC Heap History (10 events):
Event: 53.851 GC heap before
{Heap before GC invocations=69 (full 5):
 PSYoungGen      total 481792K, used 440501K [0x00000000d6e00000, 0x00000000fee80000, 0x0000000100000000)
  eden space 315392K, 99% used [0x00000000d6e00000,0x00000000ea18cfa8,0x00000000ea200000)
  from space 166400K, 75% used [0x00000000ea200000,0x00000000f1ca0778,0x00000000f4480000)
  to   space 163328K, 0% used [0x00000000f4f00000,0x00000000f4f00000,0x00000000fee80000)
 ParOldGen       total 317952K, used 255845K [0x0000000084a00000, 0x0000000098080000, 0x00000000d6e00000)
  object space 317952K, 80% used [0x0000000084a00000,0x00000000943d96c0,0x0000000098080000)
 Metaspace       used 22675K, capacity 23224K, committed 23424K, reserved 1069056K
  class space    used 2749K, capacity 2915K, committed 2944K, reserved 1048576K
Event: 53.878 GC heap after
Heap after GC invocations=69 (full 5):
 PSYoungGen      total 485376K, used 124242K [0x00000000d6e00000, 0x00000000fe780000, 0x0000000100000000)
  eden space 329216K, 0% used [0x00000000d6e00000,0x00000000d6e00000,0x00000000eaf80000)
  from space 156160K, 79% used [0x00000000f4f00000,0x00000000fc8548b8,0x00000000fe780000)
  to   space 159744K, 0% used [0x00000000eaf80000,0x00000000eaf80000,0x00000000f4b80000)
 ParOldGen       total 317952K, used 255877K [0x0000000084a00000, 0x0000000098080000, 0x00000000d6e00000)
  object space 317952K, 80% used [0x0000000084a00000,0x00000000943e16c0,0x0000000098080000)
 Metaspace       used 22675K, capacity 23224K, committed 23424K, reserved 1069056K
  class space    used 2749K, capacity 2915K, committed 2944K, reserved 1048576K
}
Event: 54.661 GC heap before
{Heap before GC invocations=70 (full 5):
 PSYoungGen      total 485376K, used 451407K [0x00000000d6e00000, 0x00000000fe780000, 0x0000000100000000)
  eden space 329216K, 99% used [0x00000000d6e00000,0x00000000ead7f480,0x00000000eaf80000)
  from space 156160K, 79% used [0x00000000f4f00000,0x00000000fc8548b8,0x00000000fe780000)
  to   space 159744K, 0% used [0x00000000eaf80000,0x00000000eaf80000,0x00000000f4b80000)
 ParOldGen       total 317952K, used 255877K [0x0000000084a00000, 0x0000000098080000, 0x00000000d6e00000)
  object space 317952K, 80% used [0x0000000084a00000,0x00000000943e16c0,0x0000000098080000)
 Metaspace       used 22676K, capacity 23224K, committed 23424K, reserved 1069056K
  class space    used 2749K, capacity 2915K, committed 2944K, reserved 1048576K
Event: 54.692 GC heap after
Heap after GC invocations=70 (full 5):
 PSYoungGen      total 488960K, used 135929K [0x00000000d6e00000, 0x00000000ff880000, 0x0000000100000000)
  eden space 329216K, 0% used [0x00000000d6e00000,0x00000000d6e00000,0x00000000eaf80000)
  from space 159744K, 85% used [0x00000000eaf80000,0x00000000f343e6f0,0x00000000f4b80000)
  to   space 161280K, 0% used [0x00000000f5b00000,0x00000000f5b00000,0x00000000ff880000)
 ParOldGen       total 317952K, used 255917K [0x0000000084a00000, 0x0000000098080000, 0x00000000d6e00000)
  object space 317952K, 80% used [0x0000000084a00000,0x00000000943eb6d0,0x0000000098080000)
 Metaspace       used 22676K, capacity 23224K, committed 23424K, reserved 1069056K
  class space    used 2749K, capacity 2915K, committed 2944K, reserved 1048576K
}
Event: 55.475 GC heap before
{Heap before GC invocations=71 (full 5):
 PSYoungGen      total 488960K, used 462603K [0x00000000d6e00000, 0x00000000ff880000, 0x0000000100000000)
  eden space 329216K, 99% used [0x00000000d6e00000,0x00000000ead04840,0x00000000eaf80000)
  from space 159744K, 85% used [0x00000000eaf80000,0x00000000f343e6f0,0x00000000f4b80000)
  to   space 161280K, 0% used [0x00000000f5b00000,0x00000000f5b00000,0x00000000ff880000)
 ParOldGen       total 317952K, used 255917K [0x0000000084a00000, 0x0000000098080000, 0x00000000d6e00000)
  object space 317952K, 80% used [0x0000000084a00000,0x00000000943eb6d0,0x0000000098080000)
 Metaspace       used 22676K, capacity 23224K, committed 23424K, reserved 1069056K
  class space    used 2749K, capacity 2915K, committed 2944K, reserved 1048576K
Event: 55.506 GC heap after
Heap after GC invocations=71 (full 5):
 PSYoungGen      total 500736K, used 129176K [0x00000000d6e00000, 0x00000000ff480000, 0x0000000100000000)
  eden space 343552K, 0% used [0x00000000d6e00000,0x00000000d6e00000,0x00000000ebd80000)
  from space 157184K, 82% used [0x00000000f5b00000,0x00000000fd9260f8,0x00000000ff480000)
  to   space 159232K, 0% used [0x00000000ebd80000,0x00000000ebd80000,0x00000000f5900000)
 ParOldGen       total 317952K, used 255941K [0x0000000084a00000, 0x0000000098080000, 0x00000000d6e00000)
  object space 317952K, 80% used [0x0000000084a00000,0x00000000943f16d0,0x0000000098080000)
 Metaspace       used 22676K, capacity 23224K, committed 23424K, reserved 1069056K
  class space    used 2749K, capacity 2915K, committed 2944K, reserved 1048576K
}
Event: 56.301 GC heap before
{Heap before GC invocations=72 (full 5):
 PSYoungGen      total 500736K, used 469328K [0x00000000d6e00000, 0x00000000ff480000, 0x0000000100000000)
  eden space 343552K, 99% used [0x00000000d6e00000,0x00000000eba2df10,0x00000000ebd80000)
  from space 157184K, 82% used [0x00000000f5b00000,0x00000000fd9260f8,0x00000000ff480000)
  to   space 159232K, 0% used [0x00000000ebd80000,0x00000000ebd80000,0x00000000f5900000)
 ParOldGen       total 317952K, used 255941K [0x0000000084a00000, 0x0000000098080000, 0x00000000d6e00000)
  object space 317952K, 80% used [0x0000000084a00000,0x00000000943f16d0,0x0000000098080000)
 Metaspace       used 22676K, capacity 23224K, committed 23424K, reserved 1069056K
  class space    used 2749K, capacity 2915K, committed 2944K, reserved 1048576K
Event: 56.332 GC heap after
Heap after GC invocations=72 (full 5):
 PSYoungGen      total 502784K, used 133675K [0x00000000d6e00000, 0x0000000100000000, 0x0000000100000000)
  eden space 343552K, 0% used [0x00000000d6e00000,0x00000000d6e00000,0x00000000ebd80000)
  from space 159232K, 83% used [0x00000000ebd80000,0x00000000f400aeb0,0x00000000f5900000)
  to   space 159232K, 0% used [0x00000000f6480000,0x00000000f6480000,0x0000000100000000)
 ParOldGen       total 317952K, used 255973K [0x0000000084a00000, 0x0000000098080000, 0x00000000d6e00000)
  object space 317952K, 80% used [0x0000000084a00000,0x00000000943f96d0,0x0000000098080000)
 Metaspace       used 22676K, capacity 23224K, committed 23424K, reserved 1069056K
  class space    used 2749K, capacity 2915K, committed 2944K, reserved 1048576K
}
Event: 57.157 GC heap before
{Heap before GC invocations=73 (full 5):
 PSYoungGen      total 502784K, used 475169K [0x00000000d6e00000, 0x0000000100000000, 0x0000000100000000)
  eden space 343552K, 99% used [0x00000000d6e00000,0x00000000ebb7d8a0,0x00000000ebd80000)
  from space 159232K, 83% used [0x00000000ebd80000,0x00000000f400aeb0,0x00000000f5900000)
  to   space 159232K, 0% used [0x00000000f6480000,0x00000000f6480000,0x0000000100000000)
 ParOldGen       total 317952K, used 255973K [0x0000000084a00000, 0x0000000098080000, 0x00000000d6e00000)
  object space 317952K, 80% used [0x0000000084a00000,0x00000000943f96d0,0x0000000098080000)
 Metaspace       used 22692K, capacity 23288K, committed 23424K, reserved 1069056K
  class space    used 2749K, capacity 2915K, committed 2944K, reserved 1048576K
Event: 57.190 GC heap after
Heap after GC invocations=73 (full 5):
 PSYoungGen      total 513536K, used 132303K [0x00000000d6e00000, 0x00000000fff00000, 0x0000000100000000)
  eden space 355328K, 0% used [0x00000000d6e00000,0x00000000d6e00000,0x00000000ec900000)
  from space 158208K, 83% used [0x00000000f6480000,0x00000000fe5b3eb0,0x00000000fff00000)
  to   space 158720K, 0% used [0x00000000ec900000,0x00000000ec900000,0x00000000f6400000)
 ParOldGen       total 317952K, used 255997K [0x0000000084a00000, 0x0000000098080000, 0x00000000d6e00000)
  object space 317952K, 80% used [0x0000000084a00000,0x00000000943ff6d0,0x0000000098080000)
 Metaspace       used 22692K, capacity 23288K, committed 23424K, reserved 1069056K
  class space    used 2749K, capacity 2915K, committed 2944K, reserved 1048576K
}

Deoptimization events (10 events):
Event: 15.442 Thread 0x0000000059c88000 Uncommon trap: reason=unstable_if action=reinterpret pc=0x000000000306534c method=com.google.zxing.common.reedsolomon.GenericGF.multiply(II)I @ 5
Event: 21.777 Thread 0x0000000059c88000 Uncommon trap: reason=unstable_if action=reinterpret pc=0x000000000300c7dc method=com.google.zxing.common.HybridBinarizer.calculateBlackPoints([BIIII)[[I @ 268
Event: 23.665 Thread 0x0000000059c88000 Uncommon trap: reason=unstable_if action=reinterpret pc=0x0000000002d1cc34 method=com.google.zxing.qrcode.detector.FinderPatternFinder.foundPatternCross([I)Z @ 32
Event: 23.681 Thread 0x0000000059c88000 Uncommon trap: reason=unstable_if action=reinterpret pc=0x000000000317bff8 method=com.google.zxing.qrcode.detector.FinderPatternFinder.crossCheckVertical(IIII)F @ 291
Event: 23.825 Thread 0x0000000059c88000 Uncommon trap: reason=unstable_if action=reinterpret pc=0x00000000030506fc method=com.google.zxing.qrcode.detector.FinderPatternFinder.foundPatternCross([I)Z @ 32
Event: 37.399 Thread 0x0000000059c88000 Uncommon trap: reason=unstable_if action=reinterpret pc=0x000000000329d2f0 method=com.google.zxing.qrcode.detector.FinderPatternFinder.crossCheckHorizontal(IIII)F @ 272
Event: 38.438 Thread 0x0000000059c88000 Uncommon trap: reason=unstable_if action=reinterpret pc=0x000000000335dbb4 method=com.google.zxing.qrcode.detector.FinderPatternFinder.crossCheckVertical(IIII)F @ 62
Event: 42.048 Thread 0x0000000059c88000 Uncommon trap: reason=predicate action=maybe_recompile pc=0x00000000033fef84 method=com.google.zxing.qrcode.decoder.DataMask.unmaskBitMatrix(Lcom/google/zxing/common/BitMatrix;I)V @ 7
Event: 45.179 Thread 0x0000000059d81000 Uncommon trap: reason=unstable_if action=reinterpret pc=0x00000000033f0708 method=de.yadrone.base.navdata.DroneState.isCommunicationProblemOccurred()Z @ 7
Event: 45.859 Thread 0x000000005740c000 Uncommon trap: reason=unstable_if action=reinterpret pc=0x00000000034446f8 method=java.lang.ref.Finalizer.remove()V @ 10

Internal exceptions (10 events):
Event: 0.327 Thread 0x0000000059625800 Exception <a 'java/security/PrivilegedActionException'> (0x00000000d7ac8fd0) thrown at [C:\re\workspace\8-2-build-windows-amd64-cygwin\jdk8u91\6644\hotspot\src\share\vm\prims\jvm.cpp, line 1386]
Event: 0.712 Thread 0x0000000059625800 Exception <a 'java/lang/NullPointerException'> (0x00000000d8634288) thrown at [C:\re\workspace\8-2-build-windows-amd64-cygwin\jdk8u91\6644\hotspot\src\share\vm\interpreter\linkResolver.cpp, line 1178]
Event: 0.712 Thread 0x0000000059625800 Exception <a 'java/lang/NullPointerException'> (0x00000000d8634288) thrown at [C:\re\workspace\8-2-build-windows-amd64-cygwin\jdk8u91\6644\hotspot\src\share\vm\prims\jvm.cpp, line 1390]
Event: 0.799 Thread 0x0000000059625800 Exception <a 'java/lang/ArrayIndexOutOfBoundsException': 58> (0x00000000d8a4f8e0) thrown at [C:\re\workspace\8-2-build-windows-amd64-cygwin\jdk8u91\6644\hotspot\src\share\vm\interpreter\interpreterRuntime.cpp, line 366]
Event: 0.799 Thread 0x0000000059625800 Exception <a 'java/lang/ArrayIndexOutOfBoundsException': 18> (0x00000000d8a505e0) thrown at [C:\re\workspace\8-2-build-windows-amd64-cygwin\jdk8u91\6644\hotspot\src\share\vm\interpreter\interpreterRuntime.cpp, line 366]
Event: 0.799 Thread 0x0000000059625800 Exception <a 'java/lang/ArrayIndexOutOfBoundsException': 86> (0x00000000d8a51988) thrown at [C:\re\workspace\8-2-build-windows-amd64-cygwin\jdk8u91\6644\hotspot\src\share\vm\interpreter\interpreterRuntime.cpp, line 366]
Event: 0.871 Thread 0x0000000059625800 Implicit null exception at 0x0000000002d48feb to 0x0000000002d494a1
Event: 0.942 Thread 0x0000000059625800 Exception <a 'java/io/FileNotFoundException'> (0x00000000d70d2370) thrown at [C:\re\workspace\8-2-build-windows-amd64-cygwin\jdk8u91\6644\hotspot\src\share\vm\prims\jni.cpp, line 709]
Event: 11.693 Thread 0x0000000059c86000 Exception <a 'java/io/FileNotFoundException'> (0x00000000d8a35ae0) thrown at [C:\re\workspace\8-2-build-windows-amd64-cygwin\jdk8u91\6644\hotspot\src\share\vm\prims\jni.cpp, line 709]
Event: 11.973 Thread 0x0000000059c88000 Exception <a 'java/io/FileNotFoundException'> (0x00000000dab83940) thrown at [C:\re\workspace\8-2-build-windows-amd64-cygwin\jdk8u91\6644\hotspot\src\share\vm\prims\jni.cpp, line 709]

Events (10 events):
Event: 53.851 Executing VM operation: ParallelGCFailedAllocation
Event: 53.878 Executing VM operation: ParallelGCFailedAllocation done
Event: 54.661 Executing VM operation: ParallelGCFailedAllocation
Event: 54.692 Executing VM operation: ParallelGCFailedAllocation done
Event: 55.475 Executing VM operation: ParallelGCFailedAllocation
Event: 55.506 Executing VM operation: ParallelGCFailedAllocation done
Event: 56.301 Executing VM operation: ParallelGCFailedAllocation
Event: 56.332 Executing VM operation: ParallelGCFailedAllocation done
Event: 57.157 Executing VM operation: ParallelGCFailedAllocation
Event: 57.190 Executing VM operation: ParallelGCFailedAllocation done


Dynamic libraries:
0x000000013f340000 - 0x000000013f377000 	C:\Program Files\Java\jre1.8.0_91\bin\javaw.exe
0x00000000776a0000 - 0x0000000077849000 	C:\Windows\SYSTEM32\ntdll.dll
0x0000000077580000 - 0x000000007769f000 	C:\Windows\system32\kernel32.dll
0x000007fefd8b0000 - 0x000007fefd91b000 	C:\Windows\system32\KERNELBASE.dll
0x000007fefddc0000 - 0x000007fefde9b000 	C:\Windows\system32\ADVAPI32.dll
0x000007feff7e0000 - 0x000007feff87f000 	C:\Windows\system32\msvcrt.dll
0x000007fefdfd0000 - 0x000007fefdfef000 	C:\Windows\SYSTEM32\sechost.dll
0x000007feff390000 - 0x000007feff4bd000 	C:\Windows\system32\RPCRT4.dll
0x0000000077480000 - 0x000000007757a000 	C:\Windows\system32\USER32.dll
0x000007feff4c0000 - 0x000007feff527000 	C:\Windows\system32\GDI32.dll
0x000007fefdff0000 - 0x000007fefdffe000 	C:\Windows\system32\LPK.dll
0x000007fefdcd0000 - 0x000007fefdd99000 	C:\Windows\system32\USP10.dll
0x000007fefbcb0000 - 0x000007fefbea4000 	C:\Windows\WinSxS\amd64_microsoft.windows.common-controls_6595b64144ccf1df_6.0.7601.17514_none_fa396087175ac9ac\COMCTL32.dll
0x000007fefef80000 - 0x000007fefeff1000 	C:\Windows\system32\SHLWAPI.dll
0x000007fefdc20000 - 0x000007fefdc4e000 	C:\Windows\system32\IMM32.DLL
0x000007feff0a0000 - 0x000007feff1a9000 	C:\Windows\system32\MSCTF.dll
0x000000006a5e0000 - 0x000000006a6b2000 	C:\Program Files\Java\jre1.8.0_91\bin\msvcr100.dll
0x00000000684b0000 - 0x0000000068d43000 	C:\Program Files\Java\jre1.8.0_91\bin\server\jvm.dll
0x000007fef6bb0000 - 0x000007fef6bb9000 	C:\Windows\system32\WSOCK32.dll
0x000007feff880000 - 0x000007feff8cd000 	C:\Windows\system32\WS2_32.dll
0x000007fefe000000 - 0x000007fefe008000 	C:\Windows\system32\NSI.dll
0x000007fef9b90000 - 0x000007fef9bcb000 	C:\Windows\system32\WINMM.dll
0x000007fefc750000 - 0x000007fefc75c000 	C:\Windows\system32\VERSION.dll
0x0000000077860000 - 0x0000000077867000 	C:\Windows\system32\PSAPI.DLL
0x0000000073bd0000 - 0x0000000073bdf000 	C:\Program Files\Java\jre1.8.0_91\bin\verify.dll
0x0000000072760000 - 0x0000000072789000 	C:\Program Files\Java\jre1.8.0_91\bin\java.dll
0x0000000073710000 - 0x0000000073726000 	C:\Program Files\Java\jre1.8.0_91\bin\zip.dll
0x000007fefe010000 - 0x000007fefed98000 	C:\Windows\system32\SHELL32.dll
0x000007feff530000 - 0x000007feff733000 	C:\Windows\system32\ole32.dll
0x000007fefd5f0000 - 0x000007fefd5ff000 	C:\Windows\system32\profapi.dll
0x000007feee040000 - 0x000007feee12f000 	C:\Program Files\Java\jre1.8.0_91\bin\msvcr120.dll
0x000007feee170000 - 0x000007feee216000 	C:\Program Files\Java\jre1.8.0_91\bin\msvcp120.dll
0x000000006c520000 - 0x000000006c543000 	C:\Program Files\Java\jre1.8.0_91\bin\prism_d3d.dll
0x000007fee7480000 - 0x000007fee767f000 	C:\Windows\system32\d3d9.dll
0x000007fefa220000 - 0x000007fefa227000 	C:\Windows\system32\d3d8thk.dll
0x000007fef9e50000 - 0x000007fef9e68000 	C:\Windows\system32\dwmapi.dll
0x000007fefa930000 - 0x000007fefa986000 	C:\Windows\system32\uxtheme.dll
0x000007fee1d70000 - 0x000007fee25bd000 	C:\Windows\system32\igdumdim64.dll
0x000007fef3630000 - 0x000007fef3a64000 	C:\Windows\system32\igdusc64.dll
0x000000006b750000 - 0x000000006b793000 	C:\Program Files\Java\jre1.8.0_91\bin\glass.dll
0x000007feff000000 - 0x000007feff097000 	C:\Windows\system32\COMDLG32.dll
0x000007feff8d0000 - 0x000007feff9a7000 	C:\Windows\system32\OLEAUT32.dll
0x000007fefd520000 - 0x000007fefd52f000 	C:\Windows\system32\CRYPTBASE.dll
0x000007fee7390000 - 0x000007fee747f000 	C:\Users\Toby\AppData\Local\Temp\javacpp197547006920775\msvcr120.dll
0x000007fee78c0000 - 0x000007fee7966000 	C:\Users\Toby\AppData\Local\Temp\javacpp197547006920775\msvcp120.dll
0x000007fee3fb0000 - 0x000007fee4231000 	C:\Users\Toby\AppData\Local\Temp\javacpp197547006920775\opencv_core300.dll
0x000007fee2a90000 - 0x000007fee2e0f000 	C:\Users\Toby\AppData\Local\Temp\javacpp197547006920775\opencv_imgproc300.dll
0x000007fee6f00000 - 0x000007fee70b8000 	C:\Users\Toby\AppData\Local\Temp\javacpp197547006920775\jniopencv_core.dll
0x000000006fda0000 - 0x000000006fdb4000 	C:\Program Files\Java\jre1.8.0_91\bin\javafx_font.dll
0x000007fee3980000 - 0x000007fee3afe000 	C:\Windows\system32\dwrite.dll
0x000007feff740000 - 0x000007feff7d9000 	C:\Windows\system32\CLBCatQ.DLL
0x000007fef4c30000 - 0x000007fef4d5a000 	C:\Windows\system32\WindowsCodecs.dll
0x000007fefd4c0000 - 0x000007fefd517000 	C:\Windows\system32\apphelp.dll
0x000007fef3570000 - 0x000007fef3630000 	C:\Program Files (x86)\Google\Drive\googledrivesync64.dll
0x00000000737f0000 - 0x00000000738c3000 	C:\Program Files (x86)\Google\Drive\Microsoft.VC90.CRT\MSVCP90.dll
0x0000000073740000 - 0x00000000737e3000 	C:\Program Files (x86)\Google\Drive\Microsoft.VC90.CRT\MSVCR90.dll
0x000007fef34a0000 - 0x000007fef34e0000 	C:\Program Files (x86)\Dropbox\Client\DropboxExt64.34.dll
0x000007feef250000 - 0x000007feef27d000 	C:\Program Files\Common Files\Microsoft Shared\Ink\rtscom.dll
0x000000006fd80000 - 0x000000006fd91000 	C:\Program Files\Java\jre1.8.0_91\bin\prism_common.dll
0x00000000727c0000 - 0x00000000727da000 	C:\Program Files\Java\jre1.8.0_91\bin\net.dll
0x000007fefce60000 - 0x000007fefceb5000 	C:\Windows\system32\mswsock.dll
0x000007fefce50000 - 0x000007fefce57000 	C:\Windows\System32\wship6.dll
0x000007fefcec0000 - 0x000007fefced7000 	C:\Windows\system32\CRYPTSP.dll
0x000007fefcbc0000 - 0x000007fefcc07000 	C:\Windows\system32\rsaenh.dll
0x000007fefc930000 - 0x000007fefc94e000 	C:\Windows\system32\USERENV.dll
0x000007fefbbc0000 - 0x000007fefbbe7000 	C:\Windows\system32\IPHLPAPI.DLL
0x000007fefbbb0000 - 0x000007fefbbbb000 	C:\Windows\system32\WINNSI.DLL
0x000007fefb9c0000 - 0x000007fefb9d8000 	C:\Windows\system32\dhcpcsvc.DLL
0x000007fefb9a0000 - 0x000007fefb9b1000 	C:\Windows\system32\dhcpcsvc6.DLL
0x0000000072740000 - 0x0000000072751000 	C:\Program Files\Java\jre1.8.0_91\bin\nio.dll
0x00000000609f0000 - 0x0000000062055000 	C:\Users\Toby\AppData\Local\Temp\xuggle\xuggle3625156802966839073.dll
0x000007feef230000 - 0x000007feef247000 	C:\Windows\system32\AVICAP32.dll
0x000007feee140000 - 0x000007feee169000 	C:\Windows\system32\MSVFW32.dll
0x0000000067d20000 - 0x0000000067eb8000 	C:\Program Files\Java\jre1.8.0_91\bin\awt.dll
0x000007fee72e0000 - 0x000007fee7385000 	C:\Users\Toby\AppData\Local\Temp\javacpp197547006920775\jniopencv_imgproc.dll
0x000007fef0f90000 - 0x000007fef10b5000 	C:\Windows\system32\dbghelp.dll

VM Arguments:
jvm_args: -Dfile.encoding=Cp1252 
java_command: application.Main
java_class_path (initial): C:\Users\Toby\git\Drone_group_11\Drone_group_11\bin;C:\Users\Toby\Downloads\eclipse-jee-mars-2-win32-x86_64\eclipse\plugins\org.eclipse.fx.ide.css.jfx8_2.3.0.201603030809.jar;C:\Users\Toby\Downloads\JAVACV_JAR-2016-06-03\JAVACV JAR\javacv-bin\artoolkitplus.jar;C:\Users\Toby\Downloads\JAVACV_JAR-2016-06-03\JAVACV JAR\javacv-bin\artoolkitplus-android-arm.jar;C:\Users\Toby\Downloads\JAVACV_JAR-2016-06-03\JAVACV JAR\javacv-bin\artoolkitplus-android-x86.jar;C:\Users\Toby\Downloads\JAVACV_JAR-2016-06-03\JAVACV JAR\javacv-bin\artoolkitplus-linux-x86.jar;C:\Users\Toby\Downloads\JAVACV_JAR-2016-06-03\JAVACV JAR\javacv-bin\artoolkitplus-linux-x86_64.jar;C:\Users\Toby\Downloads\JAVACV_JAR-2016-06-03\JAVACV JAR\javacv-bin\artoolkitplus-macosx-x86_64.jar;C:\Users\Toby\Downloads\JAVACV_JAR-2016-06-03\JAVACV JAR\javacv-bin\artoolkitplus-windows-x86.jar;C:\Users\Toby\Downloads\JAVACV_JAR-2016-06-03\JAVACV JAR\javacv-bin\artoolkitplus-windows-x86_64.jar;C:\Users\Toby\Downloads\JAVACV_JAR-2016-06-03\JAVACV JAR\javacv-bin\ffmpeg.jar;C:\Users\Toby\Downloads\JAVACV_JAR-2016-06-03\JAVACV JAR\javacv-bin\ffmpeg-android-arm.jar;C:\Users\Toby\Downloads\JAVACV_JAR-2016-06-03\JAVACV JAR\javacv-bin\ffmpeg-android-x86.jar;C:\Users\Toby\Downloads\JAVACV_JAR-2016-06-03\JAVACV JAR\javacv-bin\ffmpeg-linux-x86.jar;C:\Users\Toby\Downloads\JAVACV_JAR-2016-06-03\JAVACV JAR\javacv-bin\ffmpeg-linux-x86_64.jar;C:\Users\Toby\Downloads\JAVACV_JAR-2016-06-03\JAVACV JAR\javacv-bin\ffmpeg-macosx-x86_64.jar;C:\Users\Toby\Downloads\JAVACV_JAR-2016-06-03\JAVACV JAR\javacv-bin\ffmpeg-windows-x86.jar;C:\Users\Toby\Downloads\JAVACV_JAR-2016-06-03\JAVACV JAR\javacv-bin\ffmpeg-windows-x86_64.jar;C:\Users\Toby\Downloads\JAVACV_JAR-2016-06-03\JAVACV JAR\javacv-bin\flandmark.jar;C:\Users\Toby\Downloads\JAVACV_JAR-2016-06-03\JAVACV JAR\javacv-bin\flandmark-android-arm.jar;C:\Users\Toby\Downloads\JAVACV_JAR-2016-06-03\JAVACV JAR\javacv-bin\flandmark-android-x86.jar;C:\Users\Toby\Downloads\JAVACV
Launcher Type: SUN_STANDARD

Environment Variables:
PATH=C:/Program Files/Java/jre1.8.0_91/bin/server;C:/Program Files/Java/jre1.8.0_91/bin;C:/Program Files/Java/jre1.8.0_91/lib/amd64;C:\Program Files (x86)\Intel\iCLS Client\;C:\Program Files\Intel\iCLS Client\;C:\ProgramData\Oracle\Java\javapath;C:\Windows\system32;C:\Windows;C:\Windows\System32\Wbem;C:\Windows\System32\WindowsPowerShell\v1.0\;C:\Program Files (x86)\Intel\OpenCL SDK\3.0\bin\x86;C:\Program Files (x86)\Intel\OpenCL SDK\3.0\bin\x64;C:\Program Files\Intel\WiFi\bin\;C:\Program Files\Common Files\Intel\WirelessCommon\;C:\Program Files\Intel\Intel(R) Management Engine Components\DAL;C:\Program Files\Intel\Intel(R) Management Engine Components\IPT;C:\Program Files (x86)\Intel\Intel(R) Management Engine Components\DAL;C:\Program Files (x86)\Intel\Intel(R) Management Engine Components\IPT;C:\Program Files (x86)\Skype\Phone\;C:\Program Files\Intel\WiFi\bin\;C:\Program Files\Common Files\Intel\WirelessCommon\;C:\Users\Toby\Downloads\eclipse-jee-mars-2-win32-x86_64\eclipse;
USERNAME=Toby
OS=Windows_NT
PROCESSOR_IDENTIFIER=Intel64 Family 6 Model 60 Stepping 3, GenuineIntel



---------------  S Y S T E M  ---------------

OS: Windows 7 , 64 bit Build 7601 (6.1.7601.17514)

CPU:total 4 (2 cores per cpu, 2 threads per core) family 6 model 60 stepping 3, cmov, cx8, fxsr, mmx, sse, sse2, sse3, ssse3, sse4.1, sse4.2, popcnt, avx, avx2, aes, clmul, erms, lzcnt, ht, tsc, tscinvbit, bmi1, bmi2

Memory: 4k page, physical 8084660k(2991532k free), swap 16167476k(9271028k free)

vm_info: Java HotSpot(TM) 64-Bit Server VM (25.91-b14) for windows-amd64 JRE (1.8.0_91-b14), built on Apr  1 2016 00:58:32 by "java_re" with MS VC++ 10.0 (VS2010)

time: Thu Jun 09 16:25:49 2016
elapsed time: 57 seconds (0d 0h 0m 57s)

