#
# A fatal error has been detected by the Java Runtime Environment:
#
#  EXCEPTION_ACCESS_VIOLATION (0xc0000005) at pc=0x000007fee6f02099, pid=3656, tid=8032
#
# JRE version: Java(TM) SE Runtime Environment (8.0_91-b14) (build 1.8.0_91-b14)
# Java VM: Java HotSpot(TM) 64-Bit Server VM (25.91-b14 mixed mode windows-amd64 compressed oops)
# Problematic frame:
# C  [jniopencv_core.dll+0x2099]
#
# Failed to write core dump. Minidumps are not enabled by default on client versions of Windows
#
# If you would like to submit a bug report, please visit:
#   http://bugreport.java.com/bugreport/crash.jsp
# The crash happened outside the Java Virtual Machine in native code.
# See problematic frame for where to report the bug.
#

---------------  T H R E A D  ---------------

Current thread (0x000000005c2e2800):  JavaThread "pool-4-thread-1" [_thread_in_native, id=8032, stack(0x0000000061040000,0x0000000061140000)]

siginfo: ExceptionCode=0xc0000005, reading address 0x0000000000000038

Registers:
RAX=0x0000000000000001, RBX=0x0000000000000000, RCX=0x0000000000000000, RDX=0x00000000602a44c0
RSP=0x000000006113ee50, RBP=0x00000000602a44c0, RSI=0x000000006113efa8, RDI=0x00000000602a44c0
R8 =0x0000000000000032, R9 =0x00000000d81474f0, R10=0x0000000000000016, R11=0x0000000068cb4c18
R12=0x0000000000000000, R13=0x000000005d293188, R14=0x00000000601750a0, R15=0x0000000000000000
RIP=0x000007fee6f02099, EFLAGS=0x0000000000010206

Top of Stack: (sp=0x000000006113ee50)
0x000000006113ee50:   000000005d293190 000000006113efa8
0x000000006113ee60:   000000005cb80430 000000006856a606
0x000000006113ee70:   0000000000000000 000007fee6f01db4
0x000000006113ee80:   00000000000003d8 0000000058795330
0x000000006113ee90:   000000005d293190 000000005c2e2800
0x000000006113eea0:   000000006113ef90 000007fee6f84658
0x000000006113eeb0:   000000005c2e29f8 00000000028f7dc6
0x000000006113eec0:   000000005cb80400 000000005c2e2800
0x000000006113eed0:   000000005c2e2800 000000006113efa8
0x000000006113eee0:   00000000028e7ff0 00000000028f7f34
0x000000006113eef0:   000000006113ef70 000000005d293190
0x000000006113ef00:   000000001187b000 000000005d293190
0x000000006113ef10:   000000001187b000 000000005c2e2800
0x000000006113ef20:   000000006113f030 00000000028f7c62
0x000000006113ef30:   000000006113ef30 000000005d293188
0x000000006113ef40:   000000006113efa8 000000005e5e8500 

Instructions: (pc=0x000007fee6f02099)
0x000007fee6f02079:   30 ff 15 c8 63 0f 00 48 8b c3 48 83 c4 50 5b c3
0x000007fee6f02089:   cc cc cc cc cc cc cc 40 53 48 83 ec 20 48 8b d9
0x000007fee6f02099:   48 8b 49 38 48 85 c9 74 16 83 c8 ff f0 0f c1 41
0x000007fee6f020a9:   14 83 f8 01 75 09 48 8b cb ff 15 08 63 0f 00 45 


Register to memory mapping:

RAX=0x0000000000000001 is an unknown value
RBX=0x0000000000000000 is an unknown value
RCX=0x0000000000000000 is an unknown value
RDX=0x00000000602a44c0 is an unknown value
RSP=0x000000006113ee50 is pointing into the stack for thread: 0x000000005c2e2800
RBP=0x00000000602a44c0 is an unknown value
RSI=0x000000006113efa8 is pointing into the stack for thread: 0x000000005c2e2800
RDI=0x00000000602a44c0 is an unknown value
R8 =0x0000000000000032 is an unknown value
R9 =0x00000000d81474f0 is an oop
org.bytedeco.javacpp.opencv_core$Mat 
 - klass: 'org/bytedeco/javacpp/opencv_core$Mat'
R10=0x0000000000000016 is an unknown value
R11=0x0000000068cb4c18 is an unknown value
R12=0x0000000000000000 is an unknown value
R13=0x000000005d293188 is pointing into metadata
R14=0x00000000601750a0 is an unknown value
R15=0x0000000000000000 is an unknown value


Stack: [0x0000000061040000,0x0000000061140000],  sp=0x000000006113ee50,  free space=1019k
Native frames: (J=compiled Java code, j=interpreted, Vv=VM code, C=native code)
C  [jniopencv_core.dll+0x2099]
C  [jniopencv_core.dll+0x1db4]
C  [jniopencv_core.dll+0x84658]
C  0x00000000028f7f34

Java frames: (J=compiled Java code, j=interpreted, Vv=VM code)
j  org.bytedeco.javacpp.opencv_core$MatVector.put(JLorg/bytedeco/javacpp/opencv_core$Mat;)Lorg/bytedeco/javacpp/opencv_core$MatVector;+0
j  picture.PictureProcessingHelper.findQrContours(Lorg/bytedeco/javacpp/opencv_core$Mat;)Lorg/bytedeco/javacpp/opencv_core$MatVector;+146
j  picture.PictureController.scanSequence(Lorg/bytedeco/javacpp/opencv_core$Mat;)V+5
j  picture.PictureController$5.run()V+215
j  java.util.concurrent.Executors$RunnableAdapter.call()Ljava/lang/Object;+4
j  java.util.concurrent.FutureTask.runAndReset()Z+47
j  java.util.concurrent.ScheduledThreadPoolExecutor$ScheduledFutureTask.access$301(Ljava/util/concurrent/ScheduledThreadPoolExecutor$ScheduledFutureTask;)Z+1
j  java.util.concurrent.ScheduledThreadPoolExecutor$ScheduledFutureTask.run()V+37
j  java.util.concurrent.ThreadPoolExecutor.runWorker(Ljava/util/concurrent/ThreadPoolExecutor$Worker;)V+95
j  java.util.concurrent.ThreadPoolExecutor$Worker.run()V+5
j  java.lang.Thread.run()V+11
v  ~StubRoutines::call_stub

---------------  P R O C E S S  ---------------

Java Threads: ( => current thread )
  0x000000005c995000 JavaThread "Java2D Disposer" daemon [_thread_blocked, id=6304, stack(0x0000000062400000,0x0000000062500000)]
=>0x000000005c2e2800 JavaThread "pool-4-thread-1" [_thread_in_native, id=8032, stack(0x0000000061040000,0x0000000061140000)]
  0x000000005c6d1000 JavaThread "Prism Font Disposer" daemon [_thread_blocked, id=8340, stack(0x000000005e760000,0x000000005e860000)]
  0x00000000597fb000 JavaThread "Thread-3" daemon [_thread_in_native, id=8012, stack(0x000000005c1a0000,0x000000005c2a0000)]
  0x0000000059783800 JavaThread "JavaFX-Launcher" [_thread_blocked, id=7052, stack(0x000000005bcb0000,0x000000005bdb0000)]
  0x0000000059742800 JavaThread "JavaFX Application Thread" [_thread_in_native, id=2640, stack(0x000000005a6a0000,0x000000005a7a0000)]
  0x0000000059736800 JavaThread "Thread-1" daemon [_thread_blocked, id=7252, stack(0x000000005a2c0000,0x000000005a3c0000)]
  0x0000000059716800 JavaThread "QuantumRenderer-0" daemon [_thread_in_native, id=7636, stack(0x0000000059f90000,0x000000005a090000)]
  0x00000000587e6800 JavaThread "Service Thread" daemon [_thread_blocked, id=6864, stack(0x00000000593a0000,0x00000000594a0000)]
  0x00000000574eb000 JavaThread "C1 CompilerThread2" daemon [_thread_blocked, id=3016, stack(0x00000000591a0000,0x00000000592a0000)]
  0x00000000574ea000 JavaThread "C2 CompilerThread1" daemon [_thread_in_native, id=7360, stack(0x0000000058e30000,0x0000000058f30000)]
  0x0000000058769800 JavaThread "C2 CompilerThread0" daemon [_thread_blocked, id=5976, stack(0x0000000058fa0000,0x00000000590a0000)]
  0x0000000058767000 JavaThread "Attach Listener" daemon [_thread_blocked, id=6368, stack(0x0000000058ba0000,0x0000000058ca0000)]
  0x0000000058764800 JavaThread "Signal Dispatcher" daemon [_thread_blocked, id=2176, stack(0x0000000058cd0000,0x0000000058dd0000)]
  0x00000000574d1800 JavaThread "Finalizer" daemon [_thread_blocked, id=3832, stack(0x0000000058660000,0x0000000058760000)]
  0x000000005748a800 JavaThread "Reference Handler" daemon [_thread_blocked, id=5832, stack(0x0000000058330000,0x0000000058430000)]
  0x00000000021ae800 JavaThread "main" [_thread_blocked, id=3184, stack(0x0000000002510000,0x0000000002610000)]

Other Threads:
  0x000000005747f000 VMThread [stack: 0x0000000058460000,0x0000000058560000] [id=8344]
  0x0000000058807000 WatcherThread [stack: 0x0000000059610000,0x0000000059710000] [id=4088]

VM state:not at safepoint (normal execution)

VM Mutex/Monitor currently owned by a thread: None

Heap:
 PSYoungGen      total 36864K, used 33653K [0x00000000d6e00000, 0x00000000d9700000, 0x0000000100000000)
  eden space 31744K, 91% used [0x00000000d6e00000,0x00000000d8a647e8,0x00000000d8d00000)
  from space 5120K, 89% used [0x00000000d8d00000,0x00000000d9178cd0,0x00000000d9200000)
  to   space 5120K, 0% used [0x00000000d9200000,0x00000000d9200000,0x00000000d9700000)
 ParOldGen       total 84992K, used 80K [0x0000000084a00000, 0x0000000089d00000, 0x00000000d6e00000)
  object space 84992K, 0% used [0x0000000084a00000,0x0000000084a14010,0x0000000089d00000)
 Metaspace       used 18084K, capacity 18662K, committed 18688K, reserved 1064960K
  class space    used 2399K, capacity 2558K, committed 2560K, reserved 1048576K

Card table byte_map: [0x0000000011ca0000,0x0000000012080000] byte_map_base: 0x000000001187b000

Marking Bits: (ParMarkBitMap*) 0x0000000068cc2f70
 Begin Bits: [0x0000000012960000, 0x0000000014838000)
 End Bits:   [0x0000000014838000, 0x0000000016710000)

Polling page: 0x0000000000420000

CodeCache: size=245760Kb used=5482Kb max_used=5493Kb free=240277Kb
 bounds [0x00000000028e0000, 0x0000000002e50000, 0x00000000118e0000]
 total_blobs=2397 nmethods=1616 adapters=693
 compilation: enabled

Compilation events (10 events):
Event: 2.778 Thread 0x00000000574eb000 nmethod 1608 0x0000000002e36550 code [0x0000000002e366a0, 0x0000000002e367f0]
Event: 2.778 Thread 0x00000000574eb000 1609       3       com.sun.javafx.geom.transform.Affine3D::getMzy (5 bytes)
Event: 2.778 Thread 0x00000000574eb000 nmethod 1609 0x0000000002e36890 code [0x0000000002e369e0, 0x0000000002e36b30]
Event: 2.778 Thread 0x00000000574eb000 1610       3       com.sun.javafx.geom.transform.Affine3D::getMzz (5 bytes)
Event: 2.778 Thread 0x00000000574eb000 nmethod 1610 0x0000000002e36bd0 code [0x0000000002e36d20, 0x0000000002e36e70]
Event: 2.778 Thread 0x00000000574eb000 1611       3       com.sun.javafx.geom.transform.Affine3D::getMzt (5 bytes)
Event: 2.779 Thread 0x00000000574eb000 nmethod 1611 0x0000000002e36f10 code [0x0000000002e37060, 0x0000000002e371b0]
Event: 2.779 Thread 0x00000000574eb000 1612       1       com.sun.prism.impl.BaseGraphics::hasPreCullingBits (5 bytes)
Event: 2.779 Thread 0x00000000574eb000 nmethod 1612 0x0000000002e37250 code [0x0000000002e373a0, 0x0000000002e374b0]
Event: 2.779 Thread 0x00000000574eb000 1613       3       com.sun.javafx.geom.transform.Affine3D::concatenate (561 bytes)

GC Heap History (2 events):
Event: 0.769 GC heap before
{Heap before GC invocations=1 (full 0):
 PSYoungGen      total 36864K, used 31744K [0x00000000d6e00000, 0x00000000d9700000, 0x0000000100000000)
  eden space 31744K, 100% used [0x00000000d6e00000,0x00000000d8d00000,0x00000000d8d00000)
  from space 5120K, 0% used [0x00000000d9200000,0x00000000d9200000,0x00000000d9700000)
  to   space 5120K, 0% used [0x00000000d8d00000,0x00000000d8d00000,0x00000000d9200000)
 ParOldGen       total 84992K, used 0K [0x0000000084a00000, 0x0000000089d00000, 0x00000000d6e00000)
  object space 84992K, 0% used [0x0000000084a00000,0x0000000084a00000,0x0000000089d00000)
 Metaspace       used 12401K, capacity 12778K, committed 13056K, reserved 1060864K
  class space    used 1615K, capacity 1736K, committed 1792K, reserved 1048576K
Event: 0.774 GC heap after
Heap after GC invocations=1 (full 0):
 PSYoungGen      total 36864K, used 4579K [0x00000000d6e00000, 0x00000000d9700000, 0x0000000100000000)
  eden space 31744K, 0% used [0x00000000d6e00000,0x00000000d6e00000,0x00000000d8d00000)
  from space 5120K, 89% used [0x00000000d8d00000,0x00000000d9178cd0,0x00000000d9200000)
  to   space 5120K, 0% used [0x00000000d9200000,0x00000000d9200000,0x00000000d9700000)
 ParOldGen       total 84992K, used 80K [0x0000000084a00000, 0x0000000089d00000, 0x00000000d6e00000)
  object space 84992K, 0% used [0x0000000084a00000,0x0000000084a14010,0x0000000089d00000)
 Metaspace       used 12401K, capacity 12778K, committed 13056K, reserved 1060864K
  class space    used 1615K, capacity 1736K, committed 1792K, reserved 1048576K
}

Deoptimization events (10 events):
Event: 0.881 Thread 0x0000000059742800 Uncommon trap: reason=class_check action=maybe_recompile pc=0x0000000002c19e90 method=java.io.DataInputStream.readShort()S @ 4
Event: 0.881 Thread 0x0000000059742800 Uncommon trap: reason=class_check action=maybe_recompile pc=0x0000000002c19e90 method=java.io.DataInputStream.readShort()S @ 4
Event: 0.881 Thread 0x0000000059742800 Uncommon trap: reason=class_check action=maybe_recompile pc=0x0000000002c19e90 method=java.io.DataInputStream.readShort()S @ 4
Event: 0.885 Thread 0x0000000059742800 Uncommon trap: reason=class_check action=maybe_recompile pc=0x00000000029fdee0 method=java.lang.String.equals(Ljava/lang/Object;)Z @ 8
Event: 0.885 Thread 0x0000000059742800 Uncommon trap: reason=class_check action=maybe_recompile pc=0x00000000029fdee0 method=java.lang.String.equals(Ljava/lang/Object;)Z @ 8
Event: 0.885 Thread 0x0000000059742800 Uncommon trap: reason=class_check action=maybe_recompile pc=0x00000000029fdee0 method=java.lang.String.equals(Ljava/lang/Object;)Z @ 8
Event: 0.888 Thread 0x0000000059742800 Uncommon trap: reason=class_check action=maybe_recompile pc=0x00000000029fdee0 method=java.lang.String.equals(Ljava/lang/Object;)Z @ 8
Event: 0.914 Thread 0x0000000059742800 Uncommon trap: reason=unstable_if action=reinterpret pc=0x0000000002c73ec8 method=java.lang.String.regionMatches(ZILjava/lang/String;II)Z @ 123
Event: 0.923 Thread 0x0000000059742800 Uncommon trap: reason=unstable_if action=reinterpret pc=0x0000000002c38054 method=java.util.HashMap.putVal(ILjava/lang/Object;Ljava/lang/Object;ZZ)Ljava/lang/Object; @ 193
Event: 1.928 Thread 0x0000000059742800 Uncommon trap: reason=unstable_if action=reinterpret pc=0x0000000002ccb9e8 method=jdk.internal.org.objectweb.asm.Type.getArgumentsAndReturnSizes(Ljava/lang/String;)I @ 47

Internal exceptions (10 events):
Event: 0.305 Thread 0x0000000059742800 Exception <a 'java/security/PrivilegedActionException'> (0x00000000d7ac8f28) thrown at [C:\re\workspace\8-2-build-windows-amd64-cygwin\jdk8u91\6644\hotspot\src\share\vm\prims\jvm.cpp, line 1386]
Event: 0.618 Thread 0x0000000059742800 Exception <a 'java/lang/NullPointerException'> (0x00000000d8634570) thrown at [C:\re\workspace\8-2-build-windows-amd64-cygwin\jdk8u91\6644\hotspot\src\share\vm\interpreter\linkResolver.cpp, line 1178]
Event: 0.618 Thread 0x0000000059742800 Exception <a 'java/lang/NullPointerException'> (0x00000000d8634570) thrown at [C:\re\workspace\8-2-build-windows-amd64-cygwin\jdk8u91\6644\hotspot\src\share\vm\prims\jvm.cpp, line 1390]
Event: 0.704 Thread 0x0000000059742800 Exception <a 'java/lang/ArrayIndexOutOfBoundsException': 58> (0x00000000d8a4f868) thrown at [C:\re\workspace\8-2-build-windows-amd64-cygwin\jdk8u91\6644\hotspot\src\share\vm\interpreter\interpreterRuntime.cpp, line 366]
Event: 0.705 Thread 0x0000000059742800 Exception <a 'java/lang/ArrayIndexOutOfBoundsException': 18> (0x00000000d8a50568) thrown at [C:\re\workspace\8-2-build-windows-amd64-cygwin\jdk8u91\6644\hotspot\src\share\vm\interpreter\interpreterRuntime.cpp, line 366]
Event: 0.705 Thread 0x0000000059742800 Exception <a 'java/lang/ArrayIndexOutOfBoundsException': 86> (0x00000000d8a51910) thrown at [C:\re\workspace\8-2-build-windows-amd64-cygwin\jdk8u91\6644\hotspot\src\share\vm\interpreter\interpreterRuntime.cpp, line 366]
Event: 0.778 Thread 0x0000000059742800 Implicit null exception at 0x0000000002c5f06b to 0x0000000002c5f521
Event: 0.841 Thread 0x0000000059742800 Exception <a 'java/io/FileNotFoundException'> (0x00000000d70d2e20) thrown at [C:\re\workspace\8-2-build-windows-amd64-cygwin\jdk8u91\6644\hotspot\src\share\vm\prims\jni.cpp, line 709]
Event: 2.643 Thread 0x000000005c2e2800 Exception <a 'java/io/FileNotFoundException'> (0x00000000d7d1a0b8) thrown at [C:\re\workspace\8-2-build-windows-amd64-cygwin\jdk8u91\6644\hotspot\src\share\vm\prims\jni.cpp, line 709]
Event: 2.660 Thread 0x000000005c2e2800 Exception <a 'java/io/FileNotFoundException'> (0x00000000d7d36920) thrown at [C:\re\workspace\8-2-build-windows-amd64-cygwin\jdk8u91\6644\hotspot\src\share\vm\prims\jni.cpp, line 709]

Events (10 events):
Event: 2.748 Thread 0x000000005c2e2800 DEOPT PACKING pc=0x0000000002e27b93 sp=0x000000006113ecb0
Event: 2.748 Thread 0x000000005c2e2800 DEOPT UNPACKING pc=0x000000000292787f sp=0x000000006113ea20 mode 0
Event: 2.756 Thread 0x000000005c2e2800 DEOPT PACKING pc=0x0000000002e27b93 sp=0x000000006113ecb0
Event: 2.756 Thread 0x000000005c2e2800 DEOPT UNPACKING pc=0x000000000292787f sp=0x000000006113ea20 mode 0
Event: 2.760 Thread 0x000000005c2e2800 DEOPT PACKING pc=0x0000000002e29b89 sp=0x000000006113ec50
Event: 2.760 Thread 0x000000005c2e2800 DEOPT UNPACKING pc=0x000000000292787f sp=0x000000006113e980 mode 0
Event: 2.761 Thread 0x000000005c2e2800 DEOPT PACKING pc=0x0000000002e27b93 sp=0x000000006113ecc0
Event: 2.762 Thread 0x000000005c2e2800 DEOPT UNPACKING pc=0x000000000292787f sp=0x000000006113ea30 mode 0
Event: 2.767 Thread 0x000000005c2e2800 DEOPT PACKING pc=0x0000000002e29b89 sp=0x000000006113ec60
Event: 2.767 Thread 0x000000005c2e2800 DEOPT UNPACKING pc=0x000000000292787f sp=0x000000006113e990 mode 0


Dynamic libraries:
0x000000013f350000 - 0x000000013f387000 	C:\Program Files\Java\jre1.8.0_91\bin\javaw.exe
0x00000000776a0000 - 0x0000000077849000 	C:\Windows\SYSTEM32\ntdll.dll
0x0000000077580000 - 0x000000007769f000 	C:\Windows\system32\kernel32.dll
0x000007fefd8b0000 - 0x000007fefd91b000 	C:\Windows\system32\KERNELBASE.dll
0x000007fefddc0000 - 0x000007fefde9b000 	C:\Windows\system32\ADVAPI32.dll
0x000007feff7e0000 - 0x000007feff87f000 	C:\Windows\system32\msvcrt.dll
0x000007fefdfd0000 - 0x000007fefdfef000 	C:\Windows\SYSTEM32\sechost.dll
0x000007feff390000 - 0x000007feff4bd000 	C:\Windows\system32\RPCRT4.dll
0x0000000077480000 - 0x000000007757a000 	C:\Windows\system32\USER32.dll
0x000007feff4c0000 - 0x000007feff527000 	C:\Windows\system32\GDI32.dll
0x000007fefdff0000 - 0x000007fefdffe000 	C:\Windows\system32\LPK.dll
0x000007fefdcd0000 - 0x000007fefdd99000 	C:\Windows\system32\USP10.dll
0x000007fefbcb0000 - 0x000007fefbea4000 	C:\Windows\WinSxS\amd64_microsoft.windows.common-controls_6595b64144ccf1df_6.0.7601.17514_none_fa396087175ac9ac\COMCTL32.dll
0x000007fefef80000 - 0x000007fefeff1000 	C:\Windows\system32\SHLWAPI.dll
0x000007fefdc20000 - 0x000007fefdc4e000 	C:\Windows\system32\IMM32.DLL
0x000007feff0a0000 - 0x000007feff1a9000 	C:\Windows\system32\MSCTF.dll
0x000000006a5e0000 - 0x000000006a6b2000 	C:\Program Files\Java\jre1.8.0_91\bin\msvcr100.dll
0x00000000684b0000 - 0x0000000068d43000 	C:\Program Files\Java\jre1.8.0_91\bin\server\jvm.dll
0x000007fef6bb0000 - 0x000007fef6bb9000 	C:\Windows\system32\WSOCK32.dll
0x000007feff880000 - 0x000007feff8cd000 	C:\Windows\system32\WS2_32.dll
0x000007fefe000000 - 0x000007fefe008000 	C:\Windows\system32\NSI.dll
0x000007fef9b90000 - 0x000007fef9bcb000 	C:\Windows\system32\WINMM.dll
0x000007fefc750000 - 0x000007fefc75c000 	C:\Windows\system32\VERSION.dll
0x0000000077860000 - 0x0000000077867000 	C:\Windows\system32\PSAPI.DLL
0x0000000073bd0000 - 0x0000000073bdf000 	C:\Program Files\Java\jre1.8.0_91\bin\verify.dll
0x0000000072760000 - 0x0000000072789000 	C:\Program Files\Java\jre1.8.0_91\bin\java.dll
0x0000000073710000 - 0x0000000073726000 	C:\Program Files\Java\jre1.8.0_91\bin\zip.dll
0x000007fefe010000 - 0x000007fefed98000 	C:\Windows\system32\SHELL32.dll
0x000007feff530000 - 0x000007feff733000 	C:\Windows\system32\ole32.dll
0x000007fefd5f0000 - 0x000007fefd5ff000 	C:\Windows\system32\profapi.dll
0x000007feee040000 - 0x000007feee12f000 	C:\Program Files\Java\jre1.8.0_91\bin\msvcr120.dll
0x000007feee170000 - 0x000007feee216000 	C:\Program Files\Java\jre1.8.0_91\bin\msvcp120.dll
0x000000006c520000 - 0x000000006c543000 	C:\Program Files\Java\jre1.8.0_91\bin\prism_d3d.dll
0x000007fee7480000 - 0x000007fee767f000 	C:\Windows\system32\d3d9.dll
0x000007fefa220000 - 0x000007fefa227000 	C:\Windows\system32\d3d8thk.dll
0x000007fef9e50000 - 0x000007fef9e68000 	C:\Windows\system32\dwmapi.dll
0x000007fefa930000 - 0x000007fefa986000 	C:\Windows\system32\uxtheme.dll
0x000007fee25c0000 - 0x000007fee2e0d000 	C:\Windows\system32\igdumdim64.dll
0x000007fef3630000 - 0x000007fef3a64000 	C:\Windows\system32\igdusc64.dll
0x000000006b750000 - 0x000000006b793000 	C:\Program Files\Java\jre1.8.0_91\bin\glass.dll
0x000007feff000000 - 0x000007feff097000 	C:\Windows\system32\COMDLG32.dll
0x000007feff8d0000 - 0x000007feff9a7000 	C:\Windows\system32\OLEAUT32.dll
0x000007fefd520000 - 0x000007fefd52f000 	C:\Windows\system32\CRYPTBASE.dll
0x000007fee7390000 - 0x000007fee747f000 	C:\Users\Toby\AppData\Local\Temp\javacpp196078320695377\msvcr120.dll
0x000007fee78c0000 - 0x000007fee7966000 	C:\Users\Toby\AppData\Local\Temp\javacpp196078320695377\msvcp120.dll
0x000007fee3fb0000 - 0x000007fee4231000 	C:\Users\Toby\AppData\Local\Temp\javacpp196078320695377\opencv_core300.dll
0x000007fee2240000 - 0x000007fee25bf000 	C:\Users\Toby\AppData\Local\Temp\javacpp196078320695377\opencv_imgproc300.dll
0x000007fee6f00000 - 0x000007fee70b8000 	C:\Users\Toby\AppData\Local\Temp\javacpp196078320695377\jniopencv_core.dll
0x000000006fda0000 - 0x000000006fdb4000 	C:\Program Files\Java\jre1.8.0_91\bin\javafx_font.dll
0x000007fee3980000 - 0x000007fee3afe000 	C:\Windows\system32\dwrite.dll
0x000007feff740000 - 0x000007feff7d9000 	C:\Windows\system32\CLBCatQ.DLL
0x000007fef4c30000 - 0x000007fef4d5a000 	C:\Windows\system32\WindowsCodecs.dll
0x000007fefd4c0000 - 0x000007fefd517000 	C:\Windows\system32\apphelp.dll
0x000007fef3570000 - 0x000007fef3630000 	C:\Program Files (x86)\Google\Drive\googledrivesync64.dll
0x00000000737f0000 - 0x00000000738c3000 	C:\Program Files (x86)\Google\Drive\Microsoft.VC90.CRT\MSVCP90.dll
0x0000000073740000 - 0x00000000737e3000 	C:\Program Files (x86)\Google\Drive\Microsoft.VC90.CRT\MSVCR90.dll
0x000007fef34a0000 - 0x000007fef34e0000 	C:\Program Files (x86)\Dropbox\Client\DropboxExt64.34.dll
0x000007feef840000 - 0x000007feef86d000 	C:\Program Files\Common Files\Microsoft Shared\Ink\rtscom.dll
0x000000006fd80000 - 0x000000006fd91000 	C:\Program Files\Java\jre1.8.0_91\bin\prism_common.dll
0x000007feef250000 - 0x000007feef274000 	C:\Users\Toby\AppData\Local\Temp\javacpp196078320695377\jnivideoInputLib.dll
0x000007fef0dd0000 - 0x000007fef0de6000 	C:\Windows\system32\devenum.dll
0x000007feff1b0000 - 0x000007feff387000 	C:\Windows\system32\setupapi.dll
0x000007fefd830000 - 0x000007fefd866000 	C:\Windows\system32\CFGMGR32.dll
0x000007fefd6a0000 - 0x000007fefd6ba000 	C:\Windows\system32\DEVOBJ.dll
0x000007fefc3f0000 - 0x000007fefc41d000 	C:\Windows\system32\ntmarta.dll
0x000007fefeda0000 - 0x000007fefedf2000 	C:\Windows\system32\WLDAP32.dll
0x000007fefd870000 - 0x000007fefd8aa000 	C:\Windows\system32\WINTRUST.dll
0x000007fefd6c0000 - 0x000007fefd827000 	C:\Windows\system32\CRYPT32.dll
0x000007fefd690000 - 0x000007fefd69f000 	C:\Windows\system32\MSASN1.dll
0x000007fef0990000 - 0x000007fef099d000 	C:\Windows\system32\msdmo.dll
0x000007feef220000 - 0x000007feef24f000 	C:\Windows\system32\qcap.dll
0x000007fee4d00000 - 0x000007fee4eb2000 	C:\Windows\system32\quartz.dll
0x000007feee300000 - 0x000007feee341000 	C:\Windows\system32\ksproxy.ax
0x00000000753b0000 - 0x00000000753b6000 	C:\Windows\system32\ksuser.dll
0x000007feee370000 - 0x000007feee394000 	C:\Windows\system32\kswdmcap.ax
0x000007fee20e0000 - 0x000007fee223c000 	C:\Windows\system32\MFC42.dll
0x000007fee72d0000 - 0x000007fee7381000 	C:\Windows\system32\ODBC32.dll
0x000000006b710000 - 0x000000006b748000 	C:\Windows\system32\odbcint.dll
0x000007fef5410000 - 0x000007fef541b000 	C:\Windows\system32\vidcap.ax
0x000007fee3f10000 - 0x000007fee3fab000 	C:\Windows\System32\qedit.dll
0x000007feee140000 - 0x000007feee169000 	C:\Windows\System32\MSVFW32.dll
0x000007fef9bd0000 - 0x000007fef9de5000 	C:\Windows\WinSxS\amd64_microsoft.windows.gdiplus_6595b64144ccf1df_1.1.7601.17514_none_2b24536c71ed437a\gdiplus.dll
0x000007fef1400000 - 0x000007fef14f1000 	C:\Windows\system32\DDRAW.dll
0x000007fef13f0000 - 0x000007fef13f8000 	C:\Windows\system32\DCIMAN32.dll
0x000007fee38d0000 - 0x000007fee3975000 	C:\Users\Toby\AppData\Local\Temp\javacpp196078320695377\jniopencv_imgproc.dll
0x0000000067b80000 - 0x0000000067d18000 	C:\Program Files\Java\jre1.8.0_91\bin\awt.dll
0x000007fef0f90000 - 0x000007fef10b5000 	C:\Windows\system32\dbghelp.dll

VM Arguments:
jvm_args: -Dfile.encoding=Cp1252 
java_command: application.Main
java_class_path (initial): C:\Users\Toby\git\Drone_group_11\Drone_group_11\bin;C:\Users\Toby\Downloads\eclipse-jee-mars-2-win32-x86_64\eclipse\plugins\org.eclipse.fx.ide.css.jfx8_2.3.0.201603030809.jar;C:\Users\Toby\Downloads\JAVACV_JAR-2016-06-03\JAVACV JAR\javacv-bin\artoolkitplus.jar;C:\Users\Toby\Downloads\JAVACV_JAR-2016-06-03\JAVACV JAR\javacv-bin\artoolkitplus-android-arm.jar;C:\Users\Toby\Downloads\JAVACV_JAR-2016-06-03\JAVACV JAR\javacv-bin\artoolkitplus-android-x86.jar;C:\Users\Toby\Downloads\JAVACV_JAR-2016-06-03\JAVACV JAR\javacv-bin\artoolkitplus-linux-x86.jar;C:\Users\Toby\Downloads\JAVACV_JAR-2016-06-03\JAVACV JAR\javacv-bin\artoolkitplus-linux-x86_64.jar;C:\Users\Toby\Downloads\JAVACV_JAR-2016-06-03\JAVACV JAR\javacv-bin\artoolkitplus-macosx-x86_64.jar;C:\Users\Toby\Downloads\JAVACV_JAR-2016-06-03\JAVACV JAR\javacv-bin\artoolkitplus-windows-x86.jar;C:\Users\Toby\Downloads\JAVACV_JAR-2016-06-03\JAVACV JAR\javacv-bin\artoolkitplus-windows-x86_64.jar;C:\Users\Toby\Downloads\JAVACV_JAR-2016-06-03\JAVACV JAR\javacv-bin\ffmpeg.jar;C:\Users\Toby\Downloads\JAVACV_JAR-2016-06-03\JAVACV JAR\javacv-bin\ffmpeg-android-arm.jar;C:\Users\Toby\Downloads\JAVACV_JAR-2016-06-03\JAVACV JAR\javacv-bin\ffmpeg-android-x86.jar;C:\Users\Toby\Downloads\JAVACV_JAR-2016-06-03\JAVACV JAR\javacv-bin\ffmpeg-linux-x86.jar;C:\Users\Toby\Downloads\JAVACV_JAR-2016-06-03\JAVACV JAR\javacv-bin\ffmpeg-linux-x86_64.jar;C:\Users\Toby\Downloads\JAVACV_JAR-2016-06-03\JAVACV JAR\javacv-bin\ffmpeg-macosx-x86_64.jar;C:\Users\Toby\Downloads\JAVACV_JAR-2016-06-03\JAVACV JAR\javacv-bin\ffmpeg-windows-x86.jar;C:\Users\Toby\Downloads\JAVACV_JAR-2016-06-03\JAVACV JAR\javacv-bin\ffmpeg-windows-x86_64.jar;C:\Users\Toby\Downloads\JAVACV_JAR-2016-06-03\JAVACV JAR\javacv-bin\flandmark.jar;C:\Users\Toby\Downloads\JAVACV_JAR-2016-06-03\JAVACV JAR\javacv-bin\flandmark-android-arm.jar;C:\Users\Toby\Downloads\JAVACV_JAR-2016-06-03\JAVACV JAR\javacv-bin\flandmark-android-x86.jar;C:\Users\Toby\Downloads\JAVACV
Launcher Type: SUN_STANDARD

Environment Variables:
PATH=C:/Program Files/Java/jre1.8.0_91/bin/server;C:/Program Files/Java/jre1.8.0_91/bin;C:/Program Files/Java/jre1.8.0_91/lib/amd64;C:\Program Files (x86)\Intel\iCLS Client\;C:\Program Files\Intel\iCLS Client\;C:\ProgramData\Oracle\Java\javapath;C:\Windows\system32;C:\Windows;C:\Windows\System32\Wbem;C:\Windows\System32\WindowsPowerShell\v1.0\;C:\Program Files (x86)\Intel\OpenCL SDK\3.0\bin\x86;C:\Program Files (x86)\Intel\OpenCL SDK\3.0\bin\x64;C:\Program Files\Intel\WiFi\bin\;C:\Program Files\Common Files\Intel\WirelessCommon\;C:\Program Files\Intel\Intel(R) Management Engine Components\DAL;C:\Program Files\Intel\Intel(R) Management Engine Components\IPT;C:\Program Files (x86)\Intel\Intel(R) Management Engine Components\DAL;C:\Program Files (x86)\Intel\Intel(R) Management Engine Components\IPT;C:\Program Files (x86)\Skype\Phone\;C:\Program Files\Intel\WiFi\bin\;C:\Program Files\Common Files\Intel\WirelessCommon\;C:\Users\Toby\Downloads\eclipse-jee-mars-2-win32-x86_64\eclipse;
USERNAME=Toby
OS=Windows_NT
PROCESSOR_IDENTIFIER=Intel64 Family 6 Model 60 Stepping 3, GenuineIntel



---------------  S Y S T E M  ---------------

OS: Windows 7 , 64 bit Build 7601 (6.1.7601.17514)

CPU:total 4 (2 cores per cpu, 2 threads per core) family 6 model 60 stepping 3, cmov, cx8, fxsr, mmx, sse, sse2, sse3, ssse3, sse4.1, sse4.2, popcnt, avx, avx2, aes, clmul, erms, lzcnt, ht, tsc, tscinvbit, bmi1, bmi2

Memory: 4k page, physical 8084660k(4010820k free), swap 16167476k(10231344k free)

vm_info: Java HotSpot(TM) 64-Bit Server VM (25.91-b14) for windows-amd64 JRE (1.8.0_91-b14), built on Apr  1 2016 00:58:32 by "java_re" with MS VC++ 10.0 (VS2010)

time: Thu Jun 09 16:00:26 2016
elapsed time: 2 seconds (0d 0h 0m 2s)

