#
# A fatal error has been detected by the Java Runtime Environment:
#
#  EXCEPTION_ACCESS_VIOLATION (0xc0000005) at pc=0x00000000776a9eae, pid=3096, tid=4944
#
# JRE version: Java(TM) SE Runtime Environment (8.0_91-b14) (build 1.8.0_91-b14)
# Java VM: Java HotSpot(TM) 64-Bit Server VM (25.91-b14 mixed mode windows-amd64 compressed oops)
# Problematic frame:
# C  [ntdll.dll+0x49eae]
#
# Failed to write core dump. Minidumps are not enabled by default on client versions of Windows
#
# If you would like to submit a bug report, please visit:
#   http://bugreport.java.com/bugreport/crash.jsp
#

---------------  T H R E A D  ---------------

Current thread (0x000000005c652800):  JavaThread "VideoManager" [_thread_in_vm, id=4944, stack(0x000000005ef70000,0x000000005f070000)]

siginfo: ExceptionCode=0xc0000005, reading address 0xffffffffffffffff

Registers:
RAX=0x0000000000000302, RBX=0x0000000001ba0000, RCX=0x0000000000005162, RDX=0x0404000103040404
RSP=0x000000005f06d660, RBP=0x0000000000000000, RSI=0x0000000000000000, RDI=0x000000097b0ba3d9
R8 =0x0000000001ba36f0, R9 =0x0000000000100000, R10=0x0000000001ba0158, R11=0x00000000000006fe
R12=0x0000000077775430, R13=0x0000000000005464, R14=0x0000000000000002, R15=0x0000000077775401
RIP=0x00000000776a9eae, EFLAGS=0x0000000000010206

Top of Stack: (sp=0x000000005f06d660)
0x000000005f06d660:   000000005f06d7c8 000000005f06d6d0
0x000000005f06d670:   0000000000000000 000000006a4abbc3
0x000000005f06d680:   000000005f06d710 0000000002808331
0x000000005f06d690:   000000015c652801 0000000077775401
0x000000005f06d6a0:   0000000000000000 0000000002925831
0x000000005f06d6b0:   0000000056a10628 0000000000000000
0x000000005f06d6c0:   000000005d476450 0000000000000000
0x000000005f06d6d0:   00000000d85f5c60 000200007e850000
0x000000005f06d6e0:   00000000d85f5c60 0000000003026560
0x000000005f06d6f0:   0000000000000000 000000000000a8c8
0x000000005f06d700:   000000005c652800 000000006a4241f7
0x000000005f06d710:   00000000d858535c 0000000002e19654
0x000000005f06d720:   00000000d829f648 000000097b0ba3d9
0x000000005f06d730:   00000000d8585328 000000006a5711c9
0x000000005f06d740:   0000000016a107a8 000000000000a8c8
0x000000005f06d750:   00000000d85f5c60 000000005c652800 

Instructions: (pc=0x00000000776a9eae)
0x00000000776a9e8e:   40 30 4a 8b 14 d8 48 89 94 24 a8 01 00 00 4c 3b
0x00000000776a9e9e:   d2 0f 84 6b 99 00 00 45 85 c9 0f 84 79 5c 01 00
0x00000000776a9eae:   8b 42 f8 89 84 24 70 03 00 00 44 8b 4b 7c 41 85
0x00000000776a9ebe:   c1 74 0d 33 83 88 00 00 00 89 84 24 70 03 00 00 


Register to memory mapping:

RAX=0x0000000000000302 is an unknown value
RBX=0x0000000001ba0000 is an unknown value
RCX=0x0000000000005162 is an unknown value
RDX=0x0404000103040404 is an unknown value
RSP=0x000000005f06d660 is pointing into the stack for thread: 0x000000005c652800
RBP=0x0000000000000000 is an unknown value
RSI=0x0000000000000000 is an unknown value
RDI=0x000000097b0ba3d9 is an unknown value
R8 =0x0000000001ba36f0 is an unknown value
R9 =0x0000000000100000 is an unknown value
R10=0x0000000001ba0158 is an unknown value
R11=0x00000000000006fe is an unknown value
R12=0x0000000077775430 is an unknown value
R13=0x0000000000005464 is an unknown value
R14=0x0000000000000002 is an unknown value
R15=0x0000000077775401 is an unknown value


Stack: [0x000000005ef70000,0x000000005f070000],  sp=0x000000005f06d660,  free space=1013k
Native frames: (J=compiled Java code, j=interpreted, Vv=VM code, C=native code)

Java frames: (J=compiled Java code, j=interpreted, Vv=VM code)
j  com.xuggle.xuggler.XugglerJNI.IStreamCoder_decodeVideo(JLcom/xuggle/xuggler/IStreamCoder;JLcom/xuggle/xuggler/IVideoPicture;JLcom/xuggle/xuggler/IPacket;I)I+0
j  com.xuggle.xuggler.IStreamCoder.decodeVideo(Lcom/xuggle/xuggler/IVideoPicture;Lcom/xuggle/xuggler/IPacket;I)I+16
j  de.yadrone.base.video.xuggler.XugglerDecoder.decode(Ljava/io/InputStream;)V+262
j  de.yadrone.base.video.VideoManager.run()V+55
j  java.lang.Thread.run()V+11
v  ~StubRoutines::call_stub

---------------  P R O C E S S  ---------------

Java Threads: ( => current thread )
  0x000000005c655000 JavaThread "Thread-11" [_thread_in_native, id=568, stack(0x0000000060b90000,0x0000000060c90000)]
  0x000000005c654000 JavaThread "Thread-10" [_thread_in_native, id=4300, stack(0x000000005ff20000,0x0000000060020000)]
  0x000000005c653000 JavaThread "Thread-7" [_thread_blocked, id=5240, stack(0x000000005f720000,0x000000005f820000)]
=>0x000000005c652800 JavaThread "VideoManager" [_thread_in_vm, id=4944, stack(0x000000005ef70000,0x000000005f070000)]
  0x000000005c651800 JavaThread "NavDataManager" [_thread_in_native, id=5976, stack(0x000000005f490000,0x000000005f590000)]
  0x0000000059c39000 JavaThread "CommandManager" [_thread_blocked, id=1788, stack(0x000000005e820000,0x000000005e920000)]
  0x0000000059c2c800 JavaThread "YADrone CommandManager Timer" [_thread_blocked, id=6020, stack(0x000000005f0b0000,0x000000005f1b0000)]
  0x000000005c644800 JavaThread "Prism Font Disposer" daemon [_thread_blocked, id=2348, stack(0x000000005e920000,0x000000005ea20000)]
  0x0000000059646800 JavaThread "Thread-3" daemon [_thread_in_native, id=1548, stack(0x000000005bc50000,0x000000005bd50000)]
  0x0000000059698000 JavaThread "JavaFX-Launcher" [_thread_blocked, id=1892, stack(0x000000005c360000,0x000000005c460000)]
  0x000000005961b800 JavaThread "JavaFX Application Thread" [_thread_in_native, id=3076, stack(0x000000005a4e0000,0x000000005a5e0000)]
  0x000000005960c800 JavaThread "Thread-1" daemon [_thread_blocked, id=5636, stack(0x000000005a610000,0x000000005a710000)]
  0x0000000059039000 JavaThread "QuantumRenderer-0" daemon [_thread_blocked, id=2808, stack(0x0000000059e30000,0x0000000059f30000)]
  0x0000000058cc1800 JavaThread "Service Thread" daemon [_thread_blocked, id=468, stack(0x00000000594c0000,0x00000000595c0000)]
  0x0000000058c60000 JavaThread "C1 CompilerThread2" daemon [_thread_blocked, id=2240, stack(0x0000000059340000,0x0000000059440000)]
  0x000000005740f800 JavaThread "C2 CompilerThread1" daemon [_thread_blocked, id=5872, stack(0x0000000059110000,0x0000000059210000)]
  0x000000005740d800 JavaThread "C2 CompilerThread0" daemon [_thread_blocked, id=656, stack(0x0000000058b50000,0x0000000058c50000)]
  0x000000005740b000 JavaThread "Attach Listener" daemon [_thread_blocked, id=2128, stack(0x0000000058a20000,0x0000000058b20000)]
  0x0000000057407800 JavaThread "Signal Dispatcher" daemon [_thread_blocked, id=5664, stack(0x00000000588c0000,0x00000000589c0000)]
  0x00000000573ec000 JavaThread "Finalizer" daemon [_thread_blocked, id=3144, stack(0x00000000586b0000,0x00000000587b0000)]
  0x00000000573a4800 JavaThread "Reference Handler" daemon [_thread_blocked, id=1100, stack(0x0000000058500000,0x0000000058600000)]
  0x0000000001bae800 JavaThread "main" [_thread_blocked, id=2280, stack(0x0000000002430000,0x0000000002530000)]

Other Threads:
  0x000000005739d000 VMThread [stack: 0x0000000058390000,0x0000000058490000] [id=2596]
  0x0000000058cf5000 WatcherThread [stack: 0x0000000059210000,0x0000000059310000] [id=1088]

VM state:not at safepoint (normal execution)

VM Mutex/Monitor currently owned by a thread: None

Heap:
 PSYoungGen      total 36864K, used 29482K [0x00000000d6e00000, 0x00000000d9700000, 0x0000000100000000)
  eden space 31744K, 78% used [0x00000000d6e00000,0x00000000d864a2a0,0x00000000d8d00000)
  from space 5120K, 90% used [0x00000000d8d00000,0x00000000d9180660,0x00000000d9200000)
  to   space 5120K, 0% used [0x00000000d9200000,0x00000000d9200000,0x00000000d9700000)
 ParOldGen       total 84992K, used 72K [0x0000000084a00000, 0x0000000089d00000, 0x00000000d6e00000)
  object space 84992K, 0% used [0x0000000084a00000,0x0000000084a12010,0x0000000089d00000)
 Metaspace       used 19566K, capacity 20232K, committed 20480K, reserved 1067008K
  class space    used 2514K, capacity 2717K, committed 2816K, reserved 1048576K

Card table byte_map: [0x0000000011bc0000,0x0000000011fa0000] byte_map_base: 0x000000001179b000

Marking Bits: (ParMarkBitMap*) 0x000000006ab42f70
 Begin Bits: [0x0000000012880000, 0x0000000014758000)
 End Bits:   [0x0000000014758000, 0x0000000016630000)

Polling page: 0x0000000000220000

CodeCache: size=245760Kb used=6798Kb max_used=6859Kb free=238961Kb
 bounds [0x0000000002800000, 0x0000000002ec0000, 0x0000000011800000]
 total_blobs=2856 nmethods=2127 adapters=641
 compilation: enabled

Compilation events (10 events):
Event: 46.231 Thread 0x0000000058c60000 2155       3       java.util.regex.Pattern$BmpCharProperty::match (50 bytes)
Event: 46.231 Thread 0x0000000058c60000 nmethod 2155 0x00000000029a1f90 code [0x00000000029a2120, 0x00000000029a25c8]
Event: 46.232 Thread 0x0000000058c60000 2156       3       java.util.Formatter$Flags::contains (22 bytes)
Event: 46.232 Thread 0x0000000058c60000 nmethod 2156 0x0000000002908bd0 code [0x0000000002908d40, 0x0000000002908f50]
Event: 46.234 Thread 0x0000000058c60000 2158       3       java.util.regex.Pattern$GroupHead::match (47 bytes)
Event: 46.234 Thread 0x0000000058c60000 nmethod 2158 0x0000000002915f50 code [0x00000000029160c0, 0x0000000002916368]
Event: 46.234 Thread 0x0000000058c60000 2159       3       java.util.regex.Matcher::groupCount (10 bytes)
Event: 46.234 Thread 0x0000000058c60000 nmethod 2159 0x000000000292d750 code [0x000000000292d8a0, 0x000000000292d9f0]
Event: 46.234 Thread 0x0000000058c60000 2160       1       sun.util.calendar.CalendarDate::getYear (5 bytes)
Event: 46.234 Thread 0x0000000058c60000 nmethod 2160 0x0000000002910990 code [0x0000000002910ae0, 0x0000000002910bf0]

GC Heap History (2 events):
Event: 0.975 GC heap before
{Heap before GC invocations=1 (full 0):
 PSYoungGen      total 36864K, used 31744K [0x00000000d6e00000, 0x00000000d9700000, 0x0000000100000000)
  eden space 31744K, 100% used [0x00000000d6e00000,0x00000000d8d00000,0x00000000d8d00000)
  from space 5120K, 0% used [0x00000000d9200000,0x00000000d9200000,0x00000000d9700000)
  to   space 5120K, 0% used [0x00000000d8d00000,0x00000000d8d00000,0x00000000d9200000)
 ParOldGen       total 84992K, used 0K [0x0000000084a00000, 0x0000000089d00000, 0x00000000d6e00000)
  object space 84992K, 0% used [0x0000000084a00000,0x0000000084a00000,0x0000000089d00000)
 Metaspace       used 12429K, capacity 12772K, committed 13056K, reserved 1060864K
  class space    used 1614K, capacity 1735K, committed 1792K, reserved 1048576K
Event: 0.982 GC heap after
Heap after GC invocations=1 (full 0):
 PSYoungGen      total 36864K, used 4609K [0x00000000d6e00000, 0x00000000d9700000, 0x0000000100000000)
  eden space 31744K, 0% used [0x00000000d6e00000,0x00000000d6e00000,0x00000000d8d00000)
  from space 5120K, 90% used [0x00000000d8d00000,0x00000000d9180660,0x00000000d9200000)
  to   space 5120K, 0% used [0x00000000d9200000,0x00000000d9200000,0x00000000d9700000)
 ParOldGen       total 84992K, used 72K [0x0000000084a00000, 0x0000000089d00000, 0x00000000d6e00000)
  object space 84992K, 0% used [0x0000000084a00000,0x0000000084a12010,0x0000000089d00000)
 Metaspace       used 12429K, capacity 12772K, committed 13056K, reserved 1060864K
  class space    used 1614K, capacity 1735K, committed 1792K, reserved 1048576K
}

Deoptimization events (10 events):
Event: 1.134 Thread 0x000000005961b800 Uncommon trap: reason=unstable_if action=reinterpret pc=0x0000000002b9414c method=java.lang.String.regionMatches(ZILjava/lang/String;II)Z @ 123
Event: 1.146 Thread 0x000000005961b800 Uncommon trap: reason=unstable_if action=reinterpret pc=0x0000000002b60ad4 method=java.util.HashMap.putVal(ILjava/lang/Object;Ljava/lang/Object;ZZ)Ljava/lang/Object; @ 193
Event: 32.948 Thread 0x0000000059039000 Uncommon trap: reason=unstable_if action=reinterpret pc=0x0000000002d23bb8 method=com.sun.prism.impl.BaseContext.flushVertexBuffer()V @ 11
Event: 35.651 Thread 0x000000005961b800 Uncommon trap: reason=unstable_if action=reinterpret pc=0x0000000002c39128 method=jdk.internal.org.objectweb.asm.Type.getArgumentsAndReturnSizes(Ljava/lang/String;)I @ 47
Event: 40.770 Thread 0x0000000059c3b000 Uncommon trap: reason=predicate action=maybe_recompile pc=0x0000000002abebd4 method=sun.net.www.ParseUtil.encodePath(Ljava/lang/String;Z)Ljava/lang/String; @ 36
Event: 40.802 Thread 0x000000005c652800 Uncommon trap: reason=unstable_if action=reinterpret pc=0x0000000002c06080 method=java.util.HashMap.isEmpty()Z @ 4
Event: 40.837 Thread 0x000000005c652800 Uncommon trap: reason=unstable_if action=reinterpret pc=0x0000000002aeb260 method=java.net.URI.match(CJJ)Z @ 45
Event: 40.866 Thread 0x000000005c652800 Uncommon trap: reason=bimorphic action=maybe_recompile pc=0x0000000002c6dd7c method=java.io.FilterInputStream.read([BII)I @ 7
Event: 40.866 Thread 0x000000005c652800 Uncommon trap: reason=bimorphic action=maybe_recompile pc=0x0000000002c6dd7c method=java.io.FilterInputStream.read([BII)I @ 7
Event: 40.867 Thread 0x000000005c652800 Uncommon trap: reason=unstable_if action=reinterpret pc=0x0000000002c8c06c method=java.util.WeakHashMap.expungeStaleEntries()V @ 9

Internal exceptions (10 events):
Event: 0.455 Thread 0x000000005961b800 Exception <a 'java/security/PrivilegedActionException'> (0x00000000d7ab85a8) thrown at [C:\re\workspace\8-2-build-windows-amd64-cygwin\jdk8u91\6644\hotspot\src\share\vm\prims\jvm.cpp, line 1386]
Event: 0.455 Thread 0x000000005961b800 Exception <a 'java/security/PrivilegedActionException'> (0x00000000d7ab98d0) thrown at [C:\re\workspace\8-2-build-windows-amd64-cygwin\jdk8u91\6644\hotspot\src\share\vm\prims\jvm.cpp, line 1386]
Event: 0.455 Thread 0x000000005961b800 Exception <a 'java/security/PrivilegedActionException'> (0x00000000d7ab9cc8) thrown at [C:\re\workspace\8-2-build-windows-amd64-cygwin\jdk8u91\6644\hotspot\src\share\vm\prims\jvm.cpp, line 1386]
Event: 0.829 Thread 0x000000005961b800 Exception <a 'java/lang/NullPointerException'> (0x00000000d862dff8) thrown at [C:\re\workspace\8-2-build-windows-amd64-cygwin\jdk8u91\6644\hotspot\src\share\vm\interpreter\linkResolver.cpp, line 1178]
Event: 0.829 Thread 0x000000005961b800 Exception <a 'java/lang/NullPointerException'> (0x00000000d862dff8) thrown at [C:\re\workspace\8-2-build-windows-amd64-cygwin\jdk8u91\6644\hotspot\src\share\vm\prims\jvm.cpp, line 1390]
Event: 0.914 Thread 0x000000005961b800 Exception <a 'java/lang/ArrayIndexOutOfBoundsException': 58> (0x00000000d8a477f0) thrown at [C:\re\workspace\8-2-build-windows-amd64-cygwin\jdk8u91\6644\hotspot\src\share\vm\interpreter\interpreterRuntime.cpp, line 366]
Event: 0.914 Thread 0x000000005961b800 Exception <a 'java/lang/ArrayIndexOutOfBoundsException': 18> (0x00000000d8a484f0) thrown at [C:\re\workspace\8-2-build-windows-amd64-cygwin\jdk8u91\6644\hotspot\src\share\vm\interpreter\interpreterRuntime.cpp, line 366]
Event: 0.915 Thread 0x000000005961b800 Exception <a 'java/lang/ArrayIndexOutOfBoundsException': 86> (0x00000000d8a49898) thrown at [C:\re\workspace\8-2-build-windows-amd64-cygwin\jdk8u91\6644\hotspot\src\share\vm\interpreter\interpreterRuntime.cpp, line 366]
Event: 0.985 Thread 0x000000005961b800 Implicit null exception at 0x0000000002b6a96b to 0x0000000002b6ae21
Event: 1.062 Thread 0x000000005961b800 Exception <a 'java/io/FileNotFoundException'> (0x00000000d70cde78) thrown at [C:\re\workspace\8-2-build-windows-amd64-cygwin\jdk8u91\6644\hotspot\src\share\vm\prims\jni.cpp, line 709]

Events (10 events):
Event: 46.230 loading class com/xuggle/ferry/JNIMemoryParachute done
Event: 46.230 Thread 0x000000005c655000 Thread added: 0x000000005c655000
Event: 46.230 Executing VM operation: RevokeBias
Event: 46.231 Executing VM operation: RevokeBias done
Event: 46.231 Executing VM operation: RevokeBias
Event: 46.231 Executing VM operation: RevokeBias done
Event: 46.231 Executing VM operation: RevokeBias
Event: 46.231 Executing VM operation: RevokeBias done
Event: 46.233 Executing VM operation: RevokeBias
Event: 46.233 Executing VM operation: RevokeBias done


Dynamic libraries:
0x000000013fcb0000 - 0x000000013fce7000 	C:\Program Files\Java\jre1.8.0_91\bin\javaw.exe
0x0000000077660000 - 0x0000000077809000 	C:\Windows\SYSTEM32\ntdll.dll
0x0000000077540000 - 0x000000007765f000 	C:\Windows\system32\kernel32.dll
0x000007fefd6a0000 - 0x000007fefd70b000 	C:\Windows\system32\KERNELBASE.dll
0x000007fefe420000 - 0x000007fefe4fb000 	C:\Windows\system32\ADVAPI32.dll
0x000007fefdce0000 - 0x000007fefdd7f000 	C:\Windows\system32\msvcrt.dll
0x000007fefda00000 - 0x000007fefda1f000 	C:\Windows\SYSTEM32\sechost.dll
0x000007fefdf60000 - 0x000007fefe08d000 	C:\Windows\system32\RPCRT4.dll
0x0000000077440000 - 0x000000007753a000 	C:\Windows\system32\USER32.dll
0x000007fefdc40000 - 0x000007fefdca7000 	C:\Windows\system32\GDI32.dll
0x000007feff880000 - 0x000007feff88e000 	C:\Windows\system32\LPK.dll
0x000007fefe500000 - 0x000007fefe5c9000 	C:\Windows\system32\USP10.dll
0x000007fefbc70000 - 0x000007fefbe64000 	C:\Windows\WinSxS\amd64_microsoft.windows.common-controls_6595b64144ccf1df_6.0.7601.17514_none_fa396087175ac9ac\COMCTL32.dll
0x000007fefe090000 - 0x000007fefe101000 	C:\Windows\system32\SHLWAPI.dll
0x000007fefdcb0000 - 0x000007fefdcde000 	C:\Windows\system32\IMM32.DLL
0x000007fefe850000 - 0x000007fefe959000 	C:\Windows\system32\MSCTF.dll
0x0000000073620000 - 0x00000000736f2000 	C:\Program Files\Java\jre1.8.0_91\bin\msvcr100.dll
0x000000006a330000 - 0x000000006abc3000 	C:\Program Files\Java\jre1.8.0_91\bin\server\jvm.dll
0x000007fef7430000 - 0x000007fef7439000 	C:\Windows\system32\WSOCK32.dll
0x000007fefe110000 - 0x000007fefe15d000 	C:\Windows\system32\WS2_32.dll
0x000007fefdc30000 - 0x000007fefdc38000 	C:\Windows\system32\NSI.dll
0x000007fef9e90000 - 0x000007fef9ecb000 	C:\Windows\system32\WINMM.dll
0x000007fefc710000 - 0x000007fefc71c000 	C:\Windows\system32\VERSION.dll
0x0000000077830000 - 0x0000000077837000 	C:\Windows\system32\PSAPI.DLL
0x00000000734f0000 - 0x00000000734ff000 	C:\Program Files\Java\jre1.8.0_91\bin\verify.dll
0x00000000734c0000 - 0x00000000734e9000 	C:\Program Files\Java\jre1.8.0_91\bin\java.dll
0x00000000734a0000 - 0x00000000734b6000 	C:\Program Files\Java\jre1.8.0_91\bin\zip.dll
0x000007fefea90000 - 0x000007feff818000 	C:\Windows\system32\SHELL32.dll
0x000007fefda20000 - 0x000007fefdc23000 	C:\Windows\system32\ole32.dll
0x000007fefd5b0000 - 0x000007fefd5bf000 	C:\Windows\system32\profapi.dll
0x000007fef45f0000 - 0x000007fef46df000 	C:\Program Files\Java\jre1.8.0_91\bin\msvcr120.dll
0x000007feef570000 - 0x000007feef616000 	C:\Program Files\Java\jre1.8.0_91\bin\msvcp120.dll
0x00000000735f0000 - 0x0000000073613000 	C:\Program Files\Java\jre1.8.0_91\bin\prism_d3d.dll
0x000007feee920000 - 0x000007feeeb1f000 	C:\Windows\system32\d3d9.dll
0x000007fef5630000 - 0x000007fef5637000 	C:\Windows\system32\d3d8thk.dll
0x000007fefa150000 - 0x000007fefa168000 	C:\Windows\system32\dwmapi.dll
0x000007fefa8f0000 - 0x000007fefa946000 	C:\Windows\system32\uxtheme.dll
0x000007feee0d0000 - 0x000007feee91d000 	C:\Windows\system32\igdumdim64.dll
0x000007fef3740000 - 0x000007fef3b74000 	C:\Windows\system32\igdusc64.dll
0x0000000070060000 - 0x00000000700a3000 	C:\Program Files\Java\jre1.8.0_91\bin\glass.dll
0x000007fefe380000 - 0x000007fefe417000 	C:\Windows\system32\COMDLG32.dll
0x000007feff890000 - 0x000007feff967000 	C:\Windows\system32\OLEAUT32.dll
0x000007fefd4e0000 - 0x000007fefd4ef000 	C:\Windows\system32\CRYPTBASE.dll
0x000007feedfe0000 - 0x000007feee0cf000 	C:\Users\Toby\AppData\Local\Temp\javacpp550322945549\msvcr120.dll
0x000007feeeb60000 - 0x000007feeec06000 	C:\Users\Toby\AppData\Local\Temp\javacpp550322945549\msvcp120.dll
0x000007feedd50000 - 0x000007feedfd1000 	C:\Users\Toby\AppData\Local\Temp\javacpp550322945549\opencv_core300.dll
0x000007feed9d0000 - 0x000007feedd4f000 	C:\Users\Toby\AppData\Local\Temp\javacpp550322945549\opencv_imgproc300.dll
0x000007feed810000 - 0x000007feed9c8000 	C:\Users\Toby\AppData\Local\Temp\javacpp550322945549\jniopencv_core.dll
0x0000000070040000 - 0x0000000070054000 	C:\Program Files\Java\jre1.8.0_91\bin\javafx_font.dll
0x000007feed690000 - 0x000007feed80e000 	C:\Windows\system32\dwrite.dll
0x000007fefe160000 - 0x000007fefe1f9000 	C:\Windows\system32\CLBCatQ.DLL
0x000007fef4f00000 - 0x000007fef502a000 	C:\Windows\system32\WindowsCodecs.dll
0x000007fefd480000 - 0x000007fefd4d7000 	C:\Windows\system32\apphelp.dll
0x000007fef3670000 - 0x000007fef3730000 	C:\Program Files (x86)\Google\Drive\googledrivesync64.dll
0x00000000737b0000 - 0x0000000073883000 	C:\Program Files (x86)\Google\Drive\Microsoft.VC90.CRT\MSVCP90.dll
0x0000000073700000 - 0x00000000737a3000 	C:\Program Files (x86)\Google\Drive\Microsoft.VC90.CRT\MSVCR90.dll
0x000007fef35d0000 - 0x000007fef3610000 	C:\Program Files (x86)\Dropbox\Client\DropboxExt64.34.dll
0x000007fef4e80000 - 0x000007fef4ead000 	C:\Program Files\Common Files\Microsoft Shared\Ink\rtscom.dll
0x0000000070020000 - 0x0000000070031000 	C:\Program Files\Java\jre1.8.0_91\bin\prism_common.dll
0x0000000073480000 - 0x000000007349a000 	C:\Program Files\Java\jre1.8.0_91\bin\net.dll
0x000007fefce20000 - 0x000007fefce75000 	C:\Windows\system32\mswsock.dll
0x000007fefce10000 - 0x000007fefce17000 	C:\Windows\System32\wship6.dll
0x000007fefce80000 - 0x000007fefce97000 	C:\Windows\system32\CRYPTSP.dll
0x000007fefcb80000 - 0x000007fefcbc7000 	C:\Windows\system32\rsaenh.dll
0x000007fefc8f0000 - 0x000007fefc90e000 	C:\Windows\system32\USERENV.dll
0x000007fefbb80000 - 0x000007fefbba7000 	C:\Windows\system32\IPHLPAPI.DLL
0x000007fefbb70000 - 0x000007fefbb7b000 	C:\Windows\system32\WINNSI.DLL
0x000007fefb980000 - 0x000007fefb998000 	C:\Windows\system32\dhcpcsvc.DLL
0x000007fefb960000 - 0x000007fefb971000 	C:\Windows\system32\dhcpcsvc6.DLL
0x0000000073460000 - 0x0000000073471000 	C:\Program Files\Java\jre1.8.0_91\bin\nio.dll
0x000000006e740000 - 0x000000006fda5000 	C:\Users\Toby\AppData\Local\Temp\xuggle\xuggle2850460596061908955.dll
0x000007fef45d0000 - 0x000007fef45e7000 	C:\Windows\system32\AVICAP32.dll
0x000007fef45a0000 - 0x000007fef45c9000 	C:\Windows\system32\MSVFW32.dll
0x000007fef0db0000 - 0x000007fef0ed5000 	C:\Windows\system32\dbghelp.dll

VM Arguments:
jvm_args: -Dfile.encoding=Cp1252 
java_command: application.Main
java_class_path (initial): C:\Users\Toby\git\Drone_group_11\Drone_group_11\bin;C:\Users\Toby\Downloads\eclipse-jee-mars-2-win32-x86_64\eclipse\plugins\org.eclipse.fx.ide.css.jfx8_2.3.0.201603030809.jar;C:\Users\Toby\Downloads\JAVACV_JAR-2016-06-03\JAVACV JAR\javacv-bin\artoolkitplus.jar;C:\Users\Toby\Downloads\JAVACV_JAR-2016-06-03\JAVACV JAR\javacv-bin\artoolkitplus-android-arm.jar;C:\Users\Toby\Downloads\JAVACV_JAR-2016-06-03\JAVACV JAR\javacv-bin\artoolkitplus-android-x86.jar;C:\Users\Toby\Downloads\JAVACV_JAR-2016-06-03\JAVACV JAR\javacv-bin\artoolkitplus-linux-x86.jar;C:\Users\Toby\Downloads\JAVACV_JAR-2016-06-03\JAVACV JAR\javacv-bin\artoolkitplus-linux-x86_64.jar;C:\Users\Toby\Downloads\JAVACV_JAR-2016-06-03\JAVACV JAR\javacv-bin\artoolkitplus-macosx-x86_64.jar;C:\Users\Toby\Downloads\JAVACV_JAR-2016-06-03\JAVACV JAR\javacv-bin\artoolkitplus-windows-x86.jar;C:\Users\Toby\Downloads\JAVACV_JAR-2016-06-03\JAVACV JAR\javacv-bin\artoolkitplus-windows-x86_64.jar;C:\Users\Toby\Downloads\JAVACV_JAR-2016-06-03\JAVACV JAR\javacv-bin\ffmpeg.jar;C:\Users\Toby\Downloads\JAVACV_JAR-2016-06-03\JAVACV JAR\javacv-bin\ffmpeg-android-arm.jar;C:\Users\Toby\Downloads\JAVACV_JAR-2016-06-03\JAVACV JAR\javacv-bin\ffmpeg-android-x86.jar;C:\Users\Toby\Downloads\JAVACV_JAR-2016-06-03\JAVACV JAR\javacv-bin\ffmpeg-linux-x86.jar;C:\Users\Toby\Downloads\JAVACV_JAR-2016-06-03\JAVACV JAR\javacv-bin\ffmpeg-linux-x86_64.jar;C:\Users\Toby\Downloads\JAVACV_JAR-2016-06-03\JAVACV JAR\javacv-bin\ffmpeg-macosx-x86_64.jar;C:\Users\Toby\Downloads\JAVACV_JAR-2016-06-03\JAVACV JAR\javacv-bin\ffmpeg-windows-x86.jar;C:\Users\Toby\Downloads\JAVACV_JAR-2016-06-03\JAVACV JAR\javacv-bin\ffmpeg-windows-x86_64.jar;C:\Users\Toby\Downloads\JAVACV_JAR-2016-06-03\JAVACV JAR\javacv-bin\flandmark.jar;C:\Users\Toby\Downloads\JAVACV_JAR-2016-06-03\JAVACV JAR\javacv-bin\flandmark-android-arm.jar;C:\Users\Toby\Downloads\JAVACV_JAR-2016-06-03\JAVACV JAR\javacv-bin\flandmark-android-x86.jar;C:\Users\Toby\Downloads\JAVACV
Launcher Type: SUN_STANDARD

Environment Variables:
PATH=C:/Program Files/Java/jre1.8.0_91/bin/server;C:/Program Files/Java/jre1.8.0_91/bin;C:/Program Files/Java/jre1.8.0_91/lib/amd64;C:\Program Files (x86)\Intel\iCLS Client\;C:\Program Files\Intel\iCLS Client\;C:\ProgramData\Oracle\Java\javapath;C:\Windows\system32;C:\Windows;C:\Windows\System32\Wbem;C:\Windows\System32\WindowsPowerShell\v1.0\;C:\Program Files (x86)\Intel\OpenCL SDK\3.0\bin\x86;C:\Program Files (x86)\Intel\OpenCL SDK\3.0\bin\x64;C:\Program Files\Intel\WiFi\bin\;C:\Program Files\Common Files\Intel\WirelessCommon\;C:\Program Files\Intel\Intel(R) Management Engine Components\DAL;C:\Program Files\Intel\Intel(R) Management Engine Components\IPT;C:\Program Files (x86)\Intel\Intel(R) Management Engine Components\DAL;C:\Program Files (x86)\Intel\Intel(R) Management Engine Components\IPT;C:\Program Files (x86)\Skype\Phone\;C:\Program Files\Intel\WiFi\bin\;C:\Program Files\Common Files\Intel\WirelessCommon\;C:\Users\Toby\Downloads\eclipse-jee-mars-2-win32-x86_64\eclipse;
USERNAME=Toby
OS=Windows_NT
PROCESSOR_IDENTIFIER=Intel64 Family 6 Model 60 Stepping 3, GenuineIntel



---------------  S Y S T E M  ---------------

OS: Windows 7 , 64 bit Build 7601 (6.1.7601.17514)

CPU:total 4 (2 cores per cpu, 2 threads per core) family 6 model 60 stepping 3, cmov, cx8, fxsr, mmx, sse, sse2, sse3, ssse3, sse4.1, sse4.2, popcnt, avx, avx2, aes, clmul, erms, lzcnt, ht, tsc, tscinvbit, bmi1, bmi2

Memory: 4k page, physical 8084660k(5110312k free), swap 16167476k(12412620k free)

vm_info: Java HotSpot(TM) 64-Bit Server VM (25.91-b14) for windows-amd64 JRE (1.8.0_91-b14), built on Apr  1 2016 00:58:32 by "java_re" with MS VC++ 10.0 (VS2010)

time: Sun Jun 12 13:32:42 2016
elapsed time: 46 seconds (0d 0h 0m 46s)

