#
# A fatal error has been detected by the Java Runtime Environment:
#
#  EXCEPTION_ACCESS_VIOLATION (0xc0000005) at pc=0x0000000002cd1014, pid=1720, tid=6772
#
# JRE version: Java(TM) SE Runtime Environment (8.0_91-b14) (build 1.8.0_91-b14)
# Java VM: Java HotSpot(TM) 64-Bit Server VM (25.91-b14 mixed mode windows-amd64 compressed oops)
# Problematic frame:
# J 2427 C2 org.bytedeco.javacv.Java2DFrameConverter.flipCopyWithGamma(Ljava/nio/ByteBuffer;ILjava/nio/ByteBuffer;IZDZI)V (608 bytes) @ 0x0000000002cd1014 [0x0000000002cd0bc0+0x454]
#
# Failed to write core dump. Minidumps are not enabled by default on client versions of Windows
#
# If you would like to submit a bug report, please visit:
#   http://bugreport.java.com/bugreport/crash.jsp
#

---------------  T H R E A D  ---------------

Current thread (0x0000000059683800):  JavaThread "Thread-12" [_thread_in_Java, id=6772, stack(0x0000000063da0000,0x0000000063ea0000)]

siginfo: ExceptionCode=0xc0000005, reading address 0x0000000082eb9000

Registers:
RAX=0x00000000f6205480, RBX=0x00000000f7e6ccd0, RCX=0x00000000001c8faf, RDX=0x00000000002a3000
RSP=0x0000000063e9f090, RBP=0x00000000f6205440, RSI=0x0000000082cf0050, RDI=0x0000000000000eff
R8 =0x00000000001c8fb0, R9 =0x0000000000000000, R10=0x00000000002a3000, R11=0x00000000001c8fb0
R12=0x0000000000000000, R13=0x00000000001c8fb0, R14=0x00000000000006af, R15=0x0000000059683800
RIP=0x0000000002cd1014, EFLAGS=0x0000000000010207

Top of Stack: (sp=0x0000000063e9f090)
0x0000000063e9f090:   00000000f6205480 001c890000000000
0x0000000063e9f0a0:   00000000001c8900 1676398016747f50
0x0000000063e9f0b0:   00000f0000000000 00000000f6205440
0x0000000063e9f0c0:   3ff0000000000000 00000000f6205480
0x0000000063e9f0d0:   00000f0000000f00 00000000f62054b0
0x0000000063e9f0e0:   0000000000000000 00000000002a3000
0x0000000063e9f0f0:   00000000d754d850 0000000000000000
0x0000000063e9f100:   0000000063e9f558 0000000002f985fc
0x0000000063e9f110:   0000000000000000 00000000596839f8
0x0000000063e9f120:   0000000082cf0050 00000000004252f0
0x0000000063e9f130:   000000006b538100 00000000700f1dd8
0x0000000063e9f140:   0000000059683800 00000000700c4249
0x0000000063e9f150:   00000000570ff700 0000000082cf0050
0x0000000063e9f160:   00000000002a3000 00000000701030bf
0x0000000063e9f170:   00000000596839f8 000007fee24dad41
0x0000000063e9f180:   000002d000000500 0000000000000000 

Instructions: (pc=0x0000000002cd1014)
0x0000000002cd0ff4:   3b 6c 24 58 0f 8d 34 01 00 00 45 8b dd 41 ff c3
0x0000000002cd1004:   4c 8b 44 24 28 45 89 58 18 44 8b 58 18 4d 63 c5
0x0000000002cd1014:   46 0f be 04 06 45 3b da 0f 8d 84 01 00 00 41 8b
0x0000000002cd1024:   cb 41 03 c9 41 ff c3 44 89 58 18 3b ca 0f 83 aa 


Register to memory mapping:

RAX=0x00000000f6205480 is an oop
java.nio.HeapByteBuffer 
 - klass: 'java/nio/HeapByteBuffer'
RBX=0x00000000f7e6ccd0 is an oop
[B 
 - klass: {type array byte}
 - length: 2764800
RCX=0x00000000001c8faf is an unknown value
RDX=0x00000000002a3000 is an unknown value
RSP=0x0000000063e9f090 is pointing into the stack for thread: 0x0000000059683800
RBP=0x00000000f6205440 is an oop
java.nio.DirectByteBuffer 
 - klass: 'java/nio/DirectByteBuffer'
RSI=0x0000000082cf0050 is an unknown value
RDI=0x0000000000000eff is an unknown value
R8 =0x00000000001c8fb0 is an unknown value
R9 =0x0000000000000000 is an unknown value
R10=0x00000000002a3000 is an unknown value
R11=0x00000000001c8fb0 is an unknown value
R12=0x0000000000000000 is an unknown value
R13=0x00000000001c8fb0 is an unknown value
R14=0x00000000000006af is an unknown value
R15=0x0000000059683800 is a thread


Stack: [0x0000000063da0000,0x0000000063ea0000],  sp=0x0000000063e9f090,  free space=1020k
Native frames: (J=compiled Java code, j=interpreted, Vv=VM code, C=native code)
C  0x0000000002cd1014


---------------  P R O C E S S  ---------------

Java Threads: ( => current thread )
  0x000000005c977800 JavaThread "Thread-42" [_thread_blocked, id=6224, stack(0x0000000073470000,0x0000000073570000)]
  0x000000005c97b800 JavaThread "Thread-38" [_thread_in_native, id=5688, stack(0x00000000623d0000,0x00000000624d0000)]
  0x000000005c97a800 JavaThread "Thread-28" [_thread_in_native, id=4804, stack(0x00000000605e0000,0x00000000606e0000)]
  0x000000005c97a000 JavaThread "Thread-23" [_thread_in_native, id=6028, stack(0x00000000626f0000,0x00000000627f0000)]
  0x000000005c979000 JavaThread "Thread-22" [_thread_in_native, id=6116, stack(0x0000000062500000,0x0000000062600000)]
  0x0000000059684800 JavaThread "Thread-14" [_thread_in_native, id=3312, stack(0x0000000068460000,0x0000000068560000)]
=>0x0000000059683800 JavaThread "Thread-12" [_thread_in_Java, id=6772, stack(0x0000000063da0000,0x0000000063ea0000)]
  0x0000000059683000 JavaThread "Thread-11" [_thread_in_native, id=5464, stack(0x00000000622b0000,0x00000000623b0000)]
  0x0000000059682000 JavaThread "AWT-EventQueue-0" [_thread_blocked, id=4760, stack(0x0000000060750000,0x0000000060850000)]
  0x0000000059681800 JavaThread "AWT-Windows" daemon [_thread_in_native, id=6668, stack(0x0000000060280000,0x0000000060380000)]
  0x0000000059680800 JavaThread "AWT-Shutdown" [_thread_blocked, id=2664, stack(0x000000005f950000,0x000000005fa50000)]
  0x0000000059680000 JavaThread "Java2D Disposer" daemon [_thread_blocked, id=4536, stack(0x0000000060090000,0x0000000060190000)]
  0x000000005967f000 JavaThread "Thread-6" [_thread_blocked, id=6152, stack(0x000000005f3c0000,0x000000005f4c0000)]
  0x000000005967e800 JavaThread "VideoManager" [_thread_in_vm, id=5320, stack(0x000000005fbf0000,0x000000005fcf0000)]
  0x000000005967d800 JavaThread "NavDataManager" [_thread_in_native, id=6364, stack(0x000000005fad0000,0x000000005fbd0000)]
  0x00000000596c6800 JavaThread "CommandManager" [_thread_blocked, id=1908, stack(0x000000005f7a0000,0x000000005f8a0000)]
  0x00000000596c5800 JavaThread "YADrone CommandManager Timer" [_thread_blocked, id=6072, stack(0x000000005f670000,0x000000005f770000)]
  0x0000000059635000 JavaThread "Prism Font Disposer" daemon [_thread_blocked, id=5484, stack(0x000000005dff0000,0x000000005e0f0000)]
  0x00000000590a7800 JavaThread "Thread-3" daemon [_thread_in_native, id=6500, stack(0x000000005be20000,0x000000005bf20000)]
  0x0000000058aff000 JavaThread "JavaFX-Launcher" [_thread_blocked, id=6296, stack(0x000000005c020000,0x000000005c120000)]
  0x0000000058ffe800 JavaThread "JavaFX Application Thread" [_thread_in_native, id=2744, stack(0x0000000059fc0000,0x000000005a0c0000)]
  0x0000000058ff2000 JavaThread "Thread-1" daemon [_thread_blocked, id=3908, stack(0x000000005a0d0000,0x000000005a1d0000)]
  0x0000000058fd2800 JavaThread "QuantumRenderer-0" daemon [_thread_blocked, id=6184, stack(0x0000000059830000,0x0000000059930000)]
  0x0000000058784800 JavaThread "Service Thread" daemon [_thread_blocked, id=2544, stack(0x0000000058dd0000,0x0000000058ed0000)]
  0x000000005870e800 JavaThread "C1 CompilerThread2" daemon [_thread_blocked, id=6492, stack(0x0000000058ed0000,0x0000000058fd0000)]
  0x0000000058703000 JavaThread "C2 CompilerThread1" daemon [_thread_blocked, id=4976, stack(0x0000000058c00000,0x0000000058d00000)]
  0x000000005711d800 JavaThread "C2 CompilerThread0" daemon [_thread_blocked, id=2640, stack(0x0000000058330000,0x0000000058430000)]
  0x000000005711b000 JavaThread "Attach Listener" daemon [_thread_blocked, id=6692, stack(0x0000000058600000,0x0000000058700000)]
  0x0000000057117800 JavaThread "Signal Dispatcher" daemon [_thread_blocked, id=7100, stack(0x00000000584b0000,0x00000000585b0000)]
  0x00000000570fc000 JavaThread "Finalizer" daemon [_thread_blocked, id=4088, stack(0x0000000058080000,0x0000000058180000)]
  0x00000000570b4800 JavaThread "Reference Handler" daemon [_thread_blocked, id=5640, stack(0x00000000581f0000,0x00000000582f0000)]
  0x0000000001f2e800 JavaThread "main" [_thread_blocked, id=1988, stack(0x0000000002270000,0x0000000002370000)]

Other Threads:
  0x00000000570ad000 VMThread [stack: 0x0000000057f70000,0x0000000058070000] [id=5936]
  0x00000000587bd800 WatcherThread [stack: 0x0000000058b00000,0x0000000058c00000] [id=2216]

VM state:not at safepoint (normal execution)

VM Mutex/Monitor currently owned by a thread: None

Heap:
 PSYoungGen      total 498176K, used 169953K [0x00000000d6e00000, 0x0000000100000000, 0x0000000100000000)
  eden space 324608K, 5% used [0x00000000d6e00000,0x00000000d7f79970,0x00000000eab00000)
  from space 173568K, 87% used [0x00000000f5680000,0x00000000feafedb0,0x0000000100000000)
  to   space 174592K, 0% used [0x00000000eab00000,0x00000000eab00000,0x00000000f5580000)
 ParOldGen       total 560640K, used 482923K [0x0000000084a00000, 0x00000000a6d80000, 0x00000000d6e00000)
  object space 560640K, 86% used [0x0000000084a00000,0x00000000a219acf0,0x00000000a6d80000)
 Metaspace       used 25489K, capacity 26136K, committed 26496K, reserved 1073152K
  class space    used 3145K, capacity 3341K, committed 3456K, reserved 1048576K

Card table byte_map: [0x0000000011a00000,0x0000000011de0000] byte_map_base: 0x00000000115db000

Marking Bits: (ParMarkBitMap*) 0x00000000707c2f70
 Begin Bits: [0x0000000012590000, 0x0000000014468000)
 End Bits:   [0x0000000014468000, 0x0000000016340000)

Polling page: 0x0000000000100000

CodeCache: size=245760Kb used=10539Kb max_used=10539Kb free=235220Kb
 bounds [0x0000000002640000, 0x00000000030a0000, 0x0000000011640000]
 total_blobs=4421 nmethods=3516 adapters=816
 compilation: enabled

Compilation events (10 events):
Event: 63.458 Thread 0x000000005870e800 3828       1       sun.nio.cs.StreamEncoder::isOpen (5 bytes)
Event: 63.458 Thread 0x000000005870e800 nmethod 3828 0x0000000003090110 code [0x0000000003090260, 0x0000000003090370]
Event: 63.511 Thread 0x000000005870e800 3829       3       java.util.AbstractCollection::addAll (42 bytes)
Event: 63.512 Thread 0x000000005870e800 nmethod 3829 0x000000000308f890 code [0x000000000308fa40, 0x000000000308ff78]
Event: 63.512 Thread 0x000000005870e800 3830       3       com.sun.javafx.scene.control.skin.LabeledSkinBase::topLabelPadding (18 bytes)
Event: 63.513 Thread 0x000000005870e800 nmethod 3830 0x0000000003094610 code [0x0000000003094800, 0x0000000003095158]
Event: 63.513 Thread 0x000000005870e800 3832       3       javafx.scene.text.Text::getFont (24 bytes)
Event: 63.514 Thread 0x000000005870e800 nmethod 3832 0x0000000003095450 code [0x0000000003095660, 0x0000000003095f48]
Event: 63.514 Thread 0x000000005870e800 3831       3       javafx.scene.layout.Region::getPrefWidth (22 bytes)
Event: 63.515 Thread 0x000000005870e800 nmethod 3831 0x0000000003096310 code [0x0000000003096480, 0x0000000003096848]

GC Heap History (10 events):
Event: 60.695 GC heap before
{Heap before GC invocations=72 (full 10):
 PSYoungGen      total 494592K, used 473617K [0x00000000d6e00000, 0x0000000100000000, 0x0000000100000000)
  eden space 325120K, 99% used [0x00000000d6e00000,0x00000000eaaf88c8,0x00000000eab80000)
  from space 169472K, 87% used [0x00000000eab80000,0x00000000f3d0bda0,0x00000000f5100000)
  to   space 171008K, 0% used [0x00000000f5900000,0x00000000f5900000,0x0000000100000000)
 ParOldGen       total 560640K, used 482771K [0x0000000084a00000, 0x00000000a6d80000, 0x00000000d6e00000)
  object space 560640K, 86% used [0x0000000084a00000,0x00000000a2174ce0,0x00000000a6d80000)
 Metaspace       used 25466K, capacity 26072K, committed 26496K, reserved 1073152K
  class space    used 3145K, capacity 3341K, committed 3456K, reserved 1048576K
Event: 60.727 GC heap after
Heap after GC invocations=72 (full 10):
 PSYoungGen      total 503296K, used 143516K [0x00000000d6e00000, 0x0000000100000000, 0x0000000100000000)
  eden space 332288K, 0% used [0x00000000d6e00000,0x00000000d6e00000,0x00000000eb280000)
  from space 171008K, 83% used [0x00000000f5900000,0x00000000fe527070,0x0000000100000000)
  to   space 170496K, 0% used [0x00000000eb280000,0x00000000eb280000,0x00000000f5900000)
 ParOldGen       total 560640K, used 482811K [0x0000000084a00000, 0x00000000a6d80000, 0x00000000d6e00000)
  object space 560640K, 86% used [0x0000000084a00000,0x00000000a217ecf0,0x00000000a6d80000)
 Metaspace       used 25466K, capacity 26072K, committed 26496K, reserved 1073152K
  class space    used 3145K, capacity 3341K, committed 3456K, reserved 1048576K
}
Event: 61.705 GC heap before
{Heap before GC invocations=73 (full 10):
 PSYoungGen      total 503296K, used 475804K [0x00000000d6e00000, 0x0000000100000000, 0x0000000100000000)
  eden space 332288K, 100% used [0x00000000d6e00000,0x00000000eb280000,0x00000000eb280000)
  from space 171008K, 83% used [0x00000000f5900000,0x00000000fe527070,0x0000000100000000)
  to   space 170496K, 0% used [0x00000000eb280000,0x00000000eb280000,0x00000000f5900000)
 ParOldGen       total 560640K, used 482811K [0x0000000084a00000, 0x00000000a6d80000, 0x00000000d6e00000)
  object space 560640K, 86% used [0x0000000084a00000,0x00000000a217ecf0,0x00000000a6d80000)
 Metaspace       used 25472K, capacity 26072K, committed 26496K, reserved 1073152K
  class space    used 3145K, capacity 3341K, committed 3456K, reserved 1048576K
Event: 61.739 GC heap after
Heap after GC invocations=73 (full 10):
 PSYoungGen      total 502784K, used 148813K [0x00000000d6e00000, 0x0000000100000000, 0x0000000100000000)
  eden space 332288K, 0% used [0x00000000d6e00000,0x00000000d6e00000,0x00000000eb280000)
  from space 170496K, 87% used [0x00000000eb280000,0x00000000f43d3570,0x00000000f5900000)
  to   space 171008K, 0% used [0x00000000f5900000,0x00000000f5900000,0x0000000100000000)
 ParOldGen       total 560640K, used 482851K [0x0000000084a00000, 0x00000000a6d80000, 0x00000000d6e00000)
  object space 560640K, 86% used [0x0000000084a00000,0x00000000a2188cf0,0x00000000a6d80000)
 Metaspace       used 25472K, capacity 26072K, committed 26496K, reserved 1073152K
  class space    used 3145K, capacity 3341K, committed 3456K, reserved 1048576K
}
Event: 62.719 GC heap before
{Heap before GC invocations=74 (full 10):
 PSYoungGen      total 502784K, used 479093K [0x00000000d6e00000, 0x0000000100000000, 0x0000000100000000)
  eden space 332288K, 99% used [0x00000000d6e00000,0x00000000eb08a238,0x00000000eb280000)
  from space 170496K, 87% used [0x00000000eb280000,0x00000000f43d3570,0x00000000f5900000)
  to   space 171008K, 0% used [0x00000000f5900000,0x00000000f5900000,0x0000000100000000)
 ParOldGen       total 560640K, used 482851K [0x0000000084a00000, 0x00000000a6d80000, 0x00000000d6e00000)
  object space 560640K, 86% used [0x0000000084a00000,0x00000000a2188cf0,0x00000000a6d80000)
 Metaspace       used 25472K, capacity 26072K, committed 26496K, reserved 1073152K
  class space    used 3145K, capacity 3341K, committed 3456K, reserved 1048576K
Event: 62.752 GC heap after
Heap after GC invocations=74 (full 10):
 PSYoungGen      total 500736K, used 149327K [0x00000000d6e00000, 0x0000000100000000, 0x0000000100000000)
  eden space 329728K, 0% used [0x00000000d6e00000,0x00000000d6e00000,0x00000000eb000000)
  from space 171008K, 87% used [0x00000000f5900000,0x00000000fead3de0,0x0000000100000000)
  to   space 172032K, 0% used [0x00000000eb000000,0x00000000eb000000,0x00000000f5800000)
 ParOldGen       total 560640K, used 482883K [0x0000000084a00000, 0x00000000a6d80000, 0x00000000d6e00000)
  object space 560640K, 86% used [0x0000000084a00000,0x00000000a2190cf0,0x00000000a6d80000)
 Metaspace       used 25472K, capacity 26072K, committed 26496K, reserved 1073152K
  class space    used 3145K, capacity 3341K, committed 3456K, reserved 1048576K
}
Event: 63.703 GC heap before
{Heap before GC invocations=75 (full 10):
 PSYoungGen      total 500736K, used 476872K [0x00000000d6e00000, 0x0000000100000000, 0x0000000100000000)
  eden space 329728K, 99% used [0x00000000d6e00000,0x00000000eadde5e0,0x00000000eb000000)
  from space 171008K, 87% used [0x00000000f5900000,0x00000000fead3de0,0x0000000100000000)
  to   space 172032K, 0% used [0x00000000eb000000,0x00000000eb000000,0x00000000f5800000)
 ParOldGen       total 560640K, used 482883K [0x0000000084a00000, 0x00000000a6d80000, 0x00000000d6e00000)
  object space 560640K, 86% used [0x0000000084a00000,0x00000000a2190cf0,0x00000000a6d80000)
 Metaspace       used 25489K, capacity 26136K, committed 26496K, reserved 1073152K
  class space    used 3145K, capacity 3341K, committed 3456K, reserved 1048576K
Event: 63.739 GC heap after
Heap after GC invocations=75 (full 10):
 PSYoungGen      total 481792K, used 152027K [0x00000000d6e00000, 0x0000000100000000, 0x0000000100000000)
  eden space 329728K, 0% used [0x00000000d6e00000,0x00000000d6e00000,0x00000000eb000000)
  from space 152064K, 99% used [0x00000000eb000000,0x00000000f4476db0,0x00000000f4480000)
  to   space 173568K, 0% used [0x00000000f5680000,0x00000000f5680000,0x0000000100000000)
 ParOldGen       total 560640K, used 482907K [0x0000000084a00000, 0x00000000a6d80000, 0x00000000d6e00000)
  object space 560640K, 86% used [0x0000000084a00000,0x00000000a2196cf0,0x00000000a6d80000)
 Metaspace       used 25489K, capacity 26136K, committed 26496K, reserved 1073152K
  class space    used 3145K, capacity 3341K, committed 3456K, reserved 1048576K
}
Event: 64.707 GC heap before
{Heap before GC invocations=76 (full 10):
 PSYoungGen      total 481792K, used 480339K [0x00000000d6e00000, 0x0000000100000000, 0x0000000100000000)
  eden space 329728K, 99% used [0x00000000d6e00000,0x00000000eae9e1a0,0x00000000eb000000)
  from space 152064K, 99% used [0x00000000eb000000,0x00000000f4476db0,0x00000000f4480000)
  to   space 173568K, 0% used [0x00000000f5680000,0x00000000f5680000,0x0000000100000000)
 ParOldGen       total 560640K, used 482907K [0x0000000084a00000, 0x00000000a6d80000, 0x00000000d6e00000)
  object space 560640K, 86% used [0x0000000084a00000,0x00000000a2196cf0,0x00000000a6d80000)
 Metaspace       used 25489K, capacity 26136K, committed 26496K, reserved 1073152K
  class space    used 3145K, capacity 3341K, committed 3456K, reserved 1048576K
Event: 64.741 GC heap after
Heap after GC invocations=76 (full 10):
 PSYoungGen      total 498176K, used 152059K [0x00000000d6e00000, 0x0000000100000000, 0x0000000100000000)
  eden space 324608K, 0% used [0x00000000d6e00000,0x00000000d6e00000,0x00000000eab00000)
  from space 173568K, 87% used [0x00000000f5680000,0x00000000feafedb0,0x0000000100000000)
  to   space 174592K, 0% used [0x00000000eab00000,0x00000000eab00000,0x00000000f5580000)
 ParOldGen       total 560640K, used 482923K [0x0000000084a00000, 0x00000000a6d80000, 0x00000000d6e00000)
  object space 560640K, 86% used [0x0000000084a00000,0x00000000a219acf0,0x00000000a6d80000)
 Metaspace       used 25489K, capacity 26136K, committed 26496K, reserved 1073152K
  class space    used 3145K, capacity 3341K, committed 3456K, reserved 1048576K
}

Deoptimization events (10 events):
Event: 16.122 Thread 0x0000000059683800 Uncommon trap: reason=speculate_class_check action=maybe_recompile pc=0x0000000002cc448c method=org.bytedeco.javacv.Java2DFrameConverter.flipCopyWithGamma(Ljava/nio/ByteBuffer;ILjava/nio/ByteBuffer;IZDZI)V @ 582
Event: 16.361 Thread 0x0000000058ffe800 Uncommon trap: reason=unstable_if action=reinterpret pc=0x000000000274d538 method=java.util.WeakHashMap.expungeStaleEntries()V @ 66
Event: 26.060 Thread 0x000000005967d800 Uncommon trap: reason=unstable_if action=reinterpret pc=0x0000000002df055c method=picture.PictureController$5.batteryLevelChanged(I)V @ 8
Event: 28.213 Thread 0x0000000059683800 Uncommon trap: reason=unstable_if action=reinterpret pc=0x0000000002e75d64 method=com.google.zxing.qrcode.detector.FinderPatternFinder.find(Ljava/util/Map;)Lcom/google/zxing/qrcode/detector/FinderPatternInfo; @ 78
Event: 28.320 Thread 0x0000000059683800 Uncommon trap: reason=unstable_if action=reinterpret pc=0x0000000002e72f08 method=com.google.zxing.qrcode.detector.FinderPatternFinder.find(Ljava/util/Map;)Lcom/google/zxing/qrcode/detector/FinderPatternInfo; @ 78
Event: 51.127 Thread 0x00000000596c6800 Uncommon trap: reason=unstable_if action=reinterpret pc=0x0000000002fc1ebc method=java.lang.Integer.toString(I)Ljava/lang/String; @ 10
Event: 51.127 Thread 0x00000000596c6800 Uncommon trap: reason=unstable_if action=reinterpret pc=0x0000000002d82024 method=java.lang.Integer.getChars(II[C)V @ 7
Event: 51.127 Thread 0x00000000596c6800 Uncommon trap: reason=unstable_if action=reinterpret pc=0x0000000002e0bea4 method=java.lang.Integer.toString(I)Ljava/lang/String; @ 10
Event: 51.127 Thread 0x00000000596c6800 Uncommon trap: reason=unstable_if action=reinterpret pc=0x0000000002e0df80 method=java.lang.Integer.toString(I)Ljava/lang/String; @ 10
Event: 57.902 Thread 0x0000000059683800 Uncommon trap: reason=unstable_if action=reinterpret pc=0x0000000002e09640 method=com.google.zxing.common.HybridBinarizer.calculateBlackPoints([BIIII)[[I @ 268

Internal exceptions (10 events):
Event: 0.354 Thread 0x0000000058ffe800 Exception <a 'java/lang/NullPointerException'> (0x00000000d7de2788) thrown at [C:\re\workspace\8-2-build-windows-amd64-cygwin\jdk8u91\6644\hotspot\src\share\vm\interpreter\linkResolver.cpp, line 1178]
Event: 0.354 Thread 0x0000000058ffe800 Exception <a 'java/lang/NullPointerException'> (0x00000000d7de2788) thrown at [C:\re\workspace\8-2-build-windows-amd64-cygwin\jdk8u91\6644\hotspot\src\share\vm\prims\jvm.cpp, line 1390]
Event: 0.450 Thread 0x0000000058ffe800 Exception <a 'java/lang/ArrayIndexOutOfBoundsException'> (0x00000000d823c788) thrown at [C:\re\workspace\8-2-build-windows-amd64-cygwin\jdk8u91\6644\hotspot\src\share\vm\runtime\sharedRuntime.cpp, line 605]
Event: 0.450 Thread 0x0000000058ffe800 Exception <a 'java/lang/ArrayIndexOutOfBoundsException'> (0x00000000d823d488) thrown at [C:\re\workspace\8-2-build-windows-amd64-cygwin\jdk8u91\6644\hotspot\src\share\vm\runtime\sharedRuntime.cpp, line 605]
Event: 0.450 Thread 0x0000000058ffe800 Exception <a 'java/lang/ArrayIndexOutOfBoundsException'> (0x00000000d823e830) thrown at [C:\re\workspace\8-2-build-windows-amd64-cygwin\jdk8u91\6644\hotspot\src\share\vm\runtime\sharedRuntime.cpp, line 605]
Event: 0.583 Thread 0x0000000058ffe800 Exception <a 'java/io/FileNotFoundException'> (0x00000000d87740f8) thrown at [C:\re\workspace\8-2-build-windows-amd64-cygwin\jdk8u91\6644\hotspot\src\share\vm\prims\jni.cpp, line 709]
Event: 9.908 Thread 0x0000000058ffe800 Exception <a 'java/io/FileNotFoundException'> (0x00000000d75882d0) thrown at [C:\re\workspace\8-2-build-windows-amd64-cygwin\jdk8u91\6644\hotspot\src\share\vm\prims\jni.cpp, line 709]
Event: 9.928 Thread 0x0000000058ffe800 Exception <a 'java/io/FileNotFoundException'> (0x00000000d75a6ac0) thrown at [C:\re\workspace\8-2-build-windows-amd64-cygwin\jdk8u91\6644\hotspot\src\share\vm\prims\jni.cpp, line 709]
Event: 9.964 Thread 0x0000000058ffe800 Implicit null exception at 0x0000000002936b06 to 0x0000000002936e45
Event: 9.964 Thread 0x0000000058ffe800 Implicit null exception at 0x000000000284c606 to 0x000000000284c92d

Events (10 events):
Event: 60.727 Executing VM operation: ParallelGCFailedAllocation done
Event: 61.705 Executing VM operation: ParallelGCFailedAllocation
Event: 61.739 Executing VM operation: ParallelGCFailedAllocation done
Event: 62.718 Executing VM operation: ParallelGCFailedAllocation
Event: 62.752 Executing VM operation: ParallelGCFailedAllocation done
Event: 63.458 Thread 0x000000005c977800 Thread added: 0x000000005c977800
Event: 63.703 Executing VM operation: ParallelGCFailedAllocation
Event: 63.739 Executing VM operation: ParallelGCFailedAllocation done
Event: 64.707 Executing VM operation: ParallelGCFailedAllocation
Event: 64.741 Executing VM operation: ParallelGCFailedAllocation done


Dynamic libraries:
0x000000013f0b0000 - 0x000000013f0e7000 	C:\Program Files\Java\jre1.8.0_91\bin\javaw.exe
0x0000000077520000 - 0x00000000776c9000 	C:\Windows\SYSTEM32\ntdll.dll
0x0000000077400000 - 0x000000007751f000 	C:\Windows\system32\kernel32.dll
0x000007fefd600000 - 0x000007fefd66b000 	C:\Windows\system32\KERNELBASE.dll
0x000007feff3d0000 - 0x000007feff4ab000 	C:\Windows\system32\ADVAPI32.dll
0x000007fefd9b0000 - 0x000007fefda4f000 	C:\Windows\system32\msvcrt.dll
0x000007feff3b0000 - 0x000007feff3cf000 	C:\Windows\SYSTEM32\sechost.dll
0x000007fefda70000 - 0x000007fefdb9d000 	C:\Windows\system32\RPCRT4.dll
0x0000000077300000 - 0x00000000773fa000 	C:\Windows\system32\USER32.dll
0x000007fefd940000 - 0x000007fefd9a7000 	C:\Windows\system32\GDI32.dll
0x000007feff0b0000 - 0x000007feff0be000 	C:\Windows\system32\LPK.dll
0x000007feff4b0000 - 0x000007feff579000 	C:\Windows\system32\USP10.dll
0x000007fefbb30000 - 0x000007fefbd24000 	C:\Windows\WinSxS\amd64_microsoft.windows.common-controls_6595b64144ccf1df_6.0.7601.17514_none_fa396087175ac9ac\COMCTL32.dll
0x000007feff580000 - 0x000007feff5f1000 	C:\Windows\system32\SHLWAPI.dll
0x000007feff380000 - 0x000007feff3ae000 	C:\Windows\system32\IMM32.DLL
0x000007feff0c0000 - 0x000007feff1c9000 	C:\Windows\system32\MSCTF.dll
0x000000005bad0000 - 0x000000005bba2000 	C:\Program Files\Java\jre1.8.0_91\bin\msvcr100.dll
0x000000006ffb0000 - 0x0000000070843000 	C:\Program Files\Java\jre1.8.0_91\bin\server\jvm.dll
0x000007fef55e0000 - 0x000007fef55e9000 	C:\Windows\system32\WSOCK32.dll
0x000007feff7e0000 - 0x000007feff82d000 	C:\Windows\system32\WS2_32.dll
0x000007fefdba0000 - 0x000007fefdba8000 	C:\Windows\system32\NSI.dll
0x000007fef9990000 - 0x000007fef99cb000 	C:\Windows\system32\WINMM.dll
0x000007fefc5d0000 - 0x000007fefc5dc000 	C:\Windows\system32\VERSION.dll
0x00000000776f0000 - 0x00000000776f7000 	C:\Windows\system32\PSAPI.DLL
0x0000000072740000 - 0x000000007274f000 	C:\Program Files\Java\jre1.8.0_91\bin\verify.dll
0x0000000070d00000 - 0x0000000070d29000 	C:\Program Files\Java\jre1.8.0_91\bin\java.dll
0x0000000072720000 - 0x0000000072736000 	C:\Program Files\Java\jre1.8.0_91\bin\zip.dll
0x000007fefdc50000 - 0x000007fefe9d8000 	C:\Windows\system32\SHELL32.dll
0x000007fefed20000 - 0x000007fefef23000 	C:\Windows\system32\ole32.dll
0x000007fefd470000 - 0x000007fefd47f000 	C:\Windows\system32\profapi.dll
0x000007fee6830000 - 0x000007fee691f000 	C:\Program Files\Java\jre1.8.0_91\bin\msvcr120.dll
0x000007fee5600000 - 0x000007fee56a6000 	C:\Program Files\Java\jre1.8.0_91\bin\msvcp120.dll
0x0000000071640000 - 0x0000000071663000 	C:\Program Files\Java\jre1.8.0_91\bin\prism_d3d.dll
0x000007fee5400000 - 0x000007fee55ff000 	C:\Windows\system32\d3d9.dll
0x000007fef4af0000 - 0x000007fef4af7000 	C:\Windows\system32\d3d8thk.dll
0x000007fef9cd0000 - 0x000007fef9ce8000 	C:\Windows\system32\dwmapi.dll
0x000007fefa7b0000 - 0x000007fefa806000 	C:\Windows\system32\uxtheme.dll
0x000007fee2a10000 - 0x000007fee325d000 	C:\Windows\system32\igdumdim64.dll
0x000007fef3270000 - 0x000007fef36a4000 	C:\Windows\system32\igdusc64.dll
0x0000000069bb0000 - 0x0000000069bf3000 	C:\Program Files\Java\jre1.8.0_91\bin\glass.dll
0x000007fefdbb0000 - 0x000007fefdc47000 	C:\Windows\system32\COMDLG32.dll
0x000007fefec40000 - 0x000007fefed17000 	C:\Windows\system32\OLEAUT32.dll
0x000007fefd3a0000 - 0x000007fefd3af000 	C:\Windows\system32\CRYPTBASE.dll
0x00000000716c0000 - 0x00000000716d4000 	C:\Program Files\Java\jre1.8.0_91\bin\javafx_font.dll
0x000007fee5280000 - 0x000007fee53fe000 	C:\Windows\system32\dwrite.dll
0x000007fefd8a0000 - 0x000007fefd939000 	C:\Windows\system32\CLBCatQ.DLL
0x000007fef91f0000 - 0x000007fef931a000 	C:\Windows\system32\WindowsCodecs.dll
0x000007fefd340000 - 0x000007fefd397000 	C:\Windows\system32\apphelp.dll
0x000007fef3140000 - 0x000007fef3200000 	C:\Program Files (x86)\Google\Drive\googledrivesync64.dll
0x0000000073670000 - 0x0000000073743000 	C:\Program Files (x86)\Google\Drive\Microsoft.VC90.CRT\MSVCP90.dll
0x00000000735c0000 - 0x0000000073663000 	C:\Program Files (x86)\Google\Drive\Microsoft.VC90.CRT\MSVCR90.dll
0x000007fef30a0000 - 0x000007fef30e0000 	C:\Program Files (x86)\Dropbox\Client\DropboxExt64.34.dll
0x000007fef2d60000 - 0x000007fef2d8d000 	C:\Program Files\Common Files\Microsoft Shared\Ink\rtscom.dll
0x0000000069b90000 - 0x0000000069ba1000 	C:\Program Files\Java\jre1.8.0_91\bin\prism_common.dll
0x0000000071960000 - 0x000000007197a000 	C:\Program Files\Java\jre1.8.0_91\bin\net.dll
0x000007fefcce0000 - 0x000007fefcd35000 	C:\Windows\system32\mswsock.dll
0x000007fefccd0000 - 0x000007fefccd7000 	C:\Windows\System32\wship6.dll
0x000000005fef0000 - 0x0000000060088000 	C:\Program Files\Java\jre1.8.0_91\bin\awt.dll
0x000007fefcd40000 - 0x000007fefcd57000 	C:\Windows\system32\CRYPTSP.dll
0x000007fefca40000 - 0x000007fefca87000 	C:\Windows\system32\rsaenh.dll
0x000007fefc7c0000 - 0x000007fefc7de000 	C:\Windows\system32\USERENV.dll
0x000007fefba40000 - 0x000007fefba67000 	C:\Windows\system32\IPHLPAPI.DLL
0x000007fefba30000 - 0x000007fefba3b000 	C:\Windows\system32\WINNSI.DLL
0x000007fefb840000 - 0x000007fefb858000 	C:\Windows\system32\dhcpcsvc.DLL
0x000007fefb820000 - 0x000007fefb831000 	C:\Windows\system32\dhcpcsvc6.DLL
0x0000000069b40000 - 0x0000000069b87000 	C:\Program Files\Java\jre1.8.0_91\bin\fontmanager.dll
0x0000000071880000 - 0x0000000071891000 	C:\Program Files\Java\jre1.8.0_91\bin\nio.dll
0x0000000069af0000 - 0x0000000069b32000 	C:\Program Files\Java\jre1.8.0_91\bin\t2k.dll
0x0000000002230000 - 0x000000000225a000 	C:\Program Files\Java\jre1.8.0_91\bin\dcpr.dll
0x000000006e740000 - 0x000000006fda5000 	C:\Users\Toby\AppData\Local\Temp\xuggle\xuggle6131359459299427043.dll
0x000007fef4360000 - 0x000007fef4377000 	C:\Windows\system32\AVICAP32.dll
0x000007feef770000 - 0x000007feef799000 	C:\Windows\system32\MSVFW32.dll
0x000007fee5190000 - 0x000007fee527f000 	C:\Users\Toby\AppData\Local\Temp\javacpp57261125332525\msvcr120.dll
0x000007fee7480000 - 0x000007fee7526000 	C:\Users\Toby\AppData\Local\Temp\javacpp57261125332525\msvcp120.dll
0x000007fee4f00000 - 0x000007fee5181000 	C:\Users\Toby\AppData\Local\Temp\javacpp57261125332525\opencv_core300.dll
0x000007fee2690000 - 0x000007fee2a0f000 	C:\Users\Toby\AppData\Local\Temp\javacpp57261125332525\opencv_imgproc300.dll
0x000007fee24d0000 - 0x000007fee2688000 	C:\Users\Toby\AppData\Local\Temp\javacpp57261125332525\jniopencv_core.dll
0x000007fee4e50000 - 0x000007fee4ef5000 	C:\Users\Toby\AppData\Local\Temp\javacpp57261125332525\jniopencv_imgproc.dll
0x000007feef7a0000 - 0x000007feef8c5000 	C:\Windows\system32\dbghelp.dll

VM Arguments:
jvm_args: -Dfile.encoding=Cp1252 
java_command: application.Main
java_class_path (initial): C:\Users\Toby\git\Drone_group_11\Drone_group_11\bin;C:\Users\Toby\Downloads\eclipse-jee-mars-2-win32-x86_64\eclipse\plugins\org.eclipse.fx.ide.css.jfx8_2.3.0.201603030809.jar;C:\Users\Toby\Downloads\JAVACV_JAR-2016-06-03\JAVACV JAR\javacv-bin\artoolkitplus.jar;C:\Users\Toby\Downloads\JAVACV_JAR-2016-06-03\JAVACV JAR\javacv-bin\artoolkitplus-android-arm.jar;C:\Users\Toby\Downloads\JAVACV_JAR-2016-06-03\JAVACV JAR\javacv-bin\artoolkitplus-android-x86.jar;C:\Users\Toby\Downloads\JAVACV_JAR-2016-06-03\JAVACV JAR\javacv-bin\artoolkitplus-linux-x86.jar;C:\Users\Toby\Downloads\JAVACV_JAR-2016-06-03\JAVACV JAR\javacv-bin\artoolkitplus-linux-x86_64.jar;C:\Users\Toby\Downloads\JAVACV_JAR-2016-06-03\JAVACV JAR\javacv-bin\artoolkitplus-macosx-x86_64.jar;C:\Users\Toby\Downloads\JAVACV_JAR-2016-06-03\JAVACV JAR\javacv-bin\artoolkitplus-windows-x86.jar;C:\Users\Toby\Downloads\JAVACV_JAR-2016-06-03\JAVACV JAR\javacv-bin\artoolkitplus-windows-x86_64.jar;C:\Users\Toby\Downloads\JAVACV_JAR-2016-06-03\JAVACV JAR\javacv-bin\ffmpeg.jar;C:\Users\Toby\Downloads\JAVACV_JAR-2016-06-03\JAVACV JAR\javacv-bin\ffmpeg-android-arm.jar;C:\Users\Toby\Downloads\JAVACV_JAR-2016-06-03\JAVACV JAR\javacv-bin\ffmpeg-android-x86.jar;C:\Users\Toby\Downloads\JAVACV_JAR-2016-06-03\JAVACV JAR\javacv-bin\ffmpeg-linux-x86.jar;C:\Users\Toby\Downloads\JAVACV_JAR-2016-06-03\JAVACV JAR\javacv-bin\ffmpeg-linux-x86_64.jar;C:\Users\Toby\Downloads\JAVACV_JAR-2016-06-03\JAVACV JAR\javacv-bin\ffmpeg-macosx-x86_64.jar;C:\Users\Toby\Downloads\JAVACV_JAR-2016-06-03\JAVACV JAR\javacv-bin\ffmpeg-windows-x86.jar;C:\Users\Toby\Downloads\JAVACV_JAR-2016-06-03\JAVACV JAR\javacv-bin\ffmpeg-windows-x86_64.jar;C:\Users\Toby\Downloads\JAVACV_JAR-2016-06-03\JAVACV JAR\javacv-bin\flandmark.jar;C:\Users\Toby\Downloads\JAVACV_JAR-2016-06-03\JAVACV JAR\javacv-bin\flandmark-android-arm.jar;C:\Users\Toby\Downloads\JAVACV_JAR-2016-06-03\JAVACV JAR\javacv-bin\flandmark-android-x86.jar;C:\Users\Toby\Downloads\JAVACV
Launcher Type: SUN_STANDARD

Environment Variables:
PATH=C:/Program Files/Java/jre1.8.0_91/bin/server;C:/Program Files/Java/jre1.8.0_91/bin;C:/Program Files/Java/jre1.8.0_91/lib/amd64;C:\Program Files (x86)\Intel\iCLS Client\;C:\Program Files\Intel\iCLS Client\;C:\ProgramData\Oracle\Java\javapath;C:\Windows\system32;C:\Windows;C:\Windows\System32\Wbem;C:\Windows\System32\WindowsPowerShell\v1.0\;C:\Program Files (x86)\Intel\OpenCL SDK\3.0\bin\x86;C:\Program Files (x86)\Intel\OpenCL SDK\3.0\bin\x64;C:\Program Files\Intel\WiFi\bin\;C:\Program Files\Common Files\Intel\WirelessCommon\;C:\Program Files\Intel\Intel(R) Management Engine Components\DAL;C:\Program Files\Intel\Intel(R) Management Engine Components\IPT;C:\Program Files (x86)\Intel\Intel(R) Management Engine Components\DAL;C:\Program Files (x86)\Intel\Intel(R) Management Engine Components\IPT;C:\Program Files (x86)\Skype\Phone\;C:\Program Files\Intel\WiFi\bin\;C:\Program Files\Common Files\Intel\WirelessCommon\;C:\Users\Toby\Downloads\eclipse-jee-mars-2-win32-x86_64\eclipse;
USERNAME=Toby
OS=Windows_NT
PROCESSOR_IDENTIFIER=Intel64 Family 6 Model 60 Stepping 3, GenuineIntel



---------------  S Y S T E M  ---------------

OS: Windows 7 , 64 bit Build 7601 (6.1.7601.17514)

CPU:total 4 (2 cores per cpu, 2 threads per core) family 6 model 60 stepping 3, cmov, cx8, fxsr, mmx, sse, sse2, sse3, ssse3, sse4.1, sse4.2, popcnt, avx, avx2, aes, clmul, erms, lzcnt, ht, tsc, tscinvbit, bmi1, bmi2

Memory: 4k page, physical 8084660k(2929748k free), swap 16167476k(10150112k free)

vm_info: Java HotSpot(TM) 64-Bit Server VM (25.91-b14) for windows-amd64 JRE (1.8.0_91-b14), built on Apr  1 2016 00:58:32 by "java_re" with MS VC++ 10.0 (VS2010)

time: Mon Jun 20 18:57:23 2016
elapsed time: 64 seconds (0d 0h 1m 4s)

