#
# A fatal error has been detected by the Java Runtime Environment:
#
#  EXCEPTION_ACCESS_VIOLATION (0xc0000005) at pc=0x0000000077569eae, pid=7936, tid=5744
#
# JRE version: Java(TM) SE Runtime Environment (8.0_91-b14) (build 1.8.0_91-b14)
# Java VM: Java HotSpot(TM) 64-Bit Server VM (25.91-b14 mixed mode windows-amd64 compressed oops)
# Problematic frame:
# C  [ntdll.dll+0x49eae]
#
# Failed to write core dump. Minidumps are not enabled by default on client versions of Windows
#
# If you would like to submit a bug report, please visit:
#   http://bugreport.java.com/bugreport/crash.jsp
#

---------------  T H R E A D  ---------------

Current thread (0x000000005977a000):  JavaThread "VideoManager" [_thread_in_vm, id=5744, stack(0x000000005ee50000,0x000000005ef50000)]

siginfo: ExceptionCode=0xc0000005, reading address 0xffffffffffffffff

Registers:
RAX=0x0000000000000101, RBX=0x0000000001f40000, RCX=0x0000000000005363, RDX=0x0101010101010101
RSP=0x000000005ef4d990, RBP=0x0000000000000000, RSI=0x0000000000000000, RDI=0x00000000166fbcf8
R8 =0x0000000001f436f0, R9 =0x0000000000100000, R10=0x0000000001f40158, R11=0x00000000000006fe
R12=0x0000000077635430, R13=0x0000000000005464, R14=0x0000000000000002, R15=0x0000000077635401
RIP=0x0000000077569eae, EFLAGS=0x0000000000010206

Top of Stack: (sp=0x000000005ef4d990)
0x000000005ef4d990:   0000000000000000 000000007012bbc3
0x000000005ef4d9a0:   000000005ef4da30 00000000705b76b0
0x000000005ef4d9b0:   000000005977a000 0000000002658331
0x000000005ef4d9c0:   00000001569f3601 0000000077635401
0x000000005ef4d9d0:   0000000000000000 000000005ef4da30
0x000000005ef4d9e0:   000000005c3f1f48 0000000000000000
0x000000005ef4d9f0:   00000000d76676d8 000000005977a000
0x000000005ef4da00:   00000000ffffff00 00020000eb4b0000
0x000000005ef4da10:   0000000000000000 00000000010133c8
0x000000005ef4da20:   0000000000000000 000000000000a8c8
0x000000005ef4da30:   00000000d76676d8 0000000002b6fa88
0x000000005ef4da40:   00000000166e07a8 00000000d73449c0
0x000000005ef4da50:   0000000084a008d0 00000000166fbcf8
0x000000005ef4da60:   0000000000054630 00000000701f11c9
0x000000005ef4da70:   00000000166e07a8 000000000000a8c8
0x000000005ef4da80:   00000000d76676d8 000000005977a000 

Instructions: (pc=0x0000000077569eae)
0x0000000077569e8e:   40 30 4a 8b 14 d8 48 89 94 24 a8 01 00 00 4c 3b
0x0000000077569e9e:   d2 0f 84 6b 99 00 00 45 85 c9 0f 84 79 5c 01 00
0x0000000077569eae:   8b 42 f8 89 84 24 70 03 00 00 44 8b 4b 7c 41 85
0x0000000077569ebe:   c1 74 0d 33 83 88 00 00 00 89 84 24 70 03 00 00 


Register to memory mapping:

RAX=0x0000000000000101 is an unknown value
RBX=0x0000000001f40000 is an unknown value
RCX=0x0000000000005363 is an unknown value
RDX=0x0101010101010101 is an unknown value
RSP=0x000000005ef4d990 is pointing into the stack for thread: 0x000000005977a000
RBP=0x0000000000000000 is an unknown value
RSI=0x0000000000000000 is an unknown value
RDI=0x00000000166fbcf8 is pointing into metadata
R8 =0x0000000001f436f0 is an unknown value
R9 =0x0000000000100000 is an unknown value
R10=0x0000000001f40158 is an unknown value
R11=0x00000000000006fe is an unknown value
R12=0x0000000077635430 is an unknown value
R13=0x0000000000005464 is an unknown value
R14=0x0000000000000002 is an unknown value
R15=0x0000000077635401 is an unknown value


Stack: [0x000000005ee50000,0x000000005ef50000],  sp=0x000000005ef4d990,  free space=1014k
Native frames: (J=compiled Java code, j=interpreted, Vv=VM code, C=native code)

Java frames: (J=compiled Java code, j=interpreted, Vv=VM code)
j  com.xuggle.xuggler.XugglerJNI.IStreamCoder_decodeVideo(JLcom/xuggle/xuggler/IStreamCoder;JLcom/xuggle/xuggler/IVideoPicture;JLcom/xuggle/xuggler/IPacket;I)I+0
j  com.xuggle.xuggler.IStreamCoder.decodeVideo(Lcom/xuggle/xuggler/IVideoPicture;Lcom/xuggle/xuggler/IPacket;I)I+16
j  de.yadrone.base.video.xuggler.XugglerDecoder.decode(Ljava/io/InputStream;)V+262
j  de.yadrone.base.video.VideoManager.run()V+55
j  java.lang.Thread.run()V+11
v  ~StubRoutines::call_stub

---------------  P R O C E S S  ---------------

Java Threads: ( => current thread )
  0x000000005977e800 JavaThread "Thread-11" [_thread_in_native, id=6232, stack(0x0000000061fc0000,0x00000000620c0000)]
  0x000000005977d800 JavaThread "AWT-EventQueue-0" [_thread_blocked, id=2668, stack(0x000000005f320000,0x000000005f420000)]
  0x000000005977d000 JavaThread "AWT-Windows" daemon [_thread_in_native, id=7316, stack(0x000000005fc30000,0x000000005fd30000)]
  0x000000005977c000 JavaThread "AWT-Shutdown" [_thread_blocked, id=2860, stack(0x000000005fa30000,0x000000005fb30000)]
  0x000000005977b800 JavaThread "Java2D Disposer" daemon [_thread_blocked, id=7128, stack(0x000000005ed40000,0x000000005ee40000)]
  0x000000005977a800 JavaThread "Thread-6" [_thread_blocked, id=7640, stack(0x000000005eb70000,0x000000005ec70000)]
=>0x000000005977a000 JavaThread "VideoManager" [_thread_in_vm, id=5744, stack(0x000000005ee50000,0x000000005ef50000)]
  0x0000000059779000 JavaThread "NavDataManager" [_thread_in_native, id=4768, stack(0x000000005e740000,0x000000005e840000)]
  0x0000000059ae2000 JavaThread "CommandManager" [_thread_blocked, id=7336, stack(0x000000005e950000,0x000000005ea50000)]
  0x0000000059ad1800 JavaThread "YADrone CommandManager Timer" [_thread_blocked, id=3268, stack(0x000000005ea50000,0x000000005eb50000)]
  0x000000005c694000 JavaThread "Prism Font Disposer" daemon [_thread_blocked, id=1848, stack(0x000000005e230000,0x000000005e330000)]
  0x000000005944a000 JavaThread "Thread-3" daemon [_thread_in_native, id=7872, stack(0x000000005c060000,0x000000005c160000)]
  0x000000005940f800 JavaThread "JavaFX-Launcher" [_thread_blocked, id=8180, stack(0x000000005c270000,0x000000005c370000)]
  0x00000000593d9800 JavaThread "JavaFX Application Thread" [_thread_in_native, id=7656, stack(0x000000005a420000,0x000000005a520000)]
  0x00000000593ce800 JavaThread "Thread-1" daemon [_thread_blocked, id=7300, stack(0x000000005a1d0000,0x000000005a2d0000)]
  0x0000000058c04800 JavaThread "QuantumRenderer-0" daemon [_thread_blocked, id=7832, stack(0x0000000059c20000,0x0000000059d20000)]
  0x00000000588a1000 JavaThread "Service Thread" daemon [_thread_blocked, id=7192, stack(0x0000000058d50000,0x0000000058e50000)]
  0x0000000058828000 JavaThread "C1 CompilerThread2" daemon [_thread_in_vm, id=5804, stack(0x00000000590a0000,0x00000000591a0000)]
  0x0000000058826800 JavaThread "C2 CompilerThread1" daemon [_thread_blocked, id=6112, stack(0x0000000058ed0000,0x0000000058fd0000)]
  0x0000000058824800 JavaThread "C2 CompilerThread0" daemon [_thread_blocked, id=2588, stack(0x0000000058c50000,0x0000000058d50000)]
  0x00000000570db000 JavaThread "Attach Listener" daemon [_thread_blocked, id=2660, stack(0x00000000585c0000,0x00000000586c0000)]
  0x00000000570d7800 JavaThread "Signal Dispatcher" daemon [_thread_blocked, id=5668, stack(0x0000000058720000,0x0000000058820000)]
  0x00000000570bc000 JavaThread "Finalizer" daemon [_thread_blocked, id=5792, stack(0x0000000058480000,0x0000000058580000)]
  0x0000000057074800 JavaThread "Reference Handler" daemon [_thread_blocked, id=7224, stack(0x0000000058370000,0x0000000058470000)]
  0x0000000001f4e800 JavaThread "main" [_thread_blocked, id=7304, stack(0x0000000002280000,0x0000000002380000)]

Other Threads:
  0x000000005706d000 VMThread [stack: 0x00000000581b0000,0x00000000582b0000] [id=7236]
  0x00000000588ca000 WatcherThread [stack: 0x0000000059280000,0x0000000059380000] [id=6372]

VM state:not at safepoint (normal execution)

VM Mutex/Monitor currently owned by a thread:  ([mutex/lock_event])
[0x0000000001f48ef0] CodeCache_lock - owner thread: 0x0000000058828000

Heap:
 PSYoungGen      total 36864K, used 8943K [0x00000000d6e00000, 0x00000000d9700000, 0x0000000100000000)
  eden space 31744K, 28% used [0x00000000d6e00000,0x00000000d76bbd18,0x00000000d8d00000)
  from space 5120K, 0% used [0x00000000d9200000,0x00000000d9200000,0x00000000d9700000)
  to   space 5120K, 0% used [0x00000000d8d00000,0x00000000d8d00000,0x00000000d9200000)
 ParOldGen       total 65536K, used 8932K [0x0000000084a00000, 0x0000000088a00000, 0x00000000d6e00000)
  object space 65536K, 13% used [0x0000000084a00000,0x00000000852b9388,0x0000000088a00000)
 Metaspace       used 22041K, capacity 22692K, committed 23040K, reserved 1069056K
  class space    used 2862K, capacity 3051K, committed 3072K, reserved 1048576K

Card table byte_map: [0x0000000011a10000,0x0000000011df0000] byte_map_base: 0x00000000115eb000

Marking Bits: (ParMarkBitMap*) 0x00000000707c2f70
 Begin Bits: [0x0000000012550000, 0x0000000014428000)
 End Bits:   [0x0000000014428000, 0x0000000016300000)

Polling page: 0x0000000000300000

CodeCache: size=245760Kb used=5841Kb max_used=5882Kb free=239918Kb
 bounds [0x0000000002650000, 0x0000000002c20000, 0x0000000011650000]
 total_blobs=2672 nmethods=1855 adapters=729
 compilation: enabled

Compilation events (10 events):
Event: 11.693 Thread 0x0000000058828000 1899       3       java.util.regex.Pattern::has (15 bytes)
Event: 11.694 Thread 0x0000000058828000 nmethod 1899 0x000000000275fa50 code [0x000000000275fba0, 0x000000000275fd50]
Event: 11.695 Thread 0x0000000058828000 1900       1       java.util.Formatter$Flags::valueOf (5 bytes)
Event: 11.695 Thread 0x0000000058828000 nmethod 1900 0x00000000027801d0 code [0x0000000002780320, 0x0000000002780430]
Event: 11.696 Thread 0x0000000058828000 1901       3       java.util.Calendar::internalSet (8 bytes)
Event: 11.696 Thread 0x0000000058828000 nmethod 1901 0x000000000277fe10 code [0x000000000277ff60, 0x00000000027800d0]
Event: 11.696 Thread 0x0000000058828000 1902       3       java.lang.CharacterDataLatin1::getPropertiesEx (11 bytes)
Event: 11.696 Thread 0x0000000058828000 nmethod 1902 0x000000000275f690 code [0x000000000275f7e0, 0x000000000275f970]
Event: 11.696 Thread 0x0000000058828000 1903       3       java.util.Locale::hashCode (41 bytes)
Event: 11.696 Thread 0x0000000058828000 nmethod 1903 0x000000000275f0d0 code [0x000000000275f240, 0x000000000275f598]

GC Heap History (6 events):
Event: 0.767 GC heap before
{Heap before GC invocations=1 (full 0):
 PSYoungGen      total 36864K, used 31168K [0x00000000d6e00000, 0x00000000d9700000, 0x0000000100000000)
  eden space 31744K, 98% used [0x00000000d6e00000,0x00000000d8c702b8,0x00000000d8d00000)
  from space 5120K, 0% used [0x00000000d9200000,0x00000000d9200000,0x00000000d9700000)
  to   space 5120K, 0% used [0x00000000d8d00000,0x00000000d8d00000,0x00000000d9200000)
 ParOldGen       total 84992K, used 0K [0x0000000084a00000, 0x0000000089d00000, 0x00000000d6e00000)
  object space 84992K, 0% used [0x0000000084a00000,0x0000000084a00000,0x0000000089d00000)
 Metaspace       used 14313K, capacity 14846K, committed 14976K, reserved 1062912K
  class space    used 1954K, capacity 2122K, committed 2176K, reserved 1048576K
Event: 0.773 GC heap after
Heap after GC invocations=1 (full 0):
 PSYoungGen      total 36864K, used 4514K [0x00000000d6e00000, 0x00000000d9700000, 0x0000000100000000)
  eden space 31744K, 0% used [0x00000000d6e00000,0x00000000d6e00000,0x00000000d8d00000)
  from space 5120K, 88% used [0x00000000d8d00000,0x00000000d9168ae0,0x00000000d9200000)
  to   space 5120K, 0% used [0x00000000d9200000,0x00000000d9200000,0x00000000d9700000)
 ParOldGen       total 84992K, used 80K [0x0000000084a00000, 0x0000000089d00000, 0x00000000d6e00000)
  object space 84992K, 0% used [0x0000000084a00000,0x0000000084a14010,0x0000000089d00000)
 Metaspace       used 14313K, capacity 14846K, committed 14976K, reserved 1062912K
  class space    used 1954K, capacity 2122K, committed 2176K, reserved 1048576K
}
Event: 7.270 GC heap before
{Heap before GC invocations=2 (full 0):
 PSYoungGen      total 36864K, used 17829K [0x00000000d6e00000, 0x00000000d9700000, 0x0000000100000000)
  eden space 31744K, 41% used [0x00000000d6e00000,0x00000000d7b00b10,0x00000000d8d00000)
  from space 5120K, 88% used [0x00000000d8d00000,0x00000000d9168ae0,0x00000000d9200000)
  to   space 5120K, 0% used [0x00000000d9200000,0x00000000d9200000,0x00000000d9700000)
 ParOldGen       total 84992K, used 80K [0x0000000084a00000, 0x0000000089d00000, 0x00000000d6e00000)
  object space 84992K, 0% used [0x0000000084a00000,0x0000000084a14010,0x0000000089d00000)
 Metaspace       used 20587K, capacity 21124K, committed 21296K, reserved 1067008K
  class space    used 2698K, capacity 2891K, committed 2944K, reserved 1048576K
Event: 7.284 GC heap after
Heap after GC invocations=2 (full 0):
 PSYoungGen      total 36864K, used 5104K [0x00000000d6e00000, 0x00000000d9700000, 0x0000000100000000)
  eden space 31744K, 0% used [0x00000000d6e00000,0x00000000d6e00000,0x00000000d8d00000)
  from space 5120K, 99% used [0x00000000d9200000,0x00000000d96fc030,0x00000000d9700000)
  to   space 5120K, 0% used [0x00000000d8d00000,0x00000000d8d00000,0x00000000d9200000)
 ParOldGen       total 84992K, used 5980K [0x0000000084a00000, 0x0000000089d00000, 0x00000000d6e00000)
  object space 84992K, 7% used [0x0000000084a00000,0x0000000084fd7318,0x0000000089d00000)
 Metaspace       used 20587K, capacity 21124K, committed 21296K, reserved 1067008K
  class space    used 2698K, capacity 2891K, committed 2944K, reserved 1048576K
}
Event: 7.284 GC heap before
{Heap before GC invocations=3 (full 1):
 PSYoungGen      total 36864K, used 5104K [0x00000000d6e00000, 0x00000000d9700000, 0x0000000100000000)
  eden space 31744K, 0% used [0x00000000d6e00000,0x00000000d6e00000,0x00000000d8d00000)
  from space 5120K, 99% used [0x00000000d9200000,0x00000000d96fc030,0x00000000d9700000)
  to   space 5120K, 0% used [0x00000000d8d00000,0x00000000d8d00000,0x00000000d9200000)
 ParOldGen       total 84992K, used 5980K [0x0000000084a00000, 0x0000000089d00000, 0x00000000d6e00000)
  object space 84992K, 7% used [0x0000000084a00000,0x0000000084fd7318,0x0000000089d00000)
 Metaspace       used 20587K, capacity 21124K, committed 21296K, reserved 1067008K
  class space    used 2698K, capacity 2891K, committed 2944K, reserved 1048576K
Event: 7.326 GC heap after
Heap after GC invocations=3 (full 1):
 PSYoungGen      total 36864K, used 0K [0x00000000d6e00000, 0x00000000d9700000, 0x0000000100000000)
  eden space 31744K, 0% used [0x00000000d6e00000,0x00000000d6e00000,0x00000000d8d00000)
  from space 5120K, 0% used [0x00000000d9200000,0x00000000d9200000,0x00000000d9700000)
  to   space 5120K, 0% used [0x00000000d8d00000,0x00000000d8d00000,0x00000000d9200000)
 ParOldGen       total 65536K, used 8932K [0x0000000084a00000, 0x0000000088a00000, 0x00000000d6e00000)
  object space 65536K, 13% used [0x0000000084a00000,0x00000000852b9388,0x0000000088a00000)
 Metaspace       used 20587K, capacity 21124K, committed 21296K, reserved 1067008K
  class space    used 2698K, capacity 2891K, committed 2944K, reserved 1048576K
}

Deoptimization events (10 events):
Event: 7.186 Thread 0x000000005977a000 Uncommon trap: reason=unstable_if action=reinterpret pc=0x0000000002a08158 method=java.util.HashMap.putVal(ILjava/lang/Object;Ljava/lang/Object;ZZ)Ljava/lang/Object; @ 236
Event: 7.190 Thread 0x00000000593d9800 Uncommon trap: reason=unstable_if action=reinterpret pc=0x0000000002893d30 method=java.lang.AbstractStringBuilder.append(Ljava/lang/String;)Ljava/lang/AbstractStringBuilder; @ 1
Event: 7.191 Thread 0x00000000593d9800 Uncommon trap: reason=unstable_if action=reinterpret pc=0x0000000002858a04 method=java.lang.AbstractStringBuilder.append(Ljava/lang/String;)Ljava/lang/AbstractStringBuilder; @ 1
Event: 7.202 Thread 0x000000005977d000 Uncommon trap: reason=bimorphic action=maybe_recompile pc=0x0000000002a022c0 method=java.util.HashMap.putVal(ILjava/lang/Object;Ljava/lang/Object;ZZ)Ljava/lang/Object; @ 203
Event: 7.202 Thread 0x000000005977d000 Uncommon trap: reason=bimorphic action=maybe_recompile pc=0x0000000002a022c0 method=java.util.HashMap.putVal(ILjava/lang/Object;Ljava/lang/Object;ZZ)Ljava/lang/Object; @ 203
Event: 7.202 Thread 0x000000005977d000 Uncommon trap: reason=bimorphic action=maybe_recompile pc=0x0000000002a022c0 method=java.util.HashMap.putVal(ILjava/lang/Object;Ljava/lang/Object;ZZ)Ljava/lang/Object; @ 203
Event: 7.258 Thread 0x000000005977a000 Uncommon trap: reason=class_check action=maybe_recompile pc=0x0000000002a02254 method=java.util.HashMap.putVal(ILjava/lang/Object;Ljava/lang/Object;ZZ)Ljava/lang/Object; @ 253
Event: 7.258 Thread 0x000000005977a000 Uncommon trap: reason=class_check action=maybe_recompile pc=0x0000000002a02254 method=java.util.HashMap.putVal(ILjava/lang/Object;Ljava/lang/Object;ZZ)Ljava/lang/Object; @ 253
Event: 7.258 Thread 0x000000005977a000 Uncommon trap: reason=class_check action=maybe_recompile pc=0x0000000002a02254 method=java.util.HashMap.putVal(ILjava/lang/Object;Ljava/lang/Object;ZZ)Ljava/lang/Object; @ 253
Event: 7.258 Thread 0x000000005977a000 Uncommon trap: reason=class_check action=maybe_recompile pc=0x0000000002a02254 method=java.util.HashMap.putVal(ILjava/lang/Object;Ljava/lang/Object;ZZ)Ljava/lang/Object; @ 253

Internal exceptions (10 events):
Event: 0.372 Thread 0x00000000593d9800 Exception <a 'java/lang/NullPointerException'> (0x00000000d7de22f0) thrown at [C:\re\workspace\8-2-build-windows-amd64-cygwin\jdk8u91\6644\hotspot\src\share\vm\interpreter\linkResolver.cpp, line 1178]
Event: 0.372 Thread 0x00000000593d9800 Exception <a 'java/lang/NullPointerException'> (0x00000000d7de22f0) thrown at [C:\re\workspace\8-2-build-windows-amd64-cygwin\jdk8u91\6644\hotspot\src\share\vm\prims\jvm.cpp, line 1390]
Event: 0.469 Thread 0x00000000593d9800 Exception <a 'java/lang/ArrayIndexOutOfBoundsException'> (0x00000000d823c358) thrown at [C:\re\workspace\8-2-build-windows-amd64-cygwin\jdk8u91\6644\hotspot\src\share\vm\runtime\sharedRuntime.cpp, line 605]
Event: 0.469 Thread 0x00000000593d9800 Exception <a 'java/lang/ArrayIndexOutOfBoundsException'> (0x00000000d823d058) thrown at [C:\re\workspace\8-2-build-windows-amd64-cygwin\jdk8u91\6644\hotspot\src\share\vm\runtime\sharedRuntime.cpp, line 605]
Event: 0.469 Thread 0x00000000593d9800 Exception <a 'java/lang/ArrayIndexOutOfBoundsException'> (0x00000000d823e400) thrown at [C:\re\workspace\8-2-build-windows-amd64-cygwin\jdk8u91\6644\hotspot\src\share\vm\runtime\sharedRuntime.cpp, line 605]
Event: 0.605 Thread 0x00000000593d9800 Exception <a 'java/io/FileNotFoundException'> (0x00000000d87738a8) thrown at [C:\re\workspace\8-2-build-windows-amd64-cygwin\jdk8u91\6644\hotspot\src\share\vm\prims\jni.cpp, line 709]
Event: 7.134 Thread 0x00000000593d9800 Exception <a 'java/io/FileNotFoundException'> (0x00000000d754d750) thrown at [C:\re\workspace\8-2-build-windows-amd64-cygwin\jdk8u91\6644\hotspot\src\share\vm\prims\jni.cpp, line 709]
Event: 7.153 Thread 0x00000000593d9800 Exception <a 'java/io/FileNotFoundException'> (0x00000000d75e30b8) thrown at [C:\re\workspace\8-2-build-windows-amd64-cygwin\jdk8u91\6644\hotspot\src\share\vm\prims\jni.cpp, line 709]
Event: 7.190 Thread 0x00000000593d9800 Implicit null exception at 0x00000000028939c4 to 0x0000000002893d19
Event: 7.191 Thread 0x00000000593d9800 Implicit null exception at 0x00000000028586c6 to 0x00000000028589ed

Events (10 events):
Event: 11.696 loading class java/util/Formattable
Event: 11.696 loading class java/util/Formattable done
Event: 11.696 Thread 0x0000000058828000 flushing nmethod 0x00000000027cdd90
Event: 11.696 Thread 0x0000000058828000 flushing nmethod 0x0000000002819dd0
Event: 11.696 Thread 0x0000000058828000 flushing nmethod 0x0000000002836110
Event: 11.696 Thread 0x0000000058828000 flushing nmethod 0x000000000283f590
Event: 11.696 Thread 0x0000000058828000 flushing nmethod 0x0000000002858d90
Event: 11.696 Thread 0x0000000058828000 flushing nmethod 0x00000000028593d0
Event: 11.696 Thread 0x0000000058828000 flushing nmethod 0x000000000289e7d0
Event: 11.697 Thread 0x0000000058828000 flushing nmethod 0x00000000028ae190


Dynamic libraries:
0x000000013fff0000 - 0x0000000140027000 	C:\Program Files\Java\jre1.8.0_91\bin\javaw.exe
0x0000000077520000 - 0x00000000776c9000 	C:\Windows\SYSTEM32\ntdll.dll
0x0000000077400000 - 0x000000007751f000 	C:\Windows\system32\kernel32.dll
0x000007fefd600000 - 0x000007fefd66b000 	C:\Windows\system32\KERNELBASE.dll
0x000007feff3d0000 - 0x000007feff4ab000 	C:\Windows\system32\ADVAPI32.dll
0x000007fefd9b0000 - 0x000007fefda4f000 	C:\Windows\system32\msvcrt.dll
0x000007feff3b0000 - 0x000007feff3cf000 	C:\Windows\SYSTEM32\sechost.dll
0x000007fefda70000 - 0x000007fefdb9d000 	C:\Windows\system32\RPCRT4.dll
0x0000000077300000 - 0x00000000773fa000 	C:\Windows\system32\USER32.dll
0x000007fefd940000 - 0x000007fefd9a7000 	C:\Windows\system32\GDI32.dll
0x000007feff0b0000 - 0x000007feff0be000 	C:\Windows\system32\LPK.dll
0x000007feff4b0000 - 0x000007feff579000 	C:\Windows\system32\USP10.dll
0x000007fefbb30000 - 0x000007fefbd24000 	C:\Windows\WinSxS\amd64_microsoft.windows.common-controls_6595b64144ccf1df_6.0.7601.17514_none_fa396087175ac9ac\COMCTL32.dll
0x000007feff580000 - 0x000007feff5f1000 	C:\Windows\system32\SHLWAPI.dll
0x000007feff380000 - 0x000007feff3ae000 	C:\Windows\system32\IMM32.DLL
0x000007feff0c0000 - 0x000007feff1c9000 	C:\Windows\system32\MSCTF.dll
0x000000005bad0000 - 0x000000005bba2000 	C:\Program Files\Java\jre1.8.0_91\bin\msvcr100.dll
0x000000006ffb0000 - 0x0000000070843000 	C:\Program Files\Java\jre1.8.0_91\bin\server\jvm.dll
0x000007fef55e0000 - 0x000007fef55e9000 	C:\Windows\system32\WSOCK32.dll
0x000007feff7e0000 - 0x000007feff82d000 	C:\Windows\system32\WS2_32.dll
0x000007fefdba0000 - 0x000007fefdba8000 	C:\Windows\system32\NSI.dll
0x000007fef9990000 - 0x000007fef99cb000 	C:\Windows\system32\WINMM.dll
0x000007fefc5d0000 - 0x000007fefc5dc000 	C:\Windows\system32\VERSION.dll
0x00000000776f0000 - 0x00000000776f7000 	C:\Windows\system32\PSAPI.DLL
0x0000000072740000 - 0x000000007274f000 	C:\Program Files\Java\jre1.8.0_91\bin\verify.dll
0x0000000070d00000 - 0x0000000070d29000 	C:\Program Files\Java\jre1.8.0_91\bin\java.dll
0x0000000072720000 - 0x0000000072736000 	C:\Program Files\Java\jre1.8.0_91\bin\zip.dll
0x000007fefdc50000 - 0x000007fefe9d8000 	C:\Windows\system32\SHELL32.dll
0x000007fefed20000 - 0x000007fefef23000 	C:\Windows\system32\ole32.dll
0x000007fefd470000 - 0x000007fefd47f000 	C:\Windows\system32\profapi.dll
0x000007fee5650000 - 0x000007fee573f000 	C:\Program Files\Java\jre1.8.0_91\bin\msvcr120.dll
0x000007fee55a0000 - 0x000007fee5646000 	C:\Program Files\Java\jre1.8.0_91\bin\msvcp120.dll
0x0000000069bd0000 - 0x0000000069bf3000 	C:\Program Files\Java\jre1.8.0_91\bin\prism_d3d.dll
0x000007fee5140000 - 0x000007fee533f000 	C:\Windows\system32\d3d9.dll
0x000007fef91c0000 - 0x000007fef91c7000 	C:\Windows\system32\d3d8thk.dll
0x000007fef9cd0000 - 0x000007fef9ce8000 	C:\Windows\system32\dwmapi.dll
0x000007fefa7b0000 - 0x000007fefa806000 	C:\Windows\system32\uxtheme.dll
0x000007fee21c0000 - 0x000007fee2a0d000 	C:\Windows\system32\igdumdim64.dll
0x000007fef3270000 - 0x000007fef36a4000 	C:\Windows\system32\igdusc64.dll
0x0000000069b80000 - 0x0000000069bc3000 	C:\Program Files\Java\jre1.8.0_91\bin\glass.dll
0x000007fefdbb0000 - 0x000007fefdc47000 	C:\Windows\system32\COMDLG32.dll
0x000007fefec40000 - 0x000007fefed17000 	C:\Windows\system32\OLEAUT32.dll
0x000007fefd3a0000 - 0x000007fefd3af000 	C:\Windows\system32\CRYPTBASE.dll
0x00000000716b0000 - 0x00000000716c4000 	C:\Program Files\Java\jre1.8.0_91\bin\javafx_font.dll
0x000007fee4fc0000 - 0x000007fee513e000 	C:\Windows\system32\dwrite.dll
0x000007fefd8a0000 - 0x000007fefd939000 	C:\Windows\system32\CLBCatQ.DLL
0x000007fef91f0000 - 0x000007fef931a000 	C:\Windows\system32\WindowsCodecs.dll
0x000007fefd340000 - 0x000007fefd397000 	C:\Windows\system32\apphelp.dll
0x000007fef3140000 - 0x000007fef3200000 	C:\Program Files (x86)\Google\Drive\googledrivesync64.dll
0x0000000073670000 - 0x0000000073743000 	C:\Program Files (x86)\Google\Drive\Microsoft.VC90.CRT\MSVCP90.dll
0x00000000735c0000 - 0x0000000073663000 	C:\Program Files (x86)\Google\Drive\Microsoft.VC90.CRT\MSVCR90.dll
0x000007fef30a0000 - 0x000007fef30e0000 	C:\Program Files (x86)\Dropbox\Client\DropboxExt64.34.dll
0x000007fef4350000 - 0x000007fef437d000 	C:\Program Files\Common Files\Microsoft Shared\Ink\rtscom.dll
0x0000000071650000 - 0x0000000071661000 	C:\Program Files\Java\jre1.8.0_91\bin\prism_common.dll
0x0000000071960000 - 0x000000007197a000 	C:\Program Files\Java\jre1.8.0_91\bin\net.dll
0x000007fefcce0000 - 0x000007fefcd35000 	C:\Windows\system32\mswsock.dll
0x000007fefccd0000 - 0x000007fefccd7000 	C:\Windows\System32\wship6.dll
0x000000005f150000 - 0x000000005f2e8000 	C:\Program Files\Java\jre1.8.0_91\bin\awt.dll
0x0000000069b30000 - 0x0000000069b77000 	C:\Program Files\Java\jre1.8.0_91\bin\fontmanager.dll
0x000007fefcd40000 - 0x000007fefcd57000 	C:\Windows\system32\CRYPTSP.dll
0x000007fefca40000 - 0x000007fefca87000 	C:\Windows\system32\rsaenh.dll
0x000007fefc7c0000 - 0x000007fefc7de000 	C:\Windows\system32\USERENV.dll
0x000007fefba40000 - 0x000007fefba67000 	C:\Windows\system32\IPHLPAPI.DLL
0x000007fefba30000 - 0x000007fefba3b000 	C:\Windows\system32\WINNSI.DLL
0x000007fefb840000 - 0x000007fefb858000 	C:\Windows\system32\dhcpcsvc.DLL
0x000007fefb820000 - 0x000007fefb831000 	C:\Windows\system32\dhcpcsvc6.DLL
0x0000000071880000 - 0x0000000071891000 	C:\Program Files\Java\jre1.8.0_91\bin\nio.dll
0x0000000069ae0000 - 0x0000000069b22000 	C:\Program Files\Java\jre1.8.0_91\bin\t2k.dll
0x000000005baa0000 - 0x000000005baca000 	C:\Program Files\Java\jre1.8.0_91\bin\dcpr.dll
0x000000006e740000 - 0x000000006fda5000 	C:\Users\Toby\AppData\Local\Temp\xuggle\xuggle2436936045447288159.dll
0x000007fef4e60000 - 0x000007fef4e77000 	C:\Windows\system32\AVICAP32.dll
0x000007fef4d60000 - 0x000007fef4d89000 	C:\Windows\system32\MSVFW32.dll
0x000007feef7a0000 - 0x000007feef8c5000 	C:\Windows\system32\dbghelp.dll

VM Arguments:
jvm_args: -Dfile.encoding=Cp1252 
java_command: application.Main
java_class_path (initial): C:\Users\Toby\git\Drone_group_11\Drone_group_11\bin;C:\Users\Toby\Downloads\eclipse-jee-mars-2-win32-x86_64\eclipse\plugins\org.eclipse.fx.ide.css.jfx8_2.3.0.201603030809.jar;C:\Users\Toby\Downloads\JAVACV_JAR-2016-06-03\JAVACV JAR\javacv-bin\artoolkitplus.jar;C:\Users\Toby\Downloads\JAVACV_JAR-2016-06-03\JAVACV JAR\javacv-bin\artoolkitplus-android-arm.jar;C:\Users\Toby\Downloads\JAVACV_JAR-2016-06-03\JAVACV JAR\javacv-bin\artoolkitplus-android-x86.jar;C:\Users\Toby\Downloads\JAVACV_JAR-2016-06-03\JAVACV JAR\javacv-bin\artoolkitplus-linux-x86.jar;C:\Users\Toby\Downloads\JAVACV_JAR-2016-06-03\JAVACV JAR\javacv-bin\artoolkitplus-linux-x86_64.jar;C:\Users\Toby\Downloads\JAVACV_JAR-2016-06-03\JAVACV JAR\javacv-bin\artoolkitplus-macosx-x86_64.jar;C:\Users\Toby\Downloads\JAVACV_JAR-2016-06-03\JAVACV JAR\javacv-bin\artoolkitplus-windows-x86.jar;C:\Users\Toby\Downloads\JAVACV_JAR-2016-06-03\JAVACV JAR\javacv-bin\artoolkitplus-windows-x86_64.jar;C:\Users\Toby\Downloads\JAVACV_JAR-2016-06-03\JAVACV JAR\javacv-bin\ffmpeg.jar;C:\Users\Toby\Downloads\JAVACV_JAR-2016-06-03\JAVACV JAR\javacv-bin\ffmpeg-android-arm.jar;C:\Users\Toby\Downloads\JAVACV_JAR-2016-06-03\JAVACV JAR\javacv-bin\ffmpeg-android-x86.jar;C:\Users\Toby\Downloads\JAVACV_JAR-2016-06-03\JAVACV JAR\javacv-bin\ffmpeg-linux-x86.jar;C:\Users\Toby\Downloads\JAVACV_JAR-2016-06-03\JAVACV JAR\javacv-bin\ffmpeg-linux-x86_64.jar;C:\Users\Toby\Downloads\JAVACV_JAR-2016-06-03\JAVACV JAR\javacv-bin\ffmpeg-macosx-x86_64.jar;C:\Users\Toby\Downloads\JAVACV_JAR-2016-06-03\JAVACV JAR\javacv-bin\ffmpeg-windows-x86.jar;C:\Users\Toby\Downloads\JAVACV_JAR-2016-06-03\JAVACV JAR\javacv-bin\ffmpeg-windows-x86_64.jar;C:\Users\Toby\Downloads\JAVACV_JAR-2016-06-03\JAVACV JAR\javacv-bin\flandmark.jar;C:\Users\Toby\Downloads\JAVACV_JAR-2016-06-03\JAVACV JAR\javacv-bin\flandmark-android-arm.jar;C:\Users\Toby\Downloads\JAVACV_JAR-2016-06-03\JAVACV JAR\javacv-bin\flandmark-android-x86.jar;C:\Users\Toby\Downloads\JAVACV
Launcher Type: SUN_STANDARD

Environment Variables:
PATH=C:/Program Files/Java/jre1.8.0_91/bin/server;C:/Program Files/Java/jre1.8.0_91/bin;C:/Program Files/Java/jre1.8.0_91/lib/amd64;C:\Program Files (x86)\Intel\iCLS Client\;C:\Program Files\Intel\iCLS Client\;C:\ProgramData\Oracle\Java\javapath;C:\Windows\system32;C:\Windows;C:\Windows\System32\Wbem;C:\Windows\System32\WindowsPowerShell\v1.0\;C:\Program Files (x86)\Intel\OpenCL SDK\3.0\bin\x86;C:\Program Files (x86)\Intel\OpenCL SDK\3.0\bin\x64;C:\Program Files\Intel\WiFi\bin\;C:\Program Files\Common Files\Intel\WirelessCommon\;C:\Program Files\Intel\Intel(R) Management Engine Components\DAL;C:\Program Files\Intel\Intel(R) Management Engine Components\IPT;C:\Program Files (x86)\Intel\Intel(R) Management Engine Components\DAL;C:\Program Files (x86)\Intel\Intel(R) Management Engine Components\IPT;C:\Program Files (x86)\Skype\Phone\;C:\Program Files\Intel\WiFi\bin\;C:\Program Files\Common Files\Intel\WirelessCommon\;C:\Users\Toby\Downloads\eclipse-jee-mars-2-win32-x86_64\eclipse;
USERNAME=Toby
OS=Windows_NT
PROCESSOR_IDENTIFIER=Intel64 Family 6 Model 60 Stepping 3, GenuineIntel



---------------  S Y S T E M  ---------------

OS: Windows 7 , 64 bit Build 7601 (6.1.7601.17514)

CPU:total 4 (2 cores per cpu, 2 threads per core) family 6 model 60 stepping 3, cmov, cx8, fxsr, mmx, sse, sse2, sse3, ssse3, sse4.1, sse4.2, popcnt, avx, avx2, aes, clmul, erms, lzcnt, ht, tsc, tscinvbit, bmi1, bmi2

Memory: 4k page, physical 8084660k(4658700k free), swap 16167476k(11938792k free)

vm_info: Java HotSpot(TM) 64-Bit Server VM (25.91-b14) for windows-amd64 JRE (1.8.0_91-b14), built on Apr  1 2016 00:58:32 by "java_re" with MS VC++ 10.0 (VS2010)

time: Mon Jun 20 21:46:40 2016
elapsed time: 11 seconds (0d 0h 0m 11s)

