#
# A fatal error has been detected by the Java Runtime Environment:
#
#  EXCEPTION_UNCAUGHT_CXX_EXCEPTION (0xe06d7363) at pc=0x00007ffcaf20a1c8, pid=4968, tid=6868
#
# JRE version: Java(TM) SE Runtime Environment (8.0_45-b15) (build 1.8.0_45-b15)
# Java VM: Java HotSpot(TM) 64-Bit Server VM (25.45-b02 mixed mode windows-amd64 compressed oops)
# Problematic frame:
# C  [KERNELBASE.dll+0x2a1c8]
#
# Failed to write core dump. Minidumps are not enabled by default on client versions of Windows
#
# If you would like to submit a bug report, please visit:
#   http://bugreport.java.com/bugreport/crash.jsp
# The crash happened outside the Java Virtual Machine in native code.
# See problematic frame for where to report the bug.
#

---------------  T H R E A D  ---------------

Current thread (0x0000000020975000):  JavaThread "Thread-10" [_thread_in_native, id=6868, stack(0x0000000026d10000,0x0000000026e10000)]

siginfo: ExceptionCode=0xe06d7363, ExceptionInformation=0x0000000019930520 0x0000000026deba40 0x00007ffc7cec9fc0 0x00007ffc7cc80000 

Registers:
RAX=0x0000000000000000, RBX=0x00007ffc7cec9fc0, RCX=0x0000000000000000, RDX=0x0000000000000000
RSP=0x0000000026deb8b0, RBP=0x0000000026deb9f0, RSI=0x00007ffc7ce58118, RDI=0x0000000026deba40
R8 =0x0000000000000000, R9 =0x0000000000000000, R10=0x0000000000000000, R11=0x0000000000000000
R12=0x00000000ffffff29, R13=0x0000000000000000, R14=0x00007ffc7ce57f70, R15=0x0000000026e0e488
RIP=0x00007ffcaf20a1c8, EFLAGS=0x0000000000000202

Top of Stack: (sp=0x0000000026deb8b0)
0x0000000026deb8b0:   0000000000000000 00007ffc7cec9fc0
0x0000000026deb8c0:   00007ffc7ce58118 0000000026deba40
0x0000000026deb8d0:   00000001e06d7363 0000000000000000
0x0000000026deb8e0:   00007ffcaf20a1c8 0000000000000004
0x0000000026deb8f0:   0000000019930520 0000000026deba40
0x0000000026deb900:   00007ffc7cec9fc0 00007ffc7cc80000
0x0000000026deb910:   00000000ffffff29 0000000026deba40
0x0000000026deb920:   00007ffc7ce58118 0000000026deba00
0x0000000026deb930:   0000000026deb9f0 00007ffcb1d585af
0x0000000026deb940:   0000000000000000 00007ffc00000000
0x0000000026deb950:   0000000026deba40 00007ffc9b26d306
0x0000000026deb960:   00007ffc7cee9000 00007ffc7cc80000
0x0000000026deb970:   0000f59d49199c4e 00007ffc9b2ec4d0
0x0000000026deb980:   00007ffc7cec9fc0 00007ffc9b26ef63
0x0000000026deb990:   0000000026deba40 00007ffc9b23eb8d
0x0000000026deb9a0:   00007ffc9b2ec4d0 00007ffc7ce58118 

Instructions: (pc=0x00007ffcaf20a1c8)
0x00007ffcaf20a1a8:   49 8b d1 44 0f 47 c0 44 89 44 24 38 49 c1 e0 03
0x00007ffcaf20a1b8:   e8 5f eb 04 00 48 8d 4c 24 20 ff 15 18 05 0a 00
0x00007ffcaf20a1c8:   48 8b 8c 24 c0 00 00 00 48 33 cc e8 38 b4 04 00
0x00007ffcaf20a1d8:   48 81 c4 d8 00 00 00 c3 83 64 24 38 00 eb d6 cc 


Register to memory mapping:

RAX=0x0000000000000000 is an unknown value
RBX=0x00007ffc7cec9fc0 is an unknown value
RCX=0x0000000000000000 is an unknown value
RDX=0x0000000000000000 is an unknown value
RSP=0x0000000026deb8b0 is pointing into the stack for thread: 0x0000000020975000
RBP=0x0000000026deb9f0 is pointing into the stack for thread: 0x0000000020975000
RSI=0x00007ffc7ce58118 is an unknown value
RDI=0x0000000026deba40 is pointing into the stack for thread: 0x0000000020975000
R8 =0x0000000000000000 is an unknown value
R9 =0x0000000000000000 is an unknown value
R10=0x0000000000000000 is an unknown value
R11=0x0000000000000000 is an unknown value
R12=0x00000000ffffff29 is an unallocated location in the heap
R13=0x0000000000000000 is an unknown value
R14=0x00007ffc7ce57f70 is an unknown value
R15=0x0000000026e0e488 is pointing into the stack for thread: 0x0000000020975000


Stack: [0x0000000026d10000,0x0000000026e10000],  sp=0x0000000026deb8b0,  free space=878k
Native frames: (J=compiled Java code, j=interpreted, Vv=VM code, C=native code)
C  [KERNELBASE.dll+0x2a1c8]
C  [msvcr120.dll+0x5ef63]
C  [opencv_core300.dll+0x18cb74]
C  [opencv_core300.dll+0x18ccb6]
C  [opencv_core300.dll+0x1b38b0]
C  [msvcr120.dll+0x66920]
C  [msvcr120.dll+0x5e36d]
C  [ntdll.dll+0x95c53]
C  [opencv_core300.dll+0x116f18]
C  [opencv_imgproc300.dll+0x23273]
C  [opencv_imgproc300.dll+0x2478a]
C  [jniopencv_imgproc.dll+0x1e2fc]
C  0x0000000003622138

Java frames: (J=compiled Java code, j=interpreted, Vv=VM code)
J 3018  org.bytedeco.javacpp.opencv_imgproc.cvCanny(Lorg/bytedeco/javacpp/helper/opencv_core$CvArr;Lorg/bytedeco/javacpp/helper/opencv_core$CvArr;DD)V (0 bytes) @ 0x00000000036220b2 [0x0000000003622040+0x72]
J 3385 C2 picture.OpticalFlowCalculatorFUCKINGLORT.extractQRImage(Lorg/bytedeco/javacpp/opencv_core$IplImage;)Lorg/bytedeco/javacpp/opencv_core$IplImage; (501 bytes) @ 0x000000000376c2cc [0x000000000376c240+0x8c]
j  picture.OFVideo.run()V+113
j  java.lang.Thread.run()V+11
v  ~StubRoutines::call_stub

---------------  P R O C E S S  ---------------

Java Threads: ( => current thread )
  0x000000001af56000 JavaThread "Thread-18" [_thread_in_native, id=6028, stack(0x0000000025040000,0x0000000025140000)]
  0x0000000020973800 JavaThread "Thread-17" [_thread_in_native, id=3612, stack(0x0000000024d40000,0x0000000024e40000)]
  0x0000000020973000 JavaThread "Thread-16" [_thread_in_native, id=6916, stack(0x0000000024240000,0x0000000024340000)]
  0x0000000020976800 JavaThread "Thread-15" [_thread_in_native, id=556, stack(0x0000000025340000,0x0000000025440000)]
  0x0000000020972000 JavaThread "Thread-14" [_thread_in_native, id=10464, stack(0x0000000025240000,0x0000000025340000)]
  0x0000000020976000 JavaThread "Thread-13" [_thread_in_native, id=9424, stack(0x0000000025140000,0x0000000025240000)]
  0x0000000020977800 JavaThread "Thread-12" [_thread_in_native, id=6564, stack(0x0000000025440000,0x0000000025540000)]
  0x0000000020974800 JavaThread "Thread-11" [_thread_in_native, id=6808, stack(0x0000000024e40000,0x0000000024f40000)]
  0x0000000020978000 JavaThread "Java2D Disposer" daemon [_thread_blocked, id=10492, stack(0x000000002a680000,0x000000002a780000)]
=>0x0000000020975000 JavaThread "Thread-10" [_thread_in_native, id=6868, stack(0x0000000026d10000,0x0000000026e10000)]
  0x0000000020971800 JavaThread "Thread-9" [_thread_in_native, id=848, stack(0x0000000024f40000,0x0000000025040000)]
  0x000000001a056800 JavaThread "VideoManager" [_thread_in_native, id=2280, stack(0x0000000024440000,0x0000000024540000)]
  0x000000001a056000 JavaThread "NavDataManager" [_thread_in_native, id=9676, stack(0x0000000024340000,0x0000000024440000)]
  0x00000000206f4000 JavaThread "CommandManager" [_thread_blocked, id=9460, stack(0x0000000024140000,0x0000000024240000)]
  0x000000001adff800 JavaThread "YADrone CommandManager Timer" [_thread_blocked, id=3500, stack(0x0000000024040000,0x0000000024140000)]
  0x0000000020558800 JavaThread "Prism Font Disposer" daemon [_thread_blocked, id=1440, stack(0x0000000022f40000,0x0000000023040000)]
  0x000000001aac3000 JavaThread "Thread-3" daemon [_thread_in_native, id=9552, stack(0x000000001fe60000,0x000000001ff60000)]
  0x000000001aab9800 JavaThread "JavaFX-Launcher" [_thread_blocked, id=8196, stack(0x000000001ff60000,0x0000000020060000)]
  0x000000001a140000 JavaThread "JavaFX Application Thread" [_thread_in_native, id=9680, stack(0x000000001b7d0000,0x000000001b8d0000)]
  0x000000001a123800 JavaThread "Thread-1" daemon [_thread_blocked, id=3020, stack(0x000000001b6d0000,0x000000001b7d0000)]
  0x000000001a0c4000 JavaThread "QuantumRenderer-0" daemon [_thread_blocked, id=8828, stack(0x000000001a950000,0x000000001aa50000)]
  0x0000000019e1b000 JavaThread "Service Thread" daemon [_thread_blocked, id=8612, stack(0x000000001a750000,0x000000001a850000)]
  0x0000000019d8c000 JavaThread "C1 CompilerThread3" daemon [_thread_blocked, id=6036, stack(0x000000001a650000,0x000000001a750000)]
  0x0000000019d84000 JavaThread "C2 CompilerThread2" daemon [_thread_blocked, id=2056, stack(0x000000001a550000,0x000000001a650000)]
  0x0000000019d7c800 JavaThread "C2 CompilerThread1" daemon [_thread_blocked, id=9292, stack(0x000000001a450000,0x000000001a550000)]
  0x0000000019d7a000 JavaThread "C2 CompilerThread0" daemon [_thread_blocked, id=8656, stack(0x000000001a350000,0x000000001a450000)]
  0x0000000019d79000 JavaThread "Attach Listener" daemon [_thread_blocked, id=6964, stack(0x000000001a250000,0x000000001a350000)]
  0x0000000019d78000 JavaThread "Signal Dispatcher" daemon [_thread_blocked, id=5076, stack(0x000000001a150000,0x000000001a250000)]
  0x0000000002dbb800 JavaThread "Finalizer" daemon [_thread_blocked, id=7716, stack(0x0000000019c50000,0x0000000019d50000)]
  0x0000000002db5000 JavaThread "Reference Handler" daemon [_thread_blocked, id=7216, stack(0x0000000019b50000,0x0000000019c50000)]
  0x0000000002cc2800 JavaThread "main" [_thread_blocked, id=10820, stack(0x0000000002b20000,0x0000000002c20000)]

Other Threads:
  0x0000000017d79000 VMThread [stack: 0x0000000019a50000,0x0000000019b50000] [id=6168]
  0x0000000019e24000 WatcherThread [stack: 0x000000001a850000,0x000000001a950000] [id=7616]

VM state:not at safepoint (normal execution)

VM Mutex/Monitor currently owned by a thread: None

Heap:
 PSYoungGen      total 408064K, used 122844K [0x00000000d5c00000, 0x00000000f1b80000, 0x0000000100000000)
  eden space 359424K, 21% used [0x00000000d5c00000,0x00000000da83e510,0x00000000ebb00000)
  from space 48640K, 92% used [0x00000000eeb00000,0x00000000f16b8e80,0x00000000f1a80000)
  to   space 49152K, 0% used [0x00000000ebb00000,0x00000000ebb00000,0x00000000eeb00000)
 ParOldGen       total 150016K, used 89990K [0x0000000081400000, 0x000000008a680000, 0x00000000d5c00000)
  object space 150016K, 59% used [0x0000000081400000,0x0000000086be1930,0x000000008a680000)
 Metaspace       used 21923K, capacity 22598K, committed 22784K, reserved 1069056K
  class space    used 2776K, capacity 2988K, committed 3072K, reserved 1048576K

Card table byte_map: [0x0000000012180000,0x0000000012580000] byte_map_base: 0x0000000011d76000

Marking Bits: (ParMarkBitMap*) 0x0000000056f34040
 Begin Bits: [0x0000000013030000, 0x0000000014fe0000)
 End Bits:   [0x0000000014fe0000, 0x0000000016f90000)

Polling page: 0x0000000002c20000

CodeCache: size=245760Kb used=9644Kb max_used=10012Kb free=236115Kb
 bounds [0x0000000002dc0000, 0x00000000037c0000, 0x0000000011dc0000]
 total_blobs=4048 nmethods=3197 adapters=763
 compilation: enabled

Compilation events (10 events):
Event: 145.722 Thread 0x0000000019d7a000 3734       4       com.xuggle.xuggler.IPacket::getSize (9 bytes)
Event: 145.722 Thread 0x0000000019d7a000 nmethod 3734 0x00000000034c1850 code [0x00000000034c19a0, 0x00000000034c1a28]
Event: 147.206 Thread 0x0000000019d8c000 3735       3       sun.nio.cs.StreamEncoder::writeBytes (132 bytes)
Event: 147.207 Thread 0x0000000019d8c000 nmethod 3735 0x00000000033c9890 code [0x00000000033c9aa0, 0x00000000033ca6f8]
Event: 159.791 Thread 0x0000000019d7c800 3736       4       java.lang.Class::arrayContentsEq (70 bytes)
Event: 159.796 Thread 0x0000000019d7c800 nmethod 3736 0x00000000033faf50 code [0x00000000033fb080, 0x00000000033fb238]
Event: 164.813 Thread 0x0000000019d7a000 3737       4       com.sun.glass.ui.win.WinApplication::_invokeLater (24 bytes)
Event: 164.830 Thread 0x0000000019d7a000 nmethod 3737 0x000000000349ff50 code [0x00000000034a0120, 0x00000000034a09d0]
Event: 168.132 Thread 0x0000000019d84000 3738       4       com.xuggle.xuggler.IVideoPicture::isComplete (9 bytes)
Event: 168.133 Thread 0x0000000019d84000 nmethod 3738 0x00000000033facd0 code [0x00000000033fae20, 0x00000000033faea8]

GC Heap History (10 events):
Event: 162.931 GC heap before
{Heap before GC invocations=140 (full 2):
 PSYoungGen      total 396288K, used 384004K [0x00000000d5c00000, 0x00000000f1000000, 0x0000000100000000)
  eden space 349696K, 100% used [0x00000000d5c00000,0x00000000eb180000,0x00000000eb180000)
  from space 46592K, 73% used [0x00000000eb180000,0x00000000ed3011d0,0x00000000edf00000)
  to   space 46592K, 0% used [0x00000000ee280000,0x00000000ee280000,0x00000000f1000000)
 ParOldGen       total 150016K, used 89814K [0x0000000081400000, 0x000000008a680000, 0x00000000d5c00000)
  object space 150016K, 59% used [0x0000000081400000,0x0000000086bb5930,0x000000008a680000)
 Metaspace       used 21923K, capacity 22598K, committed 22784K, reserved 1069056K
  class space    used 2776K, capacity 2988K, committed 3072K, reserved 1048576K
Event: 162.941 GC heap after
Heap after GC invocations=140 (full 2):
 PSYoungGen      total 398848K, used 39710K [0x00000000d5c00000, 0x00000000f0f00000, 0x0000000100000000)
  eden space 353280K, 0% used [0x00000000d5c00000,0x00000000d5c00000,0x00000000eb500000)
  from space 45568K, 87% used [0x00000000ee280000,0x00000000f0947830,0x00000000f0f00000)
  to   space 46080K, 0% used [0x00000000eb500000,0x00000000eb500000,0x00000000ee200000)
 ParOldGen       total 150016K, used 89862K [0x0000000081400000, 0x000000008a680000, 0x00000000d5c00000)
  object space 150016K, 59% used [0x0000000081400000,0x0000000086bc1930,0x000000008a680000)
 Metaspace       used 21923K, capacity 22598K, committed 22784K, reserved 1069056K
  class space    used 2776K, capacity 2988K, committed 3072K, reserved 1048576K
}
Event: 164.586 GC heap before
{Heap before GC invocations=141 (full 2):
 PSYoungGen      total 398848K, used 392990K [0x00000000d5c00000, 0x00000000f0f00000, 0x0000000100000000)
  eden space 353280K, 100% used [0x00000000d5c00000,0x00000000eb500000,0x00000000eb500000)
  from space 45568K, 87% used [0x00000000ee280000,0x00000000f0947830,0x00000000f0f00000)
  to   space 46080K, 0% used [0x00000000eb500000,0x00000000eb500000,0x00000000ee200000)
 ParOldGen       total 150016K, used 89862K [0x0000000081400000, 0x000000008a680000, 0x00000000d5c00000)
  object space 150016K, 59% used [0x0000000081400000,0x0000000086bc1930,0x000000008a680000)
 Metaspace       used 21923K, capacity 22598K, committed 22784K, reserved 1069056K
  class space    used 2776K, capacity 2988K, committed 3072K, reserved 1048576K
Event: 164.597 GC heap after
Heap after GC invocations=141 (full 2):
 PSYoungGen      total 399360K, used 43197K [0x00000000d5c00000, 0x00000000f1480000, 0x0000000100000000)
  eden space 353280K, 0% used [0x00000000d5c00000,0x00000000d5c00000,0x00000000eb500000)
  from space 46080K, 93% used [0x00000000eb500000,0x00000000edf2f720,0x00000000ee200000)
  to   space 47104K, 0% used [0x00000000ee680000,0x00000000ee680000,0x00000000f1480000)
 ParOldGen       total 150016K, used 89878K [0x0000000081400000, 0x000000008a680000, 0x00000000d5c00000)
  object space 150016K, 59% used [0x0000000081400000,0x0000000086bc5930,0x000000008a680000)
 Metaspace       used 21923K, capacity 22598K, committed 22784K, reserved 1069056K
  class space    used 2776K, capacity 2988K, committed 3072K, reserved 1048576K
}
Event: 166.282 GC heap before
{Heap before GC invocations=142 (full 2):
 PSYoungGen      total 399360K, used 395719K [0x00000000d5c00000, 0x00000000f1480000, 0x0000000100000000)
  eden space 353280K, 99% used [0x00000000d5c00000,0x00000000eb4426a0,0x00000000eb500000)
  from space 46080K, 93% used [0x00000000eb500000,0x00000000edf2f720,0x00000000ee200000)
  to   space 47104K, 0% used [0x00000000ee680000,0x00000000ee680000,0x00000000f1480000)
 ParOldGen       total 150016K, used 89878K [0x0000000081400000, 0x000000008a680000, 0x00000000d5c00000)
  object space 150016K, 59% used [0x0000000081400000,0x0000000086bc5930,0x000000008a680000)
 Metaspace       used 21923K, capacity 22598K, committed 22784K, reserved 1069056K
  class space    used 2776K, capacity 2988K, committed 3072K, reserved 1048576K
Event: 166.293 GC heap after
Heap after GC invocations=142 (full 2):
 PSYoungGen      total 403456K, used 43282K [0x00000000d5c00000, 0x00000000f1580000, 0x0000000100000000)
  eden space 356352K, 0% used [0x00000000d5c00000,0x00000000d5c00000,0x00000000eb800000)
  from space 47104K, 91% used [0x00000000ee680000,0x00000000f10c4930,0x00000000f1480000)
  to   space 47616K, 0% used [0x00000000eb800000,0x00000000eb800000,0x00000000ee680000)
 ParOldGen       total 150016K, used 89894K [0x0000000081400000, 0x000000008a680000, 0x00000000d5c00000)
  object space 150016K, 59% used [0x0000000081400000,0x0000000086bc9930,0x000000008a680000)
 Metaspace       used 21923K, capacity 22598K, committed 22784K, reserved 1069056K
  class space    used 2776K, capacity 2988K, committed 3072K, reserved 1048576K
}
Event: 168.003 GC heap before
{Heap before GC invocations=143 (full 2):
 PSYoungGen      total 403456K, used 399621K [0x00000000d5c00000, 0x00000000f1580000, 0x0000000100000000)
  eden space 356352K, 99% used [0x00000000d5c00000,0x00000000eb7fcd00,0x00000000eb800000)
  from space 47104K, 91% used [0x00000000ee680000,0x00000000f10c4930,0x00000000f1480000)
  to   space 47616K, 0% used [0x00000000eb800000,0x00000000eb800000,0x00000000ee680000)
 ParOldGen       total 150016K, used 89894K [0x0000000081400000, 0x000000008a680000, 0x00000000d5c00000)
  object space 150016K, 59% used [0x0000000081400000,0x0000000086bc9930,0x000000008a680000)
 Metaspace       used 21923K, capacity 22598K, committed 22784K, reserved 1069056K
  class space    used 2776K, capacity 2988K, committed 3072K, reserved 1048576K
Event: 168.016 GC heap after
Heap after GC invocations=143 (full 2):
 PSYoungGen      total 403968K, used 43904K [0x00000000d5c00000, 0x00000000f1a80000, 0x0000000100000000)
  eden space 356352K, 0% used [0x00000000d5c00000,0x00000000d5c00000,0x00000000eb800000)
  from space 47616K, 92% used [0x00000000eb800000,0x00000000ee2e0040,0x00000000ee680000)
  to   space 48640K, 0% used [0x00000000eeb00000,0x00000000eeb00000,0x00000000f1a80000)
 ParOldGen       total 150016K, used 89950K [0x0000000081400000, 0x000000008a680000, 0x00000000d5c00000)
  object space 150016K, 59% used [0x0000000081400000,0x0000000086bd7930,0x000000008a680000)
 Metaspace       used 21923K, capacity 22598K, committed 22784K, reserved 1069056K
  class space    used 2776K, capacity 2988K, committed 3072K, reserved 1048576K
}
Event: 169.775 GC heap before
{Heap before GC invocations=144 (full 2):
 PSYoungGen      total 403968K, used 400069K [0x00000000d5c00000, 0x00000000f1a80000, 0x0000000100000000)
  eden space 356352K, 99% used [0x00000000d5c00000,0x00000000eb7d1728,0x00000000eb800000)
  from space 47616K, 92% used [0x00000000eb800000,0x00000000ee2e0040,0x00000000ee680000)
  to   space 48640K, 0% used [0x00000000eeb00000,0x00000000eeb00000,0x00000000f1a80000)
 ParOldGen       total 150016K, used 89950K [0x0000000081400000, 0x000000008a680000, 0x00000000d5c00000)
  object space 150016K, 59% used [0x0000000081400000,0x0000000086bd7930,0x000000008a680000)
 Metaspace       used 21923K, capacity 22598K, committed 22784K, reserved 1069056K
  class space    used 2776K, capacity 2988K, committed 3072K, reserved 1048576K
Event: 169.787 GC heap after
Heap after GC invocations=144 (full 2):
 PSYoungGen      total 408064K, used 44771K [0x00000000d5c00000, 0x00000000f1b80000, 0x0000000100000000)
  eden space 359424K, 0% used [0x00000000d5c00000,0x00000000d5c00000,0x00000000ebb00000)
  from space 48640K, 92% used [0x00000000eeb00000,0x00000000f16b8e80,0x00000000f1a80000)
  to   space 49152K, 0% used [0x00000000ebb00000,0x00000000ebb00000,0x00000000eeb00000)
 ParOldGen       total 150016K, used 89990K [0x0000000081400000, 0x000000008a680000, 0x00000000d5c00000)
  object space 150016K, 59% used [0x0000000081400000,0x0000000086be1930,0x000000008a680000)
 Metaspace       used 21923K, capacity 22598K, committed 22784K, reserved 1069056K
  class space    used 2776K, capacity 2988K, committed 3072K, reserved 1048576K
}

Deoptimization events (10 events):
Event: 33.215 Thread 0x000000001a140000 Uncommon trap: reason=unstable_if action=reinterpret pc=0x00000000035ab248 method=javafx.scene.Node.updateBounds()V @ 48
Event: 33.215 Thread 0x000000001a140000 Uncommon trap: reason=unstable_if action=reinterpret pc=0x000000000358498c method=javafx.scene.Node.updateBounds()V @ 48
Event: 33.215 Thread 0x000000001a140000 Uncommon trap: reason=unstable_if action=reinterpret pc=0x00000000035ab248 method=javafx.scene.Node.updateBounds()V @ 48
Event: 33.215 Thread 0x000000001a0c4000 Uncommon trap: reason=bimorphic action=maybe_recompile pc=0x000000000363c9bc method=com.sun.javafx.sg.prism.NGNode.render(Lcom/sun/prism/Graphics;)V @ 12
Event: 33.217 Thread 0x000000001a0c4000 Uncommon trap: reason=bimorphic action=maybe_recompile pc=0x000000000363c9bc method=com.sun.javafx.sg.prism.NGNode.render(Lcom/sun/prism/Graphics;)V @ 12
Event: 33.217 Thread 0x000000001a0c4000 Uncommon trap: reason=bimorphic action=maybe_recompile pc=0x000000000363c9bc method=com.sun.javafx.sg.prism.NGNode.render(Lcom/sun/prism/Graphics;)V @ 12
Event: 65.156 Thread 0x0000000020975000 Uncommon trap: reason=range_check action=make_not_entrant pc=0x00000000033cdd8c method=sun.awt.image.ByteInterleavedRaster.<init>(Ljava/awt/image/SampleModel;Ljava/awt/image/DataBuffer;Ljava/awt/Rectangle;Ljava/awt/Point;Lsun/awt/image/ByteInterleavedRaste1%
Event: 70.666 Thread 0x0000000020975000 Uncommon trap: reason=unstable_if action=reinterpret pc=0x00000000037633b4 method=picture.OpticalFlowCalculator.findContoursRed(Lorg/bytedeco/javacpp/opencv_core$IplImage;)Lorg/bytedeco/javacpp/opencv_core$IplImage; @ 234
Event: 70.666 Thread 0x0000000020975000 Uncommon trap: reason=unstable_if action=reinterpret pc=0x00000000034f48a4 method=org.bytedeco.javacpp.Pointer.isNull()Z @ 6
Event: 143.491 Thread 0x000000001a056800 Uncommon trap: reason=unstable_if action=reinterpret pc=0x00000000034332a4 method=java.io.BufferedOutputStream.write([BII)V @ 6

Internal exceptions (10 events):
Event: 2.148 Thread 0x000000001a140000 Exception <a 'java/lang/NullPointerException'> (0x00000000d73ec730) thrown at [C:\re\workspace\8-2-build-windows-amd64-cygwin\jdk8u45\3627\hotspot\src\share\vm\interpreter\linkResolver.cpp, line 1178]
Event: 2.148 Thread 0x000000001a140000 Exception <a 'java/lang/NullPointerException'> (0x00000000d73ec730) thrown at [C:\re\workspace\8-2-build-windows-amd64-cygwin\jdk8u45\3627\hotspot\src\share\vm\prims\jvm.cpp, line 1386]
Event: 2.227 Thread 0x000000001a140000 Exception <a 'java/lang/ArrayIndexOutOfBoundsException'> (0x00000000d77f5870) thrown at [C:\re\workspace\8-2-build-windows-amd64-cygwin\jdk8u45\3627\hotspot\src\share\vm\runtime\sharedRuntime.cpp, line 605]
Event: 2.228 Thread 0x000000001a140000 Exception <a 'java/lang/ArrayIndexOutOfBoundsException'> (0x00000000d77f64c0) thrown at [C:\re\workspace\8-2-build-windows-amd64-cygwin\jdk8u45\3627\hotspot\src\share\vm\runtime\sharedRuntime.cpp, line 605]
Event: 2.228 Thread 0x000000001a140000 Exception <a 'java/lang/ArrayIndexOutOfBoundsException'> (0x00000000d77f7e58) thrown at [C:\re\workspace\8-2-build-windows-amd64-cygwin\jdk8u45\3627\hotspot\src\share\vm\runtime\sharedRuntime.cpp, line 605]
Event: 2.301 Thread 0x000000001a140000 Implicit null exception at 0x0000000003169c35 to 0x0000000003169e45
Event: 2.301 Thread 0x000000001a140000 Implicit null exception at 0x00000000031647fb to 0x0000000003164c95
Event: 2.411 Thread 0x000000001a140000 Exception <a 'java/io/FileNotFoundException'> (0x00000000d5d1f758) thrown at [C:\re\workspace\8-2-build-windows-amd64-cygwin\jdk8u45\3627\hotspot\src\share\vm\prims\jni.cpp, line 709]
Event: 17.122 Thread 0x000000001a056800 Exception <a 'java/io/FileNotFoundException'> (0x00000000d71e0ff0) thrown at [C:\re\workspace\8-2-build-windows-amd64-cygwin\jdk8u45\3627\hotspot\src\share\vm\prims\jni.cpp, line 709]
Event: 17.505 Thread 0x0000000020975000 Exception <a 'java/io/FileNotFoundException'> (0x00000000d6422450) thrown at [C:\re\workspace\8-2-build-windows-amd64-cygwin\jdk8u45\3627\hotspot\src\share\vm\prims\jni.cpp, line 709]

Events (10 events):
Event: 162.931 Executing VM operation: ParallelGCFailedAllocation
Event: 162.941 Executing VM operation: ParallelGCFailedAllocation done
Event: 164.586 Executing VM operation: ParallelGCFailedAllocation
Event: 164.597 Executing VM operation: ParallelGCFailedAllocation done
Event: 166.282 Executing VM operation: ParallelGCFailedAllocation
Event: 166.293 Executing VM operation: ParallelGCFailedAllocation done
Event: 168.003 Executing VM operation: ParallelGCFailedAllocation
Event: 168.016 Executing VM operation: ParallelGCFailedAllocation done
Event: 169.775 Executing VM operation: ParallelGCFailedAllocation
Event: 169.787 Executing VM operation: ParallelGCFailedAllocation done


Dynamic libraries:
0x00007ff7f9290000 - 0x00007ff7f92c7000 	C:\Program Files\Java\jre1.8.0_45\bin\javaw.exe
0x00007ffcb1d40000 - 0x00007ffcb1f02000 	C:\WINDOWS\SYSTEM32\ntdll.dll
0x00007ffcb1c70000 - 0x00007ffcb1d1d000 	C:\WINDOWS\system32\KERNEL32.DLL
0x00007ffcaf1e0000 - 0x00007ffcaf3bd000 	C:\WINDOWS\system32\KERNELBASE.dll
0x00007ffcaf560000 - 0x00007ffcaf606000 	C:\WINDOWS\system32\ADVAPI32.dll
0x00007ffcaf610000 - 0x00007ffcaf6ad000 	C:\WINDOWS\system32\msvcrt.dll
0x00007ffcaf9a0000 - 0x00007ffcaf9fb000 	C:\WINDOWS\system32\sechost.dll
0x00007ffcb0090000 - 0x00007ffcb01b6000 	C:\WINDOWS\system32\RPCRT4.dll
0x00007ffcafa00000 - 0x00007ffcafb4e000 	C:\WINDOWS\system32\USER32.dll
0x00007ffcaf800000 - 0x00007ffcaf986000 	C:\WINDOWS\system32\GDI32.dll
0x00007ffcaafd0000 - 0x00007ffcab244000 	C:\WINDOWS\WinSxS\amd64_microsoft.windows.common-controls_6595b64144ccf1df_6.0.10240.16384_none_f41f7b285750ef43\COMCTL32.dll
0x00007ffcafe30000 - 0x00007ffcafe66000 	C:\WINDOWS\system32\IMM32.DLL
0x00007ffcb17c0000 - 0x00007ffcb191c000 	C:\WINDOWS\system32\MSCTF.dll
0x00000000564a0000 - 0x0000000056572000 	C:\Program Files\Java\jre1.8.0_45\bin\msvcr100.dll
0x0000000056730000 - 0x0000000056fb3000 	C:\Program Files\Java\jre1.8.0_45\bin\server\jvm.dll
0x00007ffcaf990000 - 0x00007ffcaf998000 	C:\WINDOWS\system32\PSAPI.DLL
0x00007ffcab3a0000 - 0x00007ffcab3a9000 	C:\WINDOWS\SYSTEM32\WSOCK32.dll
0x00007ffcac820000 - 0x00007ffcac843000 	C:\WINDOWS\SYSTEM32\WINMM.dll
0x00007ffcab370000 - 0x00007ffcab37a000 	C:\WINDOWS\SYSTEM32\VERSION.dll
0x00007ffcb0020000 - 0x00007ffcb0089000 	C:\WINDOWS\system32\WS2_32.dll
0x00007ffcb01c0000 - 0x00007ffcb01c8000 	C:\WINDOWS\system32\NSI.dll
0x00007ffcac7c0000 - 0x00007ffcac7ec000 	C:\WINDOWS\SYSTEM32\WINMMBASE.dll
0x00007ffcaf3c0000 - 0x00007ffcaf404000 	C:\WINDOWS\system32\cfgmgr32.dll
0x00007ffcad0e0000 - 0x00007ffcad107000 	C:\WINDOWS\SYSTEM32\DEVOBJ.dll
0x0000000057ba0000 - 0x0000000057baf000 	C:\Program Files\Java\jre1.8.0_45\bin\verify.dll
0x0000000056700000 - 0x0000000056729000 	C:\Program Files\Java\jre1.8.0_45\bin\java.dll
0x00000000566e0000 - 0x00000000566f6000 	C:\Program Files\Java\jre1.8.0_45\bin\zip.dll
0x00007ffcb0290000 - 0x00007ffcb17b2000 	C:\WINDOWS\system32\SHELL32.dll
0x00007ffcaeb50000 - 0x00007ffcaf178000 	C:\WINDOWS\system32\windows.storage.dll
0x00007ffcafbb0000 - 0x00007ffcafe2c000 	C:\WINDOWS\system32\combase.dll
0x00007ffcb1c10000 - 0x00007ffcb1c61000 	C:\WINDOWS\system32\shlwapi.dll
0x00007ffcae800000 - 0x00007ffcae80f000 	C:\WINDOWS\system32\kernel.appcore.dll
0x00007ffcae8c0000 - 0x00007ffcae973000 	C:\WINDOWS\system32\shcore.dll
0x00007ffcae770000 - 0x00007ffcae7ba000 	C:\WINDOWS\system32\powrprof.dll
0x00007ffcae7c0000 - 0x00007ffcae7d3000 	C:\WINDOWS\system32\profapi.dll
0x0000000056470000 - 0x000000005649c000 	C:\Program Files\Java\jre1.8.0_45\bin\prism_d3d.dll
0x00007ffc9e0b0000 - 0x00007ffc9e2c0000 	C:\WINDOWS\system32\d3d9.dll
0x00007ffcaafa0000 - 0x00007ffcaafc2000 	C:\WINDOWS\SYSTEM32\dwmapi.dll
0x00007ffcacf90000 - 0x00007ffcad026000 	C:\WINDOWS\system32\uxtheme.dll
0x00007ffc7cf10000 - 0x00007ffc7f1f3000 	C:\WINDOWS\SYSTEM32\igdumdim64.dll
0x00007ffcb1920000 - 0x00007ffcb1ae5000 	C:\WINDOWS\system32\SETUPAPI.dll
0x00007ffcb01d0000 - 0x00007ffcb028e000 	C:\WINDOWS\system32\OLEAUT32.dll
0x00007ffcaf6b0000 - 0x00007ffcaf7f1000 	C:\WINDOWS\system32\ole32.dll
0x0000000056420000 - 0x0000000056461000 	C:\Program Files\Java\jre1.8.0_45\bin\glass.dll
0x00007ffcaf410000 - 0x00007ffcaf4e7000 	C:\WINDOWS\system32\COMDLG32.dll
0x00007ffcae5c0000 - 0x00007ffcae62b000 	C:\WINDOWS\SYSTEM32\bcryptPrimitives.dll
0x00007ffca49d0000 - 0x00007ffca53d2000 	C:\WINDOWS\SYSTEM32\igdusc64.dll
0x00007ffc9b210000 - 0x00007ffc9b2ff000 	C:\Users\Mathias\AppData\Local\Temp\javacpp70590637236709\msvcr120.dll
0x00007ffc866b0000 - 0x00007ffc86756000 	C:\Users\Mathias\AppData\Local\Temp\javacpp70590637236709\msvcp120.dll
0x00007ffc7cc80000 - 0x00007ffc7cf01000 	C:\Users\Mathias\AppData\Local\Temp\javacpp70590637236709\opencv_core300.dll
0x00007ffc7c900000 - 0x00007ffc7cc7f000 	C:\Users\Mathias\AppData\Local\Temp\javacpp70590637236709\opencv_imgproc300.dll
0x00007ffc81850000 - 0x00007ffc81a08000 	C:\Users\Mathias\AppData\Local\Temp\javacpp70590637236709\jniopencv_core.dll
0x0000000056400000 - 0x0000000056415000 	C:\Program Files\Java\jre1.8.0_45\bin\javafx_font.dll
0x00007ffca40b0000 - 0x00007ffca4309000 	C:\WINDOWS\SYSTEM32\dwrite.dll
0x00007ffcb1af0000 - 0x00007ffcb1b95000 	C:\WINDOWS\system32\clbcatq.dll
0x00007ffca5780000 - 0x00007ffca5932000 	C:\WINDOWS\SYSTEM32\WindowsCodecs.dll
0x00007ffcae2b0000 - 0x00007ffcae2d8000 	C:\WINDOWS\SYSTEM32\bcrypt.dll
0x00007ffcae040000 - 0x00007ffcae057000 	C:\WINDOWS\SYSTEM32\cryptsp.dll
0x00007ffcadc90000 - 0x00007ffcadcc3000 	C:\WINDOWS\system32\rsaenh.dll
0x00007ffcae190000 - 0x00007ffcae19b000 	C:\WINDOWS\SYSTEM32\CRYPTBASE.dll
0x00007ffc9e2d0000 - 0x00007ffc9e316000 	C:\WINDOWS\system32\dataexchange.dll
0x00007ffca5f30000 - 0x00007ffca6475000 	C:\WINDOWS\system32\d2d1.dll
0x00007ffcaccd0000 - 0x00007ffcacda1000 	C:\WINDOWS\system32\dcomp.dll
0x00007ffca5970000 - 0x00007ffca5c13000 	C:\WINDOWS\system32\d3d11.dll
0x00007ffca79f0000 - 0x00007ffca7a8c000 	C:\WINDOWS\system32\dxgi.dll
0x00007ffcad130000 - 0x00007ffcad21e000 	C:\WINDOWS\system32\twinapi.appcore.dll
0x00007ffcadd80000 - 0x00007ffcadd9f000 	C:\WINDOWS\system32\USERENV.dll
0x00007ffc97100000 - 0x00007ffc97134000 	C:\Program Files\Common Files\Microsoft Shared\Ink\rtscom.dll
0x00000000563e0000 - 0x00000000563f1000 	C:\Program Files\Java\jre1.8.0_45\bin\prism_common.dll
0x00000000566c0000 - 0x00000000566da000 	C:\Program Files\Java\jre1.8.0_45\bin\net.dll
0x00007ffcadfe0000 - 0x00007ffcae03d000 	C:\WINDOWS\system32\mswsock.dll
0x00007ffca8a00000 - 0x00007ffca8a38000 	C:\WINDOWS\SYSTEM32\IPHLPAPI.DLL
0x00007ffca89f0000 - 0x00007ffca89fb000 	C:\WINDOWS\SYSTEM32\WINNSI.DLL
0x00007ffca7c60000 - 0x00007ffca7c76000 	C:\WINDOWS\SYSTEM32\dhcpcsvc6.DLL
0x00007ffca8960000 - 0x00007ffca897a000 	C:\WINDOWS\SYSTEM32\dhcpcsvc.DLL
0x00000000566a0000 - 0x00000000566b1000 	C:\Program Files\Java\jre1.8.0_45\bin\nio.dll
0x000000006e740000 - 0x000000006fda5000 	C:\Users\Mathias\AppData\Local\Temp\xuggle\xuggle6233651763647450332.dll
0x00007ffc9fd50000 - 0x00007ffc9fd68000 	C:\WINDOWS\SYSTEM32\AVICAP32.dll
0x00007ffc9f2c0000 - 0x00007ffc9f2e9000 	C:\WINDOWS\SYSTEM32\MSVFW32.dll
0x0000000056240000 - 0x00000000563d8000 	C:\Program Files\Java\jre1.8.0_45\bin\awt.dll
0x00007ffcacec0000 - 0x00007ffcacf38000 	C:\WINDOWS\system32\apphelp.dll
0x00007ffc82cd0000 - 0x00007ffc82d75000 	C:\Users\Mathias\AppData\Local\Temp\javacpp70590637236709\jniopencv_imgproc.dll
0x00007ffc99850000 - 0x00007ffc999da000 	C:\WINDOWS\SYSTEM32\dbghelp.dll

VM Arguments:
jvm_args: -Djava.library.path=C:\Users\Mathias\Desktop\Libraries og Jars\opencv\build\x64\vc14\lib -Dfile.encoding=Cp1252 
java_command: application.Main
java_class_path (initial): C:\Users\Mathias\git\Drone_group_11\Drone_group_11\bin;C:\Users\Mathias\Desktop\Libraries og Jars\JAVACV_JAR-2016-03-16\JAVACV JAR\javacv-bin\artoolkitplus.jar;C:\Users\Mathias\Desktop\Libraries og Jars\JAVACV_JAR-2016-03-16\JAVACV JAR\javacv-bin\artoolkitplus-android-arm.jar;C:\Users\Mathias\Desktop\Libraries og Jars\JAVACV_JAR-2016-03-16\JAVACV JAR\javacv-bin\artoolkitplus-windows-x86_64.jar;C:\Users\Mathias\Desktop\Libraries og Jars\JAVACV_JAR-2016-03-16\JAVACV JAR\javacv-bin\ffmpeg.jar;C:\Users\Mathias\Desktop\Libraries og Jars\JAVACV_JAR-2016-03-16\JAVACV JAR\javacv-bin\ffmpeg-windows-x86_64.jar;C:\Users\Mathias\Desktop\Libraries og Jars\JAVACV_JAR-2016-03-16\JAVACV JAR\javacv-bin\flandmark.jar;C:\Users\Mathias\Desktop\Libraries og Jars\JAVACV_JAR-2016-03-16\JAVACV JAR\javacv-bin\flandmark-android-arm.jar;C:\Users\Mathias\Desktop\Libraries og Jars\JAVACV_JAR-2016-03-16\JAVACV JAR\javacv-bin\flandmark-windows-x86_64.jar;C:\Users\Mathias\Desktop\Libraries og Jars\JAVACV_JAR-2016-03-16\JAVACV JAR\javacv-bin\flycapture.jar;C:\Users\Mathias\Desktop\Libraries og Jars\JAVACV_JAR-2016-03-16\JAVACV JAR\javacv-bin\flycapture-windows-x86_64.jar;C:\Users\Mathias\Desktop\Libraries og Jars\JAVACV_JAR-2016-03-16\JAVACV JAR\javacv-bin\javacpp.jar;C:\Users\Mathias\Desktop\Libraries og Jars\JAVACV_JAR-2016-03-16\JAVACV JAR\javacv-bin\javacv.jar;C:\Users\Mathias\Desktop\Libraries og Jars\JAVACV_JAR-2016-03-16\JAVACV JAR\javacv-bin\libdc1394.jar;C:\Users\Mathias\Desktop\Libraries og Jars\JAVACV_JAR-2016-03-16\JAVACV JAR\javacv-bin\libdc1394-macosx-x86_64.jar;C:\Users\Mathias\Desktop\Libraries og Jars\JAVACV_JAR-2016-03-16\JAVACV JAR\javacv-bin\libfreenect.jar;C:\Users\Mathias\Desktop\Libraries og Jars\JAVACV_JAR-2016-03-16\JAVACV JAR\javacv-bin\libfreenect-windows-x86_64.jar;C:\Users\Mathias\Desktop\Libraries og Jars\JAVACV_JAR-2016-03-16\JAVACV JAR\javacv-bin\opencv.jar;C:\Users\Mathias\Desktop\Libraries og Jars\JAVACV_JAR-2016-03-16\JAVACV JAR\javacv
Launcher Type: SUN_STANDARD

Environment Variables:
PATH=C:/Program Files/Java/jre1.8.0_45/bin/server;C:/Program Files/Java/jre1.8.0_45/bin;C:/Program Files/Java/jre1.8.0_45/lib/amd64;C:\ProgramData\Oracle\Java\javapath;C:\Users\Mathias\Desktop\Libraries og Jars\opencv\build\x64\vc14\bin;C:\Program Files (x86)\Common Files\Intel\Shared Libraries\redist\intel64\compiler;C:\Program Files (x86)\Common Files\Intel\Shared Libraries\redist\ia32\compiler;C:\Program Files (x86)\Intel\iCLS Client\;C:\Program Files\Intel\iCLS Client\;C:\WINDOWS\system32;C:\WINDOWS;C:\WINDOWS\System32\Wbem;C:\WINDOWS\System32\WindowsPowerShell\v1.0\;C:\Program Files (x86)\Windows Live\Shared;C:\Program Files (x86)\Intel\OpenCL SDK\3.0\bin\x86;C:\Program Files (x86)\Intel\OpenCL SDK\3.0\bin\x64;C:\Program Files (x86)\MySQL\MySQL Fabric 1.5.3 & MySQL Utilities 1.5.3 1.5\;C:\Program Files (x86)\MySQL\MySQL Fabric 1.5.3 & MySQL Utilities 1.5.3 1.5\Doctrine extensions for PHP\;C:\Program Files (x86)\NVIDIA Corporation\PhysX\Common;C:\Program Files\Intel\Intel(R) Management Engine Components\DAL;C:\Program Files\Intel\Intel(R) Management Engine Components\IPT;C:\Program Files (x86)\Intel\Intel(R) Management Engine Components\DAL;C:\Program Files (x86)\Intel\Intel(R) Management Engine Components\IPT;C:\WINDOWS\system32;C:\WINDOWS;C:\WINDOWS\System32\Wbem;C:\WINDOWS\System32\WindowsPowerShell\v1.0\;C:\Program Files (x86)\Skype\Phone\;C:\Users\Mathias\Downloads\eclipse;
USERNAME=Mathias
OS=Windows_NT
PROCESSOR_IDENTIFIER=Intel64 Family 6 Model 60 Stepping 3, GenuineIntel



---------------  S Y S T E M  ---------------

OS: Windows 10.0 , 64 bit Build 10240 (10.0.10240.16384)

CPU:total 8 (4 cores per cpu, 2 threads per core) family 6 model 60 stepping 3, cmov, cx8, fxsr, mmx, sse, sse2, sse3, ssse3, sse4.1, sse4.2, popcnt, avx, avx2, aes, clmul, erms, lzcnt, ht, tsc, tscinvbit, bmi1, bmi2

Memory: 4k page, physical 8306320k(432024k free), swap 17473296k(4276k free)

vm_info: Java HotSpot(TM) 64-Bit Server VM (25.45-b02) for windows-amd64 JRE (1.8.0_45-b15), built on Apr 30 2015 12:40:44 by "java_re" with MS VC++ 10.0 (VS2010)

time: Wed Apr 13 10:26:28 2016
elapsed time: 170 seconds (0d 0h 2m 50s)

