#
# A fatal error has been detected by the Java Runtime Environment:
#
#  EXCEPTION_ACCESS_VIOLATION (0xc0000005) at pc=0x000007feff971229, pid=1292, tid=4112
#
# JRE version: Java(TM) SE Runtime Environment (8.0_91-b14) (build 1.8.0_91-b14)
# Java VM: Java HotSpot(TM) 64-Bit Server VM (25.91-b14 mixed mode windows-amd64 compressed oops)
# Problematic frame:
# C  [msvcrt.dll+0x1229]
#
# Failed to write core dump. Minidumps are not enabled by default on client versions of Windows
#
# If you would like to submit a bug report, please visit:
#   http://bugreport.java.com/bugreport/crash.jsp
# The crash happened outside the Java Virtual Machine in native code.
# See problematic frame for where to report the bug.
#

---------------  T H R E A D  ---------------

Current thread (0x000000005b608000):  JavaThread "VideoManager" [_thread_in_native, id=4112, stack(0x000000005f800000,0x000000005f900000)]

siginfo: ExceptionCode=0xc0000005, writing address 0x000000005c86b000

Registers:
RAX=0x04ef753d3c2f5f8b, RBX=0x0000000000000066, RCX=0x000000005c86b010, RDX=0x00000000059df9d0
RSP=0x000000005f8fe828, RBP=0x0000000000000000, RSI=0x000000006224a560, RDI=0x000000005c86ab90
R8 =0x0000000000000500, R9 =0x0000000000000004, R10=0x8ad82a0239780f3e, R11=0x000000005c86ab90
R12=0x0000000000000280, R13=0x0000000000000500, R14=0x000000006f37c960, R15=0x00000000000002a0
RIP=0x000007feff971229, EFLAGS=0x0000000000010202

Top of Stack: (sp=0x000000005f8fe828)
0x000000005f8fe828:   000000006f22d20e 0000000000000000
0x000000005f8fe838:   0000000000000000 0000000000000000
0x000000005f8fe848:   0000000000000000 0000000000000000
0x000000005f8fe858:   fffffd3000000003 0000000100000001
0x000000005f8fe868:   0000000000000001 0000000100000000
0x000000005f8fe878:   0000000000000002 0000000000000000
0x000000005f8fe888:   0000000000000168 0000000000000000
0x000000005f8fe898:   00000000024c7d80 000000005f8fe9a0
0x000000005f8fe8a8:   0000000000000000 000000005fc06940
0x000000005f8fe8b8:   000000005f8ff1a8 000000005b608000
0x000000005f8fe8c8:   000000006e97daab 0000000061cef690
0x000000005f8fe8d8:   0000000061cef6d0 0000000061d68b10
0x000000005f8fe8e8:   0000000061d68b50 0000000000000000
0x000000005f8fe8f8:   0000000000000500 00000000000002d0
0x000000005f8fe908:   00000000024c7d80 000000005f8fe9a0
0x000000005f8fe918:   000000006e75393e 000000000030bb20 

Instructions: (pc=0x000007feff971229)
0x000007feff971209:   04 0a 4c 8b 54 0a 08 48 83 c1 20 48 89 41 e0 4c
0x000007feff971219:   89 51 e8 48 8b 44 0a f0 4c 8b 54 0a f8 49 ff c9
0x000007feff971229:   48 89 41 f0 4c 89 51 f8 75 d4 49 83 e0 1f eb 9b
0x000007feff971239:   88 11 48 ff c1 49 ff c8 75 f6 e9 54 fe ff ff 48 


Register to memory mapping:

RAX=0x04ef753d3c2f5f8b is an unknown value
RBX=0x0000000000000066 is an unknown value
RCX=0x000000005c86b010 is an unknown value
RDX=0x00000000059df9d0 is an unknown value
RSP=0x000000005f8fe828 is pointing into the stack for thread: 0x000000005b608000
RBP=0x0000000000000000 is an unknown value
RSI=0x000000006224a560 is an unknown value
RDI=0x000000005c86ab90 is an unknown value
R8 =0x0000000000000500 is an unknown value
R9 =0x0000000000000004 is an unknown value
R10=0x8ad82a0239780f3e is an unknown value
R11=0x000000005c86ab90 is an unknown value
R12=0x0000000000000280 is an unknown value
R13=0x0000000000000500 is an unknown value
R14=0x000000006f37c960 is an unknown value
R15=0x00000000000002a0 is an unknown value


Stack: [0x000000005f800000,0x000000005f900000],  sp=0x000000005f8fe828,  free space=1018k
Native frames: (J=compiled Java code, j=interpreted, Vv=VM code, C=native code)

Java frames: (J=compiled Java code, j=interpreted, Vv=VM code)
j  com.xuggle.xuggler.XugglerJNI.IStreamCoder_decodeVideo(JLcom/xuggle/xuggler/IStreamCoder;JLcom/xuggle/xuggler/IVideoPicture;JLcom/xuggle/xuggler/IPacket;I)I+0
j  com.xuggle.xuggler.IStreamCoder.decodeVideo(Lcom/xuggle/xuggler/IVideoPicture;Lcom/xuggle/xuggler/IPacket;I)I+16
j  de.yadrone.base.video.xuggler.XugglerDecoder.decode(Ljava/io/InputStream;)V+262
j  de.yadrone.base.video.VideoManager.run()V+55
j  java.lang.Thread.run()V+11
v  ~StubRoutines::call_stub

---------------  P R O C E S S  ---------------

Java Threads: ( => current thread )
  0x000000005b60e000 JavaThread "Thread-13" [_thread_in_native, id=4108, stack(0x00000000630b0000,0x00000000631b0000)]
  0x000000005b60d800 JavaThread "Thread-12" [_thread_in_native, id=6120, stack(0x0000000062d70000,0x0000000062e70000)]
  0x000000005b60c800 JavaThread "Thread-11" [_thread_in_native, id=716, stack(0x0000000062ea0000,0x0000000062fa0000)]
  0x000000005b60b800 JavaThread "AWT-EventQueue-0" [_thread_blocked, id=5972, stack(0x000000005f6d0000,0x000000005f7d0000)]
  0x000000005b60b000 JavaThread "AWT-Windows" daemon [_thread_in_native, id=5296, stack(0x000000005f0b0000,0x000000005f1b0000)]
  0x000000005b60a000 JavaThread "AWT-Shutdown" [_thread_blocked, id=4336, stack(0x000000005f950000,0x000000005fa50000)]
  0x000000005b609800 JavaThread "Java2D Disposer" daemon [_thread_blocked, id=5016, stack(0x000000005fd80000,0x000000005fe80000)]
  0x000000005b608800 JavaThread "Thread-6" [_thread_blocked, id=2304, stack(0x000000005fa80000,0x000000005fb80000)]
=>0x000000005b608000 JavaThread "VideoManager" [_thread_in_native, id=4112, stack(0x000000005f800000,0x000000005f900000)]
  0x000000005b607000 JavaThread "NavDataManager" [_thread_in_native, id=3392, stack(0x000000005f5c0000,0x000000005f6c0000)]
  0x000000005b8dc000 JavaThread "CommandManager" [_thread_blocked, id=4580, stack(0x000000005f2b0000,0x000000005f3b0000)]
  0x000000005b8db800 JavaThread "YADrone CommandManager Timer" [_thread_blocked, id=5292, stack(0x000000005f480000,0x000000005f580000)]
  0x000000005c086800 JavaThread "Prism Font Disposer" daemon [_thread_blocked, id=3732, stack(0x000000005de20000,0x000000005df20000)]
  0x000000005b255000 JavaThread "JavaFX-Launcher" [_thread_blocked, id=5952, stack(0x000000005bca0000,0x000000005bda0000)]
  0x0000000058b8c000 JavaThread "Thread-2" daemon [_thread_in_native, id=356, stack(0x000000005bb40000,0x000000005bc40000)]
  0x0000000058b70000 JavaThread "JavaFX Application Thread" [_thread_in_native, id=3832, stack(0x0000000059890000,0x0000000059990000)]
  0x0000000058b6b800 JavaThread "Thread-1" daemon [_thread_blocked, id=5580, stack(0x0000000059640000,0x0000000059740000)]
  0x0000000058b37000 JavaThread "QuantumRenderer-0" daemon [_thread_blocked, id=1484, stack(0x0000000059300000,0x0000000059400000)]
  0x0000000058834000 JavaThread "Service Thread" daemon [_thread_blocked, id=1424, stack(0x0000000059040000,0x0000000059140000)]
  0x00000000587bd000 JavaThread "C1 CompilerThread2" daemon [_thread_blocked, id=4116, stack(0x0000000058dc0000,0x0000000058ec0000)]
  0x00000000587bc000 JavaThread "C2 CompilerThread1" daemon [_thread_blocked, id=2924, stack(0x0000000058c30000,0x0000000058d30000)]
  0x0000000056f9e000 JavaThread "C2 CompilerThread0" daemon [_thread_blocked, id=2944, stack(0x00000000586b0000,0x00000000587b0000)]
  0x0000000056f9c000 JavaThread "Attach Listener" daemon [_thread_blocked, id=992, stack(0x0000000058490000,0x0000000058590000)]
  0x0000000056f99000 JavaThread "Signal Dispatcher" daemon [_thread_blocked, id=4720, stack(0x00000000582b0000,0x00000000583b0000)]
  0x0000000056f7f000 JavaThread "Finalizer" daemon [_thread_blocked, id=2676, stack(0x0000000058190000,0x0000000058290000)]
  0x0000000056f38800 JavaThread "Reference Handler" daemon [_thread_blocked, id=2300, stack(0x0000000058060000,0x0000000058160000)]
  0x0000000001e0e800 JavaThread "main" [_thread_blocked, id=1020, stack(0x00000000020f0000,0x00000000021f0000)]

Other Threads:
  0x0000000056f31000 VMThread [stack: 0x0000000057e80000,0x0000000057f80000] [id=4496]
  0x0000000058854800 WatcherThread [stack: 0x0000000058ec0000,0x0000000058fc0000] [id=5100]

VM state:not at safepoint (normal execution)

VM Mutex/Monitor currently owned by a thread: None

Heap:
 PSYoungGen      total 36864K, used 9127K [0x00000000d6e00000, 0x00000000d9700000, 0x0000000100000000)
  eden space 31744K, 28% used [0x00000000d6e00000,0x00000000d76e9c88,0x00000000d8d00000)
  from space 5120K, 0% used [0x00000000d9200000,0x00000000d9200000,0x00000000d9700000)
  to   space 5120K, 0% used [0x00000000d8d00000,0x00000000d8d00000,0x00000000d9200000)
 ParOldGen       total 45568K, used 8949K [0x0000000084a00000, 0x0000000087680000, 0x00000000d6e00000)
  object space 45568K, 19% used [0x0000000084a00000,0x00000000852bd590,0x0000000087680000)
 Metaspace       used 21991K, capacity 22656K, committed 22784K, reserved 1069056K
  class space    used 2866K, capacity 3061K, committed 3072K, reserved 1048576K

Card table byte_map: [0x0000000011880000,0x0000000011c60000] byte_map_base: 0x000000001145b000

Marking Bits: (ParMarkBitMap*) 0x0000000067b32f70
 Begin Bits: [0x0000000012410000, 0x00000000142e8000)
 End Bits:   [0x00000000142e8000, 0x00000000161c0000)

Polling page: 0x0000000000410000

CodeCache: size=245760Kb used=5332Kb max_used=5685Kb free=240427Kb
 bounds [0x00000000024c0000, 0x0000000002a60000, 0x00000000114c0000]
 total_blobs=2544 nmethods=1725 adapters=731
 compilation: enabled

Compilation events (10 events):
Event: 18.660 Thread 0x00000000587bd000 nmethod 1868 0x000000000262b450 code [0x000000000262b5c0, 0x000000000262b7d0]
Event: 18.660 Thread 0x00000000587bd000 1866       3       java.util.regex.Pattern$GroupHead::match (47 bytes)
Event: 18.660 Thread 0x00000000587bd000 nmethod 1866 0x00000000025c25d0 code [0x00000000025c2740, 0x00000000025c29e8]
Event: 18.660 Thread 0x00000000587bd000 1867       3       java.util.regex.Matcher::groupCount (10 bytes)
Event: 18.660 Thread 0x00000000587bd000 nmethod 1867 0x00000000026052d0 code [0x0000000002605420, 0x0000000002605570]
Event: 18.660 Thread 0x00000000587bd000 1869       1       sun.util.calendar.CalendarDate::getYear (5 bytes)
Event: 18.660 Thread 0x00000000587bd000 nmethod 1869 0x0000000002692fd0 code [0x0000000002693120, 0x0000000002693230]
Event: 18.662 Thread 0x00000000587bd000 1870       3       java.lang.Character::isHighSurrogate (18 bytes)
Event: 18.662 Thread 0x00000000587bd000 nmethod 1870 0x00000000027409d0 code [0x0000000002740b20, 0x0000000002740cf0]
Event: 18.662 Thread 0x00000000587bd000 1871       3       java.util.regex.Matcher::group (112 bytes)

GC Heap History (6 events):
Event: 1.336 GC heap before
{Heap before GC invocations=1 (full 0):
 PSYoungGen      total 36864K, used 30700K [0x00000000d6e00000, 0x00000000d9700000, 0x0000000100000000)
  eden space 31744K, 96% used [0x00000000d6e00000,0x00000000d8bfb3d8,0x00000000d8d00000)
  from space 5120K, 0% used [0x00000000d9200000,0x00000000d9200000,0x00000000d9700000)
  to   space 5120K, 0% used [0x00000000d8d00000,0x00000000d8d00000,0x00000000d9200000)
 ParOldGen       total 84992K, used 0K [0x0000000084a00000, 0x0000000089d00000, 0x00000000d6e00000)
  object space 84992K, 0% used [0x0000000084a00000,0x0000000084a00000,0x0000000089d00000)
 Metaspace       used 14256K, capacity 14774K, committed 14976K, reserved 1062912K
  class space    used 1951K, capacity 2122K, committed 2176K, reserved 1048576K
Event: 1.345 GC heap after
Heap after GC invocations=1 (full 0):
 PSYoungGen      total 36864K, used 4533K [0x00000000d6e00000, 0x00000000d9700000, 0x0000000100000000)
  eden space 31744K, 0% used [0x00000000d6e00000,0x00000000d6e00000,0x00000000d8d00000)
  from space 5120K, 88% used [0x00000000d8d00000,0x00000000d916d570,0x00000000d9200000)
  to   space 5120K, 0% used [0x00000000d9200000,0x00000000d9200000,0x00000000d9700000)
 ParOldGen       total 84992K, used 80K [0x0000000084a00000, 0x0000000089d00000, 0x00000000d6e00000)
  object space 84992K, 0% used [0x0000000084a00000,0x0000000084a14010,0x0000000089d00000)
 Metaspace       used 14256K, capacity 14774K, committed 14976K, reserved 1062912K
  class space    used 1951K, capacity 2122K, committed 2176K, reserved 1048576K
}
Event: 13.430 GC heap before
{Heap before GC invocations=2 (full 0):
 PSYoungGen      total 36864K, used 18338K [0x00000000d6e00000, 0x00000000d9700000, 0x0000000100000000)
  eden space 31744K, 43% used [0x00000000d6e00000,0x00000000d7b7b468,0x00000000d8d00000)
  from space 5120K, 88% used [0x00000000d8d00000,0x00000000d916d570,0x00000000d9200000)
  to   space 5120K, 0% used [0x00000000d9200000,0x00000000d9200000,0x00000000d9700000)
 ParOldGen       total 84992K, used 80K [0x0000000084a00000, 0x0000000089d00000, 0x00000000d6e00000)
  object space 84992K, 0% used [0x0000000084a00000,0x0000000084a14010,0x0000000089d00000)
 Metaspace       used 20579K, capacity 21124K, committed 21296K, reserved 1067008K
  class space    used 2707K, capacity 2891K, committed 2944K, reserved 1048576K
Event: 13.446 GC heap after
Heap after GC invocations=2 (full 0):
 PSYoungGen      total 36864K, used 5104K [0x00000000d6e00000, 0x00000000d9700000, 0x0000000100000000)
  eden space 31744K, 0% used [0x00000000d6e00000,0x00000000d6e00000,0x00000000d8d00000)
  from space 5120K, 99% used [0x00000000d9200000,0x00000000d96fc060,0x00000000d9700000)
  to   space 5120K, 0% used [0x00000000d8d00000,0x00000000d8d00000,0x00000000d9200000)
 ParOldGen       total 84992K, used 3937K [0x0000000084a00000, 0x0000000089d00000, 0x00000000d6e00000)
  object space 84992K, 4% used [0x0000000084a00000,0x0000000084dd8510,0x0000000089d00000)
 Metaspace       used 20579K, capacity 21124K, committed 21296K, reserved 1067008K
  class space    used 2707K, capacity 2891K, committed 2944K, reserved 1048576K
}
Event: 13.446 GC heap before
{Heap before GC invocations=3 (full 1):
 PSYoungGen      total 36864K, used 5104K [0x00000000d6e00000, 0x00000000d9700000, 0x0000000100000000)
  eden space 31744K, 0% used [0x00000000d6e00000,0x00000000d6e00000,0x00000000d8d00000)
  from space 5120K, 99% used [0x00000000d9200000,0x00000000d96fc060,0x00000000d9700000)
  to   space 5120K, 0% used [0x00000000d8d00000,0x00000000d8d00000,0x00000000d9200000)
 ParOldGen       total 84992K, used 3937K [0x0000000084a00000, 0x0000000089d00000, 0x00000000d6e00000)
  object space 84992K, 4% used [0x0000000084a00000,0x0000000084dd8510,0x0000000089d00000)
 Metaspace       used 20579K, capacity 21124K, committed 21296K, reserved 1067008K
  class space    used 2707K, capacity 2891K, committed 2944K, reserved 1048576K
Event: 13.496 GC heap after
Heap after GC invocations=3 (full 1):
 PSYoungGen      total 36864K, used 0K [0x00000000d6e00000, 0x00000000d9700000, 0x0000000100000000)
  eden space 31744K, 0% used [0x00000000d6e00000,0x00000000d6e00000,0x00000000d8d00000)
  from space 5120K, 0% used [0x00000000d9200000,0x00000000d9200000,0x00000000d9700000)
  to   space 5120K, 0% used [0x00000000d8d00000,0x00000000d8d00000,0x00000000d9200000)
 ParOldGen       total 45568K, used 8949K [0x0000000084a00000, 0x0000000087680000, 0x00000000d6e00000)
  object space 45568K, 19% used [0x0000000084a00000,0x00000000852bd590,0x0000000087680000)
 Metaspace       used 20579K, capacity 21124K, committed 21296K, reserved 1067008K
  class space    used 2707K, capacity 2891K, committed 2944K, reserved 1048576K
}

Deoptimization events (10 events):
Event: 1.121 Thread 0x0000000058b70000 Uncommon trap: reason=speculate_class_check action=maybe_recompile pc=0x00000000027e7548 method=com.sun.javafx.css.BitSet.containsAll(Ljava/util/Collection;)Z @ 18
Event: 1.121 Thread 0x0000000058b70000 Uncommon trap: reason=speculate_class_check action=maybe_recompile pc=0x00000000027e7548 method=com.sun.javafx.css.BitSet.containsAll(Ljava/util/Collection;)Z @ 18
Event: 1.124 Thread 0x0000000058b70000 Uncommon trap: reason=class_check action=maybe_recompile pc=0x00000000025de920 method=java.lang.String.equals(Ljava/lang/Object;)Z @ 8
Event: 1.170 Thread 0x0000000058b70000 Uncommon trap: reason=unstable_if action=reinterpret pc=0x000000000280118c method=java.lang.String.regionMatches(ZILjava/lang/String;II)Z @ 123
Event: 8.139 Thread 0x0000000058b70000 Uncommon trap: reason=unstable_if action=reinterpret pc=0x0000000002844228 method=jdk.internal.org.objectweb.asm.Type.getArgumentsAndReturnSizes(Ljava/lang/String;)I @ 47
Event: 13.195 Thread 0x0000000058811800 Uncommon trap: reason=predicate action=maybe_recompile pc=0x00000000027b5cb8 method=sun.net.www.ParseUtil.encodePath(Ljava/lang/String;Z)Ljava/lang/String; @ 36
Event: 13.228 Thread 0x000000005b608000 Uncommon trap: reason=unstable_if action=reinterpret pc=0x0000000002868040 method=java.util.HashMap.isEmpty()Z @ 4
Event: 13.255 Thread 0x000000005b608000 Uncommon trap: reason=unstable_if action=reinterpret pc=0x0000000002864bd8 method=java.util.HashMap.putVal(ILjava/lang/Object;Ljava/lang/Object;ZZ)Ljava/lang/Object; @ 236
Event: 13.280 Thread 0x0000000058b70000 Uncommon trap: reason=unstable_if action=reinterpret pc=0x000000000271669c method=java.lang.AbstractStringBuilder.append(Ljava/lang/String;)Ljava/lang/AbstractStringBuilder; @ 1
Event: 13.280 Thread 0x0000000058b70000 Uncommon trap: reason=unstable_if action=reinterpret pc=0x00000000026ddf84 method=java.lang.AbstractStringBuilder.append(Ljava/lang/String;)Ljava/lang/AbstractStringBuilder; @ 1

Internal exceptions (10 events):
Event: 0.564 Thread 0x0000000058b70000 Exception <a 'java/lang/NullPointerException'> (0x00000000d7ddf070) thrown at [C:\re\workspace\8-2-build-windows-amd64-cygwin\jdk8u91\6644\hotspot\src\share\vm\prims\jvm.cpp, line 1390]
Event: 0.769 Thread 0x0000000058b70000 Exception <a 'java/lang/ArrayIndexOutOfBoundsException'> (0x00000000d8236090) thrown at [C:\re\workspace\8-2-build-windows-amd64-cygwin\jdk8u91\6644\hotspot\src\share\vm\runtime\sharedRuntime.cpp, line 605]
Event: 0.770 Thread 0x0000000058b70000 Exception <a 'java/lang/ArrayIndexOutOfBoundsException'> (0x00000000d8236d90) thrown at [C:\re\workspace\8-2-build-windows-amd64-cygwin\jdk8u91\6644\hotspot\src\share\vm\runtime\sharedRuntime.cpp, line 605]
Event: 0.770 Thread 0x0000000058b70000 Exception <a 'java/lang/ArrayIndexOutOfBoundsException'> (0x00000000d8238138) thrown at [C:\re\workspace\8-2-build-windows-amd64-cygwin\jdk8u91\6644\hotspot\src\share\vm\runtime\sharedRuntime.cpp, line 605]
Event: 0.875 Thread 0x0000000058b70000 Implicit null exception at 0x00000000027c96a5 to 0x00000000027c98c1
Event: 1.059 Thread 0x0000000058b70000 Exception <a 'java/io/FileNotFoundException'> (0x00000000d876ac08) thrown at [C:\re\workspace\8-2-build-windows-amd64-cygwin\jdk8u91\6644\hotspot\src\share\vm\prims\jni.cpp, line 709]
Event: 13.203 Thread 0x0000000058b70000 Exception <a 'java/io/FileNotFoundException'> (0x00000000d759d8a8) thrown at [C:\re\workspace\8-2-build-windows-amd64-cygwin\jdk8u91\6644\hotspot\src\share\vm\prims\jni.cpp, line 709]
Event: 13.226 Thread 0x0000000058b70000 Exception <a 'java/io/FileNotFoundException'> (0x00000000d75bc098) thrown at [C:\re\workspace\8-2-build-windows-amd64-cygwin\jdk8u91\6644\hotspot\src\share\vm\prims\jni.cpp, line 709]
Event: 13.280 Thread 0x0000000058b70000 Implicit null exception at 0x0000000002716346 to 0x0000000002716685
Event: 13.280 Thread 0x0000000058b70000 Implicit null exception at 0x00000000026ddc46 to 0x00000000026ddf6d

Events (10 events):
Event: 18.660 Thread 0x00000000587bd000 flushing nmethod 0x0000000002819e90
Event: 18.660 Thread 0x00000000587bd000 flushing nmethod 0x0000000002839890
Event: 18.660 Thread 0x00000000587bd000 flushing nmethod 0x0000000002843cd0
Event: 18.660 Thread 0x00000000587bd000 flushing nmethod 0x0000000002867ed0
Event: 18.660 Thread 0x00000000587bd000 flushing nmethod 0x000000000289ec50
Event: 18.660 Thread 0x00000000587bd000 flushing nmethod 0x00000000028a0810
Event: 18.661 Thread 0x00000000587bd000 flushing nmethod 0x00000000028dbb10
Event: 18.661 loading class com/xuggle/ferry/JNIMemoryParachute
Event: 18.661 loading class com/xuggle/ferry/JNIMemoryParachute done
Event: 18.661 Thread 0x000000005b60e000 Thread added: 0x000000005b60e000


Dynamic libraries:
0x000000013fa20000 - 0x000000013fa57000 	C:\Program Files\Java\jre1.8.0_91\bin\javaw.exe
0x0000000077700000 - 0x00000000778a9000 	C:\Windows\SYSTEM32\ntdll.dll
0x00000000775e0000 - 0x00000000776ff000 	C:\Windows\system32\kernel32.dll
0x000007fefd840000 - 0x000007fefd8ab000 	C:\Windows\system32\KERNELBASE.dll
0x000007fefdcd0000 - 0x000007fefddab000 	C:\Windows\system32\ADVAPI32.dll
0x000007feff970000 - 0x000007feffa0f000 	C:\Windows\system32\msvcrt.dll
0x000007feff950000 - 0x000007feff96f000 	C:\Windows\SYSTEM32\sechost.dll
0x000007fefe430000 - 0x000007fefe55d000 	C:\Windows\system32\RPCRT4.dll
0x00000000774e0000 - 0x00000000775da000 	C:\Windows\system32\USER32.dll
0x000007fefe9e0000 - 0x000007fefea47000 	C:\Windows\system32\GDI32.dll
0x000007fefe680000 - 0x000007fefe68e000 	C:\Windows\system32\LPK.dll
0x000007fefddb0000 - 0x000007fefde79000 	C:\Windows\system32\USP10.dll
0x000007fefbd10000 - 0x000007fefbf04000 	C:\Windows\WinSxS\amd64_microsoft.windows.common-controls_6595b64144ccf1df_6.0.7601.17514_none_fa396087175ac9ac\COMCTL32.dll
0x000007fefe690000 - 0x000007fefe701000 	C:\Windows\system32\SHLWAPI.dll
0x000007fefe650000 - 0x000007fefe67e000 	C:\Windows\system32\IMM32.DLL
0x000007feff840000 - 0x000007feff949000 	C:\Windows\system32\MSCTF.dll
0x0000000068600000 - 0x00000000686d2000 	C:\Program Files\Java\jre1.8.0_91\bin\msvcr100.dll
0x0000000067320000 - 0x0000000067bb3000 	C:\Program Files\Java\jre1.8.0_91\bin\server\jvm.dll
0x000007fef66f0000 - 0x000007fef66f9000 	C:\Windows\system32\WSOCK32.dll
0x000007fefe8f0000 - 0x000007fefe93d000 	C:\Windows\system32\WS2_32.dll
0x000007fefe560000 - 0x000007fefe568000 	C:\Windows\system32\NSI.dll
0x000007fef9f70000 - 0x000007fef9fab000 	C:\Windows\system32\WINMM.dll
0x000007fefc7b0000 - 0x000007fefc7bc000 	C:\Windows\system32\VERSION.dll
0x00000000778d0000 - 0x00000000778d7000 	C:\Windows\system32\PSAPI.DLL
0x000000006b480000 - 0x000000006b48f000 	C:\Program Files\Java\jre1.8.0_91\bin\verify.dll
0x0000000069a30000 - 0x0000000069a59000 	C:\Program Files\Java\jre1.8.0_91\bin\java.dll
0x000000006b400000 - 0x000000006b416000 	C:\Program Files\Java\jre1.8.0_91\bin\zip.dll
0x000007fefeab0000 - 0x000007feff838000 	C:\Windows\system32\SHELL32.dll
0x000007fefda20000 - 0x000007fefdc23000 	C:\Windows\system32\ole32.dll
0x000007fefd650000 - 0x000007fefd65f000 	C:\Windows\system32\profapi.dll
0x000007fee8420000 - 0x000007fee850f000 	C:\Program Files\Java\jre1.8.0_91\bin\msvcr120.dll
0x000007fee8c20000 - 0x000007fee8cc6000 	C:\Program Files\Java\jre1.8.0_91\bin\msvcp120.dll
0x00000000685d0000 - 0x00000000685f3000 	C:\Program Files\Java\jre1.8.0_91\bin\prism_d3d.dll
0x000007fee7fa0000 - 0x000007fee819f000 	C:\Windows\system32\d3d9.dll
0x000007fef9730000 - 0x000007fef9737000 	C:\Windows\system32\d3d8thk.dll
0x000007fef9d10000 - 0x000007fef9d28000 	C:\Windows\system32\dwmapi.dll
0x000007fefa990000 - 0x000007fefa9e6000 	C:\Windows\system32\uxtheme.dll
0x000007fee4650000 - 0x000007fee4e9d000 	C:\Windows\system32\igdumdim64.dll
0x000007fef3460000 - 0x000007fef3894000 	C:\Windows\system32\igdusc64.dll
0x0000000067c20000 - 0x0000000067c63000 	C:\Program Files\Java\jre1.8.0_91\bin\glass.dll
0x000007fefe210000 - 0x000007fefe2a7000 	C:\Windows\system32\COMDLG32.dll
0x000007fefe570000 - 0x000007fefe647000 	C:\Windows\system32\OLEAUT32.dll
0x000007fefd580000 - 0x000007fefd58f000 	C:\Windows\system32\CRYPTBASE.dll
0x00000000699d0000 - 0x00000000699e4000 	C:\Program Files\Java\jre1.8.0_91\bin\javafx_font.dll
0x000007fee44d0000 - 0x000007fee464e000 	C:\Windows\system32\dwrite.dll
0x000007fefe940000 - 0x000007fefe9d9000 	C:\Windows\system32\CLBCatQ.DLL
0x000007fef9750000 - 0x000007fef987a000 	C:\Windows\system32\WindowsCodecs.dll
0x000007fefd520000 - 0x000007fefd577000 	C:\Windows\system32\apphelp.dll
0x000007fef3370000 - 0x000007fef3430000 	C:\Program Files (x86)\Google\Drive\googledrivesync64.dll
0x0000000073850000 - 0x0000000073923000 	C:\Program Files (x86)\Google\Drive\Microsoft.VC90.CRT\MSVCP90.dll
0x00000000737a0000 - 0x0000000073843000 	C:\Program Files (x86)\Google\Drive\Microsoft.VC90.CRT\MSVCR90.dll
0x000007fef32c0000 - 0x000007fef3300000 	C:\Program Files (x86)\Dropbox\Client\DropboxExt64.34.dll
0x000007fef4c20000 - 0x000007fef4c4d000 	C:\Program Files\Common Files\Microsoft Shared\Ink\rtscom.dll
0x0000000069620000 - 0x0000000069631000 	C:\Program Files\Java\jre1.8.0_91\bin\prism_common.dll
0x0000000069a10000 - 0x0000000069a2a000 	C:\Program Files\Java\jre1.8.0_91\bin\net.dll
0x000007fefcec0000 - 0x000007fefcf15000 	C:\Windows\system32\mswsock.dll
0x000007fefceb0000 - 0x000007fefceb7000 	C:\Windows\System32\wship6.dll
0x0000000067180000 - 0x0000000067318000 	C:\Program Files\Java\jre1.8.0_91\bin\awt.dll
0x000007fefcf20000 - 0x000007fefcf37000 	C:\Windows\system32\CRYPTSP.dll
0x000007fefcc20000 - 0x000007fefcc67000 	C:\Windows\system32\rsaenh.dll
0x000007fefc990000 - 0x000007fefc9ae000 	C:\Windows\system32\USERENV.dll
0x000007fefbc20000 - 0x000007fefbc47000 	C:\Windows\system32\IPHLPAPI.DLL
0x000007fefbc10000 - 0x000007fefbc1b000 	C:\Windows\system32\WINNSI.DLL
0x000007fefba20000 - 0x000007fefba38000 	C:\Windows\system32\dhcpcsvc.DLL
0x000007fefba00000 - 0x000007fefba11000 	C:\Windows\system32\dhcpcsvc6.DLL
0x0000000067130000 - 0x0000000067177000 	C:\Program Files\Java\jre1.8.0_91\bin\fontmanager.dll
0x00000000699f0000 - 0x0000000069a01000 	C:\Program Files\Java\jre1.8.0_91\bin\nio.dll
0x00000000670e0000 - 0x0000000067122000 	C:\Program Files\Java\jre1.8.0_91\bin\t2k.dll
0x00000000685a0000 - 0x00000000685ca000 	C:\Program Files\Java\jre1.8.0_91\bin\dcpr.dll
0x000000006e740000 - 0x000000006fda5000 	C:\Users\Toby\AppData\Local\Temp\xuggle\xuggle6092613807903098925.dll
0x000007fef4c00000 - 0x000007fef4c17000 	C:\Windows\system32\AVICAP32.dll
0x000007fef4bd0000 - 0x000007fef4bf9000 	C:\Windows\system32\MSVFW32.dll
0x000007fef0a80000 - 0x000007fef0ba5000 	C:\Windows\system32\dbghelp.dll

VM Arguments:
jvm_args: -Dfile.encoding=Cp1252 
java_command: application.Main
java_class_path (initial): C:\Users\Toby\git\Drone_group_11\Drone_group_11\bin;C:\Users\Toby\Downloads\eclipse-jee-mars-2-win32-x86_64\eclipse\plugins\org.eclipse.fx.ide.css.jfx8_2.3.0.201603030809.jar;C:\Users\Toby\Downloads\JAVACV_JAR-2016-06-03\JAVACV JAR\javacv-bin\artoolkitplus.jar;C:\Users\Toby\Downloads\JAVACV_JAR-2016-06-03\JAVACV JAR\javacv-bin\artoolkitplus-android-arm.jar;C:\Users\Toby\Downloads\JAVACV_JAR-2016-06-03\JAVACV JAR\javacv-bin\artoolkitplus-android-x86.jar;C:\Users\Toby\Downloads\JAVACV_JAR-2016-06-03\JAVACV JAR\javacv-bin\artoolkitplus-linux-x86.jar;C:\Users\Toby\Downloads\JAVACV_JAR-2016-06-03\JAVACV JAR\javacv-bin\artoolkitplus-linux-x86_64.jar;C:\Users\Toby\Downloads\JAVACV_JAR-2016-06-03\JAVACV JAR\javacv-bin\artoolkitplus-macosx-x86_64.jar;C:\Users\Toby\Downloads\JAVACV_JAR-2016-06-03\JAVACV JAR\javacv-bin\artoolkitplus-windows-x86.jar;C:\Users\Toby\Downloads\JAVACV_JAR-2016-06-03\JAVACV JAR\javacv-bin\artoolkitplus-windows-x86_64.jar;C:\Users\Toby\Downloads\JAVACV_JAR-2016-06-03\JAVACV JAR\javacv-bin\ffmpeg.jar;C:\Users\Toby\Downloads\JAVACV_JAR-2016-06-03\JAVACV JAR\javacv-bin\ffmpeg-android-arm.jar;C:\Users\Toby\Downloads\JAVACV_JAR-2016-06-03\JAVACV JAR\javacv-bin\ffmpeg-android-x86.jar;C:\Users\Toby\Downloads\JAVACV_JAR-2016-06-03\JAVACV JAR\javacv-bin\ffmpeg-linux-x86.jar;C:\Users\Toby\Downloads\JAVACV_JAR-2016-06-03\JAVACV JAR\javacv-bin\ffmpeg-linux-x86_64.jar;C:\Users\Toby\Downloads\JAVACV_JAR-2016-06-03\JAVACV JAR\javacv-bin\ffmpeg-macosx-x86_64.jar;C:\Users\Toby\Downloads\JAVACV_JAR-2016-06-03\JAVACV JAR\javacv-bin\ffmpeg-windows-x86.jar;C:\Users\Toby\Downloads\JAVACV_JAR-2016-06-03\JAVACV JAR\javacv-bin\ffmpeg-windows-x86_64.jar;C:\Users\Toby\Downloads\JAVACV_JAR-2016-06-03\JAVACV JAR\javacv-bin\flandmark.jar;C:\Users\Toby\Downloads\JAVACV_JAR-2016-06-03\JAVACV JAR\javacv-bin\flandmark-android-arm.jar;C:\Users\Toby\Downloads\JAVACV_JAR-2016-06-03\JAVACV JAR\javacv-bin\flandmark-android-x86.jar;C:\Users\Toby\Downloads\JAVACV
Launcher Type: SUN_STANDARD

Environment Variables:
PATH=C:/Program Files/Java/jre1.8.0_91/bin/server;C:/Program Files/Java/jre1.8.0_91/bin;C:/Program Files/Java/jre1.8.0_91/lib/amd64;C:\Program Files (x86)\Intel\iCLS Client\;C:\Program Files\Intel\iCLS Client\;C:\ProgramData\Oracle\Java\javapath;C:\Windows\system32;C:\Windows;C:\Windows\System32\Wbem;C:\Windows\System32\WindowsPowerShell\v1.0\;C:\Program Files (x86)\Intel\OpenCL SDK\3.0\bin\x86;C:\Program Files (x86)\Intel\OpenCL SDK\3.0\bin\x64;C:\Program Files\Intel\WiFi\bin\;C:\Program Files\Common Files\Intel\WirelessCommon\;C:\Program Files\Intel\Intel(R) Management Engine Components\DAL;C:\Program Files\Intel\Intel(R) Management Engine Components\IPT;C:\Program Files (x86)\Intel\Intel(R) Management Engine Components\DAL;C:\Program Files (x86)\Intel\Intel(R) Management Engine Components\IPT;C:\Program Files (x86)\Skype\Phone\;C:\Program Files\Intel\WiFi\bin\;C:\Program Files\Common Files\Intel\WirelessCommon\;C:\Users\Toby\Downloads\eclipse-jee-mars-2-win32-x86_64\eclipse;
USERNAME=Toby
OS=Windows_NT
PROCESSOR_IDENTIFIER=Intel64 Family 6 Model 60 Stepping 3, GenuineIntel



---------------  S Y S T E M  ---------------

OS: Windows 7 , 64 bit Build 7601 (6.1.7601.17514)

CPU:total 4 (2 cores per cpu, 2 threads per core) family 6 model 60 stepping 3, cmov, cx8, fxsr, mmx, sse, sse2, sse3, ssse3, sse4.1, sse4.2, popcnt, avx, avx2, aes, clmul, erms, lzcnt, ht, tsc, tscinvbit, bmi1, bmi2

Memory: 4k page, physical 8084660k(3958832k free), swap 16167476k(11346988k free)

vm_info: Java HotSpot(TM) 64-Bit Server VM (25.91-b14) for windows-amd64 JRE (1.8.0_91-b14), built on Apr  1 2016 00:58:32 by "java_re" with MS VC++ 10.0 (VS2010)

time: Sat Jun 18 21:22:35 2016
elapsed time: 18 seconds (0d 0h 0m 18s)

